[4.551s] Invoking command in '/home/berry/HeartBeat/src/track_server': PYTHONPATH=/home/berry/HeartBeat/build/track_server/prefix_override:/usr/lib/python3/dist-packages/colcon_core/task/python/colcon_distutils_commands:/home/berry/HeartBeat/install/track_server/lib/python3.10/site-packages:${PYTHONPATH} /usr/bin/python3 -W ignore:setup.py install is deprecated setup.py egg_info --egg-base ../../build/track_server build --build-base /home/berry/HeartBeat/build/track_server/build install --record /home/berry/HeartBeat/build/track_server/install.log --single-version-externally-managed install_data
[6.338s] running egg_info
[6.342s] creating ../../build/track_server/track_server.egg-info
[6.343s] writing ../../build/track_server/track_server.egg-info/PKG-INFO
[6.345s] writing dependency_links to ../../build/track_server/track_server.egg-info/dependency_links.txt
[6.346s] writing entry points to ../../build/track_server/track_server.egg-info/entry_points.txt
[6.347s] writing requirements to ../../build/track_server/track_server.egg-info/requires.txt
[6.348s] writing top-level names to ../../build/track_server/track_server.egg-info/top_level.txt
[6.350s] writing manifest file '../../build/track_server/track_server.egg-info/SOURCES.txt'
[6.359s] reading manifest file '../../build/track_server/track_server.egg-info/SOURCES.txt'
[6.364s] writing manifest file '../../build/track_server/track_server.egg-info/SOURCES.txt'
[6.364s] running build
[6.365s] running build_py
[6.366s] creating /home/berry/HeartBeat/build/track_server/build
[6.367s] creating /home/berry/HeartBeat/build/track_server/build/lib
[6.368s] creating /home/berry/HeartBeat/build/track_server/build/lib/track_server
[6.368s] copying track_server/track_server.py -> /home/berry/HeartBeat/build/track_server/build/lib/track_server
[6.370s] copying track_server/__init__.py -> /home/berry/HeartBeat/build/track_server/build/lib/track_server
[6.371s] copying track_server/track.py -> /home/berry/HeartBeat/build/track_server/build/lib/track_server
[6.373s] running install
[6.376s] running install_lib
[6.382s] creating /home/berry/HeartBeat/install/track_server/lib/python3.10/site-packages/track_server
[6.383s] copying /home/berry/HeartBeat/build/track_server/build/lib/track_server/track_server.py -> /home/berry/HeartBeat/install/track_server/lib/python3.10/site-packages/track_server
[6.384s] copying /home/berry/HeartBeat/build/track_server/build/lib/track_server/__init__.py -> /home/berry/HeartBeat/install/track_server/lib/python3.10/site-packages/track_server
[6.386s] copying /home/berry/HeartBeat/build/track_server/build/lib/track_server/track.py -> /home/berry/HeartBeat/install/track_server/lib/python3.10/site-packages/track_server
[6.391s] byte-compiling /home/berry/HeartBeat/install/track_server/lib/python3.10/site-packages/track_server/track_server.py to track_server.cpython-310.pyc
[6.397s] byte-compiling /home/berry/HeartBeat/install/track_server/lib/python3.10/site-packages/track_server/__init__.py to __init__.cpython-310.pyc
[6.399s] byte-compiling /home/berry/HeartBeat/install/track_server/lib/python3.10/site-packages/track_server/track.py to track.cpython-310.pyc
[6.403s] running install_data
[6.404s] creating /home/berry/HeartBeat/install/track_server/share/ament_index
[6.405s] creating /home/berry/HeartBeat/install/track_server/share/ament_index/resource_index
[6.405s] creating /home/berry/HeartBeat/install/track_server/share/ament_index/resource_index/packages
[6.406s] copying resource/track_server -> /home/berry/HeartBeat/install/track_server/share/ament_index/resource_index/packages
[6.407s] copying package.xml -> /home/berry/HeartBeat/install/track_server/share/track_server
[6.408s] running install_egg_info
[6.499s] Copying ../../build/track_server/track_server.egg-info to /home/berry/HeartBeat/install/track_server/lib/python3.10/site-packages/track_server-0.0.0-py3.10.egg-info
[6.508s] running install_scripts
[6.680s] Installing track_server script to /home/berry/HeartBeat/install/track_server/lib/track_server
[6.682s] writing list of installed files to '/home/berry/HeartBeat/build/track_server/install.log'
[6.867s] Invoked command in '/home/berry/HeartBeat/src/track_server' returned '0': PYTHONPATH=/home/berry/HeartBeat/build/track_server/prefix_override:/usr/lib/python3/dist-packages/colcon_core/task/python/colcon_distutils_commands:/home/berry/HeartBeat/install/track_server/lib/python3.10/site-packages:${PYTHONPATH} /usr/bin/python3 -W ignore:setup.py install is deprecated setup.py egg_info --egg-base ../../build/track_server build --build-base /home/berry/HeartBeat/build/track_server/build install --record /home/berry/HeartBeat/build/track_server/install.log --single-version-externally-managed install_data
