[8.445s] Invoking command in '/home/berry/HeartBeat/src/belt_short_server': PYTHONPATH=/home/berry/HeartBeat/build/belt_short_server/prefix_override:/usr/lib/python3/dist-packages/colcon_core/task/python/colcon_distutils_commands:/home/berry/HeartBeat/install/belt_short_server/lib/python3.10/site-packages:${PYTHONPATH} /usr/bin/python3 -W ignore:setup.py install is deprecated setup.py egg_info --egg-base ../../build/belt_short_server build --build-base /home/berry/HeartBeat/build/belt_short_server/build install --record /home/berry/HeartBeat/build/belt_short_server/install.log --single-version-externally-managed install_data
[10.647s] running egg_info
[10.651s] creating ../../build/belt_short_server/belt_short_server.egg-info
[10.652s] writing ../../build/belt_short_server/belt_short_server.egg-info/PKG-INFO
[10.654s] writing dependency_links to ../../build/belt_short_server/belt_short_server.egg-info/dependency_links.txt
[10.655s] writing entry points to ../../build/belt_short_server/belt_short_server.egg-info/entry_points.txt
[10.656s] writing requirements to ../../build/belt_short_server/belt_short_server.egg-info/requires.txt
[10.657s] writing top-level names to ../../build/belt_short_server/belt_short_server.egg-info/top_level.txt
[10.659s] writing manifest file '../../build/belt_short_server/belt_short_server.egg-info/SOURCES.txt'
[10.670s] reading manifest file '../../build/belt_short_server/belt_short_server.egg-info/SOURCES.txt'
[10.676s] writing manifest file '../../build/belt_short_server/belt_short_server.egg-info/SOURCES.txt'
[10.676s] running build
[10.680s] running build_py
[10.681s] creating /home/berry/HeartBeat/build/belt_short_server/build
[10.681s] creating /home/berry/HeartBeat/build/belt_short_server/build/lib
[10.682s] creating /home/berry/HeartBeat/build/belt_short_server/build/lib/belt_short_server
[10.683s] copying belt_short_server/BeltCtr.py -> /home/berry/HeartBeat/build/belt_short_server/build/lib/belt_short_server
[10.689s] copying belt_short_server/__init__.py -> /home/berry/HeartBeat/build/belt_short_server/build/lib/belt_short_server
[10.689s] copying belt_short_server/belt_short_server.py -> /home/berry/HeartBeat/build/belt_short_server/build/lib/belt_short_server
[10.698s] running install
[10.704s] running install_lib
[10.708s] creating /home/berry/HeartBeat/install/belt_short_server/lib/python3.10/site-packages/belt_short_server
[10.709s] copying /home/berry/HeartBeat/build/belt_short_server/build/lib/belt_short_server/BeltCtr.py -> /home/berry/HeartBeat/install/belt_short_server/lib/python3.10/site-packages/belt_short_server
[10.711s] copying /home/berry/HeartBeat/build/belt_short_server/build/lib/belt_short_server/__init__.py -> /home/berry/HeartBeat/install/belt_short_server/lib/python3.10/site-packages/belt_short_server
[10.712s] copying /home/berry/HeartBeat/build/belt_short_server/build/lib/belt_short_server/belt_short_server.py -> /home/berry/HeartBeat/install/belt_short_server/lib/python3.10/site-packages/belt_short_server
[10.714s] byte-compiling /home/berry/HeartBeat/install/belt_short_server/lib/python3.10/site-packages/belt_short_server/BeltCtr.py to BeltCtr.cpython-310.pyc
[10.720s] byte-compiling /home/berry/HeartBeat/install/belt_short_server/lib/python3.10/site-packages/belt_short_server/__init__.py to __init__.cpython-310.pyc
[10.722s] byte-compiling /home/berry/HeartBeat/install/belt_short_server/lib/python3.10/site-packages/belt_short_server/belt_short_server.py to belt_short_server.cpython-310.pyc
[10.753s] running install_data
[10.754s] creating /home/berry/HeartBeat/install/belt_short_server/share/ament_index
[10.755s] creating /home/berry/HeartBeat/install/belt_short_server/share/ament_index/resource_index
[10.755s] creating /home/berry/HeartBeat/install/belt_short_server/share/ament_index/resource_index/packages
[10.756s] copying resource/belt_short_server -> /home/berry/HeartBeat/install/belt_short_server/share/ament_index/resource_index/packages
[10.757s] copying package.xml -> /home/berry/HeartBeat/install/belt_short_server/share/belt_short_server
[10.758s] running install_egg_info
[10.890s] Copying ../../build/belt_short_server/belt_short_server.egg-info to /home/berry/HeartBeat/install/belt_short_server/lib/python3.10/site-packages/belt_short_server-0.0.0-py3.10.egg-info
[10.911s] running install_scripts
[11.100s] Installing belt_short_server script to /home/berry/HeartBeat/install/belt_short_server/lib/belt_short_server
[11.110s] writing list of installed files to '/home/berry/HeartBeat/build/belt_short_server/install.log'
[11.499s] Invoked command in '/home/berry/HeartBeat/src/belt_short_server' returned '0': PYTHONPATH=/home/berry/HeartBeat/build/belt_short_server/prefix_override:/usr/lib/python3/dist-packages/colcon_core/task/python/colcon_distutils_commands:/home/berry/HeartBeat/install/belt_short_server/lib/python3.10/site-packages:${PYTHONPATH} /usr/bin/python3 -W ignore:setup.py install is deprecated setup.py egg_info --egg-base ../../build/belt_short_server build --build-base /home/berry/HeartBeat/build/belt_short_server/build install --record /home/berry/HeartBeat/build/belt_short_server/install.log --single-version-externally-managed install_data
