[8.589s] Invoking command in '/home/berry/HeartBeat/src/belt_long_server': PYTHONPATH=/home/berry/HeartBeat/build/belt_long_server/prefix_override:/usr/lib/python3/dist-packages/colcon_core/task/python/colcon_distutils_commands:/home/berry/HeartBeat/install/belt_long_server/lib/python3.10/site-packages:${PYTHONPATH} /usr/bin/python3 -W ignore:setup.py install is deprecated setup.py egg_info --egg-base ../../build/belt_long_server build --build-base /home/berry/HeartBeat/build/belt_long_server/build install --record /home/berry/HeartBeat/build/belt_long_server/install.log --single-version-externally-managed install_data
[10.813s] running egg_info
[10.820s] writing ../../build/belt_long_server/belt_long_server.egg-info/PKG-INFO
[10.828s] writing dependency_links to ../../build/belt_long_server/belt_long_server.egg-info/dependency_links.txt
[10.831s] writing entry points to ../../build/belt_long_server/belt_long_server.egg-info/entry_points.txt
[10.832s] writing requirements to ../../build/belt_long_server/belt_long_server.egg-info/requires.txt
[10.833s] writing top-level names to ../../build/belt_long_server/belt_long_server.egg-info/top_level.txt
[10.844s] reading manifest file '../../build/belt_long_server/belt_long_server.egg-info/SOURCES.txt'
[10.851s] writing manifest file '../../build/belt_long_server/belt_long_server.egg-info/SOURCES.txt'
[10.853s] running build
[10.853s] running build_py
[10.855s] running install
[10.856s] running install_lib
[10.870s] running install_data
[10.870s] running install_egg_info
[10.962s] removing '/home/berry/HeartBeat/install/belt_long_server/lib/python3.10/site-packages/belt_long_server-0.0.0-py3.10.egg-info' (and everything under it)
[10.964s] Copying ../../build/belt_long_server/belt_long_server.egg-info to /home/berry/HeartBeat/install/belt_long_server/lib/python3.10/site-packages/belt_long_server-0.0.0-py3.10.egg-info
[10.977s] running install_scripts
[11.182s] Installing belt_long_server script to /home/berry/HeartBeat/install/belt_long_server/lib/belt_long_server
[11.186s] writing list of installed files to '/home/berry/HeartBeat/build/belt_long_server/install.log'
[11.521s] Invoked command in '/home/berry/HeartBeat/src/belt_long_server' returned '0': PYTHONPATH=/home/berry/HeartBeat/build/belt_long_server/prefix_override:/usr/lib/python3/dist-packages/colcon_core/task/python/colcon_distutils_commands:/home/berry/HeartBeat/install/belt_long_server/lib/python3.10/site-packages:${PYTHONPATH} /usr/bin/python3 -W ignore:setup.py install is deprecated setup.py egg_info --egg-base ../../build/belt_long_server build --build-base /home/berry/HeartBeat/build/belt_long_server/build install --record /home/berry/HeartBeat/build/belt_long_server/install.log --single-version-externally-managed install_data
