[8.563s] Invoking command in '/home/berry/HeartBeat/src/belt_short_server': PYTHONPATH=/home/berry/HeartBeat/build/belt_short_server/prefix_override:/usr/lib/python3/dist-packages/colcon_core/task/python/colcon_distutils_commands:/home/berry/HeartBeat/install/belt_short_server/lib/python3.10/site-packages:${PYTHONPATH} /usr/bin/python3 -W ignore:setup.py install is deprecated setup.py egg_info --egg-base ../../build/belt_short_server build --build-base /home/berry/HeartBeat/build/belt_short_server/build install --record /home/berry/HeartBeat/build/belt_short_server/install.log --single-version-externally-managed install_data
[11.190s] running egg_info
[11.195s] creating ../../build/belt_short_server/belt_short_server.egg-info
[11.197s] writing ../../build/belt_short_server/belt_short_server.egg-info/PKG-INFO
[11.199s] writing dependency_links to ../../build/belt_short_server/belt_short_server.egg-info/dependency_links.txt
[11.201s] writing entry points to ../../build/belt_short_server/belt_short_server.egg-info/entry_points.txt
[11.203s] writing requirements to ../../build/belt_short_server/belt_short_server.egg-info/requires.txt
[11.204s] writing top-level names to ../../build/belt_short_server/belt_short_server.egg-info/top_level.txt
[11.207s] writing manifest file '../../build/belt_short_server/belt_short_server.egg-info/SOURCES.txt'
[11.216s] reading manifest file '../../build/belt_short_server/belt_short_server.egg-info/SOURCES.txt'
[11.221s] writing manifest file '../../build/belt_short_server/belt_short_server.egg-info/SOURCES.txt'
[11.223s] running build
[11.224s] running build_py
[11.226s] creating /home/berry/HeartBeat/build/belt_short_server/build
[11.228s] creating /home/berry/HeartBeat/build/belt_short_server/build/lib
[11.229s] creating /home/berry/HeartBeat/build/belt_short_server/build/lib/belt_short_server
[11.230s] copying belt_short_server/BeltCtr.py -> /home/berry/HeartBeat/build/belt_short_server/build/lib/belt_short_server
[11.244s] copying belt_short_server/__init__.py -> /home/berry/HeartBeat/build/belt_short_server/build/lib/belt_short_server
[11.246s] copying belt_short_server/belt_short_server.py -> /home/berry/HeartBeat/build/belt_short_server/build/lib/belt_short_server
[11.250s] running install
[11.252s] running install_lib
[11.257s] creating /home/berry/HeartBeat/install/belt_short_server/lib/python3.10/site-packages/belt_short_server
[11.258s] copying /home/berry/HeartBeat/build/belt_short_server/build/lib/belt_short_server/BeltCtr.py -> /home/berry/HeartBeat/install/belt_short_server/lib/python3.10/site-packages/belt_short_server
[11.261s] copying /home/berry/HeartBeat/build/belt_short_server/build/lib/belt_short_server/__init__.py -> /home/berry/HeartBeat/install/belt_short_server/lib/python3.10/site-packages/belt_short_server
[11.263s] copying /home/berry/HeartBeat/build/belt_short_server/build/lib/belt_short_server/belt_short_server.py -> /home/berry/HeartBeat/install/belt_short_server/lib/python3.10/site-packages/belt_short_server
[11.283s] byte-compiling /home/berry/HeartBeat/install/belt_short_server/lib/python3.10/site-packages/belt_short_server/BeltCtr.py to BeltCtr.cpython-310.pyc
[11.294s] byte-compiling /home/berry/HeartBeat/install/belt_short_server/lib/python3.10/site-packages/belt_short_server/__init__.py to __init__.cpython-310.pyc
[11.296s] byte-compiling /home/berry/HeartBeat/install/belt_short_server/lib/python3.10/site-packages/belt_short_server/belt_short_server.py to belt_short_server.cpython-310.pyc
[11.304s] running install_data
[11.304s] creating /home/berry/HeartBeat/install/belt_short_server/share/ament_index
[11.305s] creating /home/berry/HeartBeat/install/belt_short_server/share/ament_index/resource_index
[11.306s] creating /home/berry/HeartBeat/install/belt_short_server/share/ament_index/resource_index/packages
[11.307s] copying resource/belt_short_server -> /home/berry/HeartBeat/install/belt_short_server/share/ament_index/resource_index/packages
[11.307s] copying package.xml -> /home/berry/HeartBeat/install/belt_short_server/share/belt_short_server
[11.308s] running install_egg_info
[11.390s] Copying ../../build/belt_short_server/belt_short_server.egg-info to /home/berry/HeartBeat/install/belt_short_server/lib/python3.10/site-packages/belt_short_server-0.0.0-py3.10.egg-info
[11.401s] running install_scripts
[11.698s] Installing belt_short_server script to /home/berry/HeartBeat/install/belt_short_server/lib/belt_short_server
[11.700s] writing list of installed files to '/home/berry/HeartBeat/build/belt_short_server/install.log'
[11.870s] Invoked command in '/home/berry/HeartBeat/src/belt_short_server' returned '0': PYTHONPATH=/home/berry/HeartBeat/build/belt_short_server/prefix_override:/usr/lib/python3/dist-packages/colcon_core/task/python/colcon_distutils_commands:/home/berry/HeartBeat/install/belt_short_server/lib/python3.10/site-packages:${PYTHONPATH} /usr/bin/python3 -W ignore:setup.py install is deprecated setup.py egg_info --egg-base ../../build/belt_short_server build --build-base /home/berry/HeartBeat/build/belt_short_server/build install --record /home/berry/HeartBeat/build/belt_short_server/install.log --single-version-externally-managed install_data
