-- Found rosidl_default_generators: 1.2.0 (/opt/ros/humble/share/rosidl_default_generators/cmake)
-- Found ament_cmake_core: 1.3.9 (/opt/ros/humble/share/ament_cmake_core/cmake)
-- Using all available rosidl_typesupport_c: rosidl_typesupport_fastrtps_c;rosidl_typesupport_introspection_c
-- Found rosidl_adapter: 3.1.5 (/opt/ros/humble/share/rosidl_adapter/cmake)
-- Using all available rosidl_typesupport_cpp: rosidl_typesupport_fastrtps_cpp;rosidl_typesupport_introspection_cpp
-- Found std_msgs: 4.2.4 (/opt/ros/humble/share/std_msgs/cmake)
-- Found ament_cmake_ros: 0.10.0 (/opt/ros/humble/share/ament_cmake_ros/cmake)
-- Using all available rosidl_typesupport_c: rosidl_typesupport_fastrtps_c;rosidl_typesupport_introspection_c
-- Using all available rosidl_typesupport_cpp: rosidl_typesupport_fastrtps_cpp;rosidl_typesupport_introspection_cpp
-- Found PythonInterp: /usr/bin/python3 (found suitable version "3.10.12", minimum required is "3.6") 
-- Found python_cmake_module: 0.10.0 (/opt/ros/humble/share/python_cmake_module/cmake)
-- Found PythonLibs: /usr/lib/aarch64-linux-gnu/libpython3.10.so (found suitable version "3.10.12", minimum required is "3.5") 
-- Using PYTHON_EXECUTABLE: /usr/bin/python3
-- Using PYTHON_INCLUDE_DIRS: /usr/include/python3.10
-- Using PYTHON_LIBRARIES: /usr/lib/aarch64-linux-gnu/libpython3.10.so
-- Found PythonExtra: .so  
-- Found ament_lint_auto: 0.12.11 (/opt/ros/humble/share/ament_lint_auto/cmake)
-- Added test 'lint_cmake' to check CMake code style
-- Added test 'xmllint' to check XML markup files
-- Configuring done
-- Generating done
-- Build files have been written to: /home/berry/HeartBeat/build/interfaces
[  0%] [34m[1mGenerating C code for ROS interfaces[0m
[  0%] [34m[1mGenerating C++ code for ROS interfaces[0m
[  0%] Built target ament_cmake_python_copy_interfaces
running egg_info
creating interfaces.egg-info
writing interfaces.egg-info/PKG-INFO
writing dependency_links to interfaces.egg-info/dependency_links.txt
writing top-level names to interfaces.egg-info/top_level.txt
writing manifest file 'interfaces.egg-info/SOURCES.txt'
reading manifest file 'interfaces.egg-info/SOURCES.txt'
writing manifest file 'interfaces.egg-info/SOURCES.txt'
[  0%] Built target ament_cmake_python_build_interfaces_egg
[  0%] Built target interfaces__cpp
[  1%] [34m[1mGenerating C++ type support dispatch for ROS interfaces[0m
[  2%] [34m[1mGenerating C++ type support for eProsima Fast-RTPS[0m
[  2%] [34m[1mGenerating C++ introspection for ROS interfaces[0m
[  3%] [32mBuilding C object CMakeFiles/interfaces__rosidl_generator_c.dir/rosidl_generator_c/interfaces/action/detail/arm1_test__functions.c.o[0m
[  4%] [32mBuilding C object CMakeFiles/interfaces__rosidl_generator_c.dir/rosidl_generator_c/interfaces/action/detail/arm2_test__functions.c.o[0m
[  4%] [32mBuilding C object CMakeFiles/interfaces__rosidl_generator_c.dir/rosidl_generator_c/interfaces/action/detail/stop_time__functions.c.o[0m
[  5%] [32mBuilding C object CMakeFiles/interfaces__rosidl_generator_c.dir/rosidl_generator_c/interfaces/action/detail/move_mood__functions.c.o[0m
[  6%] [32mBuilding C object CMakeFiles/interfaces__rosidl_generator_c.dir/rosidl_generator_c/interfaces/action/detail/move_time__functions.c.o[0m
[  6%] [32mBuilding C object CMakeFiles/interfaces__rosidl_generator_c.dir/rosidl_generator_c/interfaces/action/detail/is_moving__functions.c.o[0m
[  7%] [32mBuilding C object CMakeFiles/interfaces__rosidl_generator_c.dir/rosidl_generator_c/interfaces/action/detail/move_to_left__functions.c.o[0m
[  7%] [32mBuilding C object CMakeFiles/interfaces__rosidl_generator_c.dir/rosidl_generator_c/interfaces/action/detail/move_to_right__functions.c.o[0m
[  8%] [32mBuilding C object CMakeFiles/interfaces__rosidl_generator_c.dir/rosidl_generator_c/interfaces/action/detail/get_status__functions.c.o[0m
[  8%] [32mBuilding CXX object CMakeFiles/interfaces__rosidl_typesupport_cpp.dir/rosidl_typesupport_cpp/interfaces/action/arm1_test__type_support.cpp.o[0m
[  9%] [32mBuilding C object CMakeFiles/interfaces__rosidl_generator_c.dir/rosidl_generator_c/interfaces/action/detail/belt_move__functions.c.o[0m
[  9%] [32mBuilding C object CMakeFiles/interfaces__rosidl_generator_c.dir/rosidl_generator_c/interfaces/action/detail/belt_stop__functions.c.o[0m
[ 10%] [32mBuilding C object CMakeFiles/interfaces__rosidl_generator_c.dir/rosidl_generator_c/interfaces/action/detail/fetch__functions.c.o[0m
[ 11%] [32mBuilding CXX object CMakeFiles/interfaces__rosidl_typesupport_cpp.dir/rosidl_typesupport_cpp/interfaces/action/arm2_test__type_support.cpp.o[0m
[ 12%] [32mBuilding C object CMakeFiles/interfaces__rosidl_generator_c.dir/rosidl_generator_c/interfaces/action/detail/gripper_open__functions.c.o[0m
[ 12%] [32mBuilding C object CMakeFiles/interfaces__rosidl_generator_c.dir/rosidl_generator_c/interfaces/action/detail/head_move__functions.c.o[0m
[ 13%] [32mBuilding C object CMakeFiles/interfaces__rosidl_generator_c.dir/rosidl_generator_c/interfaces/action/detail/multiple_turn__functions.c.o[0m
[ 14%] [32mBuilding CXX object CMakeFiles/interfaces__rosidl_typesupport_introspection_cpp.dir/rosidl_typesupport_introspection_cpp/interfaces/action/detail/arm1_test__type_support.cpp.o[0m
[ 14%] [32mBuilding C object CMakeFiles/interfaces__rosidl_generator_c.dir/rosidl_generator_c/interfaces/msg/detail/arm1_heartbeat__functions.c.o[0m
[ 15%] [32mBuilding C object CMakeFiles/interfaces__rosidl_generator_c.dir/rosidl_generator_c/interfaces/msg/detail/arm2_heartbeat__functions.c.o[0m
[ 16%] [32mBuilding CXX object CMakeFiles/interfaces__rosidl_typesupport_cpp.dir/rosidl_typesupport_cpp/interfaces/action/stop_time__type_support.cpp.o[0m
[ 17%] [32m[1mLinking C shared library libinterfaces__rosidl_generator_c.so[0m
[ 17%] Built target interfaces__rosidl_generator_c
[ 17%] [32mBuilding CXX object CMakeFiles/interfaces__rosidl_typesupport_introspection_cpp.dir/rosidl_typesupport_introspection_cpp/interfaces/action/detail/arm2_test__type_support.cpp.o[0m
[ 18%] [32mBuilding CXX object CMakeFiles/interfaces__rosidl_typesupport_introspection_cpp.dir/rosidl_typesupport_introspection_cpp/interfaces/action/detail/stop_time__type_support.cpp.o[0m
[ 18%] [32mBuilding CXX object CMakeFiles/interfaces__rosidl_typesupport_cpp.dir/rosidl_typesupport_cpp/interfaces/action/move_mood__type_support.cpp.o[0m
[ 19%] [32mBuilding CXX object CMakeFiles/interfaces__rosidl_typesupport_introspection_cpp.dir/rosidl_typesupport_introspection_cpp/interfaces/action/detail/move_mood__type_support.cpp.o[0m
[ 20%] [32mBuilding CXX object CMakeFiles/interfaces__rosidl_typesupport_fastrtps_cpp.dir/rosidl_typesupport_fastrtps_cpp/interfaces/action/detail/dds_fastrtps/arm1_test__type_support.cpp.o[0m
[ 21%] [32mBuilding CXX object CMakeFiles/interfaces__rosidl_typesupport_cpp.dir/rosidl_typesupport_cpp/interfaces/action/move_time__type_support.cpp.o[0m
[ 21%] [32mBuilding CXX object CMakeFiles/interfaces__rosidl_typesupport_introspection_cpp.dir/rosidl_typesupport_introspection_cpp/interfaces/action/detail/move_time__type_support.cpp.o[0m
[ 22%] [32mBuilding CXX object CMakeFiles/interfaces__rosidl_typesupport_introspection_cpp.dir/rosidl_typesupport_introspection_cpp/interfaces/action/detail/is_moving__type_support.cpp.o[0m
[ 22%] [32mBuilding CXX object CMakeFiles/interfaces__rosidl_typesupport_fastrtps_cpp.dir/rosidl_typesupport_fastrtps_cpp/interfaces/action/detail/dds_fastrtps/arm2_test__type_support.cpp.o[0m
[ 23%] [32mBuilding CXX object CMakeFiles/interfaces__rosidl_typesupport_cpp.dir/rosidl_typesupport_cpp/interfaces/action/is_moving__type_support.cpp.o[0m
[ 24%] [32mBuilding CXX object CMakeFiles/interfaces__rosidl_typesupport_introspection_cpp.dir/rosidl_typesupport_introspection_cpp/interfaces/action/detail/move_to_left__type_support.cpp.o[0m
[ 25%] [32mBuilding CXX object CMakeFiles/interfaces__rosidl_typesupport_fastrtps_cpp.dir/rosidl_typesupport_fastrtps_cpp/interfaces/action/detail/dds_fastrtps/stop_time__type_support.cpp.o[0m
[ 25%] [32mBuilding CXX object CMakeFiles/interfaces__rosidl_typesupport_introspection_cpp.dir/rosidl_typesupport_introspection_cpp/interfaces/action/detail/move_to_right__type_support.cpp.o[0m
[ 25%] [32mBuilding CXX object CMakeFiles/interfaces__rosidl_typesupport_cpp.dir/rosidl_typesupport_cpp/interfaces/action/move_to_left__type_support.cpp.o[0m
[ 26%] [32mBuilding CXX object CMakeFiles/interfaces__rosidl_typesupport_introspection_cpp.dir/rosidl_typesupport_introspection_cpp/interfaces/action/detail/get_status__type_support.cpp.o[0m
[ 27%] [32mBuilding CXX object CMakeFiles/interfaces__rosidl_typesupport_cpp.dir/rosidl_typesupport_cpp/interfaces/action/move_to_right__type_support.cpp.o[0m
[ 28%] [32mBuilding CXX object CMakeFiles/interfaces__rosidl_typesupport_fastrtps_cpp.dir/rosidl_typesupport_fastrtps_cpp/interfaces/action/detail/dds_fastrtps/move_mood__type_support.cpp.o[0m
[ 28%] [32mBuilding CXX object CMakeFiles/interfaces__rosidl_typesupport_introspection_cpp.dir/rosidl_typesupport_introspection_cpp/interfaces/action/detail/belt_move__type_support.cpp.o[0m
[ 29%] [32mBuilding CXX object CMakeFiles/interfaces__rosidl_typesupport_introspection_cpp.dir/rosidl_typesupport_introspection_cpp/interfaces/action/detail/belt_stop__type_support.cpp.o[0m
[ 30%] [32mBuilding CXX object CMakeFiles/interfaces__rosidl_typesupport_cpp.dir/rosidl_typesupport_cpp/interfaces/action/get_status__type_support.cpp.o[0m
[ 30%] [32mBuilding CXX object CMakeFiles/interfaces__rosidl_typesupport_fastrtps_cpp.dir/rosidl_typesupport_fastrtps_cpp/interfaces/action/detail/dds_fastrtps/move_time__type_support.cpp.o[0m
[ 31%] [32mBuilding CXX object CMakeFiles/interfaces__rosidl_typesupport_introspection_cpp.dir/rosidl_typesupport_introspection_cpp/interfaces/action/detail/fetch__type_support.cpp.o[0m
[ 31%] [32mBuilding CXX object CMakeFiles/interfaces__rosidl_typesupport_cpp.dir/rosidl_typesupport_cpp/interfaces/action/belt_move__type_support.cpp.o[0m
[ 31%] [32mBuilding CXX object CMakeFiles/interfaces__rosidl_typesupport_introspection_cpp.dir/rosidl_typesupport_introspection_cpp/interfaces/action/detail/gripper_open__type_support.cpp.o[0m
[ 32%] [32mBuilding CXX object CMakeFiles/interfaces__rosidl_typesupport_fastrtps_cpp.dir/rosidl_typesupport_fastrtps_cpp/interfaces/action/detail/dds_fastrtps/is_moving__type_support.cpp.o[0m
[ 33%] [32mBuilding CXX object CMakeFiles/interfaces__rosidl_typesupport_introspection_cpp.dir/rosidl_typesupport_introspection_cpp/interfaces/action/detail/head_move__type_support.cpp.o[0m
[ 34%] [32mBuilding CXX object CMakeFiles/interfaces__rosidl_typesupport_cpp.dir/rosidl_typesupport_cpp/interfaces/action/belt_stop__type_support.cpp.o[0m
[ 35%] [32mBuilding CXX object CMakeFiles/interfaces__rosidl_typesupport_introspection_cpp.dir/rosidl_typesupport_introspection_cpp/interfaces/action/detail/multiple_turn__type_support.cpp.o[0m
[ 35%] [32mBuilding CXX object CMakeFiles/interfaces__rosidl_typesupport_fastrtps_cpp.dir/rosidl_typesupport_fastrtps_cpp/interfaces/action/detail/dds_fastrtps/move_to_left__type_support.cpp.o[0m
[ 35%] [32mBuilding CXX object CMakeFiles/interfaces__rosidl_typesupport_cpp.dir/rosidl_typesupport_cpp/interfaces/action/fetch__type_support.cpp.o[0m
[ 35%] [32mBuilding CXX object CMakeFiles/interfaces__rosidl_typesupport_introspection_cpp.dir/rosidl_typesupport_introspection_cpp/interfaces/msg/detail/arm1_heartbeat__type_support.cpp.o[0m
[ 36%] [32mBuilding CXX object CMakeFiles/interfaces__rosidl_typesupport_introspection_cpp.dir/rosidl_typesupport_introspection_cpp/interfaces/msg/detail/arm2_heartbeat__type_support.cpp.o[0m
[ 37%] [32mBuilding CXX object CMakeFiles/interfaces__rosidl_typesupport_fastrtps_cpp.dir/rosidl_typesupport_fastrtps_cpp/interfaces/action/detail/dds_fastrtps/move_to_right__type_support.cpp.o[0m
[ 38%] [32mBuilding CXX object CMakeFiles/interfaces__rosidl_typesupport_fastrtps_cpp.dir/rosidl_typesupport_fastrtps_cpp/interfaces/action/detail/dds_fastrtps/get_status__type_support.cpp.o[0m
[ 39%] [32mBuilding CXX object CMakeFiles/interfaces__rosidl_typesupport_cpp.dir/rosidl_typesupport_cpp/interfaces/action/gripper_open__type_support.cpp.o[0m
[ 40%] [32m[1mLinking CXX shared library libinterfaces__rosidl_typesupport_introspection_cpp.so[0m
[ 40%] Built target interfaces__rosidl_typesupport_introspection_cpp
[ 41%] [34m[1mGenerating C type support for eProsima Fast-RTPS[0m
[ 42%] [32mBuilding CXX object CMakeFiles/interfaces__rosidl_typesupport_cpp.dir/rosidl_typesupport_cpp/interfaces/action/head_move__type_support.cpp.o[0m
[ 42%] [32mBuilding CXX object CMakeFiles/interfaces__rosidl_typesupport_fastrtps_cpp.dir/rosidl_typesupport_fastrtps_cpp/interfaces/action/detail/dds_fastrtps/belt_move__type_support.cpp.o[0m
[ 43%] [32mBuilding CXX object CMakeFiles/interfaces__rosidl_typesupport_fastrtps_cpp.dir/rosidl_typesupport_fastrtps_cpp/interfaces/action/detail/dds_fastrtps/belt_stop__type_support.cpp.o[0m
[ 43%] [32mBuilding CXX object CMakeFiles/interfaces__rosidl_typesupport_cpp.dir/rosidl_typesupport_cpp/interfaces/action/multiple_turn__type_support.cpp.o[0m
[ 44%] [32mBuilding CXX object CMakeFiles/interfaces__rosidl_typesupport_fastrtps_cpp.dir/rosidl_typesupport_fastrtps_cpp/interfaces/action/detail/dds_fastrtps/fetch__type_support.cpp.o[0m
[ 44%] [32mBuilding CXX object CMakeFiles/interfaces__rosidl_typesupport_fastrtps_cpp.dir/rosidl_typesupport_fastrtps_cpp/interfaces/action/detail/dds_fastrtps/gripper_open__type_support.cpp.o[0m
[ 45%] [32mBuilding CXX object CMakeFiles/interfaces__rosidl_typesupport_cpp.dir/rosidl_typesupport_cpp/interfaces/msg/arm1_heartbeat__type_support.cpp.o[0m
[ 46%] [32mBuilding CXX object CMakeFiles/interfaces__rosidl_typesupport_cpp.dir/rosidl_typesupport_cpp/interfaces/msg/arm2_heartbeat__type_support.cpp.o[0m
[ 47%] [32mBuilding CXX object CMakeFiles/interfaces__rosidl_typesupport_fastrtps_cpp.dir/rosidl_typesupport_fastrtps_cpp/interfaces/action/detail/dds_fastrtps/head_move__type_support.cpp.o[0m
[ 47%] [32mBuilding CXX object CMakeFiles/interfaces__rosidl_typesupport_fastrtps_cpp.dir/rosidl_typesupport_fastrtps_cpp/interfaces/action/detail/dds_fastrtps/multiple_turn__type_support.cpp.o[0m
[ 47%] [32m[1mLinking CXX shared library libinterfaces__rosidl_typesupport_cpp.so[0m
[ 47%] Built target interfaces__rosidl_typesupport_cpp
[ 48%] [34m[1mGenerating C introspection for ROS interfaces[0m
[ 49%] [32mBuilding CXX object CMakeFiles/interfaces__rosidl_typesupport_fastrtps_cpp.dir/rosidl_typesupport_fastrtps_cpp/interfaces/msg/detail/dds_fastrtps/arm1_heartbeat__type_support.cpp.o[0m
[ 50%] [32mBuilding CXX object CMakeFiles/interfaces__rosidl_typesupport_fastrtps_cpp.dir/rosidl_typesupport_fastrtps_cpp/interfaces/msg/detail/dds_fastrtps/arm2_heartbeat__type_support.cpp.o[0m
[ 51%] [34m[1mGenerating C type support dispatch for ROS interfaces[0m
[ 51%] [32m[1mLinking CXX shared library libinterfaces__rosidl_typesupport_fastrtps_cpp.so[0m
[ 51%] Built target interfaces__rosidl_typesupport_fastrtps_cpp
[ 51%] [32mBuilding CXX object CMakeFiles/interfaces__rosidl_typesupport_fastrtps_c.dir/rosidl_typesupport_fastrtps_c/interfaces/action/detail/arm1_test__type_support_c.cpp.o[0m
[ 52%] [32mBuilding CXX object CMakeFiles/interfaces__rosidl_typesupport_fastrtps_c.dir/rosidl_typesupport_fastrtps_c/interfaces/action/detail/arm2_test__type_support_c.cpp.o[0m
[ 53%] [32mBuilding CXX object CMakeFiles/interfaces__rosidl_typesupport_fastrtps_c.dir/rosidl_typesupport_fastrtps_c/interfaces/action/detail/stop_time__type_support_c.cpp.o[0m
[ 53%] [32mBuilding CXX object CMakeFiles/interfaces__rosidl_typesupport_fastrtps_c.dir/rosidl_typesupport_fastrtps_c/interfaces/action/detail/move_mood__type_support_c.cpp.o[0m
[ 54%] [32mBuilding CXX object CMakeFiles/interfaces__rosidl_typesupport_fastrtps_c.dir/rosidl_typesupport_fastrtps_c/interfaces/action/detail/move_time__type_support_c.cpp.o[0m
[ 55%] [32mBuilding CXX object CMakeFiles/interfaces__rosidl_typesupport_fastrtps_c.dir/rosidl_typesupport_fastrtps_c/interfaces/action/detail/is_moving__type_support_c.cpp.o[0m
[ 55%] [32mBuilding CXX object CMakeFiles/interfaces__rosidl_typesupport_c.dir/rosidl_typesupport_c/interfaces/action/arm1_test__type_support.cpp.o[0m
[ 56%] [32mBuilding CXX object CMakeFiles/interfaces__rosidl_typesupport_c.dir/rosidl_typesupport_c/interfaces/action/arm2_test__type_support.cpp.o[0m
[ 57%] [32mBuilding CXX object CMakeFiles/interfaces__rosidl_typesupport_c.dir/rosidl_typesupport_c/interfaces/action/stop_time__type_support.cpp.o[0m
[ 57%] [32mBuilding CXX object CMakeFiles/interfaces__rosidl_typesupport_c.dir/rosidl_typesupport_c/interfaces/action/move_mood__type_support.cpp.o[0m
[ 58%] [32mBuilding CXX object CMakeFiles/interfaces__rosidl_typesupport_c.dir/rosidl_typesupport_c/interfaces/action/move_time__type_support.cpp.o[0m
[ 58%] [32mBuilding CXX object CMakeFiles/interfaces__rosidl_typesupport_c.dir/rosidl_typesupport_c/interfaces/action/is_moving__type_support.cpp.o[0m
[ 58%] [32mBuilding CXX object CMakeFiles/interfaces__rosidl_typesupport_fastrtps_c.dir/rosidl_typesupport_fastrtps_c/interfaces/action/detail/move_to_left__type_support_c.cpp.o[0m
[ 59%] [32mBuilding CXX object CMakeFiles/interfaces__rosidl_typesupport_fastrtps_c.dir/rosidl_typesupport_fastrtps_c/interfaces/action/detail/move_to_right__type_support_c.cpp.o[0m
[ 60%] [32mBuilding CXX object CMakeFiles/interfaces__rosidl_typesupport_c.dir/rosidl_typesupport_c/interfaces/action/move_to_left__type_support.cpp.o[0m
[ 61%] [32mBuilding CXX object CMakeFiles/interfaces__rosidl_typesupport_c.dir/rosidl_typesupport_c/interfaces/action/move_to_right__type_support.cpp.o[0m
[ 62%] [32mBuilding C object CMakeFiles/interfaces__rosidl_typesupport_introspection_c.dir/rosidl_typesupport_introspection_c/interfaces/action/detail/arm1_test__type_support.c.o[0m
[ 62%] [32mBuilding CXX object CMakeFiles/interfaces__rosidl_typesupport_c.dir/rosidl_typesupport_c/interfaces/action/get_status__type_support.cpp.o[0m
[ 62%] [32mBuilding C object CMakeFiles/interfaces__rosidl_typesupport_introspection_c.dir/rosidl_typesupport_introspection_c/interfaces/action/detail/arm2_test__type_support.c.o[0m
[ 63%] [32mBuilding CXX object CMakeFiles/interfaces__rosidl_typesupport_c.dir/rosidl_typesupport_c/interfaces/action/belt_move__type_support.cpp.o[0m
[ 64%] [32mBuilding C object CMakeFiles/interfaces__rosidl_typesupport_introspection_c.dir/rosidl_typesupport_introspection_c/interfaces/action/detail/stop_time__type_support.c.o[0m
[ 65%] [32mBuilding CXX object CMakeFiles/interfaces__rosidl_typesupport_c.dir/rosidl_typesupport_c/interfaces/action/belt_stop__type_support.cpp.o[0m
[ 65%] [32mBuilding C object CMakeFiles/interfaces__rosidl_typesupport_introspection_c.dir/rosidl_typesupport_introspection_c/interfaces/action/detail/move_mood__type_support.c.o[0m
[ 65%] [32mBuilding CXX object CMakeFiles/interfaces__rosidl_typesupport_c.dir/rosidl_typesupport_c/interfaces/action/fetch__type_support.cpp.o[0m
[ 66%] [32mBuilding C object CMakeFiles/interfaces__rosidl_typesupport_introspection_c.dir/rosidl_typesupport_introspection_c/interfaces/action/detail/move_time__type_support.c.o[0m
[ 67%] [32mBuilding CXX object CMakeFiles/interfaces__rosidl_typesupport_c.dir/rosidl_typesupport_c/interfaces/action/gripper_open__type_support.cpp.o[0m
[ 67%] [32mBuilding CXX object CMakeFiles/interfaces__rosidl_typesupport_fastrtps_c.dir/rosidl_typesupport_fastrtps_c/interfaces/action/detail/get_status__type_support_c.cpp.o[0m
[ 68%] [32mBuilding C object CMakeFiles/interfaces__rosidl_typesupport_introspection_c.dir/rosidl_typesupport_introspection_c/interfaces/action/detail/is_moving__type_support.c.o[0m
[ 68%] [32mBuilding CXX object CMakeFiles/interfaces__rosidl_typesupport_c.dir/rosidl_typesupport_c/interfaces/action/head_move__type_support.cpp.o[0m
[ 68%] [32mBuilding C object CMakeFiles/interfaces__rosidl_typesupport_introspection_c.dir/rosidl_typesupport_introspection_c/interfaces/action/detail/move_to_left__type_support.c.o[0m
[ 69%] [32mBuilding C object CMakeFiles/interfaces__rosidl_typesupport_introspection_c.dir/rosidl_typesupport_introspection_c/interfaces/action/detail/move_to_right__type_support.c.o[0m
[ 70%] [32mBuilding CXX object CMakeFiles/interfaces__rosidl_typesupport_c.dir/rosidl_typesupport_c/interfaces/action/multiple_turn__type_support.cpp.o[0m
[ 71%] [32mBuilding C object CMakeFiles/interfaces__rosidl_typesupport_introspection_c.dir/rosidl_typesupport_introspection_c/interfaces/action/detail/get_status__type_support.c.o[0m
[ 71%] [32mBuilding C object CMakeFiles/interfaces__rosidl_typesupport_introspection_c.dir/rosidl_typesupport_introspection_c/interfaces/action/detail/belt_move__type_support.c.o[0m
[ 72%] [32mBuilding CXX object CMakeFiles/interfaces__rosidl_typesupport_c.dir/rosidl_typesupport_c/interfaces/msg/arm1_heartbeat__type_support.cpp.o[0m
[ 73%] [32mBuilding C object CMakeFiles/interfaces__rosidl_typesupport_introspection_c.dir/rosidl_typesupport_introspection_c/interfaces/action/detail/belt_stop__type_support.c.o[0m
[ 74%] [32mBuilding C object CMakeFiles/interfaces__rosidl_typesupport_introspection_c.dir/rosidl_typesupport_introspection_c/interfaces/action/detail/fetch__type_support.c.o[0m
[ 74%] [32mBuilding CXX object CMakeFiles/interfaces__rosidl_typesupport_c.dir/rosidl_typesupport_c/interfaces/msg/arm2_heartbeat__type_support.cpp.o[0m
[ 74%] [32mBuilding C object CMakeFiles/interfaces__rosidl_typesupport_introspection_c.dir/rosidl_typesupport_introspection_c/interfaces/action/detail/gripper_open__type_support.c.o[0m
[ 75%] [32m[1mLinking CXX shared library libinterfaces__rosidl_typesupport_c.so[0m
[ 76%] [32mBuilding C object CMakeFiles/interfaces__rosidl_typesupport_introspection_c.dir/rosidl_typesupport_introspection_c/interfaces/action/detail/head_move__type_support.c.o[0m
[ 76%] Built target interfaces__rosidl_typesupport_c
[ 76%] [32mBuilding C object CMakeFiles/interfaces__rosidl_typesupport_introspection_c.dir/rosidl_typesupport_introspection_c/interfaces/action/detail/multiple_turn__type_support.c.o[0m
[ 77%] [32mBuilding CXX object CMakeFiles/interfaces__rosidl_typesupport_fastrtps_c.dir/rosidl_typesupport_fastrtps_c/interfaces/action/detail/belt_move__type_support_c.cpp.o[0m
[ 78%] [32mBuilding C object CMakeFiles/interfaces__rosidl_typesupport_introspection_c.dir/rosidl_typesupport_introspection_c/interfaces/msg/detail/arm1_heartbeat__type_support.c.o[0m
[ 79%] [32mBuilding C object CMakeFiles/interfaces__rosidl_typesupport_introspection_c.dir/rosidl_typesupport_introspection_c/interfaces/msg/detail/arm2_heartbeat__type_support.c.o[0m
[ 80%] [32mBuilding CXX object CMakeFiles/interfaces__rosidl_typesupport_fastrtps_c.dir/rosidl_typesupport_fastrtps_c/interfaces/action/detail/belt_stop__type_support_c.cpp.o[0m
[ 80%] [32m[1mLinking C shared library libinterfaces__rosidl_typesupport_introspection_c.so[0m
[ 80%] Built target interfaces__rosidl_typesupport_introspection_c
[ 80%] [32mBuilding CXX object CMakeFiles/interfaces__rosidl_typesupport_fastrtps_c.dir/rosidl_typesupport_fastrtps_c/interfaces/action/detail/fetch__type_support_c.cpp.o[0m
[ 81%] [32mBuilding CXX object CMakeFiles/interfaces__rosidl_typesupport_fastrtps_c.dir/rosidl_typesupport_fastrtps_c/interfaces/action/detail/gripper_open__type_support_c.cpp.o[0m
[ 82%] [32mBuilding CXX object CMakeFiles/interfaces__rosidl_typesupport_fastrtps_c.dir/rosidl_typesupport_fastrtps_c/interfaces/action/detail/head_move__type_support_c.cpp.o[0m
[ 82%] [32mBuilding CXX object CMakeFiles/interfaces__rosidl_typesupport_fastrtps_c.dir/rosidl_typesupport_fastrtps_c/interfaces/action/detail/multiple_turn__type_support_c.cpp.o[0m
[ 83%] [32mBuilding CXX object CMakeFiles/interfaces__rosidl_typesupport_fastrtps_c.dir/rosidl_typesupport_fastrtps_c/interfaces/msg/detail/arm1_heartbeat__type_support_c.cpp.o[0m
[ 84%] [32mBuilding CXX object CMakeFiles/interfaces__rosidl_typesupport_fastrtps_c.dir/rosidl_typesupport_fastrtps_c/interfaces/msg/detail/arm2_heartbeat__type_support_c.cpp.o[0m
[ 84%] [32m[1mLinking CXX shared library libinterfaces__rosidl_typesupport_fastrtps_c.so[0m
[ 84%] Built target interfaces__rosidl_typesupport_fastrtps_c
[ 84%] Built target interfaces
[ 85%] [34m[1mGenerating Python code for ROS interfaces[0m
[ 85%] Built target interfaces__py
[ 85%] [32mBuilding C object CMakeFiles/interfaces__rosidl_generator_py.dir/rosidl_generator_py/interfaces/action/_arm1_test_s.c.o[0m
[ 86%] [32mBuilding C object CMakeFiles/interfaces__rosidl_generator_py.dir/rosidl_generator_py/interfaces/action/_arm2_test_s.c.o[0m
[ 87%] [32mBuilding C object CMakeFiles/interfaces__rosidl_generator_py.dir/rosidl_generator_py/interfaces/action/_stop_time_s.c.o[0m
[ 87%] [32mBuilding C object CMakeFiles/interfaces__rosidl_generator_py.dir/rosidl_generator_py/interfaces/action/_move_mood_s.c.o[0m
[ 88%] [32mBuilding C object CMakeFiles/interfaces__rosidl_generator_py.dir/rosidl_generator_py/interfaces/action/_move_time_s.c.o[0m
[ 88%] [32mBuilding C object CMakeFiles/interfaces__rosidl_generator_py.dir/rosidl_generator_py/interfaces/action/_is_moving_s.c.o[0m
[ 89%] [32mBuilding C object CMakeFiles/interfaces__rosidl_generator_py.dir/rosidl_generator_py/interfaces/action/_move_to_left_s.c.o[0m
[ 90%] [32mBuilding C object CMakeFiles/interfaces__rosidl_generator_py.dir/rosidl_generator_py/interfaces/action/_move_to_right_s.c.o[0m
[ 90%] [32mBuilding C object CMakeFiles/interfaces__rosidl_generator_py.dir/rosidl_generator_py/interfaces/action/_get_status_s.c.o[0m
[ 91%] [32mBuilding C object CMakeFiles/interfaces__rosidl_generator_py.dir/rosidl_generator_py/interfaces/action/_belt_move_s.c.o[0m
[ 92%] [32mBuilding C object CMakeFiles/interfaces__rosidl_generator_py.dir/rosidl_generator_py/interfaces/action/_belt_stop_s.c.o[0m
[ 92%] [32mBuilding C object CMakeFiles/interfaces__rosidl_generator_py.dir/rosidl_generator_py/interfaces/action/_fetch_s.c.o[0m
[ 93%] [32mBuilding C object CMakeFiles/interfaces__rosidl_generator_py.dir/rosidl_generator_py/interfaces/action/_gripper_open_s.c.o[0m
[ 94%] [32mBuilding C object CMakeFiles/interfaces__rosidl_generator_py.dir/rosidl_generator_py/interfaces/action/_head_move_s.c.o[0m
[ 94%] [32mBuilding C object CMakeFiles/interfaces__rosidl_generator_py.dir/rosidl_generator_py/interfaces/action/_multiple_turn_s.c.o[0m
[ 95%] [32mBuilding C object CMakeFiles/interfaces__rosidl_generator_py.dir/rosidl_generator_py/interfaces/msg/_arm1_heartbeat_s.c.o[0m
[ 95%] [32mBuilding C object CMakeFiles/interfaces__rosidl_generator_py.dir/rosidl_generator_py/interfaces/msg/_arm2_heartbeat_s.c.o[0m
[ 96%] [32m[1mLinking C shared library rosidl_generator_py/interfaces/libinterfaces__rosidl_generator_py.so[0m
[ 96%] Built target interfaces__rosidl_generator_py
[ 97%] [32mBuilding C object CMakeFiles/interfaces__rosidl_typesupport_fastrtps_c__pyext.dir/rosidl_generator_py/interfaces/_interfaces_s.ep.rosidl_typesupport_fastrtps_c.c.o[0m
[ 98%] [32mBuilding C object CMakeFiles/interfaces__rosidl_typesupport_introspection_c__pyext.dir/rosidl_generator_py/interfaces/_interfaces_s.ep.rosidl_typesupport_introspection_c.c.o[0m
[ 99%] [32mBuilding C object CMakeFiles/interfaces__rosidl_typesupport_c__pyext.dir/rosidl_generator_py/interfaces/_interfaces_s.ep.rosidl_typesupport_c.c.o[0m
[100%] [32m[1mLinking C shared library rosidl_generator_py/interfaces/interfaces_s__rosidl_typesupport_introspection_c.cpython-310-aarch64-linux-gnu.so[0m
[100%] [32m[1mLinking C shared library rosidl_generator_py/interfaces/interfaces_s__rosidl_typesupport_fastrtps_c.cpython-310-aarch64-linux-gnu.so[0m
[100%] [32m[1mLinking C shared library rosidl_generator_py/interfaces/interfaces_s__rosidl_typesupport_c.cpython-310-aarch64-linux-gnu.so[0m
[100%] Built target interfaces__rosidl_typesupport_introspection_c__pyext
[100%] Built target interfaces__rosidl_typesupport_fastrtps_c__pyext
[100%] Built target interfaces__rosidl_typesupport_c__pyext
-- Install configuration: ""
-- Installing: /home/berry/HeartBeat/install/interfaces/share/ament_index/resource_index/rosidl_interfaces/interfaces
-- Installing: /home/berry/HeartBeat/install/interfaces/include/interfaces/interfaces
-- Installing: /home/berry/HeartBeat/install/interfaces/include/interfaces/interfaces/action
-- Installing: /home/berry/HeartBeat/install/interfaces/include/interfaces/interfaces/action/head_move.h
-- Installing: /home/berry/HeartBeat/install/interfaces/include/interfaces/interfaces/action/move_to_right.h
-- Installing: /home/berry/HeartBeat/install/interfaces/include/interfaces/interfaces/action/detail
-- Installing: /home/berry/HeartBeat/install/interfaces/include/interfaces/interfaces/action/detail/get_status__type_support.h
-- Installing: /home/berry/HeartBeat/install/interfaces/include/interfaces/interfaces/action/detail/gripper_open__type_support.h
-- Installing: /home/berry/HeartBeat/install/interfaces/include/interfaces/interfaces/action/detail/belt_move__struct.h
-- Installing: /home/berry/HeartBeat/install/interfaces/include/interfaces/interfaces/action/detail/move_to_left__functions.c
-- Installing: /home/berry/HeartBeat/install/interfaces/include/interfaces/interfaces/action/detail/is_moving__functions.c
-- Installing: /home/berry/HeartBeat/install/interfaces/include/interfaces/interfaces/action/detail/move_to_right__type_support.h
-- Installing: /home/berry/HeartBeat/install/interfaces/include/interfaces/interfaces/action/detail/move_time__type_support.h
-- Installing: /home/berry/HeartBeat/install/interfaces/include/interfaces/interfaces/action/detail/arm1_test__functions.h
-- Installing: /home/berry/HeartBeat/install/interfaces/include/interfaces/interfaces/action/detail/belt_stop__type_support.h
-- Installing: /home/berry/HeartBeat/install/interfaces/include/interfaces/interfaces/action/detail/multiple_turn__struct.h
-- Installing: /home/berry/HeartBeat/install/interfaces/include/interfaces/interfaces/action/detail/arm1_test__struct.h
-- Installing: /home/berry/HeartBeat/install/interfaces/include/interfaces/interfaces/action/detail/arm1_test__type_support.h
-- Installing: /home/berry/HeartBeat/install/interfaces/include/interfaces/interfaces/action/detail/move_to_left__functions.h
-- Installing: /home/berry/HeartBeat/install/interfaces/include/interfaces/interfaces/action/detail/get_status__functions.c
-- Installing: /home/berry/HeartBeat/install/interfaces/include/interfaces/interfaces/action/detail/stop_time__functions.c
-- Installing: /home/berry/HeartBeat/install/interfaces/include/interfaces/interfaces/action/detail/move_mood__type_support.h
-- Installing: /home/berry/HeartBeat/install/interfaces/include/interfaces/interfaces/action/detail/fetch__type_support.h
-- Installing: /home/berry/HeartBeat/install/interfaces/include/interfaces/interfaces/action/detail/fetch__functions.h
-- Installing: /home/berry/HeartBeat/install/interfaces/include/interfaces/interfaces/action/detail/belt_move__functions.h
-- Installing: /home/berry/HeartBeat/install/interfaces/include/interfaces/interfaces/action/detail/move_to_left__type_support.h
-- Installing: /home/berry/HeartBeat/install/interfaces/include/interfaces/interfaces/action/detail/head_move__type_support.h
-- Installing: /home/berry/HeartBeat/install/interfaces/include/interfaces/interfaces/action/detail/move_mood__struct.h
-- Installing: /home/berry/HeartBeat/install/interfaces/include/interfaces/interfaces/action/detail/multiple_turn__functions.h
-- Installing: /home/berry/HeartBeat/install/interfaces/include/interfaces/interfaces/action/detail/head_move__functions.c
-- Installing: /home/berry/HeartBeat/install/interfaces/include/interfaces/interfaces/action/detail/get_status__struct.h
-- Installing: /home/berry/HeartBeat/install/interfaces/include/interfaces/interfaces/action/detail/belt_stop__functions.c
-- Installing: /home/berry/HeartBeat/install/interfaces/include/interfaces/interfaces/action/detail/arm2_test__functions.c
-- Installing: /home/berry/HeartBeat/install/interfaces/include/interfaces/interfaces/action/detail/belt_stop__functions.h
-- Installing: /home/berry/HeartBeat/install/interfaces/include/interfaces/interfaces/action/detail/move_to_right__functions.h
-- Installing: /home/berry/HeartBeat/install/interfaces/include/interfaces/interfaces/action/detail/head_move__struct.h
-- Installing: /home/berry/HeartBeat/install/interfaces/include/interfaces/interfaces/action/detail/gripper_open__functions.h
-- Installing: /home/berry/HeartBeat/install/interfaces/include/interfaces/interfaces/action/detail/stop_time__struct.h
-- Installing: /home/berry/HeartBeat/install/interfaces/include/interfaces/interfaces/action/detail/arm2_test__struct.h
-- Installing: /home/berry/HeartBeat/install/interfaces/include/interfaces/interfaces/action/detail/belt_move__type_support.h
-- Installing: /home/berry/HeartBeat/install/interfaces/include/interfaces/interfaces/action/detail/belt_stop__struct.h
-- Installing: /home/berry/HeartBeat/install/interfaces/include/interfaces/interfaces/action/detail/move_time__struct.h
-- Installing: /home/berry/HeartBeat/install/interfaces/include/interfaces/interfaces/action/detail/move_to_left__struct.h
-- Installing: /home/berry/HeartBeat/install/interfaces/include/interfaces/interfaces/action/detail/is_moving__type_support.h
-- Installing: /home/berry/HeartBeat/install/interfaces/include/interfaces/interfaces/action/detail/multiple_turn__functions.c
-- Installing: /home/berry/HeartBeat/install/interfaces/include/interfaces/interfaces/action/detail/multiple_turn__type_support.h
-- Installing: /home/berry/HeartBeat/install/interfaces/include/interfaces/interfaces/action/detail/move_mood__functions.c
-- Installing: /home/berry/HeartBeat/install/interfaces/include/interfaces/interfaces/action/detail/is_moving__struct.h
-- Installing: /home/berry/HeartBeat/install/interfaces/include/interfaces/interfaces/action/detail/move_time__functions.c
-- Installing: /home/berry/HeartBeat/install/interfaces/include/interfaces/interfaces/action/detail/stop_time__functions.h
-- Installing: /home/berry/HeartBeat/install/interfaces/include/interfaces/interfaces/action/detail/move_time__functions.h
-- Installing: /home/berry/HeartBeat/install/interfaces/include/interfaces/interfaces/action/detail/gripper_open__struct.h
-- Installing: /home/berry/HeartBeat/install/interfaces/include/interfaces/interfaces/action/detail/is_moving__functions.h
-- Installing: /home/berry/HeartBeat/install/interfaces/include/interfaces/interfaces/action/detail/head_move__functions.h
-- Installing: /home/berry/HeartBeat/install/interfaces/include/interfaces/interfaces/action/detail/get_status__functions.h
-- Installing: /home/berry/HeartBeat/install/interfaces/include/interfaces/interfaces/action/detail/belt_move__functions.c
-- Installing: /home/berry/HeartBeat/install/interfaces/include/interfaces/interfaces/action/detail/arm2_test__type_support.h
-- Installing: /home/berry/HeartBeat/install/interfaces/include/interfaces/interfaces/action/detail/fetch__struct.h
-- Installing: /home/berry/HeartBeat/install/interfaces/include/interfaces/interfaces/action/detail/arm2_test__functions.h
-- Installing: /home/berry/HeartBeat/install/interfaces/include/interfaces/interfaces/action/detail/move_to_right__struct.h
-- Installing: /home/berry/HeartBeat/install/interfaces/include/interfaces/interfaces/action/detail/arm1_test__functions.c
-- Installing: /home/berry/HeartBeat/install/interfaces/include/interfaces/interfaces/action/detail/fetch__functions.c
-- Installing: /home/berry/HeartBeat/install/interfaces/include/interfaces/interfaces/action/detail/move_mood__functions.h
-- Installing: /home/berry/HeartBeat/install/interfaces/include/interfaces/interfaces/action/detail/gripper_open__functions.c
-- Installing: /home/berry/HeartBeat/install/interfaces/include/interfaces/interfaces/action/detail/stop_time__type_support.h
-- Installing: /home/berry/HeartBeat/install/interfaces/include/interfaces/interfaces/action/detail/move_to_right__functions.c
-- Installing: /home/berry/HeartBeat/install/interfaces/include/interfaces/interfaces/action/belt_stop.h
-- Installing: /home/berry/HeartBeat/install/interfaces/include/interfaces/interfaces/action/is_moving.h
-- Installing: /home/berry/HeartBeat/install/interfaces/include/interfaces/interfaces/action/move_mood.h
-- Installing: /home/berry/HeartBeat/install/interfaces/include/interfaces/interfaces/action/move_to_left.h
-- Installing: /home/berry/HeartBeat/install/interfaces/include/interfaces/interfaces/action/multiple_turn.h
-- Installing: /home/berry/HeartBeat/install/interfaces/include/interfaces/interfaces/action/gripper_open.h
-- Installing: /home/berry/HeartBeat/install/interfaces/include/interfaces/interfaces/action/get_status.h
-- Installing: /home/berry/HeartBeat/install/interfaces/include/interfaces/interfaces/action/belt_move.h
-- Installing: /home/berry/HeartBeat/install/interfaces/include/interfaces/interfaces/action/arm2_test.h
-- Installing: /home/berry/HeartBeat/install/interfaces/include/interfaces/interfaces/action/fetch.h
-- Installing: /home/berry/HeartBeat/install/interfaces/include/interfaces/interfaces/action/move_time.h
-- Installing: /home/berry/HeartBeat/install/interfaces/include/interfaces/interfaces/action/arm1_test.h
-- Installing: /home/berry/HeartBeat/install/interfaces/include/interfaces/interfaces/action/stop_time.h
-- Installing: /home/berry/HeartBeat/install/interfaces/include/interfaces/interfaces/msg
-- Installing: /home/berry/HeartBeat/install/interfaces/include/interfaces/interfaces/msg/detail
-- Installing: /home/berry/HeartBeat/install/interfaces/include/interfaces/interfaces/msg/detail/arm2_heartbeat__functions.h
-- Installing: /home/berry/HeartBeat/install/interfaces/include/interfaces/interfaces/msg/detail/arm2_heartbeat__struct.h
-- Installing: /home/berry/HeartBeat/install/interfaces/include/interfaces/interfaces/msg/detail/arm2_heartbeat__type_support.h
-- Installing: /home/berry/HeartBeat/install/interfaces/include/interfaces/interfaces/msg/detail/arm1_heartbeat__struct.h
-- Installing: /home/berry/HeartBeat/install/interfaces/include/interfaces/interfaces/msg/detail/arm1_heartbeat__functions.h
-- Installing: /home/berry/HeartBeat/install/interfaces/include/interfaces/interfaces/msg/detail/arm2_heartbeat__functions.c
-- Installing: /home/berry/HeartBeat/install/interfaces/include/interfaces/interfaces/msg/detail/arm1_heartbeat__functions.c
-- Installing: /home/berry/HeartBeat/install/interfaces/include/interfaces/interfaces/msg/detail/arm1_heartbeat__type_support.h
-- Installing: /home/berry/HeartBeat/install/interfaces/include/interfaces/interfaces/msg/arm2_heartbeat.h
-- Installing: /home/berry/HeartBeat/install/interfaces/include/interfaces/interfaces/msg/rosidl_generator_c__visibility_control.h
-- Installing: /home/berry/HeartBeat/install/interfaces/include/interfaces/interfaces/msg/arm1_heartbeat.h
-- Installing: /home/berry/HeartBeat/install/interfaces/share/interfaces/environment/library_path.sh
-- Installing: /home/berry/HeartBeat/install/interfaces/share/interfaces/environment/library_path.dsv
-- Installing: /home/berry/HeartBeat/install/interfaces/lib/libinterfaces__rosidl_generator_c.so
-- Set runtime path of "/home/berry/HeartBeat/install/interfaces/lib/libinterfaces__rosidl_generator_c.so" to ""
-- Up-to-date: /home/berry/HeartBeat/install/interfaces/include/interfaces/interfaces
-- Up-to-date: /home/berry/HeartBeat/install/interfaces/include/interfaces/interfaces/action
-- Up-to-date: /home/berry/HeartBeat/install/interfaces/include/interfaces/interfaces/action/detail
-- Installing: /home/berry/HeartBeat/install/interfaces/include/interfaces/interfaces/action/detail/fetch__rosidl_typesupport_fastrtps_c.h
-- Installing: /home/berry/HeartBeat/install/interfaces/include/interfaces/interfaces/action/detail/move_to_left__rosidl_typesupport_fastrtps_c.h
-- Installing: /home/berry/HeartBeat/install/interfaces/include/interfaces/interfaces/action/detail/multiple_turn__rosidl_typesupport_fastrtps_c.h
-- Installing: /home/berry/HeartBeat/install/interfaces/include/interfaces/interfaces/action/detail/arm2_test__rosidl_typesupport_fastrtps_c.h
-- Installing: /home/berry/HeartBeat/install/interfaces/include/interfaces/interfaces/action/detail/head_move__rosidl_typesupport_fastrtps_c.h
-- Installing: /home/berry/HeartBeat/install/interfaces/include/interfaces/interfaces/action/detail/belt_move__rosidl_typesupport_fastrtps_c.h
-- Installing: /home/berry/HeartBeat/install/interfaces/include/interfaces/interfaces/action/detail/move_time__rosidl_typesupport_fastrtps_c.h
-- Installing: /home/berry/HeartBeat/install/interfaces/include/interfaces/interfaces/action/detail/gripper_open__rosidl_typesupport_fastrtps_c.h
-- Installing: /home/berry/HeartBeat/install/interfaces/include/interfaces/interfaces/action/detail/move_mood__rosidl_typesupport_fastrtps_c.h
-- Installing: /home/berry/HeartBeat/install/interfaces/include/interfaces/interfaces/action/detail/stop_time__rosidl_typesupport_fastrtps_c.h
-- Installing: /home/berry/HeartBeat/install/interfaces/include/interfaces/interfaces/action/detail/arm1_test__rosidl_typesupport_fastrtps_c.h
-- Installing: /home/berry/HeartBeat/install/interfaces/include/interfaces/interfaces/action/detail/belt_stop__rosidl_typesupport_fastrtps_c.h
-- Installing: /home/berry/HeartBeat/install/interfaces/include/interfaces/interfaces/action/detail/is_moving__rosidl_typesupport_fastrtps_c.h
-- Installing: /home/berry/HeartBeat/install/interfaces/include/interfaces/interfaces/action/detail/get_status__rosidl_typesupport_fastrtps_c.h
-- Installing: /home/berry/HeartBeat/install/interfaces/include/interfaces/interfaces/action/detail/move_to_right__rosidl_typesupport_fastrtps_c.h
-- Up-to-date: /home/berry/HeartBeat/install/interfaces/include/interfaces/interfaces/msg
-- Up-to-date: /home/berry/HeartBeat/install/interfaces/include/interfaces/interfaces/msg/detail
-- Installing: /home/berry/HeartBeat/install/interfaces/include/interfaces/interfaces/msg/detail/arm2_heartbeat__rosidl_typesupport_fastrtps_c.h
-- Installing: /home/berry/HeartBeat/install/interfaces/include/interfaces/interfaces/msg/detail/arm1_heartbeat__rosidl_typesupport_fastrtps_c.h
-- Installing: /home/berry/HeartBeat/install/interfaces/include/interfaces/interfaces/msg/rosidl_typesupport_fastrtps_c__visibility_control.h
-- Installing: /home/berry/HeartBeat/install/interfaces/lib/libinterfaces__rosidl_typesupport_fastrtps_c.so
-- Set runtime path of "/home/berry/HeartBeat/install/interfaces/lib/libinterfaces__rosidl_typesupport_fastrtps_c.so" to ""
-- Up-to-date: /home/berry/HeartBeat/install/interfaces/include/interfaces/interfaces
-- Up-to-date: /home/berry/HeartBeat/install/interfaces/include/interfaces/interfaces/action
-- Up-to-date: /home/berry/HeartBeat/install/interfaces/include/interfaces/interfaces/action/detail
-- Installing: /home/berry/HeartBeat/install/interfaces/include/interfaces/interfaces/action/detail/multiple_turn__type_support.c
-- Installing: /home/berry/HeartBeat/install/interfaces/include/interfaces/interfaces/action/detail/move_mood__rosidl_typesupport_introspection_c.h
-- Installing: /home/berry/HeartBeat/install/interfaces/include/interfaces/interfaces/action/detail/belt_move__rosidl_typesupport_introspection_c.h
-- Installing: /home/berry/HeartBeat/install/interfaces/include/interfaces/interfaces/action/detail/move_to_right__type_support.c
-- Installing: /home/berry/HeartBeat/install/interfaces/include/interfaces/interfaces/action/detail/arm2_test__rosidl_typesupport_introspection_c.h
-- Installing: /home/berry/HeartBeat/install/interfaces/include/interfaces/interfaces/action/detail/fetch__type_support.c
-- Installing: /home/berry/HeartBeat/install/interfaces/include/interfaces/interfaces/action/detail/multiple_turn__rosidl_typesupport_introspection_c.h
-- Installing: /home/berry/HeartBeat/install/interfaces/include/interfaces/interfaces/action/detail/arm1_test__type_support.c
-- Installing: /home/berry/HeartBeat/install/interfaces/include/interfaces/interfaces/action/detail/gripper_open__type_support.c
-- Installing: /home/berry/HeartBeat/install/interfaces/include/interfaces/interfaces/action/detail/move_mood__type_support.c
-- Installing: /home/berry/HeartBeat/install/interfaces/include/interfaces/interfaces/action/detail/head_move__type_support.c
-- Installing: /home/berry/HeartBeat/install/interfaces/include/interfaces/interfaces/action/detail/arm2_test__type_support.c
-- Installing: /home/berry/HeartBeat/install/interfaces/include/interfaces/interfaces/action/detail/move_to_left__type_support.c
-- Installing: /home/berry/HeartBeat/install/interfaces/include/interfaces/interfaces/action/detail/belt_stop__rosidl_typesupport_introspection_c.h
-- Installing: /home/berry/HeartBeat/install/interfaces/include/interfaces/interfaces/action/detail/move_to_right__rosidl_typesupport_introspection_c.h
-- Installing: /home/berry/HeartBeat/install/interfaces/include/interfaces/interfaces/action/detail/stop_time__type_support.c
-- Installing: /home/berry/HeartBeat/install/interfaces/include/interfaces/interfaces/action/detail/get_status__rosidl_typesupport_introspection_c.h
-- Installing: /home/berry/HeartBeat/install/interfaces/include/interfaces/interfaces/action/detail/arm1_test__rosidl_typesupport_introspection_c.h
-- Installing: /home/berry/HeartBeat/install/interfaces/include/interfaces/interfaces/action/detail/is_moving__type_support.c
-- Installing: /home/berry/HeartBeat/install/interfaces/include/interfaces/interfaces/action/detail/head_move__rosidl_typesupport_introspection_c.h
-- Installing: /home/berry/HeartBeat/install/interfaces/include/interfaces/interfaces/action/detail/belt_stop__type_support.c
-- Installing: /home/berry/HeartBeat/install/interfaces/include/interfaces/interfaces/action/detail/get_status__type_support.c
-- Installing: /home/berry/HeartBeat/install/interfaces/include/interfaces/interfaces/action/detail/move_time__rosidl_typesupport_introspection_c.h
-- Installing: /home/berry/HeartBeat/install/interfaces/include/interfaces/interfaces/action/detail/stop_time__rosidl_typesupport_introspection_c.h
-- Installing: /home/berry/HeartBeat/install/interfaces/include/interfaces/interfaces/action/detail/move_time__type_support.c
-- Installing: /home/berry/HeartBeat/install/interfaces/include/interfaces/interfaces/action/detail/move_to_left__rosidl_typesupport_introspection_c.h
-- Installing: /home/berry/HeartBeat/install/interfaces/include/interfaces/interfaces/action/detail/is_moving__rosidl_typesupport_introspection_c.h
-- Installing: /home/berry/HeartBeat/install/interfaces/include/interfaces/interfaces/action/detail/gripper_open__rosidl_typesupport_introspection_c.h
-- Installing: /home/berry/HeartBeat/install/interfaces/include/interfaces/interfaces/action/detail/belt_move__type_support.c
-- Installing: /home/berry/HeartBeat/install/interfaces/include/interfaces/interfaces/action/detail/fetch__rosidl_typesupport_introspection_c.h
-- Up-to-date: /home/berry/HeartBeat/install/interfaces/include/interfaces/interfaces/msg
-- Up-to-date: /home/berry/HeartBeat/install/interfaces/include/interfaces/interfaces/msg/detail
-- Installing: /home/berry/HeartBeat/install/interfaces/include/interfaces/interfaces/msg/detail/arm1_heartbeat__rosidl_typesupport_introspection_c.h
-- Installing: /home/berry/HeartBeat/install/interfaces/include/interfaces/interfaces/msg/detail/arm1_heartbeat__type_support.c
-- Installing: /home/berry/HeartBeat/install/interfaces/include/interfaces/interfaces/msg/detail/arm2_heartbeat__type_support.c
-- Installing: /home/berry/HeartBeat/install/interfaces/include/interfaces/interfaces/msg/detail/arm2_heartbeat__rosidl_typesupport_introspection_c.h
-- Installing: /home/berry/HeartBeat/install/interfaces/include/interfaces/interfaces/msg/rosidl_typesupport_introspection_c__visibility_control.h
-- Installing: /home/berry/HeartBeat/install/interfaces/lib/libinterfaces__rosidl_typesupport_introspection_c.so
-- Set runtime path of "/home/berry/HeartBeat/install/interfaces/lib/libinterfaces__rosidl_typesupport_introspection_c.so" to ""
-- Installing: /home/berry/HeartBeat/install/interfaces/lib/libinterfaces__rosidl_typesupport_c.so
-- Set runtime path of "/home/berry/HeartBeat/install/interfaces/lib/libinterfaces__rosidl_typesupport_c.so" to ""
-- Up-to-date: /home/berry/HeartBeat/install/interfaces/include/interfaces/interfaces
-- Up-to-date: /home/berry/HeartBeat/install/interfaces/include/interfaces/interfaces/action
-- Installing: /home/berry/HeartBeat/install/interfaces/include/interfaces/interfaces/action/move_mood.hpp
-- Up-to-date: /home/berry/HeartBeat/install/interfaces/include/interfaces/interfaces/action/detail
-- Installing: /home/berry/HeartBeat/install/interfaces/include/interfaces/interfaces/action/detail/belt_stop__struct.hpp
-- Installing: /home/berry/HeartBeat/install/interfaces/include/interfaces/interfaces/action/detail/belt_move__struct.hpp
-- Installing: /home/berry/HeartBeat/install/interfaces/include/interfaces/interfaces/action/detail/move_to_right__builder.hpp
-- Installing: /home/berry/HeartBeat/install/interfaces/include/interfaces/interfaces/action/detail/move_to_left__traits.hpp
-- Installing: /home/berry/HeartBeat/install/interfaces/include/interfaces/interfaces/action/detail/move_time__struct.hpp
-- Installing: /home/berry/HeartBeat/install/interfaces/include/interfaces/interfaces/action/detail/move_to_right__struct.hpp
-- Installing: /home/berry/HeartBeat/install/interfaces/include/interfaces/interfaces/action/detail/move_time__builder.hpp
-- Installing: /home/berry/HeartBeat/install/interfaces/include/interfaces/interfaces/action/detail/move_time__traits.hpp
-- Installing: /home/berry/HeartBeat/install/interfaces/include/interfaces/interfaces/action/detail/move_mood__builder.hpp
-- Installing: /home/berry/HeartBeat/install/interfaces/include/interfaces/interfaces/action/detail/fetch__traits.hpp
-- Installing: /home/berry/HeartBeat/install/interfaces/include/interfaces/interfaces/action/detail/belt_move__builder.hpp
-- Installing: /home/berry/HeartBeat/install/interfaces/include/interfaces/interfaces/action/detail/move_to_right__traits.hpp
-- Installing: /home/berry/HeartBeat/install/interfaces/include/interfaces/interfaces/action/detail/is_moving__struct.hpp
-- Installing: /home/berry/HeartBeat/install/interfaces/include/interfaces/interfaces/action/detail/get_status__struct.hpp
-- Installing: /home/berry/HeartBeat/install/interfaces/include/interfaces/interfaces/action/detail/get_status__builder.hpp
-- Installing: /home/berry/HeartBeat/install/interfaces/include/interfaces/interfaces/action/detail/gripper_open__traits.hpp
-- Installing: /home/berry/HeartBeat/install/interfaces/include/interfaces/interfaces/action/detail/is_moving__builder.hpp
-- Installing: /home/berry/HeartBeat/install/interfaces/include/interfaces/interfaces/action/detail/move_mood__traits.hpp
-- Installing: /home/berry/HeartBeat/install/interfaces/include/interfaces/interfaces/action/detail/head_move__struct.hpp
-- Installing: /home/berry/HeartBeat/install/interfaces/include/interfaces/interfaces/action/detail/multiple_turn__struct.hpp
-- Installing: /home/berry/HeartBeat/install/interfaces/include/interfaces/interfaces/action/detail/arm2_test__builder.hpp
-- Installing: /home/berry/HeartBeat/install/interfaces/include/interfaces/interfaces/action/detail/stop_time__builder.hpp
-- Installing: /home/berry/HeartBeat/install/interfaces/include/interfaces/interfaces/action/detail/arm1_test__builder.hpp
-- Installing: /home/berry/HeartBeat/install/interfaces/include/interfaces/interfaces/action/detail/move_mood__struct.hpp
-- Installing: /home/berry/HeartBeat/install/interfaces/include/interfaces/interfaces/action/detail/head_move__builder.hpp
-- Installing: /home/berry/HeartBeat/install/interfaces/include/interfaces/interfaces/action/detail/is_moving__traits.hpp
-- Installing: /home/berry/HeartBeat/install/interfaces/include/interfaces/interfaces/action/detail/stop_time__traits.hpp
-- Installing: /home/berry/HeartBeat/install/interfaces/include/interfaces/interfaces/action/detail/belt_stop__builder.hpp
-- Installing: /home/berry/HeartBeat/install/interfaces/include/interfaces/interfaces/action/detail/arm2_test__struct.hpp
-- Installing: /home/berry/HeartBeat/install/interfaces/include/interfaces/interfaces/action/detail/gripper_open__builder.hpp
-- Installing: /home/berry/HeartBeat/install/interfaces/include/interfaces/interfaces/action/detail/belt_move__traits.hpp
-- Installing: /home/berry/HeartBeat/install/interfaces/include/interfaces/interfaces/action/detail/fetch__builder.hpp
-- Installing: /home/berry/HeartBeat/install/interfaces/include/interfaces/interfaces/action/detail/move_to_left__struct.hpp
-- Installing: /home/berry/HeartBeat/install/interfaces/include/interfaces/interfaces/action/detail/belt_stop__traits.hpp
-- Installing: /home/berry/HeartBeat/install/interfaces/include/interfaces/interfaces/action/detail/multiple_turn__builder.hpp
-- Installing: /home/berry/HeartBeat/install/interfaces/include/interfaces/interfaces/action/detail/gripper_open__struct.hpp
-- Installing: /home/berry/HeartBeat/install/interfaces/include/interfaces/interfaces/action/detail/arm2_test__traits.hpp
-- Installing: /home/berry/HeartBeat/install/interfaces/include/interfaces/interfaces/action/detail/fetch__struct.hpp
-- Installing: /home/berry/HeartBeat/install/interfaces/include/interfaces/interfaces/action/detail/head_move__traits.hpp
-- Installing: /home/berry/HeartBeat/install/interfaces/include/interfaces/interfaces/action/detail/move_to_left__builder.hpp
-- Installing: /home/berry/HeartBeat/install/interfaces/include/interfaces/interfaces/action/detail/arm1_test__struct.hpp
-- Installing: /home/berry/HeartBeat/install/interfaces/include/interfaces/interfaces/action/detail/get_status__traits.hpp
-- Installing: /home/berry/HeartBeat/install/interfaces/include/interfaces/interfaces/action/detail/multiple_turn__traits.hpp
-- Installing: /home/berry/HeartBeat/install/interfaces/include/interfaces/interfaces/action/detail/stop_time__struct.hpp
-- Installing: /home/berry/HeartBeat/install/interfaces/include/interfaces/interfaces/action/detail/arm1_test__traits.hpp
-- Installing: /home/berry/HeartBeat/install/interfaces/include/interfaces/interfaces/action/belt_stop.hpp
-- Installing: /home/berry/HeartBeat/install/interfaces/include/interfaces/interfaces/action/multiple_turn.hpp
-- Installing: /home/berry/HeartBeat/install/interfaces/include/interfaces/interfaces/action/move_to_left.hpp
-- Installing: /home/berry/HeartBeat/install/interfaces/include/interfaces/interfaces/action/get_status.hpp
-- Installing: /home/berry/HeartBeat/install/interfaces/include/interfaces/interfaces/action/is_moving.hpp
-- Installing: /home/berry/HeartBeat/install/interfaces/include/interfaces/interfaces/action/head_move.hpp
-- Installing: /home/berry/HeartBeat/install/interfaces/include/interfaces/interfaces/action/move_time.hpp
-- Installing: /home/berry/HeartBeat/install/interfaces/include/interfaces/interfaces/action/move_to_right.hpp
-- Installing: /home/berry/HeartBeat/install/interfaces/include/interfaces/interfaces/action/gripper_open.hpp
-- Installing: /home/berry/HeartBeat/install/interfaces/include/interfaces/interfaces/action/belt_move.hpp
-- Installing: /home/berry/HeartBeat/install/interfaces/include/interfaces/interfaces/action/arm1_test.hpp
-- Installing: /home/berry/HeartBeat/install/interfaces/include/interfaces/interfaces/action/fetch.hpp
-- Installing: /home/berry/HeartBeat/install/interfaces/include/interfaces/interfaces/action/arm2_test.hpp
-- Installing: /home/berry/HeartBeat/install/interfaces/include/interfaces/interfaces/action/stop_time.hpp
-- Up-to-date: /home/berry/HeartBeat/install/interfaces/include/interfaces/interfaces/msg
-- Up-to-date: /home/berry/HeartBeat/install/interfaces/include/interfaces/interfaces/msg/detail
-- Installing: /home/berry/HeartBeat/install/interfaces/include/interfaces/interfaces/msg/detail/arm1_heartbeat__struct.hpp
-- Installing: /home/berry/HeartBeat/install/interfaces/include/interfaces/interfaces/msg/detail/arm1_heartbeat__traits.hpp
-- Installing: /home/berry/HeartBeat/install/interfaces/include/interfaces/interfaces/msg/detail/arm2_heartbeat__builder.hpp
-- Installing: /home/berry/HeartBeat/install/interfaces/include/interfaces/interfaces/msg/detail/arm1_heartbeat__builder.hpp
-- Installing: /home/berry/HeartBeat/install/interfaces/include/interfaces/interfaces/msg/detail/arm2_heartbeat__traits.hpp
-- Installing: /home/berry/HeartBeat/install/interfaces/include/interfaces/interfaces/msg/detail/arm2_heartbeat__struct.hpp
-- Installing: /home/berry/HeartBeat/install/interfaces/include/interfaces/interfaces/msg/arm2_heartbeat.hpp
-- Installing: /home/berry/HeartBeat/install/interfaces/include/interfaces/interfaces/msg/arm1_heartbeat.hpp
-- Up-to-date: /home/berry/HeartBeat/install/interfaces/include/interfaces/interfaces
-- Up-to-date: /home/berry/HeartBeat/install/interfaces/include/interfaces/interfaces/action
-- Up-to-date: /home/berry/HeartBeat/install/interfaces/include/interfaces/interfaces/action/detail
-- Installing: /home/berry/HeartBeat/install/interfaces/include/interfaces/interfaces/action/detail/head_move__rosidl_typesupport_fastrtps_cpp.hpp
-- Installing: /home/berry/HeartBeat/install/interfaces/include/interfaces/interfaces/action/detail/gripper_open__rosidl_typesupport_fastrtps_cpp.hpp
-- Installing: /home/berry/HeartBeat/install/interfaces/include/interfaces/interfaces/action/detail/move_to_left__rosidl_typesupport_fastrtps_cpp.hpp
-- Installing: /home/berry/HeartBeat/install/interfaces/include/interfaces/interfaces/action/detail/arm1_test__rosidl_typesupport_fastrtps_cpp.hpp
-- Installing: /home/berry/HeartBeat/install/interfaces/include/interfaces/interfaces/action/detail/is_moving__rosidl_typesupport_fastrtps_cpp.hpp
-- Installing: /home/berry/HeartBeat/install/interfaces/include/interfaces/interfaces/action/detail/arm2_test__rosidl_typesupport_fastrtps_cpp.hpp
-- Installing: /home/berry/HeartBeat/install/interfaces/include/interfaces/interfaces/action/detail/move_time__rosidl_typesupport_fastrtps_cpp.hpp
-- Installing: /home/berry/HeartBeat/install/interfaces/include/interfaces/interfaces/action/detail/get_status__rosidl_typesupport_fastrtps_cpp.hpp
-- Installing: /home/berry/HeartBeat/install/interfaces/include/interfaces/interfaces/action/detail/fetch__rosidl_typesupport_fastrtps_cpp.hpp
-- Installing: /home/berry/HeartBeat/install/interfaces/include/interfaces/interfaces/action/detail/multiple_turn__rosidl_typesupport_fastrtps_cpp.hpp
-- Installing: /home/berry/HeartBeat/install/interfaces/include/interfaces/interfaces/action/detail/stop_time__rosidl_typesupport_fastrtps_cpp.hpp
-- Installing: /home/berry/HeartBeat/install/interfaces/include/interfaces/interfaces/action/detail/move_to_right__rosidl_typesupport_fastrtps_cpp.hpp
-- Installing: /home/berry/HeartBeat/install/interfaces/include/interfaces/interfaces/action/detail/dds_fastrtps
-- Installing: /home/berry/HeartBeat/install/interfaces/include/interfaces/interfaces/action/detail/belt_move__rosidl_typesupport_fastrtps_cpp.hpp
-- Installing: /home/berry/HeartBeat/install/interfaces/include/interfaces/interfaces/action/detail/belt_stop__rosidl_typesupport_fastrtps_cpp.hpp
-- Installing: /home/berry/HeartBeat/install/interfaces/include/interfaces/interfaces/action/detail/move_mood__rosidl_typesupport_fastrtps_cpp.hpp
-- Up-to-date: /home/berry/HeartBeat/install/interfaces/include/interfaces/interfaces/msg
-- Up-to-date: /home/berry/HeartBeat/install/interfaces/include/interfaces/interfaces/msg/detail
-- Installing: /home/berry/HeartBeat/install/interfaces/include/interfaces/interfaces/msg/detail/dds_fastrtps
-- Installing: /home/berry/HeartBeat/install/interfaces/include/interfaces/interfaces/msg/detail/arm1_heartbeat__rosidl_typesupport_fastrtps_cpp.hpp
-- Installing: /home/berry/HeartBeat/install/interfaces/include/interfaces/interfaces/msg/detail/arm2_heartbeat__rosidl_typesupport_fastrtps_cpp.hpp
-- Installing: /home/berry/HeartBeat/install/interfaces/include/interfaces/interfaces/msg/rosidl_typesupport_fastrtps_cpp__visibility_control.h
-- Installing: /home/berry/HeartBeat/install/interfaces/lib/libinterfaces__rosidl_typesupport_fastrtps_cpp.so
-- Set runtime path of "/home/berry/HeartBeat/install/interfaces/lib/libinterfaces__rosidl_typesupport_fastrtps_cpp.so" to ""
-- Up-to-date: /home/berry/HeartBeat/install/interfaces/include/interfaces/interfaces
-- Up-to-date: /home/berry/HeartBeat/install/interfaces/include/interfaces/interfaces/action
-- Up-to-date: /home/berry/HeartBeat/install/interfaces/include/interfaces/interfaces/action/detail
-- Installing: /home/berry/HeartBeat/install/interfaces/include/interfaces/interfaces/action/detail/arm2_test__rosidl_typesupport_introspection_cpp.hpp
-- Installing: /home/berry/HeartBeat/install/interfaces/include/interfaces/interfaces/action/detail/head_move__type_support.cpp
-- Installing: /home/berry/HeartBeat/install/interfaces/include/interfaces/interfaces/action/detail/move_to_left__type_support.cpp
-- Installing: /home/berry/HeartBeat/install/interfaces/include/interfaces/interfaces/action/detail/get_status__type_support.cpp
-- Installing: /home/berry/HeartBeat/install/interfaces/include/interfaces/interfaces/action/detail/stop_time__type_support.cpp
-- Installing: /home/berry/HeartBeat/install/interfaces/include/interfaces/interfaces/action/detail/stop_time__rosidl_typesupport_introspection_cpp.hpp
-- Installing: /home/berry/HeartBeat/install/interfaces/include/interfaces/interfaces/action/detail/gripper_open__rosidl_typesupport_introspection_cpp.hpp
-- Installing: /home/berry/HeartBeat/install/interfaces/include/interfaces/interfaces/action/detail/head_move__rosidl_typesupport_introspection_cpp.hpp
-- Installing: /home/berry/HeartBeat/install/interfaces/include/interfaces/interfaces/action/detail/belt_stop__type_support.cpp
-- Installing: /home/berry/HeartBeat/install/interfaces/include/interfaces/interfaces/action/detail/belt_move__type_support.cpp
-- Installing: /home/berry/HeartBeat/install/interfaces/include/interfaces/interfaces/action/detail/multiple_turn__rosidl_typesupport_introspection_cpp.hpp
-- Installing: /home/berry/HeartBeat/install/interfaces/include/interfaces/interfaces/action/detail/move_to_right__type_support.cpp
-- Installing: /home/berry/HeartBeat/install/interfaces/include/interfaces/interfaces/action/detail/arm1_test__type_support.cpp
-- Installing: /home/berry/HeartBeat/install/interfaces/include/interfaces/interfaces/action/detail/move_to_left__rosidl_typesupport_introspection_cpp.hpp
-- Installing: /home/berry/HeartBeat/install/interfaces/include/interfaces/interfaces/action/detail/gripper_open__type_support.cpp
-- Installing: /home/berry/HeartBeat/install/interfaces/include/interfaces/interfaces/action/detail/fetch__type_support.cpp
-- Installing: /home/berry/HeartBeat/install/interfaces/include/interfaces/interfaces/action/detail/move_mood__type_support.cpp
-- Installing: /home/berry/HeartBeat/install/interfaces/include/interfaces/interfaces/action/detail/move_to_right__rosidl_typesupport_introspection_cpp.hpp
-- Installing: /home/berry/HeartBeat/install/interfaces/include/interfaces/interfaces/action/detail/is_moving__rosidl_typesupport_introspection_cpp.hpp
-- Installing: /home/berry/HeartBeat/install/interfaces/include/interfaces/interfaces/action/detail/belt_move__rosidl_typesupport_introspection_cpp.hpp
-- Installing: /home/berry/HeartBeat/install/interfaces/include/interfaces/interfaces/action/detail/multiple_turn__type_support.cpp
-- Installing: /home/berry/HeartBeat/install/interfaces/include/interfaces/interfaces/action/detail/get_status__rosidl_typesupport_introspection_cpp.hpp
-- Installing: /home/berry/HeartBeat/install/interfaces/include/interfaces/interfaces/action/detail/is_moving__type_support.cpp
-- Installing: /home/berry/HeartBeat/install/interfaces/include/interfaces/interfaces/action/detail/arm2_test__type_support.cpp
-- Installing: /home/berry/HeartBeat/install/interfaces/include/interfaces/interfaces/action/detail/move_mood__rosidl_typesupport_introspection_cpp.hpp
-- Installing: /home/berry/HeartBeat/install/interfaces/include/interfaces/interfaces/action/detail/belt_stop__rosidl_typesupport_introspection_cpp.hpp
-- Installing: /home/berry/HeartBeat/install/interfaces/include/interfaces/interfaces/action/detail/move_time__rosidl_typesupport_introspection_cpp.hpp
-- Installing: /home/berry/HeartBeat/install/interfaces/include/interfaces/interfaces/action/detail/move_time__type_support.cpp
-- Installing: /home/berry/HeartBeat/install/interfaces/include/interfaces/interfaces/action/detail/fetch__rosidl_typesupport_introspection_cpp.hpp
-- Installing: /home/berry/HeartBeat/install/interfaces/include/interfaces/interfaces/action/detail/arm1_test__rosidl_typesupport_introspection_cpp.hpp
-- Up-to-date: /home/berry/HeartBeat/install/interfaces/include/interfaces/interfaces/msg
-- Up-to-date: /home/berry/HeartBeat/install/interfaces/include/interfaces/interfaces/msg/detail
-- Installing: /home/berry/HeartBeat/install/interfaces/include/interfaces/interfaces/msg/detail/arm2_heartbeat__rosidl_typesupport_introspection_cpp.hpp
-- Installing: /home/berry/HeartBeat/install/interfaces/include/interfaces/interfaces/msg/detail/arm1_heartbeat__rosidl_typesupport_introspection_cpp.hpp
-- Installing: /home/berry/HeartBeat/install/interfaces/include/interfaces/interfaces/msg/detail/arm2_heartbeat__type_support.cpp
-- Installing: /home/berry/HeartBeat/install/interfaces/include/interfaces/interfaces/msg/detail/arm1_heartbeat__type_support.cpp
-- Installing: /home/berry/HeartBeat/install/interfaces/lib/libinterfaces__rosidl_typesupport_introspection_cpp.so
-- Set runtime path of "/home/berry/HeartBeat/install/interfaces/lib/libinterfaces__rosidl_typesupport_introspection_cpp.so" to ""
-- Installing: /home/berry/HeartBeat/install/interfaces/lib/libinterfaces__rosidl_typesupport_cpp.so
-- Set runtime path of "/home/berry/HeartBeat/install/interfaces/lib/libinterfaces__rosidl_typesupport_cpp.so" to ""
-- Installing: /home/berry/HeartBeat/install/interfaces/share/interfaces/environment/pythonpath.sh
-- Installing: /home/berry/HeartBeat/install/interfaces/share/interfaces/environment/pythonpath.dsv
-- Installing: /home/berry/HeartBeat/install/interfaces/local/lib/python3.10/dist-packages/interfaces-0.0.0-py3.10.egg-info
-- Installing: /home/berry/HeartBeat/install/interfaces/local/lib/python3.10/dist-packages/interfaces-0.0.0-py3.10.egg-info/dependency_links.txt
-- Installing: /home/berry/HeartBeat/install/interfaces/local/lib/python3.10/dist-packages/interfaces-0.0.0-py3.10.egg-info/top_level.txt
-- Installing: /home/berry/HeartBeat/install/interfaces/local/lib/python3.10/dist-packages/interfaces-0.0.0-py3.10.egg-info/SOURCES.txt
-- Installing: /home/berry/HeartBeat/install/interfaces/local/lib/python3.10/dist-packages/interfaces-0.0.0-py3.10.egg-info/PKG-INFO
-- Installing: /home/berry/HeartBeat/install/interfaces/local/lib/python3.10/dist-packages/interfaces
-- Installing: /home/berry/HeartBeat/install/interfaces/local/lib/python3.10/dist-packages/interfaces/action
-- Installing: /home/berry/HeartBeat/install/interfaces/local/lib/python3.10/dist-packages/interfaces/action/_move_to_right_s.c
-- Installing: /home/berry/HeartBeat/install/interfaces/local/lib/python3.10/dist-packages/interfaces/action/_fetch_s.c
-- Installing: /home/berry/HeartBeat/install/interfaces/local/lib/python3.10/dist-packages/interfaces/action/_arm2_test_s.c
-- Installing: /home/berry/HeartBeat/install/interfaces/local/lib/python3.10/dist-packages/interfaces/action/_belt_stop.py
-- Installing: /home/berry/HeartBeat/install/interfaces/local/lib/python3.10/dist-packages/interfaces/action/_get_status.py
-- Installing: /home/berry/HeartBeat/install/interfaces/local/lib/python3.10/dist-packages/interfaces/action/_belt_stop_s.c
-- Installing: /home/berry/HeartBeat/install/interfaces/local/lib/python3.10/dist-packages/interfaces/action/_belt_move.py
-- Installing: /home/berry/HeartBeat/install/interfaces/local/lib/python3.10/dist-packages/interfaces/action/_move_to_right.py
-- Installing: /home/berry/HeartBeat/install/interfaces/local/lib/python3.10/dist-packages/interfaces/action/_move_mood.py
-- Installing: /home/berry/HeartBeat/install/interfaces/local/lib/python3.10/dist-packages/interfaces/action/_arm2_test.py
-- Installing: /home/berry/HeartBeat/install/interfaces/local/lib/python3.10/dist-packages/interfaces/action/_belt_move_s.c
-- Installing: /home/berry/HeartBeat/install/interfaces/local/lib/python3.10/dist-packages/interfaces/action/_move_mood_s.c
-- Installing: /home/berry/HeartBeat/install/interfaces/local/lib/python3.10/dist-packages/interfaces/action/_fetch.py
-- Installing: /home/berry/HeartBeat/install/interfaces/local/lib/python3.10/dist-packages/interfaces/action/_move_time.py
-- Installing: /home/berry/HeartBeat/install/interfaces/local/lib/python3.10/dist-packages/interfaces/action/_gripper_open.py
-- Installing: /home/berry/HeartBeat/install/interfaces/local/lib/python3.10/dist-packages/interfaces/action/_stop_time_s.c
-- Installing: /home/berry/HeartBeat/install/interfaces/local/lib/python3.10/dist-packages/interfaces/action/_move_time_s.c
-- Installing: /home/berry/HeartBeat/install/interfaces/local/lib/python3.10/dist-packages/interfaces/action/_arm1_test.py
-- Installing: /home/berry/HeartBeat/install/interfaces/local/lib/python3.10/dist-packages/interfaces/action/_gripper_open_s.c
-- Installing: /home/berry/HeartBeat/install/interfaces/local/lib/python3.10/dist-packages/interfaces/action/_move_to_left.py
-- Installing: /home/berry/HeartBeat/install/interfaces/local/lib/python3.10/dist-packages/interfaces/action/_get_status_s.c
-- Installing: /home/berry/HeartBeat/install/interfaces/local/lib/python3.10/dist-packages/interfaces/action/_arm1_test_s.c
-- Installing: /home/berry/HeartBeat/install/interfaces/local/lib/python3.10/dist-packages/interfaces/action/_head_move_s.c
-- Installing: /home/berry/HeartBeat/install/interfaces/local/lib/python3.10/dist-packages/interfaces/action/_multiple_turn_s.c
-- Installing: /home/berry/HeartBeat/install/interfaces/local/lib/python3.10/dist-packages/interfaces/action/_is_moving.py
-- Installing: /home/berry/HeartBeat/install/interfaces/local/lib/python3.10/dist-packages/interfaces/action/__init__.py
-- Installing: /home/berry/HeartBeat/install/interfaces/local/lib/python3.10/dist-packages/interfaces/action/_move_to_left_s.c
-- Installing: /home/berry/HeartBeat/install/interfaces/local/lib/python3.10/dist-packages/interfaces/action/_multiple_turn.py
-- Installing: /home/berry/HeartBeat/install/interfaces/local/lib/python3.10/dist-packages/interfaces/action/_head_move.py
-- Installing: /home/berry/HeartBeat/install/interfaces/local/lib/python3.10/dist-packages/interfaces/action/_stop_time.py
-- Installing: /home/berry/HeartBeat/install/interfaces/local/lib/python3.10/dist-packages/interfaces/action/_is_moving_s.c
-- Installing: /home/berry/HeartBeat/install/interfaces/local/lib/python3.10/dist-packages/interfaces/interfaces_s__rosidl_typesupport_introspection_c.cpython-310-aarch64-linux-gnu.so
-- Installing: /home/berry/HeartBeat/install/interfaces/local/lib/python3.10/dist-packages/interfaces/interfaces_s__rosidl_typesupport_c.cpython-310-aarch64-linux-gnu.so
-- Installing: /home/berry/HeartBeat/install/interfaces/local/lib/python3.10/dist-packages/interfaces/_interfaces_s.ep.rosidl_typesupport_introspection_c.c
-- Installing: /home/berry/HeartBeat/install/interfaces/local/lib/python3.10/dist-packages/interfaces/msg
-- Installing: /home/berry/HeartBeat/install/interfaces/local/lib/python3.10/dist-packages/interfaces/msg/_arm1_heartbeat.py
-- Installing: /home/berry/HeartBeat/install/interfaces/local/lib/python3.10/dist-packages/interfaces/msg/_arm2_heartbeat_s.c
-- Installing: /home/berry/HeartBeat/install/interfaces/local/lib/python3.10/dist-packages/interfaces/msg/_arm1_heartbeat_s.c
-- Installing: /home/berry/HeartBeat/install/interfaces/local/lib/python3.10/dist-packages/interfaces/msg/__init__.py
-- Installing: /home/berry/HeartBeat/install/interfaces/local/lib/python3.10/dist-packages/interfaces/msg/_arm2_heartbeat.py
-- Installing: /home/berry/HeartBeat/install/interfaces/local/lib/python3.10/dist-packages/interfaces/_interfaces_s.ep.rosidl_typesupport_fastrtps_c.c
-- Installing: /home/berry/HeartBeat/install/interfaces/local/lib/python3.10/dist-packages/interfaces/interfaces_s__rosidl_typesupport_fastrtps_c.cpython-310-aarch64-linux-gnu.so
-- Installing: /home/berry/HeartBeat/install/interfaces/local/lib/python3.10/dist-packages/interfaces/_interfaces_s.ep.rosidl_typesupport_c.c
-- Installing: /home/berry/HeartBeat/install/interfaces/local/lib/python3.10/dist-packages/interfaces/__init__.py
-- Installing: /home/berry/HeartBeat/install/interfaces/local/lib/python3.10/dist-packages/interfaces/libinterfaces__rosidl_generator_py.so
Listing '/home/berry/HeartBeat/install/interfaces/local/lib/python3.10/dist-packages/interfaces'...
Compiling '/home/berry/HeartBeat/install/interfaces/local/lib/python3.10/dist-packages/interfaces/__init__.py'...
Listing '/home/berry/HeartBeat/install/interfaces/local/lib/python3.10/dist-packages/interfaces/action'...
Compiling '/home/berry/HeartBeat/install/interfaces/local/lib/python3.10/dist-packages/interfaces/action/__init__.py'...
Compiling '/home/berry/HeartBeat/install/interfaces/local/lib/python3.10/dist-packages/interfaces/action/_arm1_test.py'...
Compiling '/home/berry/HeartBeat/install/interfaces/local/lib/python3.10/dist-packages/interfaces/action/_arm2_test.py'...
Compiling '/home/berry/HeartBeat/install/interfaces/local/lib/python3.10/dist-packages/interfaces/action/_belt_move.py'...
Compiling '/home/berry/HeartBeat/install/interfaces/local/lib/python3.10/dist-packages/interfaces/action/_belt_stop.py'...
Compiling '/home/berry/HeartBeat/install/interfaces/local/lib/python3.10/dist-packages/interfaces/action/_fetch.py'...
Compiling '/home/berry/HeartBeat/install/interfaces/local/lib/python3.10/dist-packages/interfaces/action/_get_status.py'...
Compiling '/home/berry/HeartBeat/install/interfaces/local/lib/python3.10/dist-packages/interfaces/action/_gripper_open.py'...
Compiling '/home/berry/HeartBeat/install/interfaces/local/lib/python3.10/dist-packages/interfaces/action/_head_move.py'...
Compiling '/home/berry/HeartBeat/install/interfaces/local/lib/python3.10/dist-packages/interfaces/action/_is_moving.py'...
Compiling '/home/berry/HeartBeat/install/interfaces/local/lib/python3.10/dist-packages/interfaces/action/_move_mood.py'...
Compiling '/home/berry/HeartBeat/install/interfaces/local/lib/python3.10/dist-packages/interfaces/action/_move_time.py'...
Compiling '/home/berry/HeartBeat/install/interfaces/local/lib/python3.10/dist-packages/interfaces/action/_move_to_left.py'...
Compiling '/home/berry/HeartBeat/install/interfaces/local/lib/python3.10/dist-packages/interfaces/action/_move_to_right.py'...
Compiling '/home/berry/HeartBeat/install/interfaces/local/lib/python3.10/dist-packages/interfaces/action/_multiple_turn.py'...
Compiling '/home/berry/HeartBeat/install/interfaces/local/lib/python3.10/dist-packages/interfaces/action/_stop_time.py'...
Listing '/home/berry/HeartBeat/install/interfaces/local/lib/python3.10/dist-packages/interfaces/msg'...
Compiling '/home/berry/HeartBeat/install/interfaces/local/lib/python3.10/dist-packages/interfaces/msg/__init__.py'...
Compiling '/home/berry/HeartBeat/install/interfaces/local/lib/python3.10/dist-packages/interfaces/msg/_arm1_heartbeat.py'...
Compiling '/home/berry/HeartBeat/install/interfaces/local/lib/python3.10/dist-packages/interfaces/msg/_arm2_heartbeat.py'...
-- Installing: /home/berry/HeartBeat/install/interfaces/local/lib/python3.10/dist-packages/interfaces/interfaces_s__rosidl_typesupport_fastrtps_c.cpython-310-aarch64-linux-gnu.so
-- Set runtime path of "/home/berry/HeartBeat/install/interfaces/local/lib/python3.10/dist-packages/interfaces/interfaces_s__rosidl_typesupport_fastrtps_c.cpython-310-aarch64-linux-gnu.so" to ""
-- Installing: /home/berry/HeartBeat/install/interfaces/local/lib/python3.10/dist-packages/interfaces/interfaces_s__rosidl_typesupport_introspection_c.cpython-310-aarch64-linux-gnu.so
-- Set runtime path of "/home/berry/HeartBeat/install/interfaces/local/lib/python3.10/dist-packages/interfaces/interfaces_s__rosidl_typesupport_introspection_c.cpython-310-aarch64-linux-gnu.so" to ""
-- Installing: /home/berry/HeartBeat/install/interfaces/local/lib/python3.10/dist-packages/interfaces/interfaces_s__rosidl_typesupport_c.cpython-310-aarch64-linux-gnu.so
-- Set runtime path of "/home/berry/HeartBeat/install/interfaces/local/lib/python3.10/dist-packages/interfaces/interfaces_s__rosidl_typesupport_c.cpython-310-aarch64-linux-gnu.so" to ""
-- Installing: /home/berry/HeartBeat/install/interfaces/lib/libinterfaces__rosidl_generator_py.so
-- Set runtime path of "/home/berry/HeartBeat/install/interfaces/lib/libinterfaces__rosidl_generator_py.so" to ""
-- Installing: /home/berry/HeartBeat/install/interfaces/share/interfaces/action/Arm1Test.idl
-- Installing: /home/berry/HeartBeat/install/interfaces/share/interfaces/action/Arm2Test.idl
-- Installing: /home/berry/HeartBeat/install/interfaces/share/interfaces/action/StopTime.idl
-- Installing: /home/berry/HeartBeat/install/interfaces/share/interfaces/action/MoveMood.idl
-- Installing: /home/berry/HeartBeat/install/interfaces/share/interfaces/action/MoveTime.idl
-- Installing: /home/berry/HeartBeat/install/interfaces/share/interfaces/action/IsMoving.idl
-- Installing: /home/berry/HeartBeat/install/interfaces/share/interfaces/action/MoveToLeft.idl
-- Installing: /home/berry/HeartBeat/install/interfaces/share/interfaces/action/MoveToRight.idl
-- Installing: /home/berry/HeartBeat/install/interfaces/share/interfaces/action/GetStatus.idl
-- Installing: /home/berry/HeartBeat/install/interfaces/share/interfaces/action/BeltMove.idl
-- Installing: /home/berry/HeartBeat/install/interfaces/share/interfaces/action/BeltStop.idl
-- Installing: /home/berry/HeartBeat/install/interfaces/share/interfaces/action/Fetch.idl
-- Installing: /home/berry/HeartBeat/install/interfaces/share/interfaces/action/GripperOpen.idl
-- Installing: /home/berry/HeartBeat/install/interfaces/share/interfaces/action/HeadMove.idl
-- Installing: /home/berry/HeartBeat/install/interfaces/share/interfaces/action/MultipleTurn.idl
-- Installing: /home/berry/HeartBeat/install/interfaces/share/interfaces/msg/Arm1Heartbeat.idl
-- Installing: /home/berry/HeartBeat/install/interfaces/share/interfaces/msg/Arm2Heartbeat.idl
-- Installing: /home/berry/HeartBeat/install/interfaces/share/interfaces/action/Arm1Test.action
-- Installing: /home/berry/HeartBeat/install/interfaces/share/interfaces/action/Arm2Test.action
-- Installing: /home/berry/HeartBeat/install/interfaces/share/interfaces/action/StopTime.action
-- Installing: /home/berry/HeartBeat/install/interfaces/share/interfaces/action/MoveMood.action
-- Installing: /home/berry/HeartBeat/install/interfaces/share/interfaces/action/MoveTime.action
-- Installing: /home/berry/HeartBeat/install/interfaces/share/interfaces/action/IsMoving.action
-- Installing: /home/berry/HeartBeat/install/interfaces/share/interfaces/action/MoveToLeft.action
-- Installing: /home/berry/HeartBeat/install/interfaces/share/interfaces/action/MoveToRight.action
-- Installing: /home/berry/HeartBeat/install/interfaces/share/interfaces/action/GetStatus.action
-- Installing: /home/berry/HeartBeat/install/interfaces/share/interfaces/action/BeltMove.action
-- Installing: /home/berry/HeartBeat/install/interfaces/share/interfaces/action/BeltStop.action
-- Installing: /home/berry/HeartBeat/install/interfaces/share/interfaces/action/Fetch.action
-- Installing: /home/berry/HeartBeat/install/interfaces/share/interfaces/action/GripperOpen.action
-- Installing: /home/berry/HeartBeat/install/interfaces/share/interfaces/action/HeadMove.action
-- Installing: /home/berry/HeartBeat/install/interfaces/share/interfaces/action/MultipleTurn.action
-- Installing: /home/berry/HeartBeat/install/interfaces/share/interfaces/msg/Arm1Heartbeat.msg
-- Installing: /home/berry/HeartBeat/install/interfaces/share/interfaces/msg/Arm2Heartbeat.msg
-- Installing: /home/berry/HeartBeat/install/interfaces/share/ament_index/resource_index/package_run_dependencies/interfaces
-- Installing: /home/berry/HeartBeat/install/interfaces/share/ament_index/resource_index/parent_prefix_path/interfaces
-- Installing: /home/berry/HeartBeat/install/interfaces/share/interfaces/environment/ament_prefix_path.sh
-- Installing: /home/berry/HeartBeat/install/interfaces/share/interfaces/environment/ament_prefix_path.dsv
-- Installing: /home/berry/HeartBeat/install/interfaces/share/interfaces/environment/path.sh
-- Installing: /home/berry/HeartBeat/install/interfaces/share/interfaces/environment/path.dsv
-- Installing: /home/berry/HeartBeat/install/interfaces/share/interfaces/local_setup.bash
-- Installing: /home/berry/HeartBeat/install/interfaces/share/interfaces/local_setup.sh
-- Installing: /home/berry/HeartBeat/install/interfaces/share/interfaces/local_setup.zsh
-- Installing: /home/berry/HeartBeat/install/interfaces/share/interfaces/local_setup.dsv
-- Installing: /home/berry/HeartBeat/install/interfaces/share/interfaces/package.dsv
-- Installing: /home/berry/HeartBeat/install/interfaces/share/ament_index/resource_index/packages/interfaces
-- Installing: /home/berry/HeartBeat/install/interfaces/share/interfaces/cmake/export_interfaces__rosidl_generator_cExport.cmake
-- Installing: /home/berry/HeartBeat/install/interfaces/share/interfaces/cmake/export_interfaces__rosidl_generator_cExport-noconfig.cmake
-- Installing: /home/berry/HeartBeat/install/interfaces/share/interfaces/cmake/export_interfaces__rosidl_typesupport_fastrtps_cExport.cmake
-- Installing: /home/berry/HeartBeat/install/interfaces/share/interfaces/cmake/export_interfaces__rosidl_typesupport_fastrtps_cExport-noconfig.cmake
-- Installing: /home/berry/HeartBeat/install/interfaces/share/interfaces/cmake/interfaces__rosidl_typesupport_introspection_cExport.cmake
-- Installing: /home/berry/HeartBeat/install/interfaces/share/interfaces/cmake/interfaces__rosidl_typesupport_introspection_cExport-noconfig.cmake
-- Installing: /home/berry/HeartBeat/install/interfaces/share/interfaces/cmake/interfaces__rosidl_typesupport_cExport.cmake
-- Installing: /home/berry/HeartBeat/install/interfaces/share/interfaces/cmake/interfaces__rosidl_typesupport_cExport-noconfig.cmake
-- Installing: /home/berry/HeartBeat/install/interfaces/share/interfaces/cmake/export_interfaces__rosidl_generator_cppExport.cmake
-- Installing: /home/berry/HeartBeat/install/interfaces/share/interfaces/cmake/export_interfaces__rosidl_typesupport_fastrtps_cppExport.cmake
-- Installing: /home/berry/HeartBeat/install/interfaces/share/interfaces/cmake/export_interfaces__rosidl_typesupport_fastrtps_cppExport-noconfig.cmake
-- Installing: /home/berry/HeartBeat/install/interfaces/share/interfaces/cmake/interfaces__rosidl_typesupport_introspection_cppExport.cmake
-- Installing: /home/berry/HeartBeat/install/interfaces/share/interfaces/cmake/interfaces__rosidl_typesupport_introspection_cppExport-noconfig.cmake
-- Installing: /home/berry/HeartBeat/install/interfaces/share/interfaces/cmake/interfaces__rosidl_typesupport_cppExport.cmake
-- Installing: /home/berry/HeartBeat/install/interfaces/share/interfaces/cmake/interfaces__rosidl_typesupport_cppExport-noconfig.cmake
-- Installing: /home/berry/HeartBeat/install/interfaces/share/interfaces/cmake/export_interfaces__rosidl_generator_pyExport.cmake
-- Installing: /home/berry/HeartBeat/install/interfaces/share/interfaces/cmake/export_interfaces__rosidl_generator_pyExport-noconfig.cmake
-- Installing: /home/berry/HeartBeat/install/interfaces/share/interfaces/cmake/rosidl_cmake-extras.cmake
-- Installing: /home/berry/HeartBeat/install/interfaces/share/interfaces/cmake/ament_cmake_export_dependencies-extras.cmake
-- Installing: /home/berry/HeartBeat/install/interfaces/share/interfaces/cmake/ament_cmake_export_include_directories-extras.cmake
-- Installing: /home/berry/HeartBeat/install/interfaces/share/interfaces/cmake/ament_cmake_export_libraries-extras.cmake
-- Installing: /home/berry/HeartBeat/install/interfaces/share/interfaces/cmake/ament_cmake_export_targets-extras.cmake
-- Installing: /home/berry/HeartBeat/install/interfaces/share/interfaces/cmake/rosidl_cmake_export_typesupport_targets-extras.cmake
-- Installing: /home/berry/HeartBeat/install/interfaces/share/interfaces/cmake/rosidl_cmake_export_typesupport_libraries-extras.cmake
-- Installing: /home/berry/HeartBeat/install/interfaces/share/interfaces/cmake/interfacesConfig.cmake
-- Installing: /home/berry/HeartBeat/install/interfaces/share/interfaces/cmake/interfacesConfig-version.cmake
-- Installing: /home/berry/HeartBeat/install/interfaces/share/interfaces/package.xml
