[5.131s] Invoking command in '/home/berry/HeartBeat/build/interfaces': CMAKE_PREFIX_PATH=${CMAKE_PREFIX_PATH}:/home/berry/HeartBeat/install/track_server:/home/berry/HeartBeat/install/controller:/home/berry/HeartBeat/install/belt_short_server:/home/berry/HeartBeat/install/belt_long_server:/home/berry/RoArm/install/test1:/home/berry/RoArm/install/serial_ctrl:/home/berry/RoArm/install/pos_sub:/home/berry/RoArm/install/pos_pub:/home/berry/RoArm/install/pos_client:/home/berry/RoArm/install/Position_Sub:/home/berry/RoArm/install/Pos_Server:/home/berry/RoArm/install/Pos_Client:/home/berry/ices_ws/install/track_server:/home/berry/ices_ws/install/launch_test:/home/berry/ices_ws/install/control:/home/berry/ices_ws/install/c_arm:/home/berry/ices_ws/install/arm_server:/home/berry/ices_ws/install/belt_short_server:/home/berry/ices_ws/install/belt_short_client:/home/berry/ices_ws/install/belt_long_server:/opt/ros/humble /usr/bin/cmake /home/berry/HeartBeat/src/interfaces -DCMAKE_INSTALL_PREFIX=/home/berry/HeartBeat/install/interfaces
[5.218s] -- Found rosidl_default_generators: 1.2.0 (/opt/ros/humble/share/rosidl_default_generators/cmake)
[5.219s] -- Found ament_cmake_core: 1.3.9 (/opt/ros/humble/share/ament_cmake_core/cmake)
[6.371s] -- Using all available rosidl_typesupport_c: rosidl_typesupport_fastrtps_c;rosidl_typesupport_introspection_c
[6.391s] -- Found rosidl_adapter: 3.1.5 (/opt/ros/humble/share/rosidl_adapter/cmake)
[6.694s] -- Using all available rosidl_typesupport_cpp: rosidl_typesupport_fastrtps_cpp;rosidl_typesupport_introspection_cpp
[6.861s] -- Found std_msgs: 4.2.4 (/opt/ros/humble/share/std_msgs/cmake)
[11.388s] -- Found ament_cmake_ros: 0.10.0 (/opt/ros/humble/share/ament_cmake_ros/cmake)
[13.055s] -- Using all available rosidl_typesupport_c: rosidl_typesupport_fastrtps_c;rosidl_typesupport_introspection_c
[15.076s] -- Using all available rosidl_typesupport_cpp: rosidl_typesupport_fastrtps_cpp;rosidl_typesupport_introspection_cpp
[15.263s] -- Found PythonInterp: /usr/bin/python3 (found suitable version "3.10.12", minimum required is "3.6") 
[15.315s] -- Found python_cmake_module: 0.10.0 (/opt/ros/humble/share/python_cmake_module/cmake)
[15.515s] -- Found PythonLibs: /usr/lib/aarch64-linux-gnu/libpython3.10.so (found suitable version "3.10.12", minimum required is "3.5") 
[15.516s] -- Using PYTHON_EXECUTABLE: /usr/bin/python3
[15.516s] -- Using PYTHON_INCLUDE_DIRS: /usr/include/python3.10
[15.517s] -- Using PYTHON_LIBRARIES: /usr/lib/aarch64-linux-gnu/libpython3.10.so
[15.747s] -- Found PythonExtra: .so  
[16.246s] -- Found ament_lint_auto: 0.12.11 (/opt/ros/humble/share/ament_lint_auto/cmake)
[16.681s] -- Added test 'lint_cmake' to check CMake code style
[16.703s] -- Added test 'xmllint' to check XML markup files
[16.733s] -- Configuring done
[17.087s] -- Generating done
[17.103s] -- Build files have been written to: /home/berry/HeartBeat/build/interfaces
[17.143s] Invoked command in '/home/berry/HeartBeat/build/interfaces' returned '0': CMAKE_PREFIX_PATH=${CMAKE_PREFIX_PATH}:/home/berry/HeartBeat/install/track_server:/home/berry/HeartBeat/install/controller:/home/berry/HeartBeat/install/belt_short_server:/home/berry/HeartBeat/install/belt_long_server:/home/berry/RoArm/install/test1:/home/berry/RoArm/install/serial_ctrl:/home/berry/RoArm/install/pos_sub:/home/berry/RoArm/install/pos_pub:/home/berry/RoArm/install/pos_client:/home/berry/RoArm/install/Position_Sub:/home/berry/RoArm/install/Pos_Server:/home/berry/RoArm/install/Pos_Client:/home/berry/ices_ws/install/track_server:/home/berry/ices_ws/install/launch_test:/home/berry/ices_ws/install/control:/home/berry/ices_ws/install/c_arm:/home/berry/ices_ws/install/arm_server:/home/berry/ices_ws/install/belt_short_server:/home/berry/ices_ws/install/belt_short_client:/home/berry/ices_ws/install/belt_long_server:/opt/ros/humble /usr/bin/cmake /home/berry/HeartBeat/src/interfaces -DCMAKE_INSTALL_PREFIX=/home/berry/HeartBeat/install/interfaces
[17.155s] Invoking command in '/home/berry/HeartBeat/build/interfaces': CMAKE_PREFIX_PATH=${CMAKE_PREFIX_PATH}:/home/berry/HeartBeat/install/track_server:/home/berry/HeartBeat/install/controller:/home/berry/HeartBeat/install/belt_short_server:/home/berry/HeartBeat/install/belt_long_server:/home/berry/RoArm/install/test1:/home/berry/RoArm/install/serial_ctrl:/home/berry/RoArm/install/pos_sub:/home/berry/RoArm/install/pos_pub:/home/berry/RoArm/install/pos_client:/home/berry/RoArm/install/Position_Sub:/home/berry/RoArm/install/Pos_Server:/home/berry/RoArm/install/Pos_Client:/home/berry/ices_ws/install/track_server:/home/berry/ices_ws/install/launch_test:/home/berry/ices_ws/install/control:/home/berry/ices_ws/install/c_arm:/home/berry/ices_ws/install/arm_server:/home/berry/ices_ws/install/belt_short_server:/home/berry/ices_ws/install/belt_short_client:/home/berry/ices_ws/install/belt_long_server:/opt/ros/humble /usr/bin/cmake --build /home/berry/HeartBeat/build/interfaces -- -j4 -l4
[17.394s] [  0%] [34m[1mGenerating C code for ROS interfaces[0m
[17.463s] [  0%] [34m[1mGenerating C++ code for ROS interfaces[0m
[17.498s] [  0%] Built target ament_cmake_python_copy_interfaces
[19.494s] running egg_info
[19.497s] creating interfaces.egg-info
[19.498s] writing interfaces.egg-info/PKG-INFO
[19.499s] writing dependency_links to interfaces.egg-info/dependency_links.txt
[19.500s] writing top-level names to interfaces.egg-info/top_level.txt
[19.501s] writing manifest file 'interfaces.egg-info/SOURCES.txt'
[19.511s] reading manifest file 'interfaces.egg-info/SOURCES.txt'
[19.514s] writing manifest file 'interfaces.egg-info/SOURCES.txt'
[19.671s] [  0%] Built target ament_cmake_python_build_interfaces_egg
[36.371s] [  0%] Built target interfaces__cpp
[36.434s] [  1%] [34m[1mGenerating C++ type support dispatch for ROS interfaces[0m
[36.450s] [  2%] [34m[1mGenerating C++ type support for eProsima Fast-RTPS[0m
[36.598s] [  2%] [34m[1mGenerating C++ introspection for ROS interfaces[0m
[39.407s] [  3%] [32mBuilding C object CMakeFiles/interfaces__rosidl_generator_c.dir/rosidl_generator_c/interfaces/action/detail/arm1_test__functions.c.o[0m
[40.187s] [  4%] [32mBuilding C object CMakeFiles/interfaces__rosidl_generator_c.dir/rosidl_generator_c/interfaces/action/detail/arm2_test__functions.c.o[0m
[40.960s] [  4%] [32mBuilding C object CMakeFiles/interfaces__rosidl_generator_c.dir/rosidl_generator_c/interfaces/action/detail/stop_time__functions.c.o[0m
[41.728s] [  5%] [32mBuilding C object CMakeFiles/interfaces__rosidl_generator_c.dir/rosidl_generator_c/interfaces/action/detail/move_mood__functions.c.o[0m
[42.509s] [  6%] [32mBuilding C object CMakeFiles/interfaces__rosidl_generator_c.dir/rosidl_generator_c/interfaces/action/detail/move_time__functions.c.o[0m
[43.280s] [  6%] [32mBuilding C object CMakeFiles/interfaces__rosidl_generator_c.dir/rosidl_generator_c/interfaces/action/detail/is_moving__functions.c.o[0m
[44.070s] [  7%] [32mBuilding C object CMakeFiles/interfaces__rosidl_generator_c.dir/rosidl_generator_c/interfaces/action/detail/move_to_left__functions.c.o[0m
[44.843s] [  7%] [32mBuilding C object CMakeFiles/interfaces__rosidl_generator_c.dir/rosidl_generator_c/interfaces/action/detail/move_to_right__functions.c.o[0m
[45.685s] [  8%] [32mBuilding C object CMakeFiles/interfaces__rosidl_generator_c.dir/rosidl_generator_c/interfaces/action/detail/get_status__functions.c.o[0m
[45.891s] [  8%] [32mBuilding CXX object CMakeFiles/interfaces__rosidl_typesupport_cpp.dir/rosidl_typesupport_cpp/interfaces/action/arm1_test__type_support.cpp.o[0m
[46.470s] [  9%] [32mBuilding C object CMakeFiles/interfaces__rosidl_generator_c.dir/rosidl_generator_c/interfaces/action/detail/belt_move__functions.c.o[0m
[47.306s] [  9%] [32mBuilding C object CMakeFiles/interfaces__rosidl_generator_c.dir/rosidl_generator_c/interfaces/action/detail/belt_stop__functions.c.o[0m
[48.154s] [ 10%] [32mBuilding C object CMakeFiles/interfaces__rosidl_generator_c.dir/rosidl_generator_c/interfaces/action/detail/fetch__functions.c.o[0m
[48.911s] [ 11%] [32mBuilding CXX object CMakeFiles/interfaces__rosidl_typesupport_cpp.dir/rosidl_typesupport_cpp/interfaces/action/arm2_test__type_support.cpp.o[0m
[49.013s] [ 12%] [32mBuilding C object CMakeFiles/interfaces__rosidl_generator_c.dir/rosidl_generator_c/interfaces/action/detail/gripper_open__functions.c.o[0m
[49.872s] [ 12%] [32mBuilding C object CMakeFiles/interfaces__rosidl_generator_c.dir/rosidl_generator_c/interfaces/action/detail/head_move__functions.c.o[0m
[50.750s] [ 13%] [32mBuilding C object CMakeFiles/interfaces__rosidl_generator_c.dir/rosidl_generator_c/interfaces/action/detail/multiple_turn__functions.c.o[0m
[50.904s] [ 14%] [32mBuilding CXX object CMakeFiles/interfaces__rosidl_typesupport_introspection_cpp.dir/rosidl_typesupport_introspection_cpp/interfaces/action/detail/arm1_test__type_support.cpp.o[0m
[51.630s] [ 14%] [32mBuilding C object CMakeFiles/interfaces__rosidl_generator_c.dir/rosidl_generator_c/interfaces/msg/detail/arm1_heartbeat__functions.c.o[0m
[51.967s] [ 15%] [32mBuilding C object CMakeFiles/interfaces__rosidl_generator_c.dir/rosidl_generator_c/interfaces/msg/detail/arm2_heartbeat__functions.c.o[0m
[52.121s] [ 16%] [32mBuilding CXX object CMakeFiles/interfaces__rosidl_typesupport_cpp.dir/rosidl_typesupport_cpp/interfaces/action/stop_time__type_support.cpp.o[0m
[52.306s] [ 17%] [32m[1mLinking C shared library libinterfaces__rosidl_generator_c.so[0m
[52.603s] [ 17%] Built target interfaces__rosidl_generator_c
[52.654s] [ 17%] [32mBuilding CXX object CMakeFiles/interfaces__rosidl_typesupport_introspection_cpp.dir/rosidl_typesupport_introspection_cpp/interfaces/action/detail/arm2_test__type_support.cpp.o[0m
[55.041s] [ 18%] [32mBuilding CXX object CMakeFiles/interfaces__rosidl_typesupport_introspection_cpp.dir/rosidl_typesupport_introspection_cpp/interfaces/action/detail/stop_time__type_support.cpp.o[0m
[55.322s] [ 18%] [32mBuilding CXX object CMakeFiles/interfaces__rosidl_typesupport_cpp.dir/rosidl_typesupport_cpp/interfaces/action/move_mood__type_support.cpp.o[0m
[56.791s] [ 19%] [32mBuilding CXX object CMakeFiles/interfaces__rosidl_typesupport_introspection_cpp.dir/rosidl_typesupport_introspection_cpp/interfaces/action/detail/move_mood__type_support.cpp.o[0m
[57.037s] [ 20%] [32mBuilding CXX object CMakeFiles/interfaces__rosidl_typesupport_fastrtps_cpp.dir/rosidl_typesupport_fastrtps_cpp/interfaces/action/detail/dds_fastrtps/arm1_test__type_support.cpp.o[0m
[58.579s] [ 21%] [32mBuilding CXX object CMakeFiles/interfaces__rosidl_typesupport_cpp.dir/rosidl_typesupport_cpp/interfaces/action/move_time__type_support.cpp.o[0m
[59.064s] [ 21%] [32mBuilding CXX object CMakeFiles/interfaces__rosidl_typesupport_introspection_cpp.dir/rosidl_typesupport_introspection_cpp/interfaces/action/detail/move_time__type_support.cpp.o[0m
[60.926s] [ 22%] [32mBuilding CXX object CMakeFiles/interfaces__rosidl_typesupport_introspection_cpp.dir/rosidl_typesupport_introspection_cpp/interfaces/action/detail/is_moving__type_support.cpp.o[0m
[60.978s] [ 22%] [32mBuilding CXX object CMakeFiles/interfaces__rosidl_typesupport_fastrtps_cpp.dir/rosidl_typesupport_fastrtps_cpp/interfaces/action/detail/dds_fastrtps/arm2_test__type_support.cpp.o[0m
[61.860s] [ 23%] [32mBuilding CXX object CMakeFiles/interfaces__rosidl_typesupport_cpp.dir/rosidl_typesupport_cpp/interfaces/action/is_moving__type_support.cpp.o[0m
[63.125s] [ 24%] [32mBuilding CXX object CMakeFiles/interfaces__rosidl_typesupport_introspection_cpp.dir/rosidl_typesupport_introspection_cpp/interfaces/action/detail/move_to_left__type_support.cpp.o[0m
[64.945s] [ 25%] [32mBuilding CXX object CMakeFiles/interfaces__rosidl_typesupport_fastrtps_cpp.dir/rosidl_typesupport_fastrtps_cpp/interfaces/action/detail/dds_fastrtps/stop_time__type_support.cpp.o[0m
[65.129s] [ 25%] [32mBuilding CXX object CMakeFiles/interfaces__rosidl_typesupport_introspection_cpp.dir/rosidl_typesupport_introspection_cpp/interfaces/action/detail/move_to_right__type_support.cpp.o[0m
[65.148s] [ 25%] [32mBuilding CXX object CMakeFiles/interfaces__rosidl_typesupport_cpp.dir/rosidl_typesupport_cpp/interfaces/action/move_to_left__type_support.cpp.o[0m
[67.347s] [ 26%] [32mBuilding CXX object CMakeFiles/interfaces__rosidl_typesupport_introspection_cpp.dir/rosidl_typesupport_introspection_cpp/interfaces/action/detail/get_status__type_support.cpp.o[0m
[68.434s] [ 27%] [32mBuilding CXX object CMakeFiles/interfaces__rosidl_typesupport_cpp.dir/rosidl_typesupport_cpp/interfaces/action/move_to_right__type_support.cpp.o[0m
[68.852s] [ 28%] [32mBuilding CXX object CMakeFiles/interfaces__rosidl_typesupport_fastrtps_cpp.dir/rosidl_typesupport_fastrtps_cpp/interfaces/action/detail/dds_fastrtps/move_mood__type_support.cpp.o[0m
[69.217s] [ 28%] [32mBuilding CXX object CMakeFiles/interfaces__rosidl_typesupport_introspection_cpp.dir/rosidl_typesupport_introspection_cpp/interfaces/action/detail/belt_move__type_support.cpp.o[0m
[71.573s] [ 29%] [32mBuilding CXX object CMakeFiles/interfaces__rosidl_typesupport_introspection_cpp.dir/rosidl_typesupport_introspection_cpp/interfaces/action/detail/belt_stop__type_support.cpp.o[0m
[71.701s] [ 30%] [32mBuilding CXX object CMakeFiles/interfaces__rosidl_typesupport_cpp.dir/rosidl_typesupport_cpp/interfaces/action/get_status__type_support.cpp.o[0m
[72.762s] [ 30%] [32mBuilding CXX object CMakeFiles/interfaces__rosidl_typesupport_fastrtps_cpp.dir/rosidl_typesupport_fastrtps_cpp/interfaces/action/detail/dds_fastrtps/move_time__type_support.cpp.o[0m
[73.348s] [ 31%] [32mBuilding CXX object CMakeFiles/interfaces__rosidl_typesupport_introspection_cpp.dir/rosidl_typesupport_introspection_cpp/interfaces/action/detail/fetch__type_support.cpp.o[0m
[74.978s] [ 31%] [32mBuilding CXX object CMakeFiles/interfaces__rosidl_typesupport_cpp.dir/rosidl_typesupport_cpp/interfaces/action/belt_move__type_support.cpp.o[0m
[75.731s] [ 31%] [32mBuilding CXX object CMakeFiles/interfaces__rosidl_typesupport_introspection_cpp.dir/rosidl_typesupport_introspection_cpp/interfaces/action/detail/gripper_open__type_support.cpp.o[0m
[76.689s] [ 32%] [32mBuilding CXX object CMakeFiles/interfaces__rosidl_typesupport_fastrtps_cpp.dir/rosidl_typesupport_fastrtps_cpp/interfaces/action/detail/dds_fastrtps/is_moving__type_support.cpp.o[0m
[77.757s] [ 33%] [32mBuilding CXX object CMakeFiles/interfaces__rosidl_typesupport_introspection_cpp.dir/rosidl_typesupport_introspection_cpp/interfaces/action/detail/head_move__type_support.cpp.o[0m
[78.223s] [ 34%] [32mBuilding CXX object CMakeFiles/interfaces__rosidl_typesupport_cpp.dir/rosidl_typesupport_cpp/interfaces/action/belt_stop__type_support.cpp.o[0m
[79.928s] [ 35%] [32mBuilding CXX object CMakeFiles/interfaces__rosidl_typesupport_introspection_cpp.dir/rosidl_typesupport_introspection_cpp/interfaces/action/detail/multiple_turn__type_support.cpp.o[0m
[80.605s] [ 35%] [32mBuilding CXX object CMakeFiles/interfaces__rosidl_typesupport_fastrtps_cpp.dir/rosidl_typesupport_fastrtps_cpp/interfaces/action/detail/dds_fastrtps/move_to_left__type_support.cpp.o[0m
[81.499s] [ 35%] [32mBuilding CXX object CMakeFiles/interfaces__rosidl_typesupport_cpp.dir/rosidl_typesupport_cpp/interfaces/action/fetch__type_support.cpp.o[0m
[82.112s] [ 35%] [32mBuilding CXX object CMakeFiles/interfaces__rosidl_typesupport_introspection_cpp.dir/rosidl_typesupport_introspection_cpp/interfaces/msg/detail/arm1_heartbeat__type_support.cpp.o[0m
[84.568s] [ 36%] [32mBuilding CXX object CMakeFiles/interfaces__rosidl_typesupport_introspection_cpp.dir/rosidl_typesupport_introspection_cpp/interfaces/msg/detail/arm2_heartbeat__type_support.cpp.o[0m
[84.637s] [ 37%] [32mBuilding CXX object CMakeFiles/interfaces__rosidl_typesupport_fastrtps_cpp.dir/rosidl_typesupport_fastrtps_cpp/interfaces/action/detail/dds_fastrtps/move_to_right__type_support.cpp.o[0m
[84.802s] [ 38%] [32mBuilding CXX object CMakeFiles/interfaces__rosidl_typesupport_fastrtps_cpp.dir/rosidl_typesupport_fastrtps_cpp/interfaces/action/detail/dds_fastrtps/get_status__type_support.cpp.o[0m
[84.834s] [ 39%] [32mBuilding CXX object CMakeFiles/interfaces__rosidl_typesupport_cpp.dir/rosidl_typesupport_cpp/interfaces/action/gripper_open__type_support.cpp.o[0m
[87.114s] [ 40%] [32m[1mLinking CXX shared library libinterfaces__rosidl_typesupport_introspection_cpp.so[0m
[87.694s] [ 40%] Built target interfaces__rosidl_typesupport_introspection_cpp
[87.766s] [ 41%] [34m[1mGenerating C type support for eProsima Fast-RTPS[0m
[88.088s] [ 42%] [32mBuilding CXX object CMakeFiles/interfaces__rosidl_typesupport_cpp.dir/rosidl_typesupport_cpp/interfaces/action/head_move__type_support.cpp.o[0m
[88.628s] [ 42%] [32mBuilding CXX object CMakeFiles/interfaces__rosidl_typesupport_fastrtps_cpp.dir/rosidl_typesupport_fastrtps_cpp/interfaces/action/detail/dds_fastrtps/belt_move__type_support.cpp.o[0m
[88.844s] [ 43%] [32mBuilding CXX object CMakeFiles/interfaces__rosidl_typesupport_fastrtps_cpp.dir/rosidl_typesupport_fastrtps_cpp/interfaces/action/detail/dds_fastrtps/belt_stop__type_support.cpp.o[0m
[91.151s] [ 43%] [32mBuilding CXX object CMakeFiles/interfaces__rosidl_typesupport_cpp.dir/rosidl_typesupport_cpp/interfaces/action/multiple_turn__type_support.cpp.o[0m
[92.449s] [ 44%] [32mBuilding CXX object CMakeFiles/interfaces__rosidl_typesupport_fastrtps_cpp.dir/rosidl_typesupport_fastrtps_cpp/interfaces/action/detail/dds_fastrtps/fetch__type_support.cpp.o[0m
[92.750s] [ 44%] [32mBuilding CXX object CMakeFiles/interfaces__rosidl_typesupport_fastrtps_cpp.dir/rosidl_typesupport_fastrtps_cpp/interfaces/action/detail/dds_fastrtps/gripper_open__type_support.cpp.o[0m
[94.190s] [ 45%] [32mBuilding CXX object CMakeFiles/interfaces__rosidl_typesupport_cpp.dir/rosidl_typesupport_cpp/interfaces/msg/arm1_heartbeat__type_support.cpp.o[0m
[96.030s] [ 46%] [32mBuilding CXX object CMakeFiles/interfaces__rosidl_typesupport_cpp.dir/rosidl_typesupport_cpp/interfaces/msg/arm2_heartbeat__type_support.cpp.o[0m
[96.495s] [ 47%] [32mBuilding CXX object CMakeFiles/interfaces__rosidl_typesupport_fastrtps_cpp.dir/rosidl_typesupport_fastrtps_cpp/interfaces/action/detail/dds_fastrtps/head_move__type_support.cpp.o[0m
[96.644s] [ 47%] [32mBuilding CXX object CMakeFiles/interfaces__rosidl_typesupport_fastrtps_cpp.dir/rosidl_typesupport_fastrtps_cpp/interfaces/action/detail/dds_fastrtps/multiple_turn__type_support.cpp.o[0m
[97.729s] [ 47%] [32m[1mLinking CXX shared library libinterfaces__rosidl_typesupport_cpp.so[0m
[98.025s] [ 47%] Built target interfaces__rosidl_typesupport_cpp
[98.099s] [ 48%] [34m[1mGenerating C introspection for ROS interfaces[0m
[100.534s] [ 49%] [32mBuilding CXX object CMakeFiles/interfaces__rosidl_typesupport_fastrtps_cpp.dir/rosidl_typesupport_fastrtps_cpp/interfaces/msg/detail/dds_fastrtps/arm1_heartbeat__type_support.cpp.o[0m
[100.964s] [ 50%] [32mBuilding CXX object CMakeFiles/interfaces__rosidl_typesupport_fastrtps_cpp.dir/rosidl_typesupport_fastrtps_cpp/interfaces/msg/detail/dds_fastrtps/arm2_heartbeat__type_support.cpp.o[0m
[103.071s] [ 51%] [34m[1mGenerating C type support dispatch for ROS interfaces[0m
[103.601s] [ 51%] [32m[1mLinking CXX shared library libinterfaces__rosidl_typesupport_fastrtps_cpp.so[0m
[104.111s] [ 51%] Built target interfaces__rosidl_typesupport_fastrtps_cpp
[106.612s] [ 51%] [32mBuilding CXX object CMakeFiles/interfaces__rosidl_typesupport_fastrtps_c.dir/rosidl_typesupport_fastrtps_c/interfaces/action/detail/arm1_test__type_support_c.cpp.o[0m
[106.617s] [ 52%] [32mBuilding CXX object CMakeFiles/interfaces__rosidl_typesupport_fastrtps_c.dir/rosidl_typesupport_fastrtps_c/interfaces/action/detail/arm2_test__type_support_c.cpp.o[0m
[109.062s] [ 53%] [32mBuilding CXX object CMakeFiles/interfaces__rosidl_typesupport_fastrtps_c.dir/rosidl_typesupport_fastrtps_c/interfaces/action/detail/stop_time__type_support_c.cpp.o[0m
[109.132s] [ 53%] [32mBuilding CXX object CMakeFiles/interfaces__rosidl_typesupport_fastrtps_c.dir/rosidl_typesupport_fastrtps_c/interfaces/action/detail/move_mood__type_support_c.cpp.o[0m
[111.629s] [ 54%] [32mBuilding CXX object CMakeFiles/interfaces__rosidl_typesupport_fastrtps_c.dir/rosidl_typesupport_fastrtps_c/interfaces/action/detail/move_time__type_support_c.cpp.o[0m
[111.771s] [ 55%] [32mBuilding CXX object CMakeFiles/interfaces__rosidl_typesupport_fastrtps_c.dir/rosidl_typesupport_fastrtps_c/interfaces/action/detail/is_moving__type_support_c.cpp.o[0m
[112.188s] [ 55%] [32mBuilding CXX object CMakeFiles/interfaces__rosidl_typesupport_c.dir/rosidl_typesupport_c/interfaces/action/arm1_test__type_support.cpp.o[0m
[112.545s] [ 56%] [32mBuilding CXX object CMakeFiles/interfaces__rosidl_typesupport_c.dir/rosidl_typesupport_c/interfaces/action/arm2_test__type_support.cpp.o[0m
[112.921s] [ 57%] [32mBuilding CXX object CMakeFiles/interfaces__rosidl_typesupport_c.dir/rosidl_typesupport_c/interfaces/action/stop_time__type_support.cpp.o[0m
[113.307s] [ 57%] [32mBuilding CXX object CMakeFiles/interfaces__rosidl_typesupport_c.dir/rosidl_typesupport_c/interfaces/action/move_mood__type_support.cpp.o[0m
[113.729s] [ 58%] [32mBuilding CXX object CMakeFiles/interfaces__rosidl_typesupport_c.dir/rosidl_typesupport_c/interfaces/action/move_time__type_support.cpp.o[0m
[114.103s] [ 58%] [32mBuilding CXX object CMakeFiles/interfaces__rosidl_typesupport_c.dir/rosidl_typesupport_c/interfaces/action/is_moving__type_support.cpp.o[0m
[114.197s] [ 58%] [32mBuilding CXX object CMakeFiles/interfaces__rosidl_typesupport_fastrtps_c.dir/rosidl_typesupport_fastrtps_c/interfaces/action/detail/move_to_left__type_support_c.cpp.o[0m
[114.371s] [ 59%] [32mBuilding CXX object CMakeFiles/interfaces__rosidl_typesupport_fastrtps_c.dir/rosidl_typesupport_fastrtps_c/interfaces/action/detail/move_to_right__type_support_c.cpp.o[0m
[114.461s] [ 60%] [32mBuilding CXX object CMakeFiles/interfaces__rosidl_typesupport_c.dir/rosidl_typesupport_c/interfaces/action/move_to_left__type_support.cpp.o[0m
[114.792s] [ 61%] [32mBuilding CXX object CMakeFiles/interfaces__rosidl_typesupport_c.dir/rosidl_typesupport_c/interfaces/action/move_to_right__type_support.cpp.o[0m
[114.983s] [ 62%] [32mBuilding C object CMakeFiles/interfaces__rosidl_typesupport_introspection_c.dir/rosidl_typesupport_introspection_c/interfaces/action/detail/arm1_test__type_support.c.o[0m
[115.141s] [ 62%] [32mBuilding CXX object CMakeFiles/interfaces__rosidl_typesupport_c.dir/rosidl_typesupport_c/interfaces/action/get_status__type_support.cpp.o[0m
[115.351s] [ 62%] [32mBuilding C object CMakeFiles/interfaces__rosidl_typesupport_introspection_c.dir/rosidl_typesupport_introspection_c/interfaces/action/detail/arm2_test__type_support.c.o[0m
[115.513s] [ 63%] [32mBuilding CXX object CMakeFiles/interfaces__rosidl_typesupport_c.dir/rosidl_typesupport_c/interfaces/action/belt_move__type_support.cpp.o[0m
[115.717s] [ 64%] [32mBuilding C object CMakeFiles/interfaces__rosidl_typesupport_introspection_c.dir/rosidl_typesupport_introspection_c/interfaces/action/detail/stop_time__type_support.c.o[0m
[115.885s] [ 65%] [32mBuilding CXX object CMakeFiles/interfaces__rosidl_typesupport_c.dir/rosidl_typesupport_c/interfaces/action/belt_stop__type_support.cpp.o[0m
[116.101s] [ 65%] [32mBuilding C object CMakeFiles/interfaces__rosidl_typesupport_introspection_c.dir/rosidl_typesupport_introspection_c/interfaces/action/detail/move_mood__type_support.c.o[0m
[116.257s] [ 65%] [32mBuilding CXX object CMakeFiles/interfaces__rosidl_typesupport_c.dir/rosidl_typesupport_c/interfaces/action/fetch__type_support.cpp.o[0m
[116.468s] [ 66%] [32mBuilding C object CMakeFiles/interfaces__rosidl_typesupport_introspection_c.dir/rosidl_typesupport_introspection_c/interfaces/action/detail/move_time__type_support.c.o[0m
[116.620s] [ 67%] [32mBuilding CXX object CMakeFiles/interfaces__rosidl_typesupport_c.dir/rosidl_typesupport_c/interfaces/action/gripper_open__type_support.cpp.o[0m
[116.753s] [ 67%] [32mBuilding CXX object CMakeFiles/interfaces__rosidl_typesupport_fastrtps_c.dir/rosidl_typesupport_fastrtps_c/interfaces/action/detail/get_status__type_support_c.cpp.o[0m
[116.826s] [ 68%] [32mBuilding C object CMakeFiles/interfaces__rosidl_typesupport_introspection_c.dir/rosidl_typesupport_introspection_c/interfaces/action/detail/is_moving__type_support.c.o[0m
[116.972s] [ 68%] [32mBuilding CXX object CMakeFiles/interfaces__rosidl_typesupport_c.dir/rosidl_typesupport_c/interfaces/action/head_move__type_support.cpp.o[0m
[116.983s] [ 68%] [32mBuilding C object CMakeFiles/interfaces__rosidl_typesupport_introspection_c.dir/rosidl_typesupport_introspection_c/interfaces/action/detail/move_to_left__type_support.c.o[0m
[117.158s] [ 69%] [32mBuilding C object CMakeFiles/interfaces__rosidl_typesupport_introspection_c.dir/rosidl_typesupport_introspection_c/interfaces/action/detail/move_to_right__type_support.c.o[0m
[117.313s] [ 70%] [32mBuilding CXX object CMakeFiles/interfaces__rosidl_typesupport_c.dir/rosidl_typesupport_c/interfaces/action/multiple_turn__type_support.cpp.o[0m
[117.330s] [ 71%] [32mBuilding C object CMakeFiles/interfaces__rosidl_typesupport_introspection_c.dir/rosidl_typesupport_introspection_c/interfaces/action/detail/get_status__type_support.c.o[0m
[117.494s] [ 71%] [32mBuilding C object CMakeFiles/interfaces__rosidl_typesupport_introspection_c.dir/rosidl_typesupport_introspection_c/interfaces/action/detail/belt_move__type_support.c.o[0m
[117.670s] [ 72%] [32mBuilding CXX object CMakeFiles/interfaces__rosidl_typesupport_c.dir/rosidl_typesupport_c/interfaces/msg/arm1_heartbeat__type_support.cpp.o[0m
[117.682s] [ 73%] [32mBuilding C object CMakeFiles/interfaces__rosidl_typesupport_introspection_c.dir/rosidl_typesupport_introspection_c/interfaces/action/detail/belt_stop__type_support.c.o[0m
[117.846s] [ 74%] [32mBuilding C object CMakeFiles/interfaces__rosidl_typesupport_introspection_c.dir/rosidl_typesupport_introspection_c/interfaces/action/detail/fetch__type_support.c.o[0m
[117.886s] [ 74%] [32mBuilding CXX object CMakeFiles/interfaces__rosidl_typesupport_c.dir/rosidl_typesupport_c/interfaces/msg/arm2_heartbeat__type_support.cpp.o[0m
[118.044s] [ 74%] [32mBuilding C object CMakeFiles/interfaces__rosidl_typesupport_introspection_c.dir/rosidl_typesupport_introspection_c/interfaces/action/detail/gripper_open__type_support.c.o[0m
[118.103s] [ 75%] [32m[1mLinking CXX shared library libinterfaces__rosidl_typesupport_c.so[0m
[118.223s] [ 76%] [32mBuilding C object CMakeFiles/interfaces__rosidl_typesupport_introspection_c.dir/rosidl_typesupport_introspection_c/interfaces/action/detail/head_move__type_support.c.o[0m
[118.390s] [ 76%] Built target interfaces__rosidl_typesupport_c
[118.414s] [ 76%] [32mBuilding C object CMakeFiles/interfaces__rosidl_typesupport_introspection_c.dir/rosidl_typesupport_introspection_c/interfaces/action/detail/multiple_turn__type_support.c.o[0m
[118.445s] [ 77%] [32mBuilding CXX object CMakeFiles/interfaces__rosidl_typesupport_fastrtps_c.dir/rosidl_typesupport_fastrtps_c/interfaces/action/detail/belt_move__type_support_c.cpp.o[0m
[118.608s] [ 78%] [32mBuilding C object CMakeFiles/interfaces__rosidl_typesupport_introspection_c.dir/rosidl_typesupport_introspection_c/interfaces/msg/detail/arm1_heartbeat__type_support.c.o[0m
[118.808s] [ 79%] [32mBuilding C object CMakeFiles/interfaces__rosidl_typesupport_introspection_c.dir/rosidl_typesupport_introspection_c/interfaces/msg/detail/arm2_heartbeat__type_support.c.o[0m
[118.854s] [ 80%] [32mBuilding CXX object CMakeFiles/interfaces__rosidl_typesupport_fastrtps_c.dir/rosidl_typesupport_fastrtps_c/interfaces/action/detail/belt_stop__type_support_c.cpp.o[0m
[119.051s] [ 80%] [32m[1mLinking C shared library libinterfaces__rosidl_typesupport_introspection_c.so[0m
[119.320s] [ 80%] Built target interfaces__rosidl_typesupport_introspection_c
[119.321s] [ 80%] [32mBuilding CXX object CMakeFiles/interfaces__rosidl_typesupport_fastrtps_c.dir/rosidl_typesupport_fastrtps_c/interfaces/action/detail/fetch__type_support_c.cpp.o[0m
[119.370s] [ 81%] [32mBuilding CXX object CMakeFiles/interfaces__rosidl_typesupport_fastrtps_c.dir/rosidl_typesupport_fastrtps_c/interfaces/action/detail/gripper_open__type_support_c.cpp.o[0m
[121.026s] [ 82%] [32mBuilding CXX object CMakeFiles/interfaces__rosidl_typesupport_fastrtps_c.dir/rosidl_typesupport_fastrtps_c/interfaces/action/detail/head_move__type_support_c.cpp.o[0m
[121.525s] [ 82%] [32mBuilding CXX object CMakeFiles/interfaces__rosidl_typesupport_fastrtps_c.dir/rosidl_typesupport_fastrtps_c/interfaces/action/detail/multiple_turn__type_support_c.cpp.o[0m
[121.987s] [ 83%] [32mBuilding CXX object CMakeFiles/interfaces__rosidl_typesupport_fastrtps_c.dir/rosidl_typesupport_fastrtps_c/interfaces/msg/detail/arm1_heartbeat__type_support_c.cpp.o[0m
[122.011s] [ 84%] [32mBuilding CXX object CMakeFiles/interfaces__rosidl_typesupport_fastrtps_c.dir/rosidl_typesupport_fastrtps_c/interfaces/msg/detail/arm2_heartbeat__type_support_c.cpp.o[0m
[124.286s] [ 84%] [32m[1mLinking CXX shared library libinterfaces__rosidl_typesupport_fastrtps_c.so[0m
[124.694s] [ 84%] Built target interfaces__rosidl_typesupport_fastrtps_c
[124.803s] [ 84%] Built target interfaces
[124.916s] [ 85%] [34m[1mGenerating Python code for ROS interfaces[0m
[163.079s] [ 85%] Built target interfaces__py
[163.195s] [ 85%] [32mBuilding C object CMakeFiles/interfaces__rosidl_generator_py.dir/rosidl_generator_py/interfaces/action/_arm1_test_s.c.o[0m
[163.197s] [ 86%] [32mBuilding C object CMakeFiles/interfaces__rosidl_generator_py.dir/rosidl_generator_py/interfaces/action/_arm2_test_s.c.o[0m
[163.202s] [ 87%] [32mBuilding C object CMakeFiles/interfaces__rosidl_generator_py.dir/rosidl_generator_py/interfaces/action/_stop_time_s.c.o[0m
[163.207s] [ 87%] [32mBuilding C object CMakeFiles/interfaces__rosidl_generator_py.dir/rosidl_generator_py/interfaces/action/_move_mood_s.c.o[0m
[164.077s] [ 88%] [32mBuilding C object CMakeFiles/interfaces__rosidl_generator_py.dir/rosidl_generator_py/interfaces/action/_move_time_s.c.o[0m
[164.101s] [ 88%] [32mBuilding C object CMakeFiles/interfaces__rosidl_generator_py.dir/rosidl_generator_py/interfaces/action/_is_moving_s.c.o[0m
[164.105s] [ 89%] [32mBuilding C object CMakeFiles/interfaces__rosidl_generator_py.dir/rosidl_generator_py/interfaces/action/_move_to_left_s.c.o[0m
[164.123s] [ 90%] [32mBuilding C object CMakeFiles/interfaces__rosidl_generator_py.dir/rosidl_generator_py/interfaces/action/_move_to_right_s.c.o[0m
[164.960s] [ 90%] [32mBuilding C object CMakeFiles/interfaces__rosidl_generator_py.dir/rosidl_generator_py/interfaces/action/_get_status_s.c.o[0m
[164.985s] [ 91%] [32mBuilding C object CMakeFiles/interfaces__rosidl_generator_py.dir/rosidl_generator_py/interfaces/action/_belt_move_s.c.o[0m
[165.021s] [ 92%] [32mBuilding C object CMakeFiles/interfaces__rosidl_generator_py.dir/rosidl_generator_py/interfaces/action/_belt_stop_s.c.o[0m
[165.022s] [ 92%] [32mBuilding C object CMakeFiles/interfaces__rosidl_generator_py.dir/rosidl_generator_py/interfaces/action/_fetch_s.c.o[0m
[165.842s] [ 93%] [32mBuilding C object CMakeFiles/interfaces__rosidl_generator_py.dir/rosidl_generator_py/interfaces/action/_gripper_open_s.c.o[0m
[165.871s] [ 94%] [32mBuilding C object CMakeFiles/interfaces__rosidl_generator_py.dir/rosidl_generator_py/interfaces/action/_head_move_s.c.o[0m
[165.936s] [ 94%] [32mBuilding C object CMakeFiles/interfaces__rosidl_generator_py.dir/rosidl_generator_py/interfaces/action/_multiple_turn_s.c.o[0m
[165.964s] [ 95%] [32mBuilding C object CMakeFiles/interfaces__rosidl_generator_py.dir/rosidl_generator_py/interfaces/msg/_arm1_heartbeat_s.c.o[0m
[166.633s] [ 95%] [32mBuilding C object CMakeFiles/interfaces__rosidl_generator_py.dir/rosidl_generator_py/interfaces/msg/_arm2_heartbeat_s.c.o[0m
[167.205s] [ 96%] [32m[1mLinking C shared library rosidl_generator_py/interfaces/libinterfaces__rosidl_generator_py.so[0m
[167.480s] [ 96%] Built target interfaces__rosidl_generator_py
[167.595s] [ 97%] [32mBuilding C object CMakeFiles/interfaces__rosidl_typesupport_fastrtps_c__pyext.dir/rosidl_generator_py/interfaces/_interfaces_s.ep.rosidl_typesupport_fastrtps_c.c.o[0m
[167.599s] [ 98%] [32mBuilding C object CMakeFiles/interfaces__rosidl_typesupport_introspection_c__pyext.dir/rosidl_generator_py/interfaces/_interfaces_s.ep.rosidl_typesupport_introspection_c.c.o[0m
[167.605s] [ 99%] [32mBuilding C object CMakeFiles/interfaces__rosidl_typesupport_c__pyext.dir/rosidl_generator_py/interfaces/_interfaces_s.ep.rosidl_typesupport_c.c.o[0m
[170.313s] [100%] [32m[1mLinking C shared library rosidl_generator_py/interfaces/interfaces_s__rosidl_typesupport_introspection_c.cpython-310-aarch64-linux-gnu.so[0m
[170.317s] [100%] [32m[1mLinking C shared library rosidl_generator_py/interfaces/interfaces_s__rosidl_typesupport_fastrtps_c.cpython-310-aarch64-linux-gnu.so[0m
[170.415s] [100%] [32m[1mLinking C shared library rosidl_generator_py/interfaces/interfaces_s__rosidl_typesupport_c.cpython-310-aarch64-linux-gnu.so[0m
[170.770s] [100%] Built target interfaces__rosidl_typesupport_introspection_c__pyext
[170.780s] [100%] Built target interfaces__rosidl_typesupport_fastrtps_c__pyext
[170.856s] [100%] Built target interfaces__rosidl_typesupport_c__pyext
[170.916s] Invoked command in '/home/berry/HeartBeat/build/interfaces' returned '0': CMAKE_PREFIX_PATH=${CMAKE_PREFIX_PATH}:/home/berry/HeartBeat/install/track_server:/home/berry/HeartBeat/install/controller:/home/berry/HeartBeat/install/belt_short_server:/home/berry/HeartBeat/install/belt_long_server:/home/berry/RoArm/install/test1:/home/berry/RoArm/install/serial_ctrl:/home/berry/RoArm/install/pos_sub:/home/berry/RoArm/install/pos_pub:/home/berry/RoArm/install/pos_client:/home/berry/RoArm/install/Position_Sub:/home/berry/RoArm/install/Pos_Server:/home/berry/RoArm/install/Pos_Client:/home/berry/ices_ws/install/track_server:/home/berry/ices_ws/install/launch_test:/home/berry/ices_ws/install/control:/home/berry/ices_ws/install/c_arm:/home/berry/ices_ws/install/arm_server:/home/berry/ices_ws/install/belt_short_server:/home/berry/ices_ws/install/belt_short_client:/home/berry/ices_ws/install/belt_long_server:/opt/ros/humble /usr/bin/cmake --build /home/berry/HeartBeat/build/interfaces -- -j4 -l4
[173.841s] Invoking command in '/home/berry/HeartBeat/build/interfaces': CMAKE_PREFIX_PATH=${CMAKE_PREFIX_PATH}:/home/berry/HeartBeat/install/track_server:/home/berry/HeartBeat/install/controller:/home/berry/HeartBeat/install/belt_short_server:/home/berry/HeartBeat/install/belt_long_server:/home/berry/RoArm/install/test1:/home/berry/RoArm/install/serial_ctrl:/home/berry/RoArm/install/pos_sub:/home/berry/RoArm/install/pos_pub:/home/berry/RoArm/install/pos_client:/home/berry/RoArm/install/Position_Sub:/home/berry/RoArm/install/Pos_Server:/home/berry/RoArm/install/Pos_Client:/home/berry/ices_ws/install/track_server:/home/berry/ices_ws/install/launch_test:/home/berry/ices_ws/install/control:/home/berry/ices_ws/install/c_arm:/home/berry/ices_ws/install/arm_server:/home/berry/ices_ws/install/belt_short_server:/home/berry/ices_ws/install/belt_short_client:/home/berry/ices_ws/install/belt_long_server:/opt/ros/humble /usr/bin/cmake --install /home/berry/HeartBeat/build/interfaces
[173.875s] -- Install configuration: ""
[173.876s] -- Installing: /home/berry/HeartBeat/install/interfaces/share/ament_index/resource_index/rosidl_interfaces/interfaces
[173.877s] -- Installing: /home/berry/HeartBeat/install/interfaces/include/interfaces/interfaces
[173.878s] -- Installing: /home/berry/HeartBeat/install/interfaces/include/interfaces/interfaces/action
[173.879s] -- Installing: /home/berry/HeartBeat/install/interfaces/include/interfaces/interfaces/action/head_move.h
[173.880s] -- Installing: /home/berry/HeartBeat/install/interfaces/include/interfaces/interfaces/action/move_to_right.h
[173.881s] -- Installing: /home/berry/HeartBeat/install/interfaces/include/interfaces/interfaces/action/detail
[173.883s] -- Installing: /home/berry/HeartBeat/install/interfaces/include/interfaces/interfaces/action/detail/get_status__type_support.h
[173.884s] -- Installing: /home/berry/HeartBeat/install/interfaces/include/interfaces/interfaces/action/detail/gripper_open__type_support.h
[173.885s] -- Installing: /home/berry/HeartBeat/install/interfaces/include/interfaces/interfaces/action/detail/belt_move__struct.h
[173.887s] -- Installing: /home/berry/HeartBeat/install/interfaces/include/interfaces/interfaces/action/detail/move_to_left__functions.c
[173.889s] -- Installing: /home/berry/HeartBeat/install/interfaces/include/interfaces/interfaces/action/detail/is_moving__functions.c
[173.891s] -- Installing: /home/berry/HeartBeat/install/interfaces/include/interfaces/interfaces/action/detail/move_to_right__type_support.h
[173.892s] -- Installing: /home/berry/HeartBeat/install/interfaces/include/interfaces/interfaces/action/detail/move_time__type_support.h
[173.893s] -- Installing: /home/berry/HeartBeat/install/interfaces/include/interfaces/interfaces/action/detail/arm1_test__functions.h
[173.895s] -- Installing: /home/berry/HeartBeat/install/interfaces/include/interfaces/interfaces/action/detail/belt_stop__type_support.h
[173.896s] -- Installing: /home/berry/HeartBeat/install/interfaces/include/interfaces/interfaces/action/detail/multiple_turn__struct.h
[173.898s] -- Installing: /home/berry/HeartBeat/install/interfaces/include/interfaces/interfaces/action/detail/arm1_test__struct.h
[173.899s] -- Installing: /home/berry/HeartBeat/install/interfaces/include/interfaces/interfaces/action/detail/arm1_test__type_support.h
[173.900s] -- Installing: /home/berry/HeartBeat/install/interfaces/include/interfaces/interfaces/action/detail/move_to_left__functions.h
[173.902s] -- Installing: /home/berry/HeartBeat/install/interfaces/include/interfaces/interfaces/action/detail/get_status__functions.c
[173.904s] -- Installing: /home/berry/HeartBeat/install/interfaces/include/interfaces/interfaces/action/detail/stop_time__functions.c
[173.905s] -- Installing: /home/berry/HeartBeat/install/interfaces/include/interfaces/interfaces/action/detail/move_mood__type_support.h
[173.906s] -- Installing: /home/berry/HeartBeat/install/interfaces/include/interfaces/interfaces/action/detail/fetch__type_support.h
[173.908s] -- Installing: /home/berry/HeartBeat/install/interfaces/include/interfaces/interfaces/action/detail/fetch__functions.h
[173.909s] -- Installing: /home/berry/HeartBeat/install/interfaces/include/interfaces/interfaces/action/detail/belt_move__functions.h
[173.911s] -- Installing: /home/berry/HeartBeat/install/interfaces/include/interfaces/interfaces/action/detail/move_to_left__type_support.h
[173.912s] -- Installing: /home/berry/HeartBeat/install/interfaces/include/interfaces/interfaces/action/detail/head_move__type_support.h
[173.914s] -- Installing: /home/berry/HeartBeat/install/interfaces/include/interfaces/interfaces/action/detail/move_mood__struct.h
[173.915s] -- Installing: /home/berry/HeartBeat/install/interfaces/include/interfaces/interfaces/action/detail/multiple_turn__functions.h
[173.917s] -- Installing: /home/berry/HeartBeat/install/interfaces/include/interfaces/interfaces/action/detail/head_move__functions.c
[173.918s] -- Installing: /home/berry/HeartBeat/install/interfaces/include/interfaces/interfaces/action/detail/get_status__struct.h
[173.920s] -- Installing: /home/berry/HeartBeat/install/interfaces/include/interfaces/interfaces/action/detail/belt_stop__functions.c
[173.921s] -- Installing: /home/berry/HeartBeat/install/interfaces/include/interfaces/interfaces/action/detail/arm2_test__functions.c
[173.923s] -- Installing: /home/berry/HeartBeat/install/interfaces/include/interfaces/interfaces/action/detail/belt_stop__functions.h
[173.925s] -- Installing: /home/berry/HeartBeat/install/interfaces/include/interfaces/interfaces/action/detail/move_to_right__functions.h
[173.926s] -- Installing: /home/berry/HeartBeat/install/interfaces/include/interfaces/interfaces/action/detail/head_move__struct.h
[173.928s] -- Installing: /home/berry/HeartBeat/install/interfaces/include/interfaces/interfaces/action/detail/gripper_open__functions.h
[173.929s] -- Installing: /home/berry/HeartBeat/install/interfaces/include/interfaces/interfaces/action/detail/stop_time__struct.h
[173.931s] -- Installing: /home/berry/HeartBeat/install/interfaces/include/interfaces/interfaces/action/detail/arm2_test__struct.h
[173.932s] -- Installing: /home/berry/HeartBeat/install/interfaces/include/interfaces/interfaces/action/detail/belt_move__type_support.h
[173.933s] -- Installing: /home/berry/HeartBeat/install/interfaces/include/interfaces/interfaces/action/detail/belt_stop__struct.h
[173.935s] -- Installing: /home/berry/HeartBeat/install/interfaces/include/interfaces/interfaces/action/detail/move_time__struct.h
[173.936s] -- Installing: /home/berry/HeartBeat/install/interfaces/include/interfaces/interfaces/action/detail/move_to_left__struct.h
[173.937s] -- Installing: /home/berry/HeartBeat/install/interfaces/include/interfaces/interfaces/action/detail/is_moving__type_support.h
[173.939s] -- Installing: /home/berry/HeartBeat/install/interfaces/include/interfaces/interfaces/action/detail/multiple_turn__functions.c
[173.940s] -- Installing: /home/berry/HeartBeat/install/interfaces/include/interfaces/interfaces/action/detail/multiple_turn__type_support.h
[173.942s] -- Installing: /home/berry/HeartBeat/install/interfaces/include/interfaces/interfaces/action/detail/move_mood__functions.c
[173.943s] -- Installing: /home/berry/HeartBeat/install/interfaces/include/interfaces/interfaces/action/detail/is_moving__struct.h
[173.945s] -- Installing: /home/berry/HeartBeat/install/interfaces/include/interfaces/interfaces/action/detail/move_time__functions.c
[173.946s] -- Installing: /home/berry/HeartBeat/install/interfaces/include/interfaces/interfaces/action/detail/stop_time__functions.h
[173.948s] -- Installing: /home/berry/HeartBeat/install/interfaces/include/interfaces/interfaces/action/detail/move_time__functions.h
[173.950s] -- Installing: /home/berry/HeartBeat/install/interfaces/include/interfaces/interfaces/action/detail/gripper_open__struct.h
[173.951s] -- Installing: /home/berry/HeartBeat/install/interfaces/include/interfaces/interfaces/action/detail/is_moving__functions.h
[173.953s] -- Installing: /home/berry/HeartBeat/install/interfaces/include/interfaces/interfaces/action/detail/head_move__functions.h
[173.954s] -- Installing: /home/berry/HeartBeat/install/interfaces/include/interfaces/interfaces/action/detail/get_status__functions.h
[173.956s] -- Installing: /home/berry/HeartBeat/install/interfaces/include/interfaces/interfaces/action/detail/belt_move__functions.c
[173.957s] -- Installing: /home/berry/HeartBeat/install/interfaces/include/interfaces/interfaces/action/detail/arm2_test__type_support.h
[173.959s] -- Installing: /home/berry/HeartBeat/install/interfaces/include/interfaces/interfaces/action/detail/fetch__struct.h
[173.960s] -- Installing: /home/berry/HeartBeat/install/interfaces/include/interfaces/interfaces/action/detail/arm2_test__functions.h
[173.962s] -- Installing: /home/berry/HeartBeat/install/interfaces/include/interfaces/interfaces/action/detail/move_to_right__struct.h
[173.963s] -- Installing: /home/berry/HeartBeat/install/interfaces/include/interfaces/interfaces/action/detail/arm1_test__functions.c
[173.965s] -- Installing: /home/berry/HeartBeat/install/interfaces/include/interfaces/interfaces/action/detail/fetch__functions.c
[173.966s] -- Installing: /home/berry/HeartBeat/install/interfaces/include/interfaces/interfaces/action/detail/move_mood__functions.h
[173.968s] -- Installing: /home/berry/HeartBeat/install/interfaces/include/interfaces/interfaces/action/detail/gripper_open__functions.c
[173.970s] -- Installing: /home/berry/HeartBeat/install/interfaces/include/interfaces/interfaces/action/detail/stop_time__type_support.h
[173.971s] -- Installing: /home/berry/HeartBeat/install/interfaces/include/interfaces/interfaces/action/detail/move_to_right__functions.c
[173.973s] -- Installing: /home/berry/HeartBeat/install/interfaces/include/interfaces/interfaces/action/belt_stop.h
[173.974s] -- Installing: /home/berry/HeartBeat/install/interfaces/include/interfaces/interfaces/action/is_moving.h
[173.975s] -- Installing: /home/berry/HeartBeat/install/interfaces/include/interfaces/interfaces/action/move_mood.h
[173.976s] -- Installing: /home/berry/HeartBeat/install/interfaces/include/interfaces/interfaces/action/move_to_left.h
[173.978s] -- Installing: /home/berry/HeartBeat/install/interfaces/include/interfaces/interfaces/action/multiple_turn.h
[173.979s] -- Installing: /home/berry/HeartBeat/install/interfaces/include/interfaces/interfaces/action/gripper_open.h
[173.980s] -- Installing: /home/berry/HeartBeat/install/interfaces/include/interfaces/interfaces/action/get_status.h
[173.981s] -- Installing: /home/berry/HeartBeat/install/interfaces/include/interfaces/interfaces/action/belt_move.h
[173.982s] -- Installing: /home/berry/HeartBeat/install/interfaces/include/interfaces/interfaces/action/arm2_test.h
[173.983s] -- Installing: /home/berry/HeartBeat/install/interfaces/include/interfaces/interfaces/action/fetch.h
[173.984s] -- Installing: /home/berry/HeartBeat/install/interfaces/include/interfaces/interfaces/action/move_time.h
[173.985s] -- Installing: /home/berry/HeartBeat/install/interfaces/include/interfaces/interfaces/action/arm1_test.h
[173.986s] -- Installing: /home/berry/HeartBeat/install/interfaces/include/interfaces/interfaces/action/stop_time.h
[173.987s] -- Installing: /home/berry/HeartBeat/install/interfaces/include/interfaces/interfaces/msg
[173.988s] -- Installing: /home/berry/HeartBeat/install/interfaces/include/interfaces/interfaces/msg/detail
[173.989s] -- Installing: /home/berry/HeartBeat/install/interfaces/include/interfaces/interfaces/msg/detail/arm2_heartbeat__functions.h
[173.990s] -- Installing: /home/berry/HeartBeat/install/interfaces/include/interfaces/interfaces/msg/detail/arm2_heartbeat__struct.h
[173.992s] -- Installing: /home/berry/HeartBeat/install/interfaces/include/interfaces/interfaces/msg/detail/arm2_heartbeat__type_support.h
[173.993s] -- Installing: /home/berry/HeartBeat/install/interfaces/include/interfaces/interfaces/msg/detail/arm1_heartbeat__struct.h
[173.994s] -- Installing: /home/berry/HeartBeat/install/interfaces/include/interfaces/interfaces/msg/detail/arm1_heartbeat__functions.h
[173.995s] -- Installing: /home/berry/HeartBeat/install/interfaces/include/interfaces/interfaces/msg/detail/arm2_heartbeat__functions.c
[173.997s] -- Installing: /home/berry/HeartBeat/install/interfaces/include/interfaces/interfaces/msg/detail/arm1_heartbeat__functions.c
[173.998s] -- Installing: /home/berry/HeartBeat/install/interfaces/include/interfaces/interfaces/msg/detail/arm1_heartbeat__type_support.h
[173.999s] -- Installing: /home/berry/HeartBeat/install/interfaces/include/interfaces/interfaces/msg/arm2_heartbeat.h
[174.000s] -- Installing: /home/berry/HeartBeat/install/interfaces/include/interfaces/interfaces/msg/rosidl_generator_c__visibility_control.h
[174.001s] -- Installing: /home/berry/HeartBeat/install/interfaces/include/interfaces/interfaces/msg/arm1_heartbeat.h
[174.003s] -- Installing: /home/berry/HeartBeat/install/interfaces/share/interfaces/environment/library_path.sh
[174.004s] -- Installing: /home/berry/HeartBeat/install/interfaces/share/interfaces/environment/library_path.dsv
[174.006s] -- Installing: /home/berry/HeartBeat/install/interfaces/lib/libinterfaces__rosidl_generator_c.so
[174.015s] -- Set runtime path of "/home/berry/HeartBeat/install/interfaces/lib/libinterfaces__rosidl_generator_c.so" to ""
[174.016s] -- Up-to-date: /home/berry/HeartBeat/install/interfaces/include/interfaces/interfaces
[174.016s] -- Up-to-date: /home/berry/HeartBeat/install/interfaces/include/interfaces/interfaces/action
[174.017s] -- Up-to-date: /home/berry/HeartBeat/install/interfaces/include/interfaces/interfaces/action/detail
[174.019s] -- Installing: /home/berry/HeartBeat/install/interfaces/include/interfaces/interfaces/action/detail/fetch__rosidl_typesupport_fastrtps_c.h
[174.020s] -- Installing: /home/berry/HeartBeat/install/interfaces/include/interfaces/interfaces/action/detail/move_to_left__rosidl_typesupport_fastrtps_c.h
[174.021s] -- Installing: /home/berry/HeartBeat/install/interfaces/include/interfaces/interfaces/action/detail/multiple_turn__rosidl_typesupport_fastrtps_c.h
[174.023s] -- Installing: /home/berry/HeartBeat/install/interfaces/include/interfaces/interfaces/action/detail/arm2_test__rosidl_typesupport_fastrtps_c.h
[174.024s] -- Installing: /home/berry/HeartBeat/install/interfaces/include/interfaces/interfaces/action/detail/head_move__rosidl_typesupport_fastrtps_c.h
[174.026s] -- Installing: /home/berry/HeartBeat/install/interfaces/include/interfaces/interfaces/action/detail/belt_move__rosidl_typesupport_fastrtps_c.h
[174.027s] -- Installing: /home/berry/HeartBeat/install/interfaces/include/interfaces/interfaces/action/detail/move_time__rosidl_typesupport_fastrtps_c.h
[174.029s] -- Installing: /home/berry/HeartBeat/install/interfaces/include/interfaces/interfaces/action/detail/gripper_open__rosidl_typesupport_fastrtps_c.h
[174.030s] -- Installing: /home/berry/HeartBeat/install/interfaces/include/interfaces/interfaces/action/detail/move_mood__rosidl_typesupport_fastrtps_c.h
[174.032s] -- Installing: /home/berry/HeartBeat/install/interfaces/include/interfaces/interfaces/action/detail/stop_time__rosidl_typesupport_fastrtps_c.h
[174.033s] -- Installing: /home/berry/HeartBeat/install/interfaces/include/interfaces/interfaces/action/detail/arm1_test__rosidl_typesupport_fastrtps_c.h
[174.035s] -- Installing: /home/berry/HeartBeat/install/interfaces/include/interfaces/interfaces/action/detail/belt_stop__rosidl_typesupport_fastrtps_c.h
[174.036s] -- Installing: /home/berry/HeartBeat/install/interfaces/include/interfaces/interfaces/action/detail/is_moving__rosidl_typesupport_fastrtps_c.h
[174.037s] -- Installing: /home/berry/HeartBeat/install/interfaces/include/interfaces/interfaces/action/detail/get_status__rosidl_typesupport_fastrtps_c.h
[174.039s] -- Installing: /home/berry/HeartBeat/install/interfaces/include/interfaces/interfaces/action/detail/move_to_right__rosidl_typesupport_fastrtps_c.h
[174.040s] -- Up-to-date: /home/berry/HeartBeat/install/interfaces/include/interfaces/interfaces/msg
[174.041s] -- Up-to-date: /home/berry/HeartBeat/install/interfaces/include/interfaces/interfaces/msg/detail
[174.041s] -- Installing: /home/berry/HeartBeat/install/interfaces/include/interfaces/interfaces/msg/detail/arm2_heartbeat__rosidl_typesupport_fastrtps_c.h
[174.043s] -- Installing: /home/berry/HeartBeat/install/interfaces/include/interfaces/interfaces/msg/detail/arm1_heartbeat__rosidl_typesupport_fastrtps_c.h
[174.044s] -- Installing: /home/berry/HeartBeat/install/interfaces/include/interfaces/interfaces/msg/rosidl_typesupport_fastrtps_c__visibility_control.h
[174.046s] -- Installing: /home/berry/HeartBeat/install/interfaces/lib/libinterfaces__rosidl_typesupport_fastrtps_c.so
[174.052s] -- Set runtime path of "/home/berry/HeartBeat/install/interfaces/lib/libinterfaces__rosidl_typesupport_fastrtps_c.so" to ""
[174.053s] -- Up-to-date: /home/berry/HeartBeat/install/interfaces/include/interfaces/interfaces
[174.053s] -- Up-to-date: /home/berry/HeartBeat/install/interfaces/include/interfaces/interfaces/action
[174.054s] -- Up-to-date: /home/berry/HeartBeat/install/interfaces/include/interfaces/interfaces/action/detail
[174.054s] -- Installing: /home/berry/HeartBeat/install/interfaces/include/interfaces/interfaces/action/detail/multiple_turn__type_support.c
[174.056s] -- Installing: /home/berry/HeartBeat/install/interfaces/include/interfaces/interfaces/action/detail/move_mood__rosidl_typesupport_introspection_c.h
[174.058s] -- Installing: /home/berry/HeartBeat/install/interfaces/include/interfaces/interfaces/action/detail/belt_move__rosidl_typesupport_introspection_c.h
[174.059s] -- Installing: /home/berry/HeartBeat/install/interfaces/include/interfaces/interfaces/action/detail/move_to_right__type_support.c
[174.061s] -- Installing: /home/berry/HeartBeat/install/interfaces/include/interfaces/interfaces/action/detail/arm2_test__rosidl_typesupport_introspection_c.h
[174.062s] -- Installing: /home/berry/HeartBeat/install/interfaces/include/interfaces/interfaces/action/detail/fetch__type_support.c
[174.064s] -- Installing: /home/berry/HeartBeat/install/interfaces/include/interfaces/interfaces/action/detail/multiple_turn__rosidl_typesupport_introspection_c.h
[174.065s] -- Installing: /home/berry/HeartBeat/install/interfaces/include/interfaces/interfaces/action/detail/arm1_test__type_support.c
[174.067s] -- Installing: /home/berry/HeartBeat/install/interfaces/include/interfaces/interfaces/action/detail/gripper_open__type_support.c
[174.069s] -- Installing: /home/berry/HeartBeat/install/interfaces/include/interfaces/interfaces/action/detail/move_mood__type_support.c
[174.071s] -- Installing: /home/berry/HeartBeat/install/interfaces/include/interfaces/interfaces/action/detail/head_move__type_support.c
[174.072s] -- Installing: /home/berry/HeartBeat/install/interfaces/include/interfaces/interfaces/action/detail/arm2_test__type_support.c
[174.074s] -- Installing: /home/berry/HeartBeat/install/interfaces/include/interfaces/interfaces/action/detail/move_to_left__type_support.c
[174.076s] -- Installing: /home/berry/HeartBeat/install/interfaces/include/interfaces/interfaces/action/detail/belt_stop__rosidl_typesupport_introspection_c.h
[174.077s] -- Installing: /home/berry/HeartBeat/install/interfaces/include/interfaces/interfaces/action/detail/move_to_right__rosidl_typesupport_introspection_c.h
[174.079s] -- Installing: /home/berry/HeartBeat/install/interfaces/include/interfaces/interfaces/action/detail/stop_time__type_support.c
[174.080s] -- Installing: /home/berry/HeartBeat/install/interfaces/include/interfaces/interfaces/action/detail/get_status__rosidl_typesupport_introspection_c.h
[174.082s] -- Installing: /home/berry/HeartBeat/install/interfaces/include/interfaces/interfaces/action/detail/arm1_test__rosidl_typesupport_introspection_c.h
[174.083s] -- Installing: /home/berry/HeartBeat/install/interfaces/include/interfaces/interfaces/action/detail/is_moving__type_support.c
[174.085s] -- Installing: /home/berry/HeartBeat/install/interfaces/include/interfaces/interfaces/action/detail/head_move__rosidl_typesupport_introspection_c.h
[174.086s] -- Installing: /home/berry/HeartBeat/install/interfaces/include/interfaces/interfaces/action/detail/belt_stop__type_support.c
[174.088s] -- Installing: /home/berry/HeartBeat/install/interfaces/include/interfaces/interfaces/action/detail/get_status__type_support.c
[174.090s] -- Installing: /home/berry/HeartBeat/install/interfaces/include/interfaces/interfaces/action/detail/move_time__rosidl_typesupport_introspection_c.h
[174.091s] -- Installing: /home/berry/HeartBeat/install/interfaces/include/interfaces/interfaces/action/detail/stop_time__rosidl_typesupport_introspection_c.h
[174.092s] -- Installing: /home/berry/HeartBeat/install/interfaces/include/interfaces/interfaces/action/detail/move_time__type_support.c
[174.094s] -- Installing: /home/berry/HeartBeat/install/interfaces/include/interfaces/interfaces/action/detail/move_to_left__rosidl_typesupport_introspection_c.h
[174.096s] -- Installing: /home/berry/HeartBeat/install/interfaces/include/interfaces/interfaces/action/detail/is_moving__rosidl_typesupport_introspection_c.h
[174.097s] -- Installing: /home/berry/HeartBeat/install/interfaces/include/interfaces/interfaces/action/detail/gripper_open__rosidl_typesupport_introspection_c.h
[174.098s] -- Installing: /home/berry/HeartBeat/install/interfaces/include/interfaces/interfaces/action/detail/belt_move__type_support.c
[174.100s] -- Installing: /home/berry/HeartBeat/install/interfaces/include/interfaces/interfaces/action/detail/fetch__rosidl_typesupport_introspection_c.h
[174.102s] -- Up-to-date: /home/berry/HeartBeat/install/interfaces/include/interfaces/interfaces/msg
[174.102s] -- Up-to-date: /home/berry/HeartBeat/install/interfaces/include/interfaces/interfaces/msg/detail
[174.103s] -- Installing: /home/berry/HeartBeat/install/interfaces/include/interfaces/interfaces/msg/detail/arm1_heartbeat__rosidl_typesupport_introspection_c.h
[174.104s] -- Installing: /home/berry/HeartBeat/install/interfaces/include/interfaces/interfaces/msg/detail/arm1_heartbeat__type_support.c
[174.105s] -- Installing: /home/berry/HeartBeat/install/interfaces/include/interfaces/interfaces/msg/detail/arm2_heartbeat__type_support.c
[174.107s] -- Installing: /home/berry/HeartBeat/install/interfaces/include/interfaces/interfaces/msg/detail/arm2_heartbeat__rosidl_typesupport_introspection_c.h
[174.108s] -- Installing: /home/berry/HeartBeat/install/interfaces/include/interfaces/interfaces/msg/rosidl_typesupport_introspection_c__visibility_control.h
[174.110s] -- Installing: /home/berry/HeartBeat/install/interfaces/lib/libinterfaces__rosidl_typesupport_introspection_c.so
[174.116s] -- Set runtime path of "/home/berry/HeartBeat/install/interfaces/lib/libinterfaces__rosidl_typesupport_introspection_c.so" to ""
[174.116s] -- Installing: /home/berry/HeartBeat/install/interfaces/lib/libinterfaces__rosidl_typesupport_c.so
[174.121s] -- Set runtime path of "/home/berry/HeartBeat/install/interfaces/lib/libinterfaces__rosidl_typesupport_c.so" to ""
[174.122s] -- Up-to-date: /home/berry/HeartBeat/install/interfaces/include/interfaces/interfaces
[174.122s] -- Up-to-date: /home/berry/HeartBeat/install/interfaces/include/interfaces/interfaces/action
[174.123s] -- Installing: /home/berry/HeartBeat/install/interfaces/include/interfaces/interfaces/action/move_mood.hpp
[174.124s] -- Up-to-date: /home/berry/HeartBeat/install/interfaces/include/interfaces/interfaces/action/detail
[174.125s] -- Installing: /home/berry/HeartBeat/install/interfaces/include/interfaces/interfaces/action/detail/belt_stop__struct.hpp
[174.126s] -- Installing: /home/berry/HeartBeat/install/interfaces/include/interfaces/interfaces/action/detail/belt_move__struct.hpp
[174.128s] -- Installing: /home/berry/HeartBeat/install/interfaces/include/interfaces/interfaces/action/detail/move_to_right__builder.hpp
[174.129s] -- Installing: /home/berry/HeartBeat/install/interfaces/include/interfaces/interfaces/action/detail/move_to_left__traits.hpp
[174.130s] -- Installing: /home/berry/HeartBeat/install/interfaces/include/interfaces/interfaces/action/detail/move_time__struct.hpp
[174.132s] -- Installing: /home/berry/HeartBeat/install/interfaces/include/interfaces/interfaces/action/detail/move_to_right__struct.hpp
[174.134s] -- Installing: /home/berry/HeartBeat/install/interfaces/include/interfaces/interfaces/action/detail/move_time__builder.hpp
[174.135s] -- Installing: /home/berry/HeartBeat/install/interfaces/include/interfaces/interfaces/action/detail/move_time__traits.hpp
[174.137s] -- Installing: /home/berry/HeartBeat/install/interfaces/include/interfaces/interfaces/action/detail/move_mood__builder.hpp
[174.138s] -- Installing: /home/berry/HeartBeat/install/interfaces/include/interfaces/interfaces/action/detail/fetch__traits.hpp
[174.139s] -- Installing: /home/berry/HeartBeat/install/interfaces/include/interfaces/interfaces/action/detail/belt_move__builder.hpp
[174.141s] -- Installing: /home/berry/HeartBeat/install/interfaces/include/interfaces/interfaces/action/detail/move_to_right__traits.hpp
[174.142s] -- Installing: /home/berry/HeartBeat/install/interfaces/include/interfaces/interfaces/action/detail/is_moving__struct.hpp
[174.144s] -- Installing: /home/berry/HeartBeat/install/interfaces/include/interfaces/interfaces/action/detail/get_status__struct.hpp
[174.145s] -- Installing: /home/berry/HeartBeat/install/interfaces/include/interfaces/interfaces/action/detail/get_status__builder.hpp
[174.146s] -- Installing: /home/berry/HeartBeat/install/interfaces/include/interfaces/interfaces/action/detail/gripper_open__traits.hpp
[174.148s] -- Installing: /home/berry/HeartBeat/install/interfaces/include/interfaces/interfaces/action/detail/is_moving__builder.hpp
[174.149s] -- Installing: /home/berry/HeartBeat/install/interfaces/include/interfaces/interfaces/action/detail/move_mood__traits.hpp
[174.150s] -- Installing: /home/berry/HeartBeat/install/interfaces/include/interfaces/interfaces/action/detail/head_move__struct.hpp
[174.152s] -- Installing: /home/berry/HeartBeat/install/interfaces/include/interfaces/interfaces/action/detail/multiple_turn__struct.hpp
[174.154s] -- Installing: /home/berry/HeartBeat/install/interfaces/include/interfaces/interfaces/action/detail/arm2_test__builder.hpp
[174.155s] -- Installing: /home/berry/HeartBeat/install/interfaces/include/interfaces/interfaces/action/detail/stop_time__builder.hpp
[174.156s] -- Installing: /home/berry/HeartBeat/install/interfaces/include/interfaces/interfaces/action/detail/arm1_test__builder.hpp
[174.158s] -- Installing: /home/berry/HeartBeat/install/interfaces/include/interfaces/interfaces/action/detail/move_mood__struct.hpp
[174.159s] -- Installing: /home/berry/HeartBeat/install/interfaces/include/interfaces/interfaces/action/detail/head_move__builder.hpp
[174.161s] -- Installing: /home/berry/HeartBeat/install/interfaces/include/interfaces/interfaces/action/detail/is_moving__traits.hpp
[174.162s] -- Installing: /home/berry/HeartBeat/install/interfaces/include/interfaces/interfaces/action/detail/stop_time__traits.hpp
[174.164s] -- Installing: /home/berry/HeartBeat/install/interfaces/include/interfaces/interfaces/action/detail/belt_stop__builder.hpp
[174.165s] -- Installing: /home/berry/HeartBeat/install/interfaces/include/interfaces/interfaces/action/detail/arm2_test__struct.hpp
[174.166s] -- Installing: /home/berry/HeartBeat/install/interfaces/include/interfaces/interfaces/action/detail/gripper_open__builder.hpp
[174.168s] -- Installing: /home/berry/HeartBeat/install/interfaces/include/interfaces/interfaces/action/detail/belt_move__traits.hpp
[174.169s] -- Installing: /home/berry/HeartBeat/install/interfaces/include/interfaces/interfaces/action/detail/fetch__builder.hpp
[174.170s] -- Installing: /home/berry/HeartBeat/install/interfaces/include/interfaces/interfaces/action/detail/move_to_left__struct.hpp
[174.172s] -- Installing: /home/berry/HeartBeat/install/interfaces/include/interfaces/interfaces/action/detail/belt_stop__traits.hpp
[174.173s] -- Installing: /home/berry/HeartBeat/install/interfaces/include/interfaces/interfaces/action/detail/multiple_turn__builder.hpp
[174.174s] -- Installing: /home/berry/HeartBeat/install/interfaces/include/interfaces/interfaces/action/detail/gripper_open__struct.hpp
[174.176s] -- Installing: /home/berry/HeartBeat/install/interfaces/include/interfaces/interfaces/action/detail/arm2_test__traits.hpp
[174.178s] -- Installing: /home/berry/HeartBeat/install/interfaces/include/interfaces/interfaces/action/detail/fetch__struct.hpp
[174.179s] -- Installing: /home/berry/HeartBeat/install/interfaces/include/interfaces/interfaces/action/detail/head_move__traits.hpp
[174.180s] -- Installing: /home/berry/HeartBeat/install/interfaces/include/interfaces/interfaces/action/detail/move_to_left__builder.hpp
[174.182s] -- Installing: /home/berry/HeartBeat/install/interfaces/include/interfaces/interfaces/action/detail/arm1_test__struct.hpp
[174.183s] -- Installing: /home/berry/HeartBeat/install/interfaces/include/interfaces/interfaces/action/detail/get_status__traits.hpp
[174.185s] -- Installing: /home/berry/HeartBeat/install/interfaces/include/interfaces/interfaces/action/detail/multiple_turn__traits.hpp
[174.186s] -- Installing: /home/berry/HeartBeat/install/interfaces/include/interfaces/interfaces/action/detail/stop_time__struct.hpp
[174.188s] -- Installing: /home/berry/HeartBeat/install/interfaces/include/interfaces/interfaces/action/detail/arm1_test__traits.hpp
[174.189s] -- Installing: /home/berry/HeartBeat/install/interfaces/include/interfaces/interfaces/action/belt_stop.hpp
[174.190s] -- Installing: /home/berry/HeartBeat/install/interfaces/include/interfaces/interfaces/action/multiple_turn.hpp
[174.192s] -- Installing: /home/berry/HeartBeat/install/interfaces/include/interfaces/interfaces/action/move_to_left.hpp
[174.193s] -- Installing: /home/berry/HeartBeat/install/interfaces/include/interfaces/interfaces/action/get_status.hpp
[174.194s] -- Installing: /home/berry/HeartBeat/install/interfaces/include/interfaces/interfaces/action/is_moving.hpp
[174.195s] -- Installing: /home/berry/HeartBeat/install/interfaces/include/interfaces/interfaces/action/head_move.hpp
[174.196s] -- Installing: /home/berry/HeartBeat/install/interfaces/include/interfaces/interfaces/action/move_time.hpp
[174.197s] -- Installing: /home/berry/HeartBeat/install/interfaces/include/interfaces/interfaces/action/move_to_right.hpp
[174.198s] -- Installing: /home/berry/HeartBeat/install/interfaces/include/interfaces/interfaces/action/gripper_open.hpp
[174.200s] -- Installing: /home/berry/HeartBeat/install/interfaces/include/interfaces/interfaces/action/belt_move.hpp
[174.201s] -- Installing: /home/berry/HeartBeat/install/interfaces/include/interfaces/interfaces/action/arm1_test.hpp
[174.202s] -- Installing: /home/berry/HeartBeat/install/interfaces/include/interfaces/interfaces/action/fetch.hpp
[174.203s] -- Installing: /home/berry/HeartBeat/install/interfaces/include/interfaces/interfaces/action/arm2_test.hpp
[174.204s] -- Installing: /home/berry/HeartBeat/install/interfaces/include/interfaces/interfaces/action/stop_time.hpp
[174.205s] -- Up-to-date: /home/berry/HeartBeat/install/interfaces/include/interfaces/interfaces/msg
[174.205s] -- Up-to-date: /home/berry/HeartBeat/install/interfaces/include/interfaces/interfaces/msg/detail
[174.206s] -- Installing: /home/berry/HeartBeat/install/interfaces/include/interfaces/interfaces/msg/detail/arm1_heartbeat__struct.hpp
[174.207s] -- Installing: /home/berry/HeartBeat/install/interfaces/include/interfaces/interfaces/msg/detail/arm1_heartbeat__traits.hpp
[174.208s] -- Installing: /home/berry/HeartBeat/install/interfaces/include/interfaces/interfaces/msg/detail/arm2_heartbeat__builder.hpp
[174.209s] -- Installing: /home/berry/HeartBeat/install/interfaces/include/interfaces/interfaces/msg/detail/arm1_heartbeat__builder.hpp
[174.211s] -- Installing: /home/berry/HeartBeat/install/interfaces/include/interfaces/interfaces/msg/detail/arm2_heartbeat__traits.hpp
[174.212s] -- Installing: /home/berry/HeartBeat/install/interfaces/include/interfaces/interfaces/msg/detail/arm2_heartbeat__struct.hpp
[174.213s] -- Installing: /home/berry/HeartBeat/install/interfaces/include/interfaces/interfaces/msg/arm2_heartbeat.hpp
[174.214s] -- Installing: /home/berry/HeartBeat/install/interfaces/include/interfaces/interfaces/msg/arm1_heartbeat.hpp
[174.216s] -- Up-to-date: /home/berry/HeartBeat/install/interfaces/include/interfaces/interfaces
[174.216s] -- Up-to-date: /home/berry/HeartBeat/install/interfaces/include/interfaces/interfaces/action
[174.217s] -- Up-to-date: /home/berry/HeartBeat/install/interfaces/include/interfaces/interfaces/action/detail
[174.217s] -- Installing: /home/berry/HeartBeat/install/interfaces/include/interfaces/interfaces/action/detail/head_move__rosidl_typesupport_fastrtps_cpp.hpp
[174.219s] -- Installing: /home/berry/HeartBeat/install/interfaces/include/interfaces/interfaces/action/detail/gripper_open__rosidl_typesupport_fastrtps_cpp.hpp
[174.220s] -- Installing: /home/berry/HeartBeat/install/interfaces/include/interfaces/interfaces/action/detail/move_to_left__rosidl_typesupport_fastrtps_cpp.hpp
[174.222s] -- Installing: /home/berry/HeartBeat/install/interfaces/include/interfaces/interfaces/action/detail/arm1_test__rosidl_typesupport_fastrtps_cpp.hpp
[174.223s] -- Installing: /home/berry/HeartBeat/install/interfaces/include/interfaces/interfaces/action/detail/is_moving__rosidl_typesupport_fastrtps_cpp.hpp
[174.225s] -- Installing: /home/berry/HeartBeat/install/interfaces/include/interfaces/interfaces/action/detail/arm2_test__rosidl_typesupport_fastrtps_cpp.hpp
[174.226s] -- Installing: /home/berry/HeartBeat/install/interfaces/include/interfaces/interfaces/action/detail/move_time__rosidl_typesupport_fastrtps_cpp.hpp
[174.228s] -- Installing: /home/berry/HeartBeat/install/interfaces/include/interfaces/interfaces/action/detail/get_status__rosidl_typesupport_fastrtps_cpp.hpp
[174.230s] -- Installing: /home/berry/HeartBeat/install/interfaces/include/interfaces/interfaces/action/detail/fetch__rosidl_typesupport_fastrtps_cpp.hpp
[174.231s] -- Installing: /home/berry/HeartBeat/install/interfaces/include/interfaces/interfaces/action/detail/multiple_turn__rosidl_typesupport_fastrtps_cpp.hpp
[174.233s] -- Installing: /home/berry/HeartBeat/install/interfaces/include/interfaces/interfaces/action/detail/stop_time__rosidl_typesupport_fastrtps_cpp.hpp
[174.234s] -- Installing: /home/berry/HeartBeat/install/interfaces/include/interfaces/interfaces/action/detail/move_to_right__rosidl_typesupport_fastrtps_cpp.hpp
[174.236s] -- Installing: /home/berry/HeartBeat/install/interfaces/include/interfaces/interfaces/action/detail/dds_fastrtps
[174.237s] -- Installing: /home/berry/HeartBeat/install/interfaces/include/interfaces/interfaces/action/detail/belt_move__rosidl_typesupport_fastrtps_cpp.hpp
[174.239s] -- Installing: /home/berry/HeartBeat/install/interfaces/include/interfaces/interfaces/action/detail/belt_stop__rosidl_typesupport_fastrtps_cpp.hpp
[174.240s] -- Installing: /home/berry/HeartBeat/install/interfaces/include/interfaces/interfaces/action/detail/move_mood__rosidl_typesupport_fastrtps_cpp.hpp
[174.242s] -- Up-to-date: /home/berry/HeartBeat/install/interfaces/include/interfaces/interfaces/msg
[174.242s] -- Up-to-date: /home/berry/HeartBeat/install/interfaces/include/interfaces/interfaces/msg/detail
[174.243s] -- Installing: /home/berry/HeartBeat/install/interfaces/include/interfaces/interfaces/msg/detail/dds_fastrtps
[174.243s] -- Installing: /home/berry/HeartBeat/install/interfaces/include/interfaces/interfaces/msg/detail/arm1_heartbeat__rosidl_typesupport_fastrtps_cpp.hpp
[174.245s] -- Installing: /home/berry/HeartBeat/install/interfaces/include/interfaces/interfaces/msg/detail/arm2_heartbeat__rosidl_typesupport_fastrtps_cpp.hpp
[174.246s] -- Installing: /home/berry/HeartBeat/install/interfaces/include/interfaces/interfaces/msg/rosidl_typesupport_fastrtps_cpp__visibility_control.h
[174.248s] -- Installing: /home/berry/HeartBeat/install/interfaces/lib/libinterfaces__rosidl_typesupport_fastrtps_cpp.so
[174.257s] -- Set runtime path of "/home/berry/HeartBeat/install/interfaces/lib/libinterfaces__rosidl_typesupport_fastrtps_cpp.so" to ""
[174.257s] -- Up-to-date: /home/berry/HeartBeat/install/interfaces/include/interfaces/interfaces
[174.258s] -- Up-to-date: /home/berry/HeartBeat/install/interfaces/include/interfaces/interfaces/action
[174.258s] -- Up-to-date: /home/berry/HeartBeat/install/interfaces/include/interfaces/interfaces/action/detail
[174.258s] -- Installing: /home/berry/HeartBeat/install/interfaces/include/interfaces/interfaces/action/detail/arm2_test__rosidl_typesupport_introspection_cpp.hpp
[174.260s] -- Installing: /home/berry/HeartBeat/install/interfaces/include/interfaces/interfaces/action/detail/head_move__type_support.cpp
[174.262s] -- Installing: /home/berry/HeartBeat/install/interfaces/include/interfaces/interfaces/action/detail/move_to_left__type_support.cpp
[174.264s] -- Installing: /home/berry/HeartBeat/install/interfaces/include/interfaces/interfaces/action/detail/get_status__type_support.cpp
[174.265s] -- Installing: /home/berry/HeartBeat/install/interfaces/include/interfaces/interfaces/action/detail/stop_time__type_support.cpp
[174.267s] -- Installing: /home/berry/HeartBeat/install/interfaces/include/interfaces/interfaces/action/detail/stop_time__rosidl_typesupport_introspection_cpp.hpp
[174.268s] -- Installing: /home/berry/HeartBeat/install/interfaces/include/interfaces/interfaces/action/detail/gripper_open__rosidl_typesupport_introspection_cpp.hpp
[174.270s] -- Installing: /home/berry/HeartBeat/install/interfaces/include/interfaces/interfaces/action/detail/head_move__rosidl_typesupport_introspection_cpp.hpp
[174.271s] -- Installing: /home/berry/HeartBeat/install/interfaces/include/interfaces/interfaces/action/detail/belt_stop__type_support.cpp
[174.273s] -- Installing: /home/berry/HeartBeat/install/interfaces/include/interfaces/interfaces/action/detail/belt_move__type_support.cpp
[174.275s] -- Installing: /home/berry/HeartBeat/install/interfaces/include/interfaces/interfaces/action/detail/multiple_turn__rosidl_typesupport_introspection_cpp.hpp
[174.276s] -- Installing: /home/berry/HeartBeat/install/interfaces/include/interfaces/interfaces/action/detail/move_to_right__type_support.cpp
[174.278s] -- Installing: /home/berry/HeartBeat/install/interfaces/include/interfaces/interfaces/action/detail/arm1_test__type_support.cpp
[174.280s] -- Installing: /home/berry/HeartBeat/install/interfaces/include/interfaces/interfaces/action/detail/move_to_left__rosidl_typesupport_introspection_cpp.hpp
[174.281s] -- Installing: /home/berry/HeartBeat/install/interfaces/include/interfaces/interfaces/action/detail/gripper_open__type_support.cpp
[174.283s] -- Installing: /home/berry/HeartBeat/install/interfaces/include/interfaces/interfaces/action/detail/fetch__type_support.cpp
[174.285s] -- Installing: /home/berry/HeartBeat/install/interfaces/include/interfaces/interfaces/action/detail/move_mood__type_support.cpp
[174.286s] -- Installing: /home/berry/HeartBeat/install/interfaces/include/interfaces/interfaces/action/detail/move_to_right__rosidl_typesupport_introspection_cpp.hpp
[174.288s] -- Installing: /home/berry/HeartBeat/install/interfaces/include/interfaces/interfaces/action/detail/is_moving__rosidl_typesupport_introspection_cpp.hpp
[174.289s] -- Installing: /home/berry/HeartBeat/install/interfaces/include/interfaces/interfaces/action/detail/belt_move__rosidl_typesupport_introspection_cpp.hpp
[174.291s] -- Installing: /home/berry/HeartBeat/install/interfaces/include/interfaces/interfaces/action/detail/multiple_turn__type_support.cpp
[174.293s] -- Installing: /home/berry/HeartBeat/install/interfaces/include/interfaces/interfaces/action/detail/get_status__rosidl_typesupport_introspection_cpp.hpp
[174.294s] -- Installing: /home/berry/HeartBeat/install/interfaces/include/interfaces/interfaces/action/detail/is_moving__type_support.cpp
[174.296s] -- Installing: /home/berry/HeartBeat/install/interfaces/include/interfaces/interfaces/action/detail/arm2_test__type_support.cpp
[174.298s] -- Installing: /home/berry/HeartBeat/install/interfaces/include/interfaces/interfaces/action/detail/move_mood__rosidl_typesupport_introspection_cpp.hpp
[174.299s] -- Installing: /home/berry/HeartBeat/install/interfaces/include/interfaces/interfaces/action/detail/belt_stop__rosidl_typesupport_introspection_cpp.hpp
[174.301s] -- Installing: /home/berry/HeartBeat/install/interfaces/include/interfaces/interfaces/action/detail/move_time__rosidl_typesupport_introspection_cpp.hpp
[174.302s] -- Installing: /home/berry/HeartBeat/install/interfaces/include/interfaces/interfaces/action/detail/move_time__type_support.cpp
[174.304s] -- Installing: /home/berry/HeartBeat/install/interfaces/include/interfaces/interfaces/action/detail/fetch__rosidl_typesupport_introspection_cpp.hpp
[174.305s] -- Installing: /home/berry/HeartBeat/install/interfaces/include/interfaces/interfaces/action/detail/arm1_test__rosidl_typesupport_introspection_cpp.hpp
[174.307s] -- Up-to-date: /home/berry/HeartBeat/install/interfaces/include/interfaces/interfaces/msg
[174.307s] -- Up-to-date: /home/berry/HeartBeat/install/interfaces/include/interfaces/interfaces/msg/detail
[174.308s] -- Installing: /home/berry/HeartBeat/install/interfaces/include/interfaces/interfaces/msg/detail/arm2_heartbeat__rosidl_typesupport_introspection_cpp.hpp
[174.309s] -- Installing: /home/berry/HeartBeat/install/interfaces/include/interfaces/interfaces/msg/detail/arm1_heartbeat__rosidl_typesupport_introspection_cpp.hpp
[174.311s] -- Installing: /home/berry/HeartBeat/install/interfaces/include/interfaces/interfaces/msg/detail/arm2_heartbeat__type_support.cpp
[174.312s] -- Installing: /home/berry/HeartBeat/install/interfaces/include/interfaces/interfaces/msg/detail/arm1_heartbeat__type_support.cpp
[174.313s] -- Installing: /home/berry/HeartBeat/install/interfaces/lib/libinterfaces__rosidl_typesupport_introspection_cpp.so
[174.321s] -- Set runtime path of "/home/berry/HeartBeat/install/interfaces/lib/libinterfaces__rosidl_typesupport_introspection_cpp.so" to ""
[174.322s] -- Installing: /home/berry/HeartBeat/install/interfaces/lib/libinterfaces__rosidl_typesupport_cpp.so
[174.327s] -- Set runtime path of "/home/berry/HeartBeat/install/interfaces/lib/libinterfaces__rosidl_typesupport_cpp.so" to ""
[174.328s] -- Installing: /home/berry/HeartBeat/install/interfaces/share/interfaces/environment/pythonpath.sh
[174.329s] -- Installing: /home/berry/HeartBeat/install/interfaces/share/interfaces/environment/pythonpath.dsv
[174.330s] -- Installing: /home/berry/HeartBeat/install/interfaces/local/lib/python3.10/dist-packages/interfaces-0.0.0-py3.10.egg-info
[174.332s] -- Installing: /home/berry/HeartBeat/install/interfaces/local/lib/python3.10/dist-packages/interfaces-0.0.0-py3.10.egg-info/dependency_links.txt
[174.333s] -- Installing: /home/berry/HeartBeat/install/interfaces/local/lib/python3.10/dist-packages/interfaces-0.0.0-py3.10.egg-info/top_level.txt
[174.334s] -- Installing: /home/berry/HeartBeat/install/interfaces/local/lib/python3.10/dist-packages/interfaces-0.0.0-py3.10.egg-info/SOURCES.txt
[174.336s] -- Installing: /home/berry/HeartBeat/install/interfaces/local/lib/python3.10/dist-packages/interfaces-0.0.0-py3.10.egg-info/PKG-INFO
[174.337s] -- Installing: /home/berry/HeartBeat/install/interfaces/local/lib/python3.10/dist-packages/interfaces
[174.338s] -- Installing: /home/berry/HeartBeat/install/interfaces/local/lib/python3.10/dist-packages/interfaces/action
[174.339s] -- Installing: /home/berry/HeartBeat/install/interfaces/local/lib/python3.10/dist-packages/interfaces/action/_move_to_right_s.c
[174.340s] -- Installing: /home/berry/HeartBeat/install/interfaces/local/lib/python3.10/dist-packages/interfaces/action/_fetch_s.c
[174.342s] -- Installing: /home/berry/HeartBeat/install/interfaces/local/lib/python3.10/dist-packages/interfaces/action/_arm2_test_s.c
[174.343s] -- Installing: /home/berry/HeartBeat/install/interfaces/local/lib/python3.10/dist-packages/interfaces/action/_belt_stop.py
[174.345s] -- Installing: /home/berry/HeartBeat/install/interfaces/local/lib/python3.10/dist-packages/interfaces/action/_get_status.py
[174.346s] -- Installing: /home/berry/HeartBeat/install/interfaces/local/lib/python3.10/dist-packages/interfaces/action/_belt_stop_s.c
[174.348s] -- Installing: /home/berry/HeartBeat/install/interfaces/local/lib/python3.10/dist-packages/interfaces/action/_belt_move.py
[174.349s] -- Installing: /home/berry/HeartBeat/install/interfaces/local/lib/python3.10/dist-packages/interfaces/action/_move_to_right.py
[174.351s] -- Installing: /home/berry/HeartBeat/install/interfaces/local/lib/python3.10/dist-packages/interfaces/action/_move_mood.py
[174.353s] -- Installing: /home/berry/HeartBeat/install/interfaces/local/lib/python3.10/dist-packages/interfaces/action/_arm2_test.py
[174.354s] -- Installing: /home/berry/HeartBeat/install/interfaces/local/lib/python3.10/dist-packages/interfaces/action/_belt_move_s.c
[174.356s] -- Installing: /home/berry/HeartBeat/install/interfaces/local/lib/python3.10/dist-packages/interfaces/action/_move_mood_s.c
[174.357s] -- Installing: /home/berry/HeartBeat/install/interfaces/local/lib/python3.10/dist-packages/interfaces/action/_fetch.py
[174.359s] -- Installing: /home/berry/HeartBeat/install/interfaces/local/lib/python3.10/dist-packages/interfaces/action/_move_time.py
[174.360s] -- Installing: /home/berry/HeartBeat/install/interfaces/local/lib/python3.10/dist-packages/interfaces/action/_gripper_open.py
[174.362s] -- Installing: /home/berry/HeartBeat/install/interfaces/local/lib/python3.10/dist-packages/interfaces/action/_stop_time_s.c
[174.363s] -- Installing: /home/berry/HeartBeat/install/interfaces/local/lib/python3.10/dist-packages/interfaces/action/_move_time_s.c
[174.365s] -- Installing: /home/berry/HeartBeat/install/interfaces/local/lib/python3.10/dist-packages/interfaces/action/_arm1_test.py
[174.366s] -- Installing: /home/berry/HeartBeat/install/interfaces/local/lib/python3.10/dist-packages/interfaces/action/_gripper_open_s.c
[174.368s] -- Installing: /home/berry/HeartBeat/install/interfaces/local/lib/python3.10/dist-packages/interfaces/action/_move_to_left.py
[174.370s] -- Installing: /home/berry/HeartBeat/install/interfaces/local/lib/python3.10/dist-packages/interfaces/action/_get_status_s.c
[174.371s] -- Installing: /home/berry/HeartBeat/install/interfaces/local/lib/python3.10/dist-packages/interfaces/action/_arm1_test_s.c
[174.373s] -- Installing: /home/berry/HeartBeat/install/interfaces/local/lib/python3.10/dist-packages/interfaces/action/_head_move_s.c
[174.374s] -- Installing: /home/berry/HeartBeat/install/interfaces/local/lib/python3.10/dist-packages/interfaces/action/_multiple_turn_s.c
[174.376s] -- Installing: /home/berry/HeartBeat/install/interfaces/local/lib/python3.10/dist-packages/interfaces/action/_is_moving.py
[174.377s] -- Installing: /home/berry/HeartBeat/install/interfaces/local/lib/python3.10/dist-packages/interfaces/action/__init__.py
[174.379s] -- Installing: /home/berry/HeartBeat/install/interfaces/local/lib/python3.10/dist-packages/interfaces/action/_move_to_left_s.c
[174.380s] -- Installing: /home/berry/HeartBeat/install/interfaces/local/lib/python3.10/dist-packages/interfaces/action/_multiple_turn.py
[174.382s] -- Installing: /home/berry/HeartBeat/install/interfaces/local/lib/python3.10/dist-packages/interfaces/action/_head_move.py
[174.383s] -- Installing: /home/berry/HeartBeat/install/interfaces/local/lib/python3.10/dist-packages/interfaces/action/_stop_time.py
[174.385s] -- Installing: /home/berry/HeartBeat/install/interfaces/local/lib/python3.10/dist-packages/interfaces/action/_is_moving_s.c
[174.386s] -- Installing: /home/berry/HeartBeat/install/interfaces/local/lib/python3.10/dist-packages/interfaces/interfaces_s__rosidl_typesupport_introspection_c.cpython-310-aarch64-linux-gnu.so
[174.391s] -- Installing: /home/berry/HeartBeat/install/interfaces/local/lib/python3.10/dist-packages/interfaces/interfaces_s__rosidl_typesupport_c.cpython-310-aarch64-linux-gnu.so
[174.396s] -- Installing: /home/berry/HeartBeat/install/interfaces/local/lib/python3.10/dist-packages/interfaces/_interfaces_s.ep.rosidl_typesupport_introspection_c.c
[174.403s] -- Installing: /home/berry/HeartBeat/install/interfaces/local/lib/python3.10/dist-packages/interfaces/msg
[174.404s] -- Installing: /home/berry/HeartBeat/install/interfaces/local/lib/python3.10/dist-packages/interfaces/msg/_arm1_heartbeat.py
[174.405s] -- Installing: /home/berry/HeartBeat/install/interfaces/local/lib/python3.10/dist-packages/interfaces/msg/_arm2_heartbeat_s.c
[174.406s] -- Installing: /home/berry/HeartBeat/install/interfaces/local/lib/python3.10/dist-packages/interfaces/msg/_arm1_heartbeat_s.c
[174.407s] -- Installing: /home/berry/HeartBeat/install/interfaces/local/lib/python3.10/dist-packages/interfaces/msg/__init__.py
[174.409s] -- Installing: /home/berry/HeartBeat/install/interfaces/local/lib/python3.10/dist-packages/interfaces/msg/_arm2_heartbeat.py
[174.410s] -- Installing: /home/berry/HeartBeat/install/interfaces/local/lib/python3.10/dist-packages/interfaces/_interfaces_s.ep.rosidl_typesupport_fastrtps_c.c
[174.417s] -- Installing: /home/berry/HeartBeat/install/interfaces/local/lib/python3.10/dist-packages/interfaces/interfaces_s__rosidl_typesupport_fastrtps_c.cpython-310-aarch64-linux-gnu.so
[174.422s] -- Installing: /home/berry/HeartBeat/install/interfaces/local/lib/python3.10/dist-packages/interfaces/_interfaces_s.ep.rosidl_typesupport_c.c
[174.429s] -- Installing: /home/berry/HeartBeat/install/interfaces/local/lib/python3.10/dist-packages/interfaces/__init__.py
[174.430s] -- Installing: /home/berry/HeartBeat/install/interfaces/local/lib/python3.10/dist-packages/interfaces/libinterfaces__rosidl_generator_py.so
[175.036s] Listing '/home/berry/HeartBeat/install/interfaces/local/lib/python3.10/dist-packages/interfaces'...
[175.037s] Compiling '/home/berry/HeartBeat/install/interfaces/local/lib/python3.10/dist-packages/interfaces/__init__.py'...
[175.039s] Listing '/home/berry/HeartBeat/install/interfaces/local/lib/python3.10/dist-packages/interfaces/action'...
[175.039s] Compiling '/home/berry/HeartBeat/install/interfaces/local/lib/python3.10/dist-packages/interfaces/action/__init__.py'...
[175.040s] Compiling '/home/berry/HeartBeat/install/interfaces/local/lib/python3.10/dist-packages/interfaces/action/_arm1_test.py'...
[175.041s] Compiling '/home/berry/HeartBeat/install/interfaces/local/lib/python3.10/dist-packages/interfaces/action/_arm2_test.py'...
[175.042s] Compiling '/home/berry/HeartBeat/install/interfaces/local/lib/python3.10/dist-packages/interfaces/action/_belt_move.py'...
[175.043s] Compiling '/home/berry/HeartBeat/install/interfaces/local/lib/python3.10/dist-packages/interfaces/action/_belt_stop.py'...
[175.044s] Compiling '/home/berry/HeartBeat/install/interfaces/local/lib/python3.10/dist-packages/interfaces/action/_fetch.py'...
[175.045s] Compiling '/home/berry/HeartBeat/install/interfaces/local/lib/python3.10/dist-packages/interfaces/action/_get_status.py'...
[175.046s] Compiling '/home/berry/HeartBeat/install/interfaces/local/lib/python3.10/dist-packages/interfaces/action/_gripper_open.py'...
[175.047s] Compiling '/home/berry/HeartBeat/install/interfaces/local/lib/python3.10/dist-packages/interfaces/action/_head_move.py'...
[175.047s] Compiling '/home/berry/HeartBeat/install/interfaces/local/lib/python3.10/dist-packages/interfaces/action/_is_moving.py'...
[175.048s] Compiling '/home/berry/HeartBeat/install/interfaces/local/lib/python3.10/dist-packages/interfaces/action/_move_mood.py'...
[175.049s] Compiling '/home/berry/HeartBeat/install/interfaces/local/lib/python3.10/dist-packages/interfaces/action/_move_time.py'...
[175.050s] Compiling '/home/berry/HeartBeat/install/interfaces/local/lib/python3.10/dist-packages/interfaces/action/_move_to_left.py'...
[175.050s] Compiling '/home/berry/HeartBeat/install/interfaces/local/lib/python3.10/dist-packages/interfaces/action/_move_to_right.py'...
[175.051s] Compiling '/home/berry/HeartBeat/install/interfaces/local/lib/python3.10/dist-packages/interfaces/action/_multiple_turn.py'...
[175.051s] Compiling '/home/berry/HeartBeat/install/interfaces/local/lib/python3.10/dist-packages/interfaces/action/_stop_time.py'...
[175.052s] Listing '/home/berry/HeartBeat/install/interfaces/local/lib/python3.10/dist-packages/interfaces/msg'...
[175.052s] Compiling '/home/berry/HeartBeat/install/interfaces/local/lib/python3.10/dist-packages/interfaces/msg/__init__.py'...
[175.053s] Compiling '/home/berry/HeartBeat/install/interfaces/local/lib/python3.10/dist-packages/interfaces/msg/_arm1_heartbeat.py'...
[175.053s] Compiling '/home/berry/HeartBeat/install/interfaces/local/lib/python3.10/dist-packages/interfaces/msg/_arm2_heartbeat.py'...
[175.066s] -- Installing: /home/berry/HeartBeat/install/interfaces/local/lib/python3.10/dist-packages/interfaces/interfaces_s__rosidl_typesupport_fastrtps_c.cpython-310-aarch64-linux-gnu.so
[175.073s] -- Set runtime path of "/home/berry/HeartBeat/install/interfaces/local/lib/python3.10/dist-packages/interfaces/interfaces_s__rosidl_typesupport_fastrtps_c.cpython-310-aarch64-linux-gnu.so" to ""
[175.075s] -- Installing: /home/berry/HeartBeat/install/interfaces/local/lib/python3.10/dist-packages/interfaces/interfaces_s__rosidl_typesupport_introspection_c.cpython-310-aarch64-linux-gnu.so
[175.083s] -- Set runtime path of "/home/berry/HeartBeat/install/interfaces/local/lib/python3.10/dist-packages/interfaces/interfaces_s__rosidl_typesupport_introspection_c.cpython-310-aarch64-linux-gnu.so" to ""
[175.085s] -- Installing: /home/berry/HeartBeat/install/interfaces/local/lib/python3.10/dist-packages/interfaces/interfaces_s__rosidl_typesupport_c.cpython-310-aarch64-linux-gnu.so
[175.091s] -- Set runtime path of "/home/berry/HeartBeat/install/interfaces/local/lib/python3.10/dist-packages/interfaces/interfaces_s__rosidl_typesupport_c.cpython-310-aarch64-linux-gnu.so" to ""
[175.092s] -- Installing: /home/berry/HeartBeat/install/interfaces/lib/libinterfaces__rosidl_generator_py.so
[175.098s] -- Set runtime path of "/home/berry/HeartBeat/install/interfaces/lib/libinterfaces__rosidl_generator_py.so" to ""
[175.098s] -- Installing: /home/berry/HeartBeat/install/interfaces/share/interfaces/action/Arm1Test.idl
[175.100s] -- Installing: /home/berry/HeartBeat/install/interfaces/share/interfaces/action/Arm2Test.idl
[175.101s] -- Installing: /home/berry/HeartBeat/install/interfaces/share/interfaces/action/StopTime.idl
[175.103s] -- Installing: /home/berry/HeartBeat/install/interfaces/share/interfaces/action/MoveMood.idl
[175.104s] -- Installing: /home/berry/HeartBeat/install/interfaces/share/interfaces/action/MoveTime.idl
[175.106s] -- Installing: /home/berry/HeartBeat/install/interfaces/share/interfaces/action/IsMoving.idl
[175.107s] -- Installing: /home/berry/HeartBeat/install/interfaces/share/interfaces/action/MoveToLeft.idl
[175.108s] -- Installing: /home/berry/HeartBeat/install/interfaces/share/interfaces/action/MoveToRight.idl
[175.110s] -- Installing: /home/berry/HeartBeat/install/interfaces/share/interfaces/action/GetStatus.idl
[175.111s] -- Installing: /home/berry/HeartBeat/install/interfaces/share/interfaces/action/BeltMove.idl
[175.112s] -- Installing: /home/berry/HeartBeat/install/interfaces/share/interfaces/action/BeltStop.idl
[175.114s] -- Installing: /home/berry/HeartBeat/install/interfaces/share/interfaces/action/Fetch.idl
[175.115s] -- Installing: /home/berry/HeartBeat/install/interfaces/share/interfaces/action/GripperOpen.idl
[175.116s] -- Installing: /home/berry/HeartBeat/install/interfaces/share/interfaces/action/HeadMove.idl
[175.118s] -- Installing: /home/berry/HeartBeat/install/interfaces/share/interfaces/action/MultipleTurn.idl
[175.120s] -- Installing: /home/berry/HeartBeat/install/interfaces/share/interfaces/msg/Arm1Heartbeat.idl
[175.121s] -- Installing: /home/berry/HeartBeat/install/interfaces/share/interfaces/msg/Arm2Heartbeat.idl
[175.122s] -- Installing: /home/berry/HeartBeat/install/interfaces/share/interfaces/action/Arm1Test.action
[175.123s] -- Installing: /home/berry/HeartBeat/install/interfaces/share/interfaces/action/Arm2Test.action
[175.125s] -- Installing: /home/berry/HeartBeat/install/interfaces/share/interfaces/action/StopTime.action
[175.126s] -- Installing: /home/berry/HeartBeat/install/interfaces/share/interfaces/action/MoveMood.action
[175.127s] -- Installing: /home/berry/HeartBeat/install/interfaces/share/interfaces/action/MoveTime.action
[175.129s] -- Installing: /home/berry/HeartBeat/install/interfaces/share/interfaces/action/IsMoving.action
[175.130s] -- Installing: /home/berry/HeartBeat/install/interfaces/share/interfaces/action/MoveToLeft.action
[175.131s] -- Installing: /home/berry/HeartBeat/install/interfaces/share/interfaces/action/MoveToRight.action
[175.133s] -- Installing: /home/berry/HeartBeat/install/interfaces/share/interfaces/action/GetStatus.action
[175.134s] -- Installing: /home/berry/HeartBeat/install/interfaces/share/interfaces/action/BeltMove.action
[175.135s] -- Installing: /home/berry/HeartBeat/install/interfaces/share/interfaces/action/BeltStop.action
[175.137s] -- Installing: /home/berry/HeartBeat/install/interfaces/share/interfaces/action/Fetch.action
[175.138s] -- Installing: /home/berry/HeartBeat/install/interfaces/share/interfaces/action/GripperOpen.action
[175.139s] -- Installing: /home/berry/HeartBeat/install/interfaces/share/interfaces/action/HeadMove.action
[175.141s] -- Installing: /home/berry/HeartBeat/install/interfaces/share/interfaces/action/MultipleTurn.action
[175.142s] -- Installing: /home/berry/HeartBeat/install/interfaces/share/interfaces/msg/Arm1Heartbeat.msg
[175.143s] -- Installing: /home/berry/HeartBeat/install/interfaces/share/interfaces/msg/Arm2Heartbeat.msg
[175.145s] -- Installing: /home/berry/HeartBeat/install/interfaces/share/ament_index/resource_index/package_run_dependencies/interfaces
[175.147s] -- Installing: /home/berry/HeartBeat/install/interfaces/share/ament_index/resource_index/parent_prefix_path/interfaces
[175.149s] -- Installing: /home/berry/HeartBeat/install/interfaces/share/interfaces/environment/ament_prefix_path.sh
[175.150s] -- Installing: /home/berry/HeartBeat/install/interfaces/share/interfaces/environment/ament_prefix_path.dsv
[175.152s] -- Installing: /home/berry/HeartBeat/install/interfaces/share/interfaces/environment/path.sh
[175.153s] -- Installing: /home/berry/HeartBeat/install/interfaces/share/interfaces/environment/path.dsv
[175.154s] -- Installing: /home/berry/HeartBeat/install/interfaces/share/interfaces/local_setup.bash
[175.156s] -- Installing: /home/berry/HeartBeat/install/interfaces/share/interfaces/local_setup.sh
[175.157s] -- Installing: /home/berry/HeartBeat/install/interfaces/share/interfaces/local_setup.zsh
[175.158s] -- Installing: /home/berry/HeartBeat/install/interfaces/share/interfaces/local_setup.dsv
[175.160s] -- Installing: /home/berry/HeartBeat/install/interfaces/share/interfaces/package.dsv
[175.161s] -- Installing: /home/berry/HeartBeat/install/interfaces/share/ament_index/resource_index/packages/interfaces
[175.163s] -- Installing: /home/berry/HeartBeat/install/interfaces/share/interfaces/cmake/export_interfaces__rosidl_generator_cExport.cmake
[175.165s] -- Installing: /home/berry/HeartBeat/install/interfaces/share/interfaces/cmake/export_interfaces__rosidl_generator_cExport-noconfig.cmake
[175.167s] -- Installing: /home/berry/HeartBeat/install/interfaces/share/interfaces/cmake/export_interfaces__rosidl_typesupport_fastrtps_cExport.cmake
[175.168s] -- Installing: /home/berry/HeartBeat/install/interfaces/share/interfaces/cmake/export_interfaces__rosidl_typesupport_fastrtps_cExport-noconfig.cmake
[175.170s] -- Installing: /home/berry/HeartBeat/install/interfaces/share/interfaces/cmake/interfaces__rosidl_typesupport_introspection_cExport.cmake
[175.172s] -- Installing: /home/berry/HeartBeat/install/interfaces/share/interfaces/cmake/interfaces__rosidl_typesupport_introspection_cExport-noconfig.cmake
[175.173s] -- Installing: /home/berry/HeartBeat/install/interfaces/share/interfaces/cmake/interfaces__rosidl_typesupport_cExport.cmake
[175.175s] -- Installing: /home/berry/HeartBeat/install/interfaces/share/interfaces/cmake/interfaces__rosidl_typesupport_cExport-noconfig.cmake
[175.177s] -- Installing: /home/berry/HeartBeat/install/interfaces/share/interfaces/cmake/export_interfaces__rosidl_generator_cppExport.cmake
[175.179s] -- Installing: /home/berry/HeartBeat/install/interfaces/share/interfaces/cmake/export_interfaces__rosidl_typesupport_fastrtps_cppExport.cmake
[175.180s] -- Installing: /home/berry/HeartBeat/install/interfaces/share/interfaces/cmake/export_interfaces__rosidl_typesupport_fastrtps_cppExport-noconfig.cmake
[175.182s] -- Installing: /home/berry/HeartBeat/install/interfaces/share/interfaces/cmake/interfaces__rosidl_typesupport_introspection_cppExport.cmake
[175.184s] -- Installing: /home/berry/HeartBeat/install/interfaces/share/interfaces/cmake/interfaces__rosidl_typesupport_introspection_cppExport-noconfig.cmake
[175.186s] -- Installing: /home/berry/HeartBeat/install/interfaces/share/interfaces/cmake/interfaces__rosidl_typesupport_cppExport.cmake
[175.187s] -- Installing: /home/berry/HeartBeat/install/interfaces/share/interfaces/cmake/interfaces__rosidl_typesupport_cppExport-noconfig.cmake
[175.189s] -- Installing: /home/berry/HeartBeat/install/interfaces/share/interfaces/cmake/export_interfaces__rosidl_generator_pyExport.cmake
[175.191s] -- Installing: /home/berry/HeartBeat/install/interfaces/share/interfaces/cmake/export_interfaces__rosidl_generator_pyExport-noconfig.cmake
[175.192s] -- Installing: /home/berry/HeartBeat/install/interfaces/share/interfaces/cmake/rosidl_cmake-extras.cmake
[175.194s] -- Installing: /home/berry/HeartBeat/install/interfaces/share/interfaces/cmake/ament_cmake_export_dependencies-extras.cmake
[175.195s] -- Installing: /home/berry/HeartBeat/install/interfaces/share/interfaces/cmake/ament_cmake_export_include_directories-extras.cmake
[175.197s] -- Installing: /home/berry/HeartBeat/install/interfaces/share/interfaces/cmake/ament_cmake_export_libraries-extras.cmake
[175.199s] -- Installing: /home/berry/HeartBeat/install/interfaces/share/interfaces/cmake/ament_cmake_export_targets-extras.cmake
[175.200s] -- Installing: /home/berry/HeartBeat/install/interfaces/share/interfaces/cmake/rosidl_cmake_export_typesupport_targets-extras.cmake
[175.202s] -- Installing: /home/berry/HeartBeat/install/interfaces/share/interfaces/cmake/rosidl_cmake_export_typesupport_libraries-extras.cmake
[175.203s] -- Installing: /home/berry/HeartBeat/install/interfaces/share/interfaces/cmake/interfacesConfig.cmake
[175.204s] -- Installing: /home/berry/HeartBeat/install/interfaces/share/interfaces/cmake/interfacesConfig-version.cmake
[175.206s] -- Installing: /home/berry/HeartBeat/install/interfaces/share/interfaces/package.xml
[175.216s] Invoked command in '/home/berry/HeartBeat/build/interfaces' returned '0': CMAKE_PREFIX_PATH=${CMAKE_PREFIX_PATH}:/home/berry/HeartBeat/install/track_server:/home/berry/HeartBeat/install/controller:/home/berry/HeartBeat/install/belt_short_server:/home/berry/HeartBeat/install/belt_long_server:/home/berry/RoArm/install/test1:/home/berry/RoArm/install/serial_ctrl:/home/berry/RoArm/install/pos_sub:/home/berry/RoArm/install/pos_pub:/home/berry/RoArm/install/pos_client:/home/berry/RoArm/install/Position_Sub:/home/berry/RoArm/install/Pos_Server:/home/berry/RoArm/install/Pos_Client:/home/berry/ices_ws/install/track_server:/home/berry/ices_ws/install/launch_test:/home/berry/ices_ws/install/control:/home/berry/ices_ws/install/c_arm:/home/berry/ices_ws/install/arm_server:/home/berry/ices_ws/install/belt_short_server:/home/berry/ices_ws/install/belt_short_client:/home/berry/ices_ws/install/belt_long_server:/opt/ros/humble /usr/bin/cmake --install /home/berry/HeartBeat/build/interfaces
