[4.544s] Invoking command in '/home/berry/HeartBeat/src/track_server': PYTHONPATH=/home/berry/HeartBeat/build/track_server/prefix_override:/usr/lib/python3/dist-packages/colcon_core/task/python/colcon_distutils_commands:/home/berry/HeartBeat/install/track_server/lib/python3.10/site-packages:${PYTHONPATH} /usr/bin/python3 -W ignore:setup.py install is deprecated setup.py egg_info --egg-base ../../build/track_server build --build-base /home/berry/HeartBeat/build/track_server/build install --record /home/berry/HeartBeat/build/track_server/install.log --single-version-externally-managed install_data
[6.987s] running egg_info
[6.990s] writing ../../build/track_server/track_server.egg-info/PKG-INFO
[6.991s] writing dependency_links to ../../build/track_server/track_server.egg-info/dependency_links.txt
[6.993s] writing entry points to ../../build/track_server/track_server.egg-info/entry_points.txt
[6.994s] writing requirements to ../../build/track_server/track_server.egg-info/requires.txt
[6.995s] writing top-level names to ../../build/track_server/track_server.egg-info/top_level.txt
[7.004s] reading manifest file '../../build/track_server/track_server.egg-info/SOURCES.txt'
[7.009s] writing manifest file '../../build/track_server/track_server.egg-info/SOURCES.txt'
[7.010s] running build
[7.010s] running build_py
[7.012s] running install
[7.014s] running install_lib
[7.022s] running install_data
[7.023s] running install_egg_info
[7.106s] removing '/home/berry/HeartBeat/install/track_server/lib/python3.10/site-packages/track_server-0.0.0-py3.10.egg-info' (and everything under it)
[7.108s] Copying ../../build/track_server/track_server.egg-info to /home/berry/HeartBeat/install/track_server/lib/python3.10/site-packages/track_server-0.0.0-py3.10.egg-info
[7.116s] running install_scripts
[7.261s] Installing track_server script to /home/berry/HeartBeat/install/track_server/lib/track_server
[7.264s] writing list of installed files to '/home/berry/HeartBeat/build/track_server/install.log'
[7.416s] Invoked command in '/home/berry/HeartBeat/src/track_server' returned '0': PYTHONPATH=/home/berry/HeartBeat/build/track_server/prefix_override:/usr/lib/python3/dist-packages/colcon_core/task/python/colcon_distutils_commands:/home/berry/HeartBeat/install/track_server/lib/python3.10/site-packages:${PYTHONPATH} /usr/bin/python3 -W ignore:setup.py install is deprecated setup.py egg_info --egg-base ../../build/track_server build --build-base /home/berry/HeartBeat/build/track_server/build install --record /home/berry/HeartBeat/build/track_server/install.log --single-version-externally-managed install_data
