[8.352s] Invoking command in '/home/berry/HeartBeat/src/controller': PYTHONPATH=/home/berry/HeartBeat/build/controller/prefix_override:/usr/lib/python3/dist-packages/colcon_core/task/python/colcon_distutils_commands:/home/berry/HeartBeat/install/controller/lib/python3.10/site-packages:${PYTHONPATH} /usr/bin/python3 -W ignore:setup.py install is deprecated setup.py egg_info --egg-base ../../build/controller build --build-base /home/berry/HeartBeat/build/controller/build install --record /home/berry/HeartBeat/build/controller/install.log --single-version-externally-managed install_data
[10.483s] running egg_info
[10.487s] creating ../../build/controller/controller.egg-info
[10.488s] writing ../../build/controller/controller.egg-info/PKG-INFO
[10.490s] writing dependency_links to ../../build/controller/controller.egg-info/dependency_links.txt
[10.492s] writing entry points to ../../build/controller/controller.egg-info/entry_points.txt
[10.493s] writing requirements to ../../build/controller/controller.egg-info/requires.txt
[10.494s] writing top-level names to ../../build/controller/controller.egg-info/top_level.txt
[10.496s] writing manifest file '../../build/controller/controller.egg-info/SOURCES.txt'
[10.512s] reading manifest file '../../build/controller/controller.egg-info/SOURCES.txt'
[10.517s] writing manifest file '../../build/controller/controller.egg-info/SOURCES.txt'
[10.518s] running build
[10.519s] running build_py
[10.520s] creating /home/berry/HeartBeat/build/controller/build
[10.522s] creating /home/berry/HeartBeat/build/controller/build/lib
[10.533s] creating /home/berry/HeartBeat/build/controller/build/lib/controller
[10.535s] copying controller/db.py -> /home/berry/HeartBeat/build/controller/build/lib/controller
[10.536s] copying controller/controller.py -> /home/berry/HeartBeat/build/controller/build/lib/controller
[10.537s] copying controller/__init__.py -> /home/berry/HeartBeat/build/controller/build/lib/controller
[10.538s] running install
[10.539s] running install_lib
[10.541s] creating /home/berry/HeartBeat/install/controller/lib/python3.10/site-packages/controller
[10.542s] copying /home/berry/HeartBeat/build/controller/build/lib/controller/db.py -> /home/berry/HeartBeat/install/controller/lib/python3.10/site-packages/controller
[10.544s] copying /home/berry/HeartBeat/build/controller/build/lib/controller/controller.py -> /home/berry/HeartBeat/install/controller/lib/python3.10/site-packages/controller
[10.546s] copying /home/berry/HeartBeat/build/controller/build/lib/controller/__init__.py -> /home/berry/HeartBeat/install/controller/lib/python3.10/site-packages/controller
[10.549s] byte-compiling /home/berry/HeartBeat/install/controller/lib/python3.10/site-packages/controller/db.py to db.cpython-310.pyc
[10.559s] byte-compiling /home/berry/HeartBeat/install/controller/lib/python3.10/site-packages/controller/controller.py to controller.cpython-310.pyc
[10.577s] byte-compiling /home/berry/HeartBeat/install/controller/lib/python3.10/site-packages/controller/__init__.py to __init__.cpython-310.pyc
[10.579s] running install_data
[10.580s] creating /home/berry/HeartBeat/install/controller/share/ament_index
[10.582s] creating /home/berry/HeartBeat/install/controller/share/ament_index/resource_index
[10.583s] creating /home/berry/HeartBeat/install/controller/share/ament_index/resource_index/packages
[10.584s] copying resource/controller -> /home/berry/HeartBeat/install/controller/share/ament_index/resource_index/packages
[10.586s] copying package.xml -> /home/berry/HeartBeat/install/controller/share/controller
[10.588s] running install_egg_info
[10.683s] Copying ../../build/controller/controller.egg-info to /home/berry/HeartBeat/install/controller/lib/python3.10/site-packages/controller-0.0.0-py3.10.egg-info
[10.692s] running install_scripts
[10.938s] writing list of installed files to '/home/berry/HeartBeat/build/controller/install.log'
[11.155s] Invoked command in '/home/berry/HeartBeat/src/controller' returned '0': PYTHONPATH=/home/berry/HeartBeat/build/controller/prefix_override:/usr/lib/python3/dist-packages/colcon_core/task/python/colcon_distutils_commands:/home/berry/HeartBeat/install/controller/lib/python3.10/site-packages:${PYTHONPATH} /usr/bin/python3 -W ignore:setup.py install is deprecated setup.py egg_info --egg-base ../../build/controller build --build-base /home/berry/HeartBeat/build/controller/build install --record /home/berry/HeartBeat/build/controller/install.log --single-version-externally-managed install_data
