[35m[1mConsolidate compiler generated dependencies of target interfaces_new__rosidl_generator_c[0m
[  0%] Built target interfaces_new__cpp
[35m[1mConsolidate compiler generated dependencies of target interfaces_new__rosidl_typesupport_cpp[0m
[35m[1mConsolidate compiler generated dependencies of target interfaces_new__rosidl_typesupport_fastrtps_cpp[0m
[ 12%] Built target interfaces_new__rosidl_generator_c
[ 12%] Built target ament_cmake_python_copy_interfaces_new
[35m[1mConsolidate compiler generated dependencies of target interfaces_new__rosidl_typesupport_introspection_cpp[0m
[ 24%] Built target interfaces_new__rosidl_typesupport_cpp
[35m[1mConsolidate compiler generated dependencies of target interfaces_new__rosidl_typesupport_fastrtps_c[0m
[ 36%] Built target interfaces_new__rosidl_typesupport_fastrtps_cpp
[ 48%] Built target interfaces_new__rosidl_typesupport_introspection_cpp
[35m[1mConsolidate compiler generated dependencies of target interfaces_new__rosidl_typesupport_introspection_c[0m
[35m[1mConsolidate compiler generated dependencies of target interfaces_new__rosidl_typesupport_c[0m
[ 60%] Built target interfaces_new__rosidl_typesupport_fastrtps_c
[ 72%] Built target interfaces_new__rosidl_typesupport_introspection_c
[ 84%] Built target interfaces_new__rosidl_typesupport_c
[ 84%] Built target interfaces_new
[ 85%] Built target interfaces_new__py
[35m[1mConsolidate compiler generated dependencies of target interfaces_new__rosidl_generator_py[0m
[ 96%] Built target interfaces_new__rosidl_generator_py
[35m[1mConsolidate compiler generated dependencies of target interfaces_new__rosidl_typesupport_fastrtps_c__pyext[0m
[35m[1mConsolidate compiler generated dependencies of target interfaces_new__rosidl_typesupport_introspection_c__pyext[0m
[35m[1mConsolidate compiler generated dependencies of target interfaces_new__rosidl_typesupport_c__pyext[0m
[ 97%] Built target interfaces_new__rosidl_typesupport_fastrtps_c__pyext
[ 99%] Built target interfaces_new__rosidl_typesupport_introspection_c__pyext
[100%] Built target interfaces_new__rosidl_typesupport_c__pyext
running egg_info
writing interfaces_new.egg-info/PKG-INFO
writing dependency_links to interfaces_new.egg-info/dependency_links.txt
writing top-level names to interfaces_new.egg-info/top_level.txt
reading manifest file 'interfaces_new.egg-info/SOURCES.txt'
writing manifest file 'interfaces_new.egg-info/SOURCES.txt'
[100%] Built target ament_cmake_python_build_interfaces_new_egg
-- Install configuration: ""
-- Up-to-date: /home/berry/HeartBeat/install/interfaces_new/share/ament_index/resource_index/rosidl_interfaces/interfaces_new
-- Up-to-date: /home/berry/HeartBeat/install/interfaces_new/include/interfaces_new/interfaces_new
-- Up-to-date: /home/berry/HeartBeat/install/interfaces_new/include/interfaces_new/interfaces_new/action
-- Up-to-date: /home/berry/HeartBeat/install/interfaces_new/include/interfaces_new/interfaces_new/action/head_move.h
-- Up-to-date: /home/berry/HeartBeat/install/interfaces_new/include/interfaces_new/interfaces_new/action/move_to_right.h
-- Up-to-date: /home/berry/HeartBeat/install/interfaces_new/include/interfaces_new/interfaces_new/action/detail
-- Up-to-date: /home/berry/HeartBeat/install/interfaces_new/include/interfaces_new/interfaces_new/action/detail/get_status__type_support.h
-- Up-to-date: /home/berry/HeartBeat/install/interfaces_new/include/interfaces_new/interfaces_new/action/detail/gripper_open__type_support.h
-- Up-to-date: /home/berry/HeartBeat/install/interfaces_new/include/interfaces_new/interfaces_new/action/detail/belt_move__struct.h
-- Up-to-date: /home/berry/HeartBeat/install/interfaces_new/include/interfaces_new/interfaces_new/action/detail/move_to_left__functions.c
-- Up-to-date: /home/berry/HeartBeat/install/interfaces_new/include/interfaces_new/interfaces_new/action/detail/is_moving__functions.c
-- Up-to-date: /home/berry/HeartBeat/install/interfaces_new/include/interfaces_new/interfaces_new/action/detail/move_to_right__type_support.h
-- Up-to-date: /home/berry/HeartBeat/install/interfaces_new/include/interfaces_new/interfaces_new/action/detail/move_time__type_support.h
-- Up-to-date: /home/berry/HeartBeat/install/interfaces_new/include/interfaces_new/interfaces_new/action/detail/arm1_test__functions.h
-- Up-to-date: /home/berry/HeartBeat/install/interfaces_new/include/interfaces_new/interfaces_new/action/detail/belt_stop__type_support.h
-- Up-to-date: /home/berry/HeartBeat/install/interfaces_new/include/interfaces_new/interfaces_new/action/detail/multiple_turn__struct.h
-- Up-to-date: /home/berry/HeartBeat/install/interfaces_new/include/interfaces_new/interfaces_new/action/detail/arm1_test__struct.h
-- Up-to-date: /home/berry/HeartBeat/install/interfaces_new/include/interfaces_new/interfaces_new/action/detail/arm1_test__type_support.h
-- Up-to-date: /home/berry/HeartBeat/install/interfaces_new/include/interfaces_new/interfaces_new/action/detail/move_to_left__functions.h
-- Up-to-date: /home/berry/HeartBeat/install/interfaces_new/include/interfaces_new/interfaces_new/action/detail/get_status__functions.c
-- Up-to-date: /home/berry/HeartBeat/install/interfaces_new/include/interfaces_new/interfaces_new/action/detail/stop_time__functions.c
-- Up-to-date: /home/berry/HeartBeat/install/interfaces_new/include/interfaces_new/interfaces_new/action/detail/move_mood__type_support.h
-- Up-to-date: /home/berry/HeartBeat/install/interfaces_new/include/interfaces_new/interfaces_new/action/detail/fetch__type_support.h
-- Up-to-date: /home/berry/HeartBeat/install/interfaces_new/include/interfaces_new/interfaces_new/action/detail/fetch__functions.h
-- Up-to-date: /home/berry/HeartBeat/install/interfaces_new/include/interfaces_new/interfaces_new/action/detail/belt_move__functions.h
-- Up-to-date: /home/berry/HeartBeat/install/interfaces_new/include/interfaces_new/interfaces_new/action/detail/move_to_left__type_support.h
-- Up-to-date: /home/berry/HeartBeat/install/interfaces_new/include/interfaces_new/interfaces_new/action/detail/head_move__type_support.h
-- Up-to-date: /home/berry/HeartBeat/install/interfaces_new/include/interfaces_new/interfaces_new/action/detail/move_mood__struct.h
-- Up-to-date: /home/berry/HeartBeat/install/interfaces_new/include/interfaces_new/interfaces_new/action/detail/multiple_turn__functions.h
-- Up-to-date: /home/berry/HeartBeat/install/interfaces_new/include/interfaces_new/interfaces_new/action/detail/head_move__functions.c
-- Up-to-date: /home/berry/HeartBeat/install/interfaces_new/include/interfaces_new/interfaces_new/action/detail/get_status__struct.h
-- Up-to-date: /home/berry/HeartBeat/install/interfaces_new/include/interfaces_new/interfaces_new/action/detail/belt_stop__functions.c
-- Up-to-date: /home/berry/HeartBeat/install/interfaces_new/include/interfaces_new/interfaces_new/action/detail/arm2_test__functions.c
-- Up-to-date: /home/berry/HeartBeat/install/interfaces_new/include/interfaces_new/interfaces_new/action/detail/belt_stop__functions.h
-- Up-to-date: /home/berry/HeartBeat/install/interfaces_new/include/interfaces_new/interfaces_new/action/detail/move_to_right__functions.h
-- Up-to-date: /home/berry/HeartBeat/install/interfaces_new/include/interfaces_new/interfaces_new/action/detail/head_move__struct.h
-- Up-to-date: /home/berry/HeartBeat/install/interfaces_new/include/interfaces_new/interfaces_new/action/detail/gripper_open__functions.h
-- Up-to-date: /home/berry/HeartBeat/install/interfaces_new/include/interfaces_new/interfaces_new/action/detail/stop_time__struct.h
-- Up-to-date: /home/berry/HeartBeat/install/interfaces_new/include/interfaces_new/interfaces_new/action/detail/arm2_test__struct.h
-- Up-to-date: /home/berry/HeartBeat/install/interfaces_new/include/interfaces_new/interfaces_new/action/detail/belt_move__type_support.h
-- Up-to-date: /home/berry/HeartBeat/install/interfaces_new/include/interfaces_new/interfaces_new/action/detail/belt_stop__struct.h
-- Up-to-date: /home/berry/HeartBeat/install/interfaces_new/include/interfaces_new/interfaces_new/action/detail/move_time__struct.h
-- Up-to-date: /home/berry/HeartBeat/install/interfaces_new/include/interfaces_new/interfaces_new/action/detail/move_to_left__struct.h
-- Up-to-date: /home/berry/HeartBeat/install/interfaces_new/include/interfaces_new/interfaces_new/action/detail/is_moving__type_support.h
-- Up-to-date: /home/berry/HeartBeat/install/interfaces_new/include/interfaces_new/interfaces_new/action/detail/multiple_turn__functions.c
-- Up-to-date: /home/berry/HeartBeat/install/interfaces_new/include/interfaces_new/interfaces_new/action/detail/multiple_turn__type_support.h
-- Up-to-date: /home/berry/HeartBeat/install/interfaces_new/include/interfaces_new/interfaces_new/action/detail/move_mood__functions.c
-- Up-to-date: /home/berry/HeartBeat/install/interfaces_new/include/interfaces_new/interfaces_new/action/detail/is_moving__struct.h
-- Up-to-date: /home/berry/HeartBeat/install/interfaces_new/include/interfaces_new/interfaces_new/action/detail/move_time__functions.c
-- Up-to-date: /home/berry/HeartBeat/install/interfaces_new/include/interfaces_new/interfaces_new/action/detail/stop_time__functions.h
-- Up-to-date: /home/berry/HeartBeat/install/interfaces_new/include/interfaces_new/interfaces_new/action/detail/move_time__functions.h
-- Up-to-date: /home/berry/HeartBeat/install/interfaces_new/include/interfaces_new/interfaces_new/action/detail/gripper_open__struct.h
-- Up-to-date: /home/berry/HeartBeat/install/interfaces_new/include/interfaces_new/interfaces_new/action/detail/is_moving__functions.h
-- Up-to-date: /home/berry/HeartBeat/install/interfaces_new/include/interfaces_new/interfaces_new/action/detail/head_move__functions.h
-- Up-to-date: /home/berry/HeartBeat/install/interfaces_new/include/interfaces_new/interfaces_new/action/detail/get_status__functions.h
-- Up-to-date: /home/berry/HeartBeat/install/interfaces_new/include/interfaces_new/interfaces_new/action/detail/belt_move__functions.c
-- Up-to-date: /home/berry/HeartBeat/install/interfaces_new/include/interfaces_new/interfaces_new/action/detail/arm2_test__type_support.h
-- Up-to-date: /home/berry/HeartBeat/install/interfaces_new/include/interfaces_new/interfaces_new/action/detail/fetch__struct.h
-- Up-to-date: /home/berry/HeartBeat/install/interfaces_new/include/interfaces_new/interfaces_new/action/detail/arm2_test__functions.h
-- Up-to-date: /home/berry/HeartBeat/install/interfaces_new/include/interfaces_new/interfaces_new/action/detail/move_to_right__struct.h
-- Up-to-date: /home/berry/HeartBeat/install/interfaces_new/include/interfaces_new/interfaces_new/action/detail/arm1_test__functions.c
-- Up-to-date: /home/berry/HeartBeat/install/interfaces_new/include/interfaces_new/interfaces_new/action/detail/fetch__functions.c
-- Up-to-date: /home/berry/HeartBeat/install/interfaces_new/include/interfaces_new/interfaces_new/action/detail/move_mood__functions.h
-- Up-to-date: /home/berry/HeartBeat/install/interfaces_new/include/interfaces_new/interfaces_new/action/detail/gripper_open__functions.c
-- Up-to-date: /home/berry/HeartBeat/install/interfaces_new/include/interfaces_new/interfaces_new/action/detail/stop_time__type_support.h
-- Up-to-date: /home/berry/HeartBeat/install/interfaces_new/include/interfaces_new/interfaces_new/action/detail/move_to_right__functions.c
-- Up-to-date: /home/berry/HeartBeat/install/interfaces_new/include/interfaces_new/interfaces_new/action/belt_stop.h
-- Up-to-date: /home/berry/HeartBeat/install/interfaces_new/include/interfaces_new/interfaces_new/action/is_moving.h
-- Up-to-date: /home/berry/HeartBeat/install/interfaces_new/include/interfaces_new/interfaces_new/action/move_mood.h
-- Up-to-date: /home/berry/HeartBeat/install/interfaces_new/include/interfaces_new/interfaces_new/action/move_to_left.h
-- Up-to-date: /home/berry/HeartBeat/install/interfaces_new/include/interfaces_new/interfaces_new/action/multiple_turn.h
-- Up-to-date: /home/berry/HeartBeat/install/interfaces_new/include/interfaces_new/interfaces_new/action/gripper_open.h
-- Up-to-date: /home/berry/HeartBeat/install/interfaces_new/include/interfaces_new/interfaces_new/action/get_status.h
-- Up-to-date: /home/berry/HeartBeat/install/interfaces_new/include/interfaces_new/interfaces_new/action/belt_move.h
-- Up-to-date: /home/berry/HeartBeat/install/interfaces_new/include/interfaces_new/interfaces_new/action/arm2_test.h
-- Up-to-date: /home/berry/HeartBeat/install/interfaces_new/include/interfaces_new/interfaces_new/action/fetch.h
-- Up-to-date: /home/berry/HeartBeat/install/interfaces_new/include/interfaces_new/interfaces_new/action/move_time.h
-- Up-to-date: /home/berry/HeartBeat/install/interfaces_new/include/interfaces_new/interfaces_new/action/arm1_test.h
-- Up-to-date: /home/berry/HeartBeat/install/interfaces_new/include/interfaces_new/interfaces_new/action/stop_time.h
-- Up-to-date: /home/berry/HeartBeat/install/interfaces_new/include/interfaces_new/interfaces_new/msg
-- Up-to-date: /home/berry/HeartBeat/install/interfaces_new/include/interfaces_new/interfaces_new/msg/detail
-- Up-to-date: /home/berry/HeartBeat/install/interfaces_new/include/interfaces_new/interfaces_new/msg/detail/arm2_heartbeat__functions.h
-- Up-to-date: /home/berry/HeartBeat/install/interfaces_new/include/interfaces_new/interfaces_new/msg/detail/arm2_heartbeat__struct.h
-- Up-to-date: /home/berry/HeartBeat/install/interfaces_new/include/interfaces_new/interfaces_new/msg/detail/arm2_heartbeat__type_support.h
-- Up-to-date: /home/berry/HeartBeat/install/interfaces_new/include/interfaces_new/interfaces_new/msg/detail/arm1_heartbeat__struct.h
-- Up-to-date: /home/berry/HeartBeat/install/interfaces_new/include/interfaces_new/interfaces_new/msg/detail/arm1_heartbeat__functions.h
-- Up-to-date: /home/berry/HeartBeat/install/interfaces_new/include/interfaces_new/interfaces_new/msg/detail/arm2_heartbeat__functions.c
-- Up-to-date: /home/berry/HeartBeat/install/interfaces_new/include/interfaces_new/interfaces_new/msg/detail/arm1_heartbeat__functions.c
-- Up-to-date: /home/berry/HeartBeat/install/interfaces_new/include/interfaces_new/interfaces_new/msg/detail/arm1_heartbeat__type_support.h
-- Up-to-date: /home/berry/HeartBeat/install/interfaces_new/include/interfaces_new/interfaces_new/msg/arm2_heartbeat.h
-- Up-to-date: /home/berry/HeartBeat/install/interfaces_new/include/interfaces_new/interfaces_new/msg/rosidl_generator_c__visibility_control.h
-- Up-to-date: /home/berry/HeartBeat/install/interfaces_new/include/interfaces_new/interfaces_new/msg/arm1_heartbeat.h
-- Up-to-date: /home/berry/HeartBeat/install/interfaces_new/share/interfaces_new/environment/library_path.sh
-- Up-to-date: /home/berry/HeartBeat/install/interfaces_new/share/interfaces_new/environment/library_path.dsv
-- Up-to-date: /home/berry/HeartBeat/install/interfaces_new/lib/libinterfaces_new__rosidl_generator_c.so
-- Up-to-date: /home/berry/HeartBeat/install/interfaces_new/include/interfaces_new/interfaces_new
-- Up-to-date: /home/berry/HeartBeat/install/interfaces_new/include/interfaces_new/interfaces_new/action
-- Up-to-date: /home/berry/HeartBeat/install/interfaces_new/include/interfaces_new/interfaces_new/action/detail
-- Up-to-date: /home/berry/HeartBeat/install/interfaces_new/include/interfaces_new/interfaces_new/action/detail/fetch__rosidl_typesupport_fastrtps_c.h
-- Up-to-date: /home/berry/HeartBeat/install/interfaces_new/include/interfaces_new/interfaces_new/action/detail/move_to_left__rosidl_typesupport_fastrtps_c.h
-- Up-to-date: /home/berry/HeartBeat/install/interfaces_new/include/interfaces_new/interfaces_new/action/detail/multiple_turn__rosidl_typesupport_fastrtps_c.h
-- Up-to-date: /home/berry/HeartBeat/install/interfaces_new/include/interfaces_new/interfaces_new/action/detail/arm2_test__rosidl_typesupport_fastrtps_c.h
-- Up-to-date: /home/berry/HeartBeat/install/interfaces_new/include/interfaces_new/interfaces_new/action/detail/head_move__rosidl_typesupport_fastrtps_c.h
-- Up-to-date: /home/berry/HeartBeat/install/interfaces_new/include/interfaces_new/interfaces_new/action/detail/belt_move__rosidl_typesupport_fastrtps_c.h
-- Up-to-date: /home/berry/HeartBeat/install/interfaces_new/include/interfaces_new/interfaces_new/action/detail/move_time__rosidl_typesupport_fastrtps_c.h
-- Up-to-date: /home/berry/HeartBeat/install/interfaces_new/include/interfaces_new/interfaces_new/action/detail/gripper_open__rosidl_typesupport_fastrtps_c.h
-- Up-to-date: /home/berry/HeartBeat/install/interfaces_new/include/interfaces_new/interfaces_new/action/detail/move_mood__rosidl_typesupport_fastrtps_c.h
-- Up-to-date: /home/berry/HeartBeat/install/interfaces_new/include/interfaces_new/interfaces_new/action/detail/stop_time__rosidl_typesupport_fastrtps_c.h
-- Up-to-date: /home/berry/HeartBeat/install/interfaces_new/include/interfaces_new/interfaces_new/action/detail/arm1_test__rosidl_typesupport_fastrtps_c.h
-- Up-to-date: /home/berry/HeartBeat/install/interfaces_new/include/interfaces_new/interfaces_new/action/detail/belt_stop__rosidl_typesupport_fastrtps_c.h
-- Up-to-date: /home/berry/HeartBeat/install/interfaces_new/include/interfaces_new/interfaces_new/action/detail/is_moving__rosidl_typesupport_fastrtps_c.h
-- Up-to-date: /home/berry/HeartBeat/install/interfaces_new/include/interfaces_new/interfaces_new/action/detail/get_status__rosidl_typesupport_fastrtps_c.h
-- Up-to-date: /home/berry/HeartBeat/install/interfaces_new/include/interfaces_new/interfaces_new/action/detail/move_to_right__rosidl_typesupport_fastrtps_c.h
-- Up-to-date: /home/berry/HeartBeat/install/interfaces_new/include/interfaces_new/interfaces_new/msg
-- Up-to-date: /home/berry/HeartBeat/install/interfaces_new/include/interfaces_new/interfaces_new/msg/detail
-- Up-to-date: /home/berry/HeartBeat/install/interfaces_new/include/interfaces_new/interfaces_new/msg/detail/arm2_heartbeat__rosidl_typesupport_fastrtps_c.h
-- Up-to-date: /home/berry/HeartBeat/install/interfaces_new/include/interfaces_new/interfaces_new/msg/detail/arm1_heartbeat__rosidl_typesupport_fastrtps_c.h
-- Up-to-date: /home/berry/HeartBeat/install/interfaces_new/include/interfaces_new/interfaces_new/msg/rosidl_typesupport_fastrtps_c__visibility_control.h
-- Up-to-date: /home/berry/HeartBeat/install/interfaces_new/lib/libinterfaces_new__rosidl_typesupport_fastrtps_c.so
-- Up-to-date: /home/berry/HeartBeat/install/interfaces_new/include/interfaces_new/interfaces_new
-- Up-to-date: /home/berry/HeartBeat/install/interfaces_new/include/interfaces_new/interfaces_new/action
-- Up-to-date: /home/berry/HeartBeat/install/interfaces_new/include/interfaces_new/interfaces_new/action/detail
-- Up-to-date: /home/berry/HeartBeat/install/interfaces_new/include/interfaces_new/interfaces_new/action/detail/multiple_turn__type_support.c
-- Up-to-date: /home/berry/HeartBeat/install/interfaces_new/include/interfaces_new/interfaces_new/action/detail/move_mood__rosidl_typesupport_introspection_c.h
-- Up-to-date: /home/berry/HeartBeat/install/interfaces_new/include/interfaces_new/interfaces_new/action/detail/belt_move__rosidl_typesupport_introspection_c.h
-- Up-to-date: /home/berry/HeartBeat/install/interfaces_new/include/interfaces_new/interfaces_new/action/detail/move_to_right__type_support.c
-- Up-to-date: /home/berry/HeartBeat/install/interfaces_new/include/interfaces_new/interfaces_new/action/detail/arm2_test__rosidl_typesupport_introspection_c.h
-- Up-to-date: /home/berry/HeartBeat/install/interfaces_new/include/interfaces_new/interfaces_new/action/detail/fetch__type_support.c
-- Up-to-date: /home/berry/HeartBeat/install/interfaces_new/include/interfaces_new/interfaces_new/action/detail/multiple_turn__rosidl_typesupport_introspection_c.h
-- Up-to-date: /home/berry/HeartBeat/install/interfaces_new/include/interfaces_new/interfaces_new/action/detail/arm1_test__type_support.c
-- Up-to-date: /home/berry/HeartBeat/install/interfaces_new/include/interfaces_new/interfaces_new/action/detail/gripper_open__type_support.c
-- Up-to-date: /home/berry/HeartBeat/install/interfaces_new/include/interfaces_new/interfaces_new/action/detail/move_mood__type_support.c
-- Up-to-date: /home/berry/HeartBeat/install/interfaces_new/include/interfaces_new/interfaces_new/action/detail/head_move__type_support.c
-- Up-to-date: /home/berry/HeartBeat/install/interfaces_new/include/interfaces_new/interfaces_new/action/detail/arm2_test__type_support.c
-- Up-to-date: /home/berry/HeartBeat/install/interfaces_new/include/interfaces_new/interfaces_new/action/detail/move_to_left__type_support.c
-- Up-to-date: /home/berry/HeartBeat/install/interfaces_new/include/interfaces_new/interfaces_new/action/detail/belt_stop__rosidl_typesupport_introspection_c.h
-- Up-to-date: /home/berry/HeartBeat/install/interfaces_new/include/interfaces_new/interfaces_new/action/detail/move_to_right__rosidl_typesupport_introspection_c.h
-- Up-to-date: /home/berry/HeartBeat/install/interfaces_new/include/interfaces_new/interfaces_new/action/detail/stop_time__type_support.c
-- Up-to-date: /home/berry/HeartBeat/install/interfaces_new/include/interfaces_new/interfaces_new/action/detail/get_status__rosidl_typesupport_introspection_c.h
-- Up-to-date: /home/berry/HeartBeat/install/interfaces_new/include/interfaces_new/interfaces_new/action/detail/arm1_test__rosidl_typesupport_introspection_c.h
-- Up-to-date: /home/berry/HeartBeat/install/interfaces_new/include/interfaces_new/interfaces_new/action/detail/is_moving__type_support.c
-- Up-to-date: /home/berry/HeartBeat/install/interfaces_new/include/interfaces_new/interfaces_new/action/detail/head_move__rosidl_typesupport_introspection_c.h
-- Up-to-date: /home/berry/HeartBeat/install/interfaces_new/include/interfaces_new/interfaces_new/action/detail/belt_stop__type_support.c
-- Up-to-date: /home/berry/HeartBeat/install/interfaces_new/include/interfaces_new/interfaces_new/action/detail/get_status__type_support.c
-- Up-to-date: /home/berry/HeartBeat/install/interfaces_new/include/interfaces_new/interfaces_new/action/detail/move_time__rosidl_typesupport_introspection_c.h
-- Up-to-date: /home/berry/HeartBeat/install/interfaces_new/include/interfaces_new/interfaces_new/action/detail/stop_time__rosidl_typesupport_introspection_c.h
-- Up-to-date: /home/berry/HeartBeat/install/interfaces_new/include/interfaces_new/interfaces_new/action/detail/move_time__type_support.c
-- Up-to-date: /home/berry/HeartBeat/install/interfaces_new/include/interfaces_new/interfaces_new/action/detail/move_to_left__rosidl_typesupport_introspection_c.h
-- Up-to-date: /home/berry/HeartBeat/install/interfaces_new/include/interfaces_new/interfaces_new/action/detail/is_moving__rosidl_typesupport_introspection_c.h
-- Up-to-date: /home/berry/HeartBeat/install/interfaces_new/include/interfaces_new/interfaces_new/action/detail/gripper_open__rosidl_typesupport_introspection_c.h
-- Up-to-date: /home/berry/HeartBeat/install/interfaces_new/include/interfaces_new/interfaces_new/action/detail/belt_move__type_support.c
-- Up-to-date: /home/berry/HeartBeat/install/interfaces_new/include/interfaces_new/interfaces_new/action/detail/fetch__rosidl_typesupport_introspection_c.h
-- Up-to-date: /home/berry/HeartBeat/install/interfaces_new/include/interfaces_new/interfaces_new/msg
-- Up-to-date: /home/berry/HeartBeat/install/interfaces_new/include/interfaces_new/interfaces_new/msg/detail
-- Up-to-date: /home/berry/HeartBeat/install/interfaces_new/include/interfaces_new/interfaces_new/msg/detail/arm1_heartbeat__rosidl_typesupport_introspection_c.h
-- Up-to-date: /home/berry/HeartBeat/install/interfaces_new/include/interfaces_new/interfaces_new/msg/detail/arm1_heartbeat__type_support.c
-- Up-to-date: /home/berry/HeartBeat/install/interfaces_new/include/interfaces_new/interfaces_new/msg/detail/arm2_heartbeat__type_support.c
-- Up-to-date: /home/berry/HeartBeat/install/interfaces_new/include/interfaces_new/interfaces_new/msg/detail/arm2_heartbeat__rosidl_typesupport_introspection_c.h
-- Up-to-date: /home/berry/HeartBeat/install/interfaces_new/include/interfaces_new/interfaces_new/msg/rosidl_typesupport_introspection_c__visibility_control.h
-- Up-to-date: /home/berry/HeartBeat/install/interfaces_new/lib/libinterfaces_new__rosidl_typesupport_introspection_c.so
-- Up-to-date: /home/berry/HeartBeat/install/interfaces_new/lib/libinterfaces_new__rosidl_typesupport_c.so
-- Up-to-date: /home/berry/HeartBeat/install/interfaces_new/include/interfaces_new/interfaces_new
-- Up-to-date: /home/berry/HeartBeat/install/interfaces_new/include/interfaces_new/interfaces_new/action
-- Up-to-date: /home/berry/HeartBeat/install/interfaces_new/include/interfaces_new/interfaces_new/action/move_mood.hpp
-- Up-to-date: /home/berry/HeartBeat/install/interfaces_new/include/interfaces_new/interfaces_new/action/detail
-- Up-to-date: /home/berry/HeartBeat/install/interfaces_new/include/interfaces_new/interfaces_new/action/detail/belt_stop__struct.hpp
-- Up-to-date: /home/berry/HeartBeat/install/interfaces_new/include/interfaces_new/interfaces_new/action/detail/belt_move__struct.hpp
-- Up-to-date: /home/berry/HeartBeat/install/interfaces_new/include/interfaces_new/interfaces_new/action/detail/move_to_right__builder.hpp
-- Up-to-date: /home/berry/HeartBeat/install/interfaces_new/include/interfaces_new/interfaces_new/action/detail/move_to_left__traits.hpp
-- Up-to-date: /home/berry/HeartBeat/install/interfaces_new/include/interfaces_new/interfaces_new/action/detail/move_time__struct.hpp
-- Up-to-date: /home/berry/HeartBeat/install/interfaces_new/include/interfaces_new/interfaces_new/action/detail/move_to_right__struct.hpp
-- Up-to-date: /home/berry/HeartBeat/install/interfaces_new/include/interfaces_new/interfaces_new/action/detail/move_time__builder.hpp
-- Up-to-date: /home/berry/HeartBeat/install/interfaces_new/include/interfaces_new/interfaces_new/action/detail/move_time__traits.hpp
-- Up-to-date: /home/berry/HeartBeat/install/interfaces_new/include/interfaces_new/interfaces_new/action/detail/move_mood__builder.hpp
-- Up-to-date: /home/berry/HeartBeat/install/interfaces_new/include/interfaces_new/interfaces_new/action/detail/fetch__traits.hpp
-- Up-to-date: /home/berry/HeartBeat/install/interfaces_new/include/interfaces_new/interfaces_new/action/detail/belt_move__builder.hpp
-- Up-to-date: /home/berry/HeartBeat/install/interfaces_new/include/interfaces_new/interfaces_new/action/detail/move_to_right__traits.hpp
-- Up-to-date: /home/berry/HeartBeat/install/interfaces_new/include/interfaces_new/interfaces_new/action/detail/is_moving__struct.hpp
-- Up-to-date: /home/berry/HeartBeat/install/interfaces_new/include/interfaces_new/interfaces_new/action/detail/get_status__struct.hpp
-- Up-to-date: /home/berry/HeartBeat/install/interfaces_new/include/interfaces_new/interfaces_new/action/detail/get_status__builder.hpp
-- Up-to-date: /home/berry/HeartBeat/install/interfaces_new/include/interfaces_new/interfaces_new/action/detail/gripper_open__traits.hpp
-- Up-to-date: /home/berry/HeartBeat/install/interfaces_new/include/interfaces_new/interfaces_new/action/detail/is_moving__builder.hpp
-- Up-to-date: /home/berry/HeartBeat/install/interfaces_new/include/interfaces_new/interfaces_new/action/detail/move_mood__traits.hpp
-- Up-to-date: /home/berry/HeartBeat/install/interfaces_new/include/interfaces_new/interfaces_new/action/detail/head_move__struct.hpp
-- Up-to-date: /home/berry/HeartBeat/install/interfaces_new/include/interfaces_new/interfaces_new/action/detail/multiple_turn__struct.hpp
-- Up-to-date: /home/berry/HeartBeat/install/interfaces_new/include/interfaces_new/interfaces_new/action/detail/arm2_test__builder.hpp
-- Up-to-date: /home/berry/HeartBeat/install/interfaces_new/include/interfaces_new/interfaces_new/action/detail/stop_time__builder.hpp
-- Up-to-date: /home/berry/HeartBeat/install/interfaces_new/include/interfaces_new/interfaces_new/action/detail/arm1_test__builder.hpp
-- Up-to-date: /home/berry/HeartBeat/install/interfaces_new/include/interfaces_new/interfaces_new/action/detail/move_mood__struct.hpp
-- Up-to-date: /home/berry/HeartBeat/install/interfaces_new/include/interfaces_new/interfaces_new/action/detail/head_move__builder.hpp
-- Up-to-date: /home/berry/HeartBeat/install/interfaces_new/include/interfaces_new/interfaces_new/action/detail/is_moving__traits.hpp
-- Up-to-date: /home/berry/HeartBeat/install/interfaces_new/include/interfaces_new/interfaces_new/action/detail/stop_time__traits.hpp
-- Up-to-date: /home/berry/HeartBeat/install/interfaces_new/include/interfaces_new/interfaces_new/action/detail/belt_stop__builder.hpp
-- Up-to-date: /home/berry/HeartBeat/install/interfaces_new/include/interfaces_new/interfaces_new/action/detail/arm2_test__struct.hpp
-- Up-to-date: /home/berry/HeartBeat/install/interfaces_new/include/interfaces_new/interfaces_new/action/detail/gripper_open__builder.hpp
-- Up-to-date: /home/berry/HeartBeat/install/interfaces_new/include/interfaces_new/interfaces_new/action/detail/belt_move__traits.hpp
-- Up-to-date: /home/berry/HeartBeat/install/interfaces_new/include/interfaces_new/interfaces_new/action/detail/fetch__builder.hpp
-- Up-to-date: /home/berry/HeartBeat/install/interfaces_new/include/interfaces_new/interfaces_new/action/detail/move_to_left__struct.hpp
-- Up-to-date: /home/berry/HeartBeat/install/interfaces_new/include/interfaces_new/interfaces_new/action/detail/belt_stop__traits.hpp
-- Up-to-date: /home/berry/HeartBeat/install/interfaces_new/include/interfaces_new/interfaces_new/action/detail/multiple_turn__builder.hpp
-- Up-to-date: /home/berry/HeartBeat/install/interfaces_new/include/interfaces_new/interfaces_new/action/detail/gripper_open__struct.hpp
-- Up-to-date: /home/berry/HeartBeat/install/interfaces_new/include/interfaces_new/interfaces_new/action/detail/arm2_test__traits.hpp
-- Up-to-date: /home/berry/HeartBeat/install/interfaces_new/include/interfaces_new/interfaces_new/action/detail/fetch__struct.hpp
-- Up-to-date: /home/berry/HeartBeat/install/interfaces_new/include/interfaces_new/interfaces_new/action/detail/head_move__traits.hpp
-- Up-to-date: /home/berry/HeartBeat/install/interfaces_new/include/interfaces_new/interfaces_new/action/detail/move_to_left__builder.hpp
-- Up-to-date: /home/berry/HeartBeat/install/interfaces_new/include/interfaces_new/interfaces_new/action/detail/arm1_test__struct.hpp
-- Up-to-date: /home/berry/HeartBeat/install/interfaces_new/include/interfaces_new/interfaces_new/action/detail/get_status__traits.hpp
-- Up-to-date: /home/berry/HeartBeat/install/interfaces_new/include/interfaces_new/interfaces_new/action/detail/multiple_turn__traits.hpp
-- Up-to-date: /home/berry/HeartBeat/install/interfaces_new/include/interfaces_new/interfaces_new/action/detail/stop_time__struct.hpp
-- Up-to-date: /home/berry/HeartBeat/install/interfaces_new/include/interfaces_new/interfaces_new/action/detail/arm1_test__traits.hpp
-- Up-to-date: /home/berry/HeartBeat/install/interfaces_new/include/interfaces_new/interfaces_new/action/belt_stop.hpp
-- Up-to-date: /home/berry/HeartBeat/install/interfaces_new/include/interfaces_new/interfaces_new/action/multiple_turn.hpp
-- Up-to-date: /home/berry/HeartBeat/install/interfaces_new/include/interfaces_new/interfaces_new/action/move_to_left.hpp
-- Up-to-date: /home/berry/HeartBeat/install/interfaces_new/include/interfaces_new/interfaces_new/action/get_status.hpp
-- Up-to-date: /home/berry/HeartBeat/install/interfaces_new/include/interfaces_new/interfaces_new/action/is_moving.hpp
-- Up-to-date: /home/berry/HeartBeat/install/interfaces_new/include/interfaces_new/interfaces_new/action/head_move.hpp
-- Up-to-date: /home/berry/HeartBeat/install/interfaces_new/include/interfaces_new/interfaces_new/action/move_time.hpp
-- Up-to-date: /home/berry/HeartBeat/install/interfaces_new/include/interfaces_new/interfaces_new/action/move_to_right.hpp
-- Up-to-date: /home/berry/HeartBeat/install/interfaces_new/include/interfaces_new/interfaces_new/action/gripper_open.hpp
-- Up-to-date: /home/berry/HeartBeat/install/interfaces_new/include/interfaces_new/interfaces_new/action/belt_move.hpp
-- Up-to-date: /home/berry/HeartBeat/install/interfaces_new/include/interfaces_new/interfaces_new/action/arm1_test.hpp
-- Up-to-date: /home/berry/HeartBeat/install/interfaces_new/include/interfaces_new/interfaces_new/action/fetch.hpp
-- Up-to-date: /home/berry/HeartBeat/install/interfaces_new/include/interfaces_new/interfaces_new/action/arm2_test.hpp
-- Up-to-date: /home/berry/HeartBeat/install/interfaces_new/include/interfaces_new/interfaces_new/action/stop_time.hpp
-- Up-to-date: /home/berry/HeartBeat/install/interfaces_new/include/interfaces_new/interfaces_new/msg
-- Up-to-date: /home/berry/HeartBeat/install/interfaces_new/include/interfaces_new/interfaces_new/msg/detail
-- Up-to-date: /home/berry/HeartBeat/install/interfaces_new/include/interfaces_new/interfaces_new/msg/detail/arm1_heartbeat__struct.hpp
-- Up-to-date: /home/berry/HeartBeat/install/interfaces_new/include/interfaces_new/interfaces_new/msg/detail/arm1_heartbeat__traits.hpp
-- Up-to-date: /home/berry/HeartBeat/install/interfaces_new/include/interfaces_new/interfaces_new/msg/detail/arm2_heartbeat__builder.hpp
-- Up-to-date: /home/berry/HeartBeat/install/interfaces_new/include/interfaces_new/interfaces_new/msg/detail/arm1_heartbeat__builder.hpp
-- Up-to-date: /home/berry/HeartBeat/install/interfaces_new/include/interfaces_new/interfaces_new/msg/detail/arm2_heartbeat__traits.hpp
-- Up-to-date: /home/berry/HeartBeat/install/interfaces_new/include/interfaces_new/interfaces_new/msg/detail/arm2_heartbeat__struct.hpp
-- Up-to-date: /home/berry/HeartBeat/install/interfaces_new/include/interfaces_new/interfaces_new/msg/arm2_heartbeat.hpp
-- Up-to-date: /home/berry/HeartBeat/install/interfaces_new/include/interfaces_new/interfaces_new/msg/arm1_heartbeat.hpp
-- Up-to-date: /home/berry/HeartBeat/install/interfaces_new/include/interfaces_new/interfaces_new
-- Up-to-date: /home/berry/HeartBeat/install/interfaces_new/include/interfaces_new/interfaces_new/action
-- Up-to-date: /home/berry/HeartBeat/install/interfaces_new/include/interfaces_new/interfaces_new/action/detail
-- Up-to-date: /home/berry/HeartBeat/install/interfaces_new/include/interfaces_new/interfaces_new/action/detail/head_move__rosidl_typesupport_fastrtps_cpp.hpp
-- Up-to-date: /home/berry/HeartBeat/install/interfaces_new/include/interfaces_new/interfaces_new/action/detail/gripper_open__rosidl_typesupport_fastrtps_cpp.hpp
-- Up-to-date: /home/berry/HeartBeat/install/interfaces_new/include/interfaces_new/interfaces_new/action/detail/move_to_left__rosidl_typesupport_fastrtps_cpp.hpp
-- Up-to-date: /home/berry/HeartBeat/install/interfaces_new/include/interfaces_new/interfaces_new/action/detail/arm1_test__rosidl_typesupport_fastrtps_cpp.hpp
-- Up-to-date: /home/berry/HeartBeat/install/interfaces_new/include/interfaces_new/interfaces_new/action/detail/is_moving__rosidl_typesupport_fastrtps_cpp.hpp
-- Up-to-date: /home/berry/HeartBeat/install/interfaces_new/include/interfaces_new/interfaces_new/action/detail/arm2_test__rosidl_typesupport_fastrtps_cpp.hpp
-- Up-to-date: /home/berry/HeartBeat/install/interfaces_new/include/interfaces_new/interfaces_new/action/detail/move_time__rosidl_typesupport_fastrtps_cpp.hpp
-- Up-to-date: /home/berry/HeartBeat/install/interfaces_new/include/interfaces_new/interfaces_new/action/detail/get_status__rosidl_typesupport_fastrtps_cpp.hpp
-- Up-to-date: /home/berry/HeartBeat/install/interfaces_new/include/interfaces_new/interfaces_new/action/detail/fetch__rosidl_typesupport_fastrtps_cpp.hpp
-- Up-to-date: /home/berry/HeartBeat/install/interfaces_new/include/interfaces_new/interfaces_new/action/detail/multiple_turn__rosidl_typesupport_fastrtps_cpp.hpp
-- Up-to-date: /home/berry/HeartBeat/install/interfaces_new/include/interfaces_new/interfaces_new/action/detail/stop_time__rosidl_typesupport_fastrtps_cpp.hpp
-- Up-to-date: /home/berry/HeartBeat/install/interfaces_new/include/interfaces_new/interfaces_new/action/detail/move_to_right__rosidl_typesupport_fastrtps_cpp.hpp
-- Up-to-date: /home/berry/HeartBeat/install/interfaces_new/include/interfaces_new/interfaces_new/action/detail/dds_fastrtps
-- Up-to-date: /home/berry/HeartBeat/install/interfaces_new/include/interfaces_new/interfaces_new/action/detail/belt_move__rosidl_typesupport_fastrtps_cpp.hpp
-- Up-to-date: /home/berry/HeartBeat/install/interfaces_new/include/interfaces_new/interfaces_new/action/detail/belt_stop__rosidl_typesupport_fastrtps_cpp.hpp
-- Up-to-date: /home/berry/HeartBeat/install/interfaces_new/include/interfaces_new/interfaces_new/action/detail/move_mood__rosidl_typesupport_fastrtps_cpp.hpp
-- Up-to-date: /home/berry/HeartBeat/install/interfaces_new/include/interfaces_new/interfaces_new/msg
-- Up-to-date: /home/berry/HeartBeat/install/interfaces_new/include/interfaces_new/interfaces_new/msg/detail
-- Up-to-date: /home/berry/HeartBeat/install/interfaces_new/include/interfaces_new/interfaces_new/msg/detail/dds_fastrtps
-- Up-to-date: /home/berry/HeartBeat/install/interfaces_new/include/interfaces_new/interfaces_new/msg/detail/arm1_heartbeat__rosidl_typesupport_fastrtps_cpp.hpp
-- Up-to-date: /home/berry/HeartBeat/install/interfaces_new/include/interfaces_new/interfaces_new/msg/detail/arm2_heartbeat__rosidl_typesupport_fastrtps_cpp.hpp
-- Up-to-date: /home/berry/HeartBeat/install/interfaces_new/include/interfaces_new/interfaces_new/msg/rosidl_typesupport_fastrtps_cpp__visibility_control.h
-- Up-to-date: /home/berry/HeartBeat/install/interfaces_new/lib/libinterfaces_new__rosidl_typesupport_fastrtps_cpp.so
-- Up-to-date: /home/berry/HeartBeat/install/interfaces_new/include/interfaces_new/interfaces_new
-- Up-to-date: /home/berry/HeartBeat/install/interfaces_new/include/interfaces_new/interfaces_new/action
-- Up-to-date: /home/berry/HeartBeat/install/interfaces_new/include/interfaces_new/interfaces_new/action/detail
-- Up-to-date: /home/berry/HeartBeat/install/interfaces_new/include/interfaces_new/interfaces_new/action/detail/arm2_test__rosidl_typesupport_introspection_cpp.hpp
-- Up-to-date: /home/berry/HeartBeat/install/interfaces_new/include/interfaces_new/interfaces_new/action/detail/head_move__type_support.cpp
-- Up-to-date: /home/berry/HeartBeat/install/interfaces_new/include/interfaces_new/interfaces_new/action/detail/move_to_left__type_support.cpp
-- Up-to-date: /home/berry/HeartBeat/install/interfaces_new/include/interfaces_new/interfaces_new/action/detail/get_status__type_support.cpp
-- Up-to-date: /home/berry/HeartBeat/install/interfaces_new/include/interfaces_new/interfaces_new/action/detail/stop_time__type_support.cpp
-- Up-to-date: /home/berry/HeartBeat/install/interfaces_new/include/interfaces_new/interfaces_new/action/detail/stop_time__rosidl_typesupport_introspection_cpp.hpp
-- Up-to-date: /home/berry/HeartBeat/install/interfaces_new/include/interfaces_new/interfaces_new/action/detail/gripper_open__rosidl_typesupport_introspection_cpp.hpp
-- Up-to-date: /home/berry/HeartBeat/install/interfaces_new/include/interfaces_new/interfaces_new/action/detail/head_move__rosidl_typesupport_introspection_cpp.hpp
-- Up-to-date: /home/berry/HeartBeat/install/interfaces_new/include/interfaces_new/interfaces_new/action/detail/belt_stop__type_support.cpp
-- Up-to-date: /home/berry/HeartBeat/install/interfaces_new/include/interfaces_new/interfaces_new/action/detail/belt_move__type_support.cpp
-- Up-to-date: /home/berry/HeartBeat/install/interfaces_new/include/interfaces_new/interfaces_new/action/detail/multiple_turn__rosidl_typesupport_introspection_cpp.hpp
-- Up-to-date: /home/berry/HeartBeat/install/interfaces_new/include/interfaces_new/interfaces_new/action/detail/move_to_right__type_support.cpp
-- Up-to-date: /home/berry/HeartBeat/install/interfaces_new/include/interfaces_new/interfaces_new/action/detail/arm1_test__type_support.cpp
-- Up-to-date: /home/berry/HeartBeat/install/interfaces_new/include/interfaces_new/interfaces_new/action/detail/move_to_left__rosidl_typesupport_introspection_cpp.hpp
-- Up-to-date: /home/berry/HeartBeat/install/interfaces_new/include/interfaces_new/interfaces_new/action/detail/gripper_open__type_support.cpp
-- Up-to-date: /home/berry/HeartBeat/install/interfaces_new/include/interfaces_new/interfaces_new/action/detail/fetch__type_support.cpp
-- Up-to-date: /home/berry/HeartBeat/install/interfaces_new/include/interfaces_new/interfaces_new/action/detail/move_mood__type_support.cpp
-- Up-to-date: /home/berry/HeartBeat/install/interfaces_new/include/interfaces_new/interfaces_new/action/detail/move_to_right__rosidl_typesupport_introspection_cpp.hpp
-- Up-to-date: /home/berry/HeartBeat/install/interfaces_new/include/interfaces_new/interfaces_new/action/detail/is_moving__rosidl_typesupport_introspection_cpp.hpp
-- Up-to-date: /home/berry/HeartBeat/install/interfaces_new/include/interfaces_new/interfaces_new/action/detail/belt_move__rosidl_typesupport_introspection_cpp.hpp
-- Up-to-date: /home/berry/HeartBeat/install/interfaces_new/include/interfaces_new/interfaces_new/action/detail/multiple_turn__type_support.cpp
-- Up-to-date: /home/berry/HeartBeat/install/interfaces_new/include/interfaces_new/interfaces_new/action/detail/get_status__rosidl_typesupport_introspection_cpp.hpp
-- Up-to-date: /home/berry/HeartBeat/install/interfaces_new/include/interfaces_new/interfaces_new/action/detail/is_moving__type_support.cpp
-- Up-to-date: /home/berry/HeartBeat/install/interfaces_new/include/interfaces_new/interfaces_new/action/detail/arm2_test__type_support.cpp
-- Up-to-date: /home/berry/HeartBeat/install/interfaces_new/include/interfaces_new/interfaces_new/action/detail/move_mood__rosidl_typesupport_introspection_cpp.hpp
-- Up-to-date: /home/berry/HeartBeat/install/interfaces_new/include/interfaces_new/interfaces_new/action/detail/belt_stop__rosidl_typesupport_introspection_cpp.hpp
-- Up-to-date: /home/berry/HeartBeat/install/interfaces_new/include/interfaces_new/interfaces_new/action/detail/move_time__rosidl_typesupport_introspection_cpp.hpp
-- Up-to-date: /home/berry/HeartBeat/install/interfaces_new/include/interfaces_new/interfaces_new/action/detail/move_time__type_support.cpp
-- Up-to-date: /home/berry/HeartBeat/install/interfaces_new/include/interfaces_new/interfaces_new/action/detail/fetch__rosidl_typesupport_introspection_cpp.hpp
-- Up-to-date: /home/berry/HeartBeat/install/interfaces_new/include/interfaces_new/interfaces_new/action/detail/arm1_test__rosidl_typesupport_introspection_cpp.hpp
-- Up-to-date: /home/berry/HeartBeat/install/interfaces_new/include/interfaces_new/interfaces_new/msg
-- Up-to-date: /home/berry/HeartBeat/install/interfaces_new/include/interfaces_new/interfaces_new/msg/detail
-- Up-to-date: /home/berry/HeartBeat/install/interfaces_new/include/interfaces_new/interfaces_new/msg/detail/arm2_heartbeat__rosidl_typesupport_introspection_cpp.hpp
-- Up-to-date: /home/berry/HeartBeat/install/interfaces_new/include/interfaces_new/interfaces_new/msg/detail/arm1_heartbeat__rosidl_typesupport_introspection_cpp.hpp
-- Up-to-date: /home/berry/HeartBeat/install/interfaces_new/include/interfaces_new/interfaces_new/msg/detail/arm2_heartbeat__type_support.cpp
-- Up-to-date: /home/berry/HeartBeat/install/interfaces_new/include/interfaces_new/interfaces_new/msg/detail/arm1_heartbeat__type_support.cpp
-- Up-to-date: /home/berry/HeartBeat/install/interfaces_new/lib/libinterfaces_new__rosidl_typesupport_introspection_cpp.so
-- Up-to-date: /home/berry/HeartBeat/install/interfaces_new/lib/libinterfaces_new__rosidl_typesupport_cpp.so
-- Up-to-date: /home/berry/HeartBeat/install/interfaces_new/share/interfaces_new/environment/pythonpath.sh
-- Up-to-date: /home/berry/HeartBeat/install/interfaces_new/share/interfaces_new/environment/pythonpath.dsv
-- Up-to-date: /home/berry/HeartBeat/install/interfaces_new/local/lib/python3.10/dist-packages/interfaces_new-0.0.0-py3.10.egg-info
-- Installing: /home/berry/HeartBeat/install/interfaces_new/local/lib/python3.10/dist-packages/interfaces_new-0.0.0-py3.10.egg-info/dependency_links.txt
-- Installing: /home/berry/HeartBeat/install/interfaces_new/local/lib/python3.10/dist-packages/interfaces_new-0.0.0-py3.10.egg-info/top_level.txt
-- Installing: /home/berry/HeartBeat/install/interfaces_new/local/lib/python3.10/dist-packages/interfaces_new-0.0.0-py3.10.egg-info/SOURCES.txt
-- Installing: /home/berry/HeartBeat/install/interfaces_new/local/lib/python3.10/dist-packages/interfaces_new-0.0.0-py3.10.egg-info/PKG-INFO
-- Up-to-date: /home/berry/HeartBeat/install/interfaces_new/local/lib/python3.10/dist-packages/interfaces_new
-- Up-to-date: /home/berry/HeartBeat/install/interfaces_new/local/lib/python3.10/dist-packages/interfaces_new/interfaces_new_s__rosidl_typesupport_fastrtps_c.cpython-310-aarch64-linux-gnu.so
-- Up-to-date: /home/berry/HeartBeat/install/interfaces_new/local/lib/python3.10/dist-packages/interfaces_new/action
-- Up-to-date: /home/berry/HeartBeat/install/interfaces_new/local/lib/python3.10/dist-packages/interfaces_new/action/_move_to_right_s.c
-- Up-to-date: /home/berry/HeartBeat/install/interfaces_new/local/lib/python3.10/dist-packages/interfaces_new/action/_fetch_s.c
-- Up-to-date: /home/berry/HeartBeat/install/interfaces_new/local/lib/python3.10/dist-packages/interfaces_new/action/_arm2_test_s.c
-- Up-to-date: /home/berry/HeartBeat/install/interfaces_new/local/lib/python3.10/dist-packages/interfaces_new/action/_belt_stop.py
-- Up-to-date: /home/berry/HeartBeat/install/interfaces_new/local/lib/python3.10/dist-packages/interfaces_new/action/_get_status.py
-- Up-to-date: /home/berry/HeartBeat/install/interfaces_new/local/lib/python3.10/dist-packages/interfaces_new/action/_belt_stop_s.c
-- Up-to-date: /home/berry/HeartBeat/install/interfaces_new/local/lib/python3.10/dist-packages/interfaces_new/action/_belt_move.py
-- Up-to-date: /home/berry/HeartBeat/install/interfaces_new/local/lib/python3.10/dist-packages/interfaces_new/action/_move_to_right.py
-- Up-to-date: /home/berry/HeartBeat/install/interfaces_new/local/lib/python3.10/dist-packages/interfaces_new/action/_move_mood.py
-- Up-to-date: /home/berry/HeartBeat/install/interfaces_new/local/lib/python3.10/dist-packages/interfaces_new/action/_arm2_test.py
-- Up-to-date: /home/berry/HeartBeat/install/interfaces_new/local/lib/python3.10/dist-packages/interfaces_new/action/_belt_move_s.c
-- Up-to-date: /home/berry/HeartBeat/install/interfaces_new/local/lib/python3.10/dist-packages/interfaces_new/action/_move_mood_s.c
-- Up-to-date: /home/berry/HeartBeat/install/interfaces_new/local/lib/python3.10/dist-packages/interfaces_new/action/_fetch.py
-- Up-to-date: /home/berry/HeartBeat/install/interfaces_new/local/lib/python3.10/dist-packages/interfaces_new/action/_move_time.py
-- Up-to-date: /home/berry/HeartBeat/install/interfaces_new/local/lib/python3.10/dist-packages/interfaces_new/action/_gripper_open.py
-- Up-to-date: /home/berry/HeartBeat/install/interfaces_new/local/lib/python3.10/dist-packages/interfaces_new/action/_stop_time_s.c
-- Up-to-date: /home/berry/HeartBeat/install/interfaces_new/local/lib/python3.10/dist-packages/interfaces_new/action/_move_time_s.c
-- Up-to-date: /home/berry/HeartBeat/install/interfaces_new/local/lib/python3.10/dist-packages/interfaces_new/action/_arm1_test.py
-- Up-to-date: /home/berry/HeartBeat/install/interfaces_new/local/lib/python3.10/dist-packages/interfaces_new/action/_gripper_open_s.c
-- Up-to-date: /home/berry/HeartBeat/install/interfaces_new/local/lib/python3.10/dist-packages/interfaces_new/action/_move_to_left.py
-- Up-to-date: /home/berry/HeartBeat/install/interfaces_new/local/lib/python3.10/dist-packages/interfaces_new/action/_get_status_s.c
-- Up-to-date: /home/berry/HeartBeat/install/interfaces_new/local/lib/python3.10/dist-packages/interfaces_new/action/_arm1_test_s.c
-- Up-to-date: /home/berry/HeartBeat/install/interfaces_new/local/lib/python3.10/dist-packages/interfaces_new/action/_head_move_s.c
-- Up-to-date: /home/berry/HeartBeat/install/interfaces_new/local/lib/python3.10/dist-packages/interfaces_new/action/_multiple_turn_s.c
-- Up-to-date: /home/berry/HeartBeat/install/interfaces_new/local/lib/python3.10/dist-packages/interfaces_new/action/_is_moving.py
-- Up-to-date: /home/berry/HeartBeat/install/interfaces_new/local/lib/python3.10/dist-packages/interfaces_new/action/__init__.py
-- Up-to-date: /home/berry/HeartBeat/install/interfaces_new/local/lib/python3.10/dist-packages/interfaces_new/action/_move_to_left_s.c
-- Up-to-date: /home/berry/HeartBeat/install/interfaces_new/local/lib/python3.10/dist-packages/interfaces_new/action/_multiple_turn.py
-- Up-to-date: /home/berry/HeartBeat/install/interfaces_new/local/lib/python3.10/dist-packages/interfaces_new/action/_head_move.py
-- Up-to-date: /home/berry/HeartBeat/install/interfaces_new/local/lib/python3.10/dist-packages/interfaces_new/action/_stop_time.py
-- Up-to-date: /home/berry/HeartBeat/install/interfaces_new/local/lib/python3.10/dist-packages/interfaces_new/action/_is_moving_s.c
-- Up-to-date: /home/berry/HeartBeat/install/interfaces_new/local/lib/python3.10/dist-packages/interfaces_new/libinterfaces_new__rosidl_generator_py.so
-- Up-to-date: /home/berry/HeartBeat/install/interfaces_new/local/lib/python3.10/dist-packages/interfaces_new/interfaces_new_s__rosidl_typesupport_c.cpython-310-aarch64-linux-gnu.so
-- Up-to-date: /home/berry/HeartBeat/install/interfaces_new/local/lib/python3.10/dist-packages/interfaces_new/_interfaces_new_s.ep.rosidl_typesupport_fastrtps_c.c
-- Up-to-date: /home/berry/HeartBeat/install/interfaces_new/local/lib/python3.10/dist-packages/interfaces_new/_interfaces_new_s.ep.rosidl_typesupport_c.c
-- Up-to-date: /home/berry/HeartBeat/install/interfaces_new/local/lib/python3.10/dist-packages/interfaces_new/interfaces_new_s__rosidl_typesupport_introspection_c.cpython-310-aarch64-linux-gnu.so
-- Up-to-date: /home/berry/HeartBeat/install/interfaces_new/local/lib/python3.10/dist-packages/interfaces_new/msg
-- Up-to-date: /home/berry/HeartBeat/install/interfaces_new/local/lib/python3.10/dist-packages/interfaces_new/msg/_arm1_heartbeat.py
-- Up-to-date: /home/berry/HeartBeat/install/interfaces_new/local/lib/python3.10/dist-packages/interfaces_new/msg/_arm2_heartbeat_s.c
-- Up-to-date: /home/berry/HeartBeat/install/interfaces_new/local/lib/python3.10/dist-packages/interfaces_new/msg/_arm1_heartbeat_s.c
-- Up-to-date: /home/berry/HeartBeat/install/interfaces_new/local/lib/python3.10/dist-packages/interfaces_new/msg/__init__.py
-- Up-to-date: /home/berry/HeartBeat/install/interfaces_new/local/lib/python3.10/dist-packages/interfaces_new/msg/_arm2_heartbeat.py
-- Up-to-date: /home/berry/HeartBeat/install/interfaces_new/local/lib/python3.10/dist-packages/interfaces_new/_interfaces_new_s.ep.rosidl_typesupport_introspection_c.c
-- Up-to-date: /home/berry/HeartBeat/install/interfaces_new/local/lib/python3.10/dist-packages/interfaces_new/__init__.py
Listing '/home/berry/HeartBeat/install/interfaces_new/local/lib/python3.10/dist-packages/interfaces_new'...
Listing '/home/berry/HeartBeat/install/interfaces_new/local/lib/python3.10/dist-packages/interfaces_new/action'...
Listing '/home/berry/HeartBeat/install/interfaces_new/local/lib/python3.10/dist-packages/interfaces_new/msg'...
-- Up-to-date: /home/berry/HeartBeat/install/interfaces_new/local/lib/python3.10/dist-packages/interfaces_new/interfaces_new_s__rosidl_typesupport_fastrtps_c.cpython-310-aarch64-linux-gnu.so
-- Up-to-date: /home/berry/HeartBeat/install/interfaces_new/local/lib/python3.10/dist-packages/interfaces_new/interfaces_new_s__rosidl_typesupport_introspection_c.cpython-310-aarch64-linux-gnu.so
-- Up-to-date: /home/berry/HeartBeat/install/interfaces_new/local/lib/python3.10/dist-packages/interfaces_new/interfaces_new_s__rosidl_typesupport_c.cpython-310-aarch64-linux-gnu.so
-- Up-to-date: /home/berry/HeartBeat/install/interfaces_new/lib/libinterfaces_new__rosidl_generator_py.so
-- Up-to-date: /home/berry/HeartBeat/install/interfaces_new/share/interfaces_new/action/Arm1Test.idl
-- Up-to-date: /home/berry/HeartBeat/install/interfaces_new/share/interfaces_new/action/Arm2Test.idl
-- Up-to-date: /home/berry/HeartBeat/install/interfaces_new/share/interfaces_new/action/StopTime.idl
-- Up-to-date: /home/berry/HeartBeat/install/interfaces_new/share/interfaces_new/action/MoveMood.idl
-- Up-to-date: /home/berry/HeartBeat/install/interfaces_new/share/interfaces_new/action/MoveTime.idl
-- Up-to-date: /home/berry/HeartBeat/install/interfaces_new/share/interfaces_new/action/IsMoving.idl
-- Up-to-date: /home/berry/HeartBeat/install/interfaces_new/share/interfaces_new/action/MoveToLeft.idl
-- Up-to-date: /home/berry/HeartBeat/install/interfaces_new/share/interfaces_new/action/MoveToRight.idl
-- Up-to-date: /home/berry/HeartBeat/install/interfaces_new/share/interfaces_new/action/GetStatus.idl
-- Up-to-date: /home/berry/HeartBeat/install/interfaces_new/share/interfaces_new/action/BeltMove.idl
-- Up-to-date: /home/berry/HeartBeat/install/interfaces_new/share/interfaces_new/action/BeltStop.idl
-- Up-to-date: /home/berry/HeartBeat/install/interfaces_new/share/interfaces_new/action/Fetch.idl
-- Up-to-date: /home/berry/HeartBeat/install/interfaces_new/share/interfaces_new/action/GripperOpen.idl
-- Up-to-date: /home/berry/HeartBeat/install/interfaces_new/share/interfaces_new/action/HeadMove.idl
-- Up-to-date: /home/berry/HeartBeat/install/interfaces_new/share/interfaces_new/action/MultipleTurn.idl
-- Up-to-date: /home/berry/HeartBeat/install/interfaces_new/share/interfaces_new/msg/Arm1Heartbeat.idl
-- Up-to-date: /home/berry/HeartBeat/install/interfaces_new/share/interfaces_new/msg/Arm2Heartbeat.idl
-- Up-to-date: /home/berry/HeartBeat/install/interfaces_new/share/interfaces_new/action/Arm1Test.action
-- Up-to-date: /home/berry/HeartBeat/install/interfaces_new/share/interfaces_new/action/Arm2Test.action
-- Up-to-date: /home/berry/HeartBeat/install/interfaces_new/share/interfaces_new/action/StopTime.action
-- Up-to-date: /home/berry/HeartBeat/install/interfaces_new/share/interfaces_new/action/MoveMood.action
-- Up-to-date: /home/berry/HeartBeat/install/interfaces_new/share/interfaces_new/action/MoveTime.action
-- Up-to-date: /home/berry/HeartBeat/install/interfaces_new/share/interfaces_new/action/IsMoving.action
-- Up-to-date: /home/berry/HeartBeat/install/interfaces_new/share/interfaces_new/action/MoveToLeft.action
-- Up-to-date: /home/berry/HeartBeat/install/interfaces_new/share/interfaces_new/action/MoveToRight.action
-- Up-to-date: /home/berry/HeartBeat/install/interfaces_new/share/interfaces_new/action/GetStatus.action
-- Up-to-date: /home/berry/HeartBeat/install/interfaces_new/share/interfaces_new/action/BeltMove.action
-- Up-to-date: /home/berry/HeartBeat/install/interfaces_new/share/interfaces_new/action/BeltStop.action
-- Up-to-date: /home/berry/HeartBeat/install/interfaces_new/share/interfaces_new/action/Fetch.action
-- Up-to-date: /home/berry/HeartBeat/install/interfaces_new/share/interfaces_new/action/GripperOpen.action
-- Up-to-date: /home/berry/HeartBeat/install/interfaces_new/share/interfaces_new/action/HeadMove.action
-- Up-to-date: /home/berry/HeartBeat/install/interfaces_new/share/interfaces_new/action/MultipleTurn.action
-- Up-to-date: /home/berry/HeartBeat/install/interfaces_new/share/interfaces_new/msg/Arm1Heartbeat.msg
-- Up-to-date: /home/berry/HeartBeat/install/interfaces_new/share/interfaces_new/msg/Arm2Heartbeat.msg
-- Up-to-date: /home/berry/HeartBeat/install/interfaces_new/share/ament_index/resource_index/package_run_dependencies/interfaces_new
-- Up-to-date: /home/berry/HeartBeat/install/interfaces_new/share/ament_index/resource_index/parent_prefix_path/interfaces_new
-- Up-to-date: /home/berry/HeartBeat/install/interfaces_new/share/interfaces_new/environment/ament_prefix_path.sh
-- Up-to-date: /home/berry/HeartBeat/install/interfaces_new/share/interfaces_new/environment/ament_prefix_path.dsv
-- Up-to-date: /home/berry/HeartBeat/install/interfaces_new/share/interfaces_new/environment/path.sh
-- Up-to-date: /home/berry/HeartBeat/install/interfaces_new/share/interfaces_new/environment/path.dsv
-- Up-to-date: /home/berry/HeartBeat/install/interfaces_new/share/interfaces_new/local_setup.bash
-- Up-to-date: /home/berry/HeartBeat/install/interfaces_new/share/interfaces_new/local_setup.sh
-- Up-to-date: /home/berry/HeartBeat/install/interfaces_new/share/interfaces_new/local_setup.zsh
-- Up-to-date: /home/berry/HeartBeat/install/interfaces_new/share/interfaces_new/local_setup.dsv
-- Installing: /home/berry/HeartBeat/install/interfaces_new/share/interfaces_new/package.dsv
-- Up-to-date: /home/berry/HeartBeat/install/interfaces_new/share/ament_index/resource_index/packages/interfaces_new
-- Up-to-date: /home/berry/HeartBeat/install/interfaces_new/share/interfaces_new/cmake/export_interfaces_new__rosidl_generator_cExport.cmake
-- Up-to-date: /home/berry/HeartBeat/install/interfaces_new/share/interfaces_new/cmake/export_interfaces_new__rosidl_generator_cExport-noconfig.cmake
-- Up-to-date: /home/berry/HeartBeat/install/interfaces_new/share/interfaces_new/cmake/export_interfaces_new__rosidl_typesupport_fastrtps_cExport.cmake
-- Up-to-date: /home/berry/HeartBeat/install/interfaces_new/share/interfaces_new/cmake/export_interfaces_new__rosidl_typesupport_fastrtps_cExport-noconfig.cmake
-- Up-to-date: /home/berry/HeartBeat/install/interfaces_new/share/interfaces_new/cmake/interfaces_new__rosidl_typesupport_introspection_cExport.cmake
-- Up-to-date: /home/berry/HeartBeat/install/interfaces_new/share/interfaces_new/cmake/interfaces_new__rosidl_typesupport_introspection_cExport-noconfig.cmake
-- Up-to-date: /home/berry/HeartBeat/install/interfaces_new/share/interfaces_new/cmake/interfaces_new__rosidl_typesupport_cExport.cmake
-- Up-to-date: /home/berry/HeartBeat/install/interfaces_new/share/interfaces_new/cmake/interfaces_new__rosidl_typesupport_cExport-noconfig.cmake
-- Up-to-date: /home/berry/HeartBeat/install/interfaces_new/share/interfaces_new/cmake/export_interfaces_new__rosidl_generator_cppExport.cmake
-- Up-to-date: /home/berry/HeartBeat/install/interfaces_new/share/interfaces_new/cmake/export_interfaces_new__rosidl_typesupport_fastrtps_cppExport.cmake
-- Up-to-date: /home/berry/HeartBeat/install/interfaces_new/share/interfaces_new/cmake/export_interfaces_new__rosidl_typesupport_fastrtps_cppExport-noconfig.cmake
-- Up-to-date: /home/berry/HeartBeat/install/interfaces_new/share/interfaces_new/cmake/interfaces_new__rosidl_typesupport_introspection_cppExport.cmake
-- Up-to-date: /home/berry/HeartBeat/install/interfaces_new/share/interfaces_new/cmake/interfaces_new__rosidl_typesupport_introspection_cppExport-noconfig.cmake
-- Up-to-date: /home/berry/HeartBeat/install/interfaces_new/share/interfaces_new/cmake/interfaces_new__rosidl_typesupport_cppExport.cmake
-- Up-to-date: /home/berry/HeartBeat/install/interfaces_new/share/interfaces_new/cmake/interfaces_new__rosidl_typesupport_cppExport-noconfig.cmake
-- Up-to-date: /home/berry/HeartBeat/install/interfaces_new/share/interfaces_new/cmake/export_interfaces_new__rosidl_generator_pyExport.cmake
-- Up-to-date: /home/berry/HeartBeat/install/interfaces_new/share/interfaces_new/cmake/export_interfaces_new__rosidl_generator_pyExport-noconfig.cmake
-- Up-to-date: /home/berry/HeartBeat/install/interfaces_new/share/interfaces_new/cmake/rosidl_cmake-extras.cmake
-- Up-to-date: /home/berry/HeartBeat/install/interfaces_new/share/interfaces_new/cmake/ament_cmake_export_dependencies-extras.cmake
-- Up-to-date: /home/berry/HeartBeat/install/interfaces_new/share/interfaces_new/cmake/ament_cmake_export_include_directories-extras.cmake
-- Up-to-date: /home/berry/HeartBeat/install/interfaces_new/share/interfaces_new/cmake/ament_cmake_export_libraries-extras.cmake
-- Up-to-date: /home/berry/HeartBeat/install/interfaces_new/share/interfaces_new/cmake/ament_cmake_export_targets-extras.cmake
-- Up-to-date: /home/berry/HeartBeat/install/interfaces_new/share/interfaces_new/cmake/rosidl_cmake_export_typesupport_targets-extras.cmake
-- Up-to-date: /home/berry/HeartBeat/install/interfaces_new/share/interfaces_new/cmake/rosidl_cmake_export_typesupport_libraries-extras.cmake
-- Up-to-date: /home/berry/HeartBeat/install/interfaces_new/share/interfaces_new/cmake/interfaces_newConfig.cmake
-- Up-to-date: /home/berry/HeartBeat/install/interfaces_new/share/interfaces_new/cmake/interfaces_newConfig-version.cmake
-- Up-to-date: /home/berry/HeartBeat/install/interfaces_new/share/interfaces_new/package.xml
