[5.160s] Invoking command in '/home/berry/HeartBeat/build/interfaces_new': CMAKE_PREFIX_PATH=${CMAKE_PREFIX_PATH}:/home/berry/HeartBeat/install/track_server:/home/berry/HeartBeat/install/controller:/home/berry/HeartBeat/install/belt_short_server:/home/berry/HeartBeat/install/belt_long_server:/home/berry/RoArm/install/test1:/home/berry/RoArm/install/serial_ctrl:/home/berry/RoArm/install/pos_sub:/home/berry/RoArm/install/pos_pub:/home/berry/RoArm/install/pos_client:/home/berry/RoArm/install/Position_Sub:/home/berry/RoArm/install/Pos_Server:/home/berry/RoArm/install/Pos_Client:/home/berry/ices_ws/install/track_server:/home/berry/ices_ws/install/launch_test:/home/berry/ices_ws/install/control:/home/berry/ices_ws/install/c_arm:/home/berry/ices_ws/install/arm_server:/home/berry/ices_ws/install/belt_short_server:/home/berry/ices_ws/install/belt_short_client:/home/berry/ices_ws/install/belt_long_server:/opt/ros/humble /usr/bin/cmake --build /home/berry/HeartBeat/build/interfaces_new -- -j4 -l4
[5.556s] [35m[1mConsolidate compiler generated dependencies of target interfaces_new__rosidl_generator_c[0m
[5.561s] [  0%] Built target interfaces_new__cpp
[5.758s] [35m[1mConsolidate compiler generated dependencies of target interfaces_new__rosidl_typesupport_cpp[0m
[5.772s] [35m[1mConsolidate compiler generated dependencies of target interfaces_new__rosidl_typesupport_fastrtps_cpp[0m
[5.799s] [ 12%] Built target interfaces_new__rosidl_generator_c
[5.928s] [ 12%] Built target ament_cmake_python_copy_interfaces_new
[5.969s] [35m[1mConsolidate compiler generated dependencies of target interfaces_new__rosidl_typesupport_introspection_cpp[0m
[6.060s] [ 24%] Built target interfaces_new__rosidl_typesupport_cpp
[6.084s] [35m[1mConsolidate compiler generated dependencies of target interfaces_new__rosidl_typesupport_fastrtps_c[0m
[6.189s] [ 36%] Built target interfaces_new__rosidl_typesupport_fastrtps_cpp
[6.235s] [ 48%] Built target interfaces_new__rosidl_typesupport_introspection_cpp
[6.252s] [35m[1mConsolidate compiler generated dependencies of target interfaces_new__rosidl_typesupport_introspection_c[0m
[6.360s] [35m[1mConsolidate compiler generated dependencies of target interfaces_new__rosidl_typesupport_c[0m
[6.442s] [ 60%] Built target interfaces_new__rosidl_typesupport_fastrtps_c
[6.473s] [ 72%] Built target interfaces_new__rosidl_typesupport_introspection_c
[6.568s] [ 84%] Built target interfaces_new__rosidl_typesupport_c
[6.845s] [ 84%] Built target interfaces_new
[7.132s] [ 85%] Built target interfaces_new__py
[7.312s] [35m[1mConsolidate compiler generated dependencies of target interfaces_new__rosidl_generator_py[0m
[7.685s] [ 96%] Built target interfaces_new__rosidl_generator_py
[7.820s] [35m[1mConsolidate compiler generated dependencies of target interfaces_new__rosidl_typesupport_fastrtps_c__pyext[0m
[7.846s] [35m[1mConsolidate compiler generated dependencies of target interfaces_new__rosidl_typesupport_introspection_c__pyext[0m
[7.859s] [35m[1mConsolidate compiler generated dependencies of target interfaces_new__rosidl_typesupport_c__pyext[0m
[8.028s] [ 97%] Built target interfaces_new__rosidl_typesupport_fastrtps_c__pyext
[8.072s] [ 99%] Built target interfaces_new__rosidl_typesupport_introspection_c__pyext
[8.075s] [100%] Built target interfaces_new__rosidl_typesupport_c__pyext
[9.269s] running egg_info
[9.274s] writing interfaces_new.egg-info/PKG-INFO
[9.276s] writing dependency_links to interfaces_new.egg-info/dependency_links.txt
[9.278s] writing top-level names to interfaces_new.egg-info/top_level.txt
[9.295s] reading manifest file 'interfaces_new.egg-info/SOURCES.txt'
[9.301s] writing manifest file 'interfaces_new.egg-info/SOURCES.txt'
[9.512s] [100%] Built target ament_cmake_python_build_interfaces_new_egg
[9.586s] Invoked command in '/home/berry/HeartBeat/build/interfaces_new' returned '0': CMAKE_PREFIX_PATH=${CMAKE_PREFIX_PATH}:/home/berry/HeartBeat/install/track_server:/home/berry/HeartBeat/install/controller:/home/berry/HeartBeat/install/belt_short_server:/home/berry/HeartBeat/install/belt_long_server:/home/berry/RoArm/install/test1:/home/berry/RoArm/install/serial_ctrl:/home/berry/RoArm/install/pos_sub:/home/berry/RoArm/install/pos_pub:/home/berry/RoArm/install/pos_client:/home/berry/RoArm/install/Position_Sub:/home/berry/RoArm/install/Pos_Server:/home/berry/RoArm/install/Pos_Client:/home/berry/ices_ws/install/track_server:/home/berry/ices_ws/install/launch_test:/home/berry/ices_ws/install/control:/home/berry/ices_ws/install/c_arm:/home/berry/ices_ws/install/arm_server:/home/berry/ices_ws/install/belt_short_server:/home/berry/ices_ws/install/belt_short_client:/home/berry/ices_ws/install/belt_long_server:/opt/ros/humble /usr/bin/cmake --build /home/berry/HeartBeat/build/interfaces_new -- -j4 -l4
[13.704s] Invoking command in '/home/berry/HeartBeat/build/interfaces_new': CMAKE_PREFIX_PATH=${CMAKE_PREFIX_PATH}:/home/berry/HeartBeat/install/track_server:/home/berry/HeartBeat/install/controller:/home/berry/HeartBeat/install/belt_short_server:/home/berry/HeartBeat/install/belt_long_server:/home/berry/RoArm/install/test1:/home/berry/RoArm/install/serial_ctrl:/home/berry/RoArm/install/pos_sub:/home/berry/RoArm/install/pos_pub:/home/berry/RoArm/install/pos_client:/home/berry/RoArm/install/Position_Sub:/home/berry/RoArm/install/Pos_Server:/home/berry/RoArm/install/Pos_Client:/home/berry/ices_ws/install/track_server:/home/berry/ices_ws/install/launch_test:/home/berry/ices_ws/install/control:/home/berry/ices_ws/install/c_arm:/home/berry/ices_ws/install/arm_server:/home/berry/ices_ws/install/belt_short_server:/home/berry/ices_ws/install/belt_short_client:/home/berry/ices_ws/install/belt_long_server:/opt/ros/humble /usr/bin/cmake --install /home/berry/HeartBeat/build/interfaces_new
[13.741s] -- Install configuration: ""
[13.742s] -- Up-to-date: /home/berry/HeartBeat/install/interfaces_new/share/ament_index/resource_index/rosidl_interfaces/interfaces_new
[13.742s] -- Up-to-date: /home/berry/HeartBeat/install/interfaces_new/include/interfaces_new/interfaces_new
[13.743s] -- Up-to-date: /home/berry/HeartBeat/install/interfaces_new/include/interfaces_new/interfaces_new/action
[13.744s] -- Up-to-date: /home/berry/HeartBeat/install/interfaces_new/include/interfaces_new/interfaces_new/action/head_move.h
[13.744s] -- Up-to-date: /home/berry/HeartBeat/install/interfaces_new/include/interfaces_new/interfaces_new/action/move_to_right.h
[13.744s] -- Up-to-date: /home/berry/HeartBeat/install/interfaces_new/include/interfaces_new/interfaces_new/action/detail
[13.745s] -- Up-to-date: /home/berry/HeartBeat/install/interfaces_new/include/interfaces_new/interfaces_new/action/detail/get_status__type_support.h
[13.746s] -- Up-to-date: /home/berry/HeartBeat/install/interfaces_new/include/interfaces_new/interfaces_new/action/detail/gripper_open__type_support.h
[13.746s] -- Up-to-date: /home/berry/HeartBeat/install/interfaces_new/include/interfaces_new/interfaces_new/action/detail/belt_move__struct.h
[13.746s] -- Up-to-date: /home/berry/HeartBeat/install/interfaces_new/include/interfaces_new/interfaces_new/action/detail/move_to_left__functions.c
[13.747s] -- Up-to-date: /home/berry/HeartBeat/install/interfaces_new/include/interfaces_new/interfaces_new/action/detail/is_moving__functions.c
[13.748s] -- Up-to-date: /home/berry/HeartBeat/install/interfaces_new/include/interfaces_new/interfaces_new/action/detail/move_to_right__type_support.h
[13.748s] -- Up-to-date: /home/berry/HeartBeat/install/interfaces_new/include/interfaces_new/interfaces_new/action/detail/move_time__type_support.h
[13.749s] -- Up-to-date: /home/berry/HeartBeat/install/interfaces_new/include/interfaces_new/interfaces_new/action/detail/arm1_test__functions.h
[13.749s] -- Up-to-date: /home/berry/HeartBeat/install/interfaces_new/include/interfaces_new/interfaces_new/action/detail/belt_stop__type_support.h
[13.750s] -- Up-to-date: /home/berry/HeartBeat/install/interfaces_new/include/interfaces_new/interfaces_new/action/detail/multiple_turn__struct.h
[13.750s] -- Up-to-date: /home/berry/HeartBeat/install/interfaces_new/include/interfaces_new/interfaces_new/action/detail/arm1_test__struct.h
[13.751s] -- Up-to-date: /home/berry/HeartBeat/install/interfaces_new/include/interfaces_new/interfaces_new/action/detail/arm1_test__type_support.h
[13.751s] -- Up-to-date: /home/berry/HeartBeat/install/interfaces_new/include/interfaces_new/interfaces_new/action/detail/move_to_left__functions.h
[13.752s] -- Up-to-date: /home/berry/HeartBeat/install/interfaces_new/include/interfaces_new/interfaces_new/action/detail/get_status__functions.c
[13.752s] -- Up-to-date: /home/berry/HeartBeat/install/interfaces_new/include/interfaces_new/interfaces_new/action/detail/stop_time__functions.c
[13.753s] -- Up-to-date: /home/berry/HeartBeat/install/interfaces_new/include/interfaces_new/interfaces_new/action/detail/move_mood__type_support.h
[13.753s] -- Up-to-date: /home/berry/HeartBeat/install/interfaces_new/include/interfaces_new/interfaces_new/action/detail/fetch__type_support.h
[13.754s] -- Up-to-date: /home/berry/HeartBeat/install/interfaces_new/include/interfaces_new/interfaces_new/action/detail/fetch__functions.h
[13.754s] -- Up-to-date: /home/berry/HeartBeat/install/interfaces_new/include/interfaces_new/interfaces_new/action/detail/belt_move__functions.h
[13.755s] -- Up-to-date: /home/berry/HeartBeat/install/interfaces_new/include/interfaces_new/interfaces_new/action/detail/move_to_left__type_support.h
[13.756s] -- Up-to-date: /home/berry/HeartBeat/install/interfaces_new/include/interfaces_new/interfaces_new/action/detail/head_move__type_support.h
[13.756s] -- Up-to-date: /home/berry/HeartBeat/install/interfaces_new/include/interfaces_new/interfaces_new/action/detail/move_mood__struct.h
[13.756s] -- Up-to-date: /home/berry/HeartBeat/install/interfaces_new/include/interfaces_new/interfaces_new/action/detail/multiple_turn__functions.h
[13.757s] -- Up-to-date: /home/berry/HeartBeat/install/interfaces_new/include/interfaces_new/interfaces_new/action/detail/head_move__functions.c
[13.757s] -- Up-to-date: /home/berry/HeartBeat/install/interfaces_new/include/interfaces_new/interfaces_new/action/detail/get_status__struct.h
[13.758s] -- Up-to-date: /home/berry/HeartBeat/install/interfaces_new/include/interfaces_new/interfaces_new/action/detail/belt_stop__functions.c
[13.759s] -- Up-to-date: /home/berry/HeartBeat/install/interfaces_new/include/interfaces_new/interfaces_new/action/detail/arm2_test__functions.c
[13.759s] -- Up-to-date: /home/berry/HeartBeat/install/interfaces_new/include/interfaces_new/interfaces_new/action/detail/belt_stop__functions.h
[13.760s] -- Up-to-date: /home/berry/HeartBeat/install/interfaces_new/include/interfaces_new/interfaces_new/action/detail/move_to_right__functions.h
[13.761s] -- Up-to-date: /home/berry/HeartBeat/install/interfaces_new/include/interfaces_new/interfaces_new/action/detail/head_move__struct.h
[13.761s] -- Up-to-date: /home/berry/HeartBeat/install/interfaces_new/include/interfaces_new/interfaces_new/action/detail/gripper_open__functions.h
[13.762s] -- Up-to-date: /home/berry/HeartBeat/install/interfaces_new/include/interfaces_new/interfaces_new/action/detail/stop_time__struct.h
[13.762s] -- Up-to-date: /home/berry/HeartBeat/install/interfaces_new/include/interfaces_new/interfaces_new/action/detail/arm2_test__struct.h
[13.763s] -- Up-to-date: /home/berry/HeartBeat/install/interfaces_new/include/interfaces_new/interfaces_new/action/detail/belt_move__type_support.h
[13.763s] -- Up-to-date: /home/berry/HeartBeat/install/interfaces_new/include/interfaces_new/interfaces_new/action/detail/belt_stop__struct.h
[13.764s] -- Up-to-date: /home/berry/HeartBeat/install/interfaces_new/include/interfaces_new/interfaces_new/action/detail/move_time__struct.h
[13.764s] -- Up-to-date: /home/berry/HeartBeat/install/interfaces_new/include/interfaces_new/interfaces_new/action/detail/move_to_left__struct.h
[13.765s] -- Up-to-date: /home/berry/HeartBeat/install/interfaces_new/include/interfaces_new/interfaces_new/action/detail/is_moving__type_support.h
[13.766s] -- Up-to-date: /home/berry/HeartBeat/install/interfaces_new/include/interfaces_new/interfaces_new/action/detail/multiple_turn__functions.c
[13.766s] -- Up-to-date: /home/berry/HeartBeat/install/interfaces_new/include/interfaces_new/interfaces_new/action/detail/multiple_turn__type_support.h
[13.767s] -- Up-to-date: /home/berry/HeartBeat/install/interfaces_new/include/interfaces_new/interfaces_new/action/detail/move_mood__functions.c
[13.768s] -- Up-to-date: /home/berry/HeartBeat/install/interfaces_new/include/interfaces_new/interfaces_new/action/detail/is_moving__struct.h
[13.768s] -- Up-to-date: /home/berry/HeartBeat/install/interfaces_new/include/interfaces_new/interfaces_new/action/detail/move_time__functions.c
[13.769s] -- Up-to-date: /home/berry/HeartBeat/install/interfaces_new/include/interfaces_new/interfaces_new/action/detail/stop_time__functions.h
[13.769s] -- Up-to-date: /home/berry/HeartBeat/install/interfaces_new/include/interfaces_new/interfaces_new/action/detail/move_time__functions.h
[13.770s] -- Up-to-date: /home/berry/HeartBeat/install/interfaces_new/include/interfaces_new/interfaces_new/action/detail/gripper_open__struct.h
[13.770s] -- Up-to-date: /home/berry/HeartBeat/install/interfaces_new/include/interfaces_new/interfaces_new/action/detail/is_moving__functions.h
[13.771s] -- Up-to-date: /home/berry/HeartBeat/install/interfaces_new/include/interfaces_new/interfaces_new/action/detail/head_move__functions.h
[13.773s] -- Up-to-date: /home/berry/HeartBeat/install/interfaces_new/include/interfaces_new/interfaces_new/action/detail/get_status__functions.h
[13.773s] -- Up-to-date: /home/berry/HeartBeat/install/interfaces_new/include/interfaces_new/interfaces_new/action/detail/belt_move__functions.c
[13.774s] -- Up-to-date: /home/berry/HeartBeat/install/interfaces_new/include/interfaces_new/interfaces_new/action/detail/arm2_test__type_support.h
[13.774s] -- Up-to-date: /home/berry/HeartBeat/install/interfaces_new/include/interfaces_new/interfaces_new/action/detail/fetch__struct.h
[13.774s] -- Up-to-date: /home/berry/HeartBeat/install/interfaces_new/include/interfaces_new/interfaces_new/action/detail/arm2_test__functions.h
[13.775s] -- Up-to-date: /home/berry/HeartBeat/install/interfaces_new/include/interfaces_new/interfaces_new/action/detail/move_to_right__struct.h
[13.776s] -- Up-to-date: /home/berry/HeartBeat/install/interfaces_new/include/interfaces_new/interfaces_new/action/detail/arm1_test__functions.c
[13.776s] -- Up-to-date: /home/berry/HeartBeat/install/interfaces_new/include/interfaces_new/interfaces_new/action/detail/fetch__functions.c
[13.777s] -- Up-to-date: /home/berry/HeartBeat/install/interfaces_new/include/interfaces_new/interfaces_new/action/detail/move_mood__functions.h
[13.777s] -- Up-to-date: /home/berry/HeartBeat/install/interfaces_new/include/interfaces_new/interfaces_new/action/detail/gripper_open__functions.c
[13.777s] -- Up-to-date: /home/berry/HeartBeat/install/interfaces_new/include/interfaces_new/interfaces_new/action/detail/stop_time__type_support.h
[13.778s] -- Up-to-date: /home/berry/HeartBeat/install/interfaces_new/include/interfaces_new/interfaces_new/action/detail/move_to_right__functions.c
[13.778s] -- Up-to-date: /home/berry/HeartBeat/install/interfaces_new/include/interfaces_new/interfaces_new/action/belt_stop.h
[13.779s] -- Up-to-date: /home/berry/HeartBeat/install/interfaces_new/include/interfaces_new/interfaces_new/action/is_moving.h
[13.779s] -- Up-to-date: /home/berry/HeartBeat/install/interfaces_new/include/interfaces_new/interfaces_new/action/move_mood.h
[13.780s] -- Up-to-date: /home/berry/HeartBeat/install/interfaces_new/include/interfaces_new/interfaces_new/action/move_to_left.h
[13.781s] -- Up-to-date: /home/berry/HeartBeat/install/interfaces_new/include/interfaces_new/interfaces_new/action/multiple_turn.h
[13.781s] -- Up-to-date: /home/berry/HeartBeat/install/interfaces_new/include/interfaces_new/interfaces_new/action/gripper_open.h
[13.782s] -- Up-to-date: /home/berry/HeartBeat/install/interfaces_new/include/interfaces_new/interfaces_new/action/get_status.h
[13.782s] -- Up-to-date: /home/berry/HeartBeat/install/interfaces_new/include/interfaces_new/interfaces_new/action/belt_move.h
[13.782s] -- Up-to-date: /home/berry/HeartBeat/install/interfaces_new/include/interfaces_new/interfaces_new/action/arm2_test.h
[13.783s] -- Up-to-date: /home/berry/HeartBeat/install/interfaces_new/include/interfaces_new/interfaces_new/action/fetch.h
[13.784s] -- Up-to-date: /home/berry/HeartBeat/install/interfaces_new/include/interfaces_new/interfaces_new/action/move_time.h
[13.784s] -- Up-to-date: /home/berry/HeartBeat/install/interfaces_new/include/interfaces_new/interfaces_new/action/arm1_test.h
[13.785s] -- Up-to-date: /home/berry/HeartBeat/install/interfaces_new/include/interfaces_new/interfaces_new/action/stop_time.h
[13.785s] -- Up-to-date: /home/berry/HeartBeat/install/interfaces_new/include/interfaces_new/interfaces_new/msg
[13.786s] -- Up-to-date: /home/berry/HeartBeat/install/interfaces_new/include/interfaces_new/interfaces_new/msg/detail
[13.786s] -- Up-to-date: /home/berry/HeartBeat/install/interfaces_new/include/interfaces_new/interfaces_new/msg/detail/arm2_heartbeat__functions.h
[13.787s] -- Up-to-date: /home/berry/HeartBeat/install/interfaces_new/include/interfaces_new/interfaces_new/msg/detail/arm2_heartbeat__struct.h
[13.787s] -- Up-to-date: /home/berry/HeartBeat/install/interfaces_new/include/interfaces_new/interfaces_new/msg/detail/arm2_heartbeat__type_support.h
[13.788s] -- Up-to-date: /home/berry/HeartBeat/install/interfaces_new/include/interfaces_new/interfaces_new/msg/detail/arm1_heartbeat__struct.h
[13.788s] -- Up-to-date: /home/berry/HeartBeat/install/interfaces_new/include/interfaces_new/interfaces_new/msg/detail/arm1_heartbeat__functions.h
[13.789s] -- Up-to-date: /home/berry/HeartBeat/install/interfaces_new/include/interfaces_new/interfaces_new/msg/detail/arm2_heartbeat__functions.c
[13.789s] -- Up-to-date: /home/berry/HeartBeat/install/interfaces_new/include/interfaces_new/interfaces_new/msg/detail/arm1_heartbeat__functions.c
[13.790s] -- Up-to-date: /home/berry/HeartBeat/install/interfaces_new/include/interfaces_new/interfaces_new/msg/detail/arm1_heartbeat__type_support.h
[13.790s] -- Up-to-date: /home/berry/HeartBeat/install/interfaces_new/include/interfaces_new/interfaces_new/msg/arm2_heartbeat.h
[13.791s] -- Up-to-date: /home/berry/HeartBeat/install/interfaces_new/include/interfaces_new/interfaces_new/msg/rosidl_generator_c__visibility_control.h
[13.792s] -- Up-to-date: /home/berry/HeartBeat/install/interfaces_new/include/interfaces_new/interfaces_new/msg/arm1_heartbeat.h
[13.792s] -- Up-to-date: /home/berry/HeartBeat/install/interfaces_new/share/interfaces_new/environment/library_path.sh
[13.792s] -- Up-to-date: /home/berry/HeartBeat/install/interfaces_new/share/interfaces_new/environment/library_path.dsv
[13.793s] -- Up-to-date: /home/berry/HeartBeat/install/interfaces_new/lib/libinterfaces_new__rosidl_generator_c.so
[13.794s] -- Up-to-date: /home/berry/HeartBeat/install/interfaces_new/include/interfaces_new/interfaces_new
[13.794s] -- Up-to-date: /home/berry/HeartBeat/install/interfaces_new/include/interfaces_new/interfaces_new/action
[13.795s] -- Up-to-date: /home/berry/HeartBeat/install/interfaces_new/include/interfaces_new/interfaces_new/action/detail
[13.795s] -- Up-to-date: /home/berry/HeartBeat/install/interfaces_new/include/interfaces_new/interfaces_new/action/detail/fetch__rosidl_typesupport_fastrtps_c.h
[13.796s] -- Up-to-date: /home/berry/HeartBeat/install/interfaces_new/include/interfaces_new/interfaces_new/action/detail/move_to_left__rosidl_typesupport_fastrtps_c.h
[13.796s] -- Up-to-date: /home/berry/HeartBeat/install/interfaces_new/include/interfaces_new/interfaces_new/action/detail/multiple_turn__rosidl_typesupport_fastrtps_c.h
[13.797s] -- Up-to-date: /home/berry/HeartBeat/install/interfaces_new/include/interfaces_new/interfaces_new/action/detail/arm2_test__rosidl_typesupport_fastrtps_c.h
[13.797s] -- Up-to-date: /home/berry/HeartBeat/install/interfaces_new/include/interfaces_new/interfaces_new/action/detail/head_move__rosidl_typesupport_fastrtps_c.h
[13.798s] -- Up-to-date: /home/berry/HeartBeat/install/interfaces_new/include/interfaces_new/interfaces_new/action/detail/belt_move__rosidl_typesupport_fastrtps_c.h
[13.798s] -- Up-to-date: /home/berry/HeartBeat/install/interfaces_new/include/interfaces_new/interfaces_new/action/detail/move_time__rosidl_typesupport_fastrtps_c.h
[13.799s] -- Up-to-date: /home/berry/HeartBeat/install/interfaces_new/include/interfaces_new/interfaces_new/action/detail/gripper_open__rosidl_typesupport_fastrtps_c.h
[13.800s] -- Up-to-date: /home/berry/HeartBeat/install/interfaces_new/include/interfaces_new/interfaces_new/action/detail/move_mood__rosidl_typesupport_fastrtps_c.h
[13.800s] -- Up-to-date: /home/berry/HeartBeat/install/interfaces_new/include/interfaces_new/interfaces_new/action/detail/stop_time__rosidl_typesupport_fastrtps_c.h
[13.801s] -- Up-to-date: /home/berry/HeartBeat/install/interfaces_new/include/interfaces_new/interfaces_new/action/detail/arm1_test__rosidl_typesupport_fastrtps_c.h
[13.801s] -- Up-to-date: /home/berry/HeartBeat/install/interfaces_new/include/interfaces_new/interfaces_new/action/detail/belt_stop__rosidl_typesupport_fastrtps_c.h
[13.802s] -- Up-to-date: /home/berry/HeartBeat/install/interfaces_new/include/interfaces_new/interfaces_new/action/detail/is_moving__rosidl_typesupport_fastrtps_c.h
[13.804s] -- Up-to-date: /home/berry/HeartBeat/install/interfaces_new/include/interfaces_new/interfaces_new/action/detail/get_status__rosidl_typesupport_fastrtps_c.h
[13.805s] -- Up-to-date: /home/berry/HeartBeat/install/interfaces_new/include/interfaces_new/interfaces_new/action/detail/move_to_right__rosidl_typesupport_fastrtps_c.h
[13.806s] -- Up-to-date: /home/berry/HeartBeat/install/interfaces_new/include/interfaces_new/interfaces_new/msg
[13.807s] -- Up-to-date: /home/berry/HeartBeat/install/interfaces_new/include/interfaces_new/interfaces_new/msg/detail
[13.807s] -- Up-to-date: /home/berry/HeartBeat/install/interfaces_new/include/interfaces_new/interfaces_new/msg/detail/arm2_heartbeat__rosidl_typesupport_fastrtps_c.h
[13.808s] -- Up-to-date: /home/berry/HeartBeat/install/interfaces_new/include/interfaces_new/interfaces_new/msg/detail/arm1_heartbeat__rosidl_typesupport_fastrtps_c.h
[13.808s] -- Up-to-date: /home/berry/HeartBeat/install/interfaces_new/include/interfaces_new/interfaces_new/msg/rosidl_typesupport_fastrtps_c__visibility_control.h
[13.809s] -- Up-to-date: /home/berry/HeartBeat/install/interfaces_new/lib/libinterfaces_new__rosidl_typesupport_fastrtps_c.so
[13.809s] -- Up-to-date: /home/berry/HeartBeat/install/interfaces_new/include/interfaces_new/interfaces_new
[13.810s] -- Up-to-date: /home/berry/HeartBeat/install/interfaces_new/include/interfaces_new/interfaces_new/action
[13.810s] -- Up-to-date: /home/berry/HeartBeat/install/interfaces_new/include/interfaces_new/interfaces_new/action/detail
[13.811s] -- Up-to-date: /home/berry/HeartBeat/install/interfaces_new/include/interfaces_new/interfaces_new/action/detail/multiple_turn__type_support.c
[13.811s] -- Up-to-date: /home/berry/HeartBeat/install/interfaces_new/include/interfaces_new/interfaces_new/action/detail/move_mood__rosidl_typesupport_introspection_c.h
[13.812s] -- Up-to-date: /home/berry/HeartBeat/install/interfaces_new/include/interfaces_new/interfaces_new/action/detail/belt_move__rosidl_typesupport_introspection_c.h
[13.812s] -- Up-to-date: /home/berry/HeartBeat/install/interfaces_new/include/interfaces_new/interfaces_new/action/detail/move_to_right__type_support.c
[13.812s] -- Up-to-date: /home/berry/HeartBeat/install/interfaces_new/include/interfaces_new/interfaces_new/action/detail/arm2_test__rosidl_typesupport_introspection_c.h
[13.813s] -- Up-to-date: /home/berry/HeartBeat/install/interfaces_new/include/interfaces_new/interfaces_new/action/detail/fetch__type_support.c
[13.813s] -- Up-to-date: /home/berry/HeartBeat/install/interfaces_new/include/interfaces_new/interfaces_new/action/detail/multiple_turn__rosidl_typesupport_introspection_c.h
[13.814s] -- Up-to-date: /home/berry/HeartBeat/install/interfaces_new/include/interfaces_new/interfaces_new/action/detail/arm1_test__type_support.c
[13.814s] -- Up-to-date: /home/berry/HeartBeat/install/interfaces_new/include/interfaces_new/interfaces_new/action/detail/gripper_open__type_support.c
[13.815s] -- Up-to-date: /home/berry/HeartBeat/install/interfaces_new/include/interfaces_new/interfaces_new/action/detail/move_mood__type_support.c
[13.815s] -- Up-to-date: /home/berry/HeartBeat/install/interfaces_new/include/interfaces_new/interfaces_new/action/detail/head_move__type_support.c
[13.816s] -- Up-to-date: /home/berry/HeartBeat/install/interfaces_new/include/interfaces_new/interfaces_new/action/detail/arm2_test__type_support.c
[13.816s] -- Up-to-date: /home/berry/HeartBeat/install/interfaces_new/include/interfaces_new/interfaces_new/action/detail/move_to_left__type_support.c
[13.817s] -- Up-to-date: /home/berry/HeartBeat/install/interfaces_new/include/interfaces_new/interfaces_new/action/detail/belt_stop__rosidl_typesupport_introspection_c.h
[13.817s] -- Up-to-date: /home/berry/HeartBeat/install/interfaces_new/include/interfaces_new/interfaces_new/action/detail/move_to_right__rosidl_typesupport_introspection_c.h
[13.818s] -- Up-to-date: /home/berry/HeartBeat/install/interfaces_new/include/interfaces_new/interfaces_new/action/detail/stop_time__type_support.c
[13.818s] -- Up-to-date: /home/berry/HeartBeat/install/interfaces_new/include/interfaces_new/interfaces_new/action/detail/get_status__rosidl_typesupport_introspection_c.h
[13.819s] -- Up-to-date: /home/berry/HeartBeat/install/interfaces_new/include/interfaces_new/interfaces_new/action/detail/arm1_test__rosidl_typesupport_introspection_c.h
[13.820s] -- Up-to-date: /home/berry/HeartBeat/install/interfaces_new/include/interfaces_new/interfaces_new/action/detail/is_moving__type_support.c
[13.820s] -- Up-to-date: /home/berry/HeartBeat/install/interfaces_new/include/interfaces_new/interfaces_new/action/detail/head_move__rosidl_typesupport_introspection_c.h
[13.820s] -- Up-to-date: /home/berry/HeartBeat/install/interfaces_new/include/interfaces_new/interfaces_new/action/detail/belt_stop__type_support.c
[13.821s] -- Up-to-date: /home/berry/HeartBeat/install/interfaces_new/include/interfaces_new/interfaces_new/action/detail/get_status__type_support.c
[13.821s] -- Up-to-date: /home/berry/HeartBeat/install/interfaces_new/include/interfaces_new/interfaces_new/action/detail/move_time__rosidl_typesupport_introspection_c.h
[13.822s] -- Up-to-date: /home/berry/HeartBeat/install/interfaces_new/include/interfaces_new/interfaces_new/action/detail/stop_time__rosidl_typesupport_introspection_c.h
[13.822s] -- Up-to-date: /home/berry/HeartBeat/install/interfaces_new/include/interfaces_new/interfaces_new/action/detail/move_time__type_support.c
[13.823s] -- Up-to-date: /home/berry/HeartBeat/install/interfaces_new/include/interfaces_new/interfaces_new/action/detail/move_to_left__rosidl_typesupport_introspection_c.h
[13.824s] -- Up-to-date: /home/berry/HeartBeat/install/interfaces_new/include/interfaces_new/interfaces_new/action/detail/is_moving__rosidl_typesupport_introspection_c.h
[13.824s] -- Up-to-date: /home/berry/HeartBeat/install/interfaces_new/include/interfaces_new/interfaces_new/action/detail/gripper_open__rosidl_typesupport_introspection_c.h
[13.824s] -- Up-to-date: /home/berry/HeartBeat/install/interfaces_new/include/interfaces_new/interfaces_new/action/detail/belt_move__type_support.c
[13.825s] -- Up-to-date: /home/berry/HeartBeat/install/interfaces_new/include/interfaces_new/interfaces_new/action/detail/fetch__rosidl_typesupport_introspection_c.h
[13.825s] -- Up-to-date: /home/berry/HeartBeat/install/interfaces_new/include/interfaces_new/interfaces_new/msg
[13.825s] -- Up-to-date: /home/berry/HeartBeat/install/interfaces_new/include/interfaces_new/interfaces_new/msg/detail
[13.826s] -- Up-to-date: /home/berry/HeartBeat/install/interfaces_new/include/interfaces_new/interfaces_new/msg/detail/arm1_heartbeat__rosidl_typesupport_introspection_c.h
[13.826s] -- Up-to-date: /home/berry/HeartBeat/install/interfaces_new/include/interfaces_new/interfaces_new/msg/detail/arm1_heartbeat__type_support.c
[13.827s] -- Up-to-date: /home/berry/HeartBeat/install/interfaces_new/include/interfaces_new/interfaces_new/msg/detail/arm2_heartbeat__type_support.c
[13.827s] -- Up-to-date: /home/berry/HeartBeat/install/interfaces_new/include/interfaces_new/interfaces_new/msg/detail/arm2_heartbeat__rosidl_typesupport_introspection_c.h
[13.828s] -- Up-to-date: /home/berry/HeartBeat/install/interfaces_new/include/interfaces_new/interfaces_new/msg/rosidl_typesupport_introspection_c__visibility_control.h
[13.828s] -- Up-to-date: /home/berry/HeartBeat/install/interfaces_new/lib/libinterfaces_new__rosidl_typesupport_introspection_c.so
[13.829s] -- Up-to-date: /home/berry/HeartBeat/install/interfaces_new/lib/libinterfaces_new__rosidl_typesupport_c.so
[13.830s] -- Up-to-date: /home/berry/HeartBeat/install/interfaces_new/include/interfaces_new/interfaces_new
[13.830s] -- Up-to-date: /home/berry/HeartBeat/install/interfaces_new/include/interfaces_new/interfaces_new/action
[13.831s] -- Up-to-date: /home/berry/HeartBeat/install/interfaces_new/include/interfaces_new/interfaces_new/action/move_mood.hpp
[13.832s] -- Up-to-date: /home/berry/HeartBeat/install/interfaces_new/include/interfaces_new/interfaces_new/action/detail
[13.832s] -- Up-to-date: /home/berry/HeartBeat/install/interfaces_new/include/interfaces_new/interfaces_new/action/detail/belt_stop__struct.hpp
[13.833s] -- Up-to-date: /home/berry/HeartBeat/install/interfaces_new/include/interfaces_new/interfaces_new/action/detail/belt_move__struct.hpp
[13.833s] -- Up-to-date: /home/berry/HeartBeat/install/interfaces_new/include/interfaces_new/interfaces_new/action/detail/move_to_right__builder.hpp
[13.834s] -- Up-to-date: /home/berry/HeartBeat/install/interfaces_new/include/interfaces_new/interfaces_new/action/detail/move_to_left__traits.hpp
[13.834s] -- Up-to-date: /home/berry/HeartBeat/install/interfaces_new/include/interfaces_new/interfaces_new/action/detail/move_time__struct.hpp
[13.835s] -- Up-to-date: /home/berry/HeartBeat/install/interfaces_new/include/interfaces_new/interfaces_new/action/detail/move_to_right__struct.hpp
[13.835s] -- Up-to-date: /home/berry/HeartBeat/install/interfaces_new/include/interfaces_new/interfaces_new/action/detail/move_time__builder.hpp
[13.836s] -- Up-to-date: /home/berry/HeartBeat/install/interfaces_new/include/interfaces_new/interfaces_new/action/detail/move_time__traits.hpp
[13.836s] -- Up-to-date: /home/berry/HeartBeat/install/interfaces_new/include/interfaces_new/interfaces_new/action/detail/move_mood__builder.hpp
[13.837s] -- Up-to-date: /home/berry/HeartBeat/install/interfaces_new/include/interfaces_new/interfaces_new/action/detail/fetch__traits.hpp
[13.837s] -- Up-to-date: /home/berry/HeartBeat/install/interfaces_new/include/interfaces_new/interfaces_new/action/detail/belt_move__builder.hpp
[13.838s] -- Up-to-date: /home/berry/HeartBeat/install/interfaces_new/include/interfaces_new/interfaces_new/action/detail/move_to_right__traits.hpp
[13.839s] -- Up-to-date: /home/berry/HeartBeat/install/interfaces_new/include/interfaces_new/interfaces_new/action/detail/is_moving__struct.hpp
[13.839s] -- Up-to-date: /home/berry/HeartBeat/install/interfaces_new/include/interfaces_new/interfaces_new/action/detail/get_status__struct.hpp
[13.840s] -- Up-to-date: /home/berry/HeartBeat/install/interfaces_new/include/interfaces_new/interfaces_new/action/detail/get_status__builder.hpp
[13.840s] -- Up-to-date: /home/berry/HeartBeat/install/interfaces_new/include/interfaces_new/interfaces_new/action/detail/gripper_open__traits.hpp
[13.841s] -- Up-to-date: /home/berry/HeartBeat/install/interfaces_new/include/interfaces_new/interfaces_new/action/detail/is_moving__builder.hpp
[13.841s] -- Up-to-date: /home/berry/HeartBeat/install/interfaces_new/include/interfaces_new/interfaces_new/action/detail/move_mood__traits.hpp
[13.842s] -- Up-to-date: /home/berry/HeartBeat/install/interfaces_new/include/interfaces_new/interfaces_new/action/detail/head_move__struct.hpp
[13.842s] -- Up-to-date: /home/berry/HeartBeat/install/interfaces_new/include/interfaces_new/interfaces_new/action/detail/multiple_turn__struct.hpp
[13.843s] -- Up-to-date: /home/berry/HeartBeat/install/interfaces_new/include/interfaces_new/interfaces_new/action/detail/arm2_test__builder.hpp
[13.844s] -- Up-to-date: /home/berry/HeartBeat/install/interfaces_new/include/interfaces_new/interfaces_new/action/detail/stop_time__builder.hpp
[13.844s] -- Up-to-date: /home/berry/HeartBeat/install/interfaces_new/include/interfaces_new/interfaces_new/action/detail/arm1_test__builder.hpp
[13.844s] -- Up-to-date: /home/berry/HeartBeat/install/interfaces_new/include/interfaces_new/interfaces_new/action/detail/move_mood__struct.hpp
[13.845s] -- Up-to-date: /home/berry/HeartBeat/install/interfaces_new/include/interfaces_new/interfaces_new/action/detail/head_move__builder.hpp
[13.845s] -- Up-to-date: /home/berry/HeartBeat/install/interfaces_new/include/interfaces_new/interfaces_new/action/detail/is_moving__traits.hpp
[13.846s] -- Up-to-date: /home/berry/HeartBeat/install/interfaces_new/include/interfaces_new/interfaces_new/action/detail/stop_time__traits.hpp
[13.846s] -- Up-to-date: /home/berry/HeartBeat/install/interfaces_new/include/interfaces_new/interfaces_new/action/detail/belt_stop__builder.hpp
[13.847s] -- Up-to-date: /home/berry/HeartBeat/install/interfaces_new/include/interfaces_new/interfaces_new/action/detail/arm2_test__struct.hpp
[13.847s] -- Up-to-date: /home/berry/HeartBeat/install/interfaces_new/include/interfaces_new/interfaces_new/action/detail/gripper_open__builder.hpp
[13.848s] -- Up-to-date: /home/berry/HeartBeat/install/interfaces_new/include/interfaces_new/interfaces_new/action/detail/belt_move__traits.hpp
[13.848s] -- Up-to-date: /home/berry/HeartBeat/install/interfaces_new/include/interfaces_new/interfaces_new/action/detail/fetch__builder.hpp
[13.849s] -- Up-to-date: /home/berry/HeartBeat/install/interfaces_new/include/interfaces_new/interfaces_new/action/detail/move_to_left__struct.hpp
[13.849s] -- Up-to-date: /home/berry/HeartBeat/install/interfaces_new/include/interfaces_new/interfaces_new/action/detail/belt_stop__traits.hpp
[13.850s] -- Up-to-date: /home/berry/HeartBeat/install/interfaces_new/include/interfaces_new/interfaces_new/action/detail/multiple_turn__builder.hpp
[13.850s] -- Up-to-date: /home/berry/HeartBeat/install/interfaces_new/include/interfaces_new/interfaces_new/action/detail/gripper_open__struct.hpp
[13.851s] -- Up-to-date: /home/berry/HeartBeat/install/interfaces_new/include/interfaces_new/interfaces_new/action/detail/arm2_test__traits.hpp
[13.851s] -- Up-to-date: /home/berry/HeartBeat/install/interfaces_new/include/interfaces_new/interfaces_new/action/detail/fetch__struct.hpp
[13.852s] -- Up-to-date: /home/berry/HeartBeat/install/interfaces_new/include/interfaces_new/interfaces_new/action/detail/head_move__traits.hpp
[13.852s] -- Up-to-date: /home/berry/HeartBeat/install/interfaces_new/include/interfaces_new/interfaces_new/action/detail/move_to_left__builder.hpp
[13.853s] -- Up-to-date: /home/berry/HeartBeat/install/interfaces_new/include/interfaces_new/interfaces_new/action/detail/arm1_test__struct.hpp
[13.853s] -- Up-to-date: /home/berry/HeartBeat/install/interfaces_new/include/interfaces_new/interfaces_new/action/detail/get_status__traits.hpp
[13.854s] -- Up-to-date: /home/berry/HeartBeat/install/interfaces_new/include/interfaces_new/interfaces_new/action/detail/multiple_turn__traits.hpp
[13.854s] -- Up-to-date: /home/berry/HeartBeat/install/interfaces_new/include/interfaces_new/interfaces_new/action/detail/stop_time__struct.hpp
[13.855s] -- Up-to-date: /home/berry/HeartBeat/install/interfaces_new/include/interfaces_new/interfaces_new/action/detail/arm1_test__traits.hpp
[13.855s] -- Up-to-date: /home/berry/HeartBeat/install/interfaces_new/include/interfaces_new/interfaces_new/action/belt_stop.hpp
[13.856s] -- Up-to-date: /home/berry/HeartBeat/install/interfaces_new/include/interfaces_new/interfaces_new/action/multiple_turn.hpp
[13.857s] -- Up-to-date: /home/berry/HeartBeat/install/interfaces_new/include/interfaces_new/interfaces_new/action/move_to_left.hpp
[13.857s] -- Up-to-date: /home/berry/HeartBeat/install/interfaces_new/include/interfaces_new/interfaces_new/action/get_status.hpp
[13.858s] -- Up-to-date: /home/berry/HeartBeat/install/interfaces_new/include/interfaces_new/interfaces_new/action/is_moving.hpp
[13.858s] -- Up-to-date: /home/berry/HeartBeat/install/interfaces_new/include/interfaces_new/interfaces_new/action/head_move.hpp
[13.859s] -- Up-to-date: /home/berry/HeartBeat/install/interfaces_new/include/interfaces_new/interfaces_new/action/move_time.hpp
[13.859s] -- Up-to-date: /home/berry/HeartBeat/install/interfaces_new/include/interfaces_new/interfaces_new/action/move_to_right.hpp
[13.860s] -- Up-to-date: /home/berry/HeartBeat/install/interfaces_new/include/interfaces_new/interfaces_new/action/gripper_open.hpp
[13.860s] -- Up-to-date: /home/berry/HeartBeat/install/interfaces_new/include/interfaces_new/interfaces_new/action/belt_move.hpp
[13.861s] -- Up-to-date: /home/berry/HeartBeat/install/interfaces_new/include/interfaces_new/interfaces_new/action/arm1_test.hpp
[13.861s] -- Up-to-date: /home/berry/HeartBeat/install/interfaces_new/include/interfaces_new/interfaces_new/action/fetch.hpp
[13.861s] -- Up-to-date: /home/berry/HeartBeat/install/interfaces_new/include/interfaces_new/interfaces_new/action/arm2_test.hpp
[13.862s] -- Up-to-date: /home/berry/HeartBeat/install/interfaces_new/include/interfaces_new/interfaces_new/action/stop_time.hpp
[13.862s] -- Up-to-date: /home/berry/HeartBeat/install/interfaces_new/include/interfaces_new/interfaces_new/msg
[13.863s] -- Up-to-date: /home/berry/HeartBeat/install/interfaces_new/include/interfaces_new/interfaces_new/msg/detail
[13.863s] -- Up-to-date: /home/berry/HeartBeat/install/interfaces_new/include/interfaces_new/interfaces_new/msg/detail/arm1_heartbeat__struct.hpp
[13.864s] -- Up-to-date: /home/berry/HeartBeat/install/interfaces_new/include/interfaces_new/interfaces_new/msg/detail/arm1_heartbeat__traits.hpp
[13.864s] -- Up-to-date: /home/berry/HeartBeat/install/interfaces_new/include/interfaces_new/interfaces_new/msg/detail/arm2_heartbeat__builder.hpp
[13.865s] -- Up-to-date: /home/berry/HeartBeat/install/interfaces_new/include/interfaces_new/interfaces_new/msg/detail/arm1_heartbeat__builder.hpp
[13.865s] -- Up-to-date: /home/berry/HeartBeat/install/interfaces_new/include/interfaces_new/interfaces_new/msg/detail/arm2_heartbeat__traits.hpp
[13.866s] -- Up-to-date: /home/berry/HeartBeat/install/interfaces_new/include/interfaces_new/interfaces_new/msg/detail/arm2_heartbeat__struct.hpp
[13.866s] -- Up-to-date: /home/berry/HeartBeat/install/interfaces_new/include/interfaces_new/interfaces_new/msg/arm2_heartbeat.hpp
[13.867s] -- Up-to-date: /home/berry/HeartBeat/install/interfaces_new/include/interfaces_new/interfaces_new/msg/arm1_heartbeat.hpp
[13.867s] -- Up-to-date: /home/berry/HeartBeat/install/interfaces_new/include/interfaces_new/interfaces_new
[13.868s] -- Up-to-date: /home/berry/HeartBeat/install/interfaces_new/include/interfaces_new/interfaces_new/action
[13.868s] -- Up-to-date: /home/berry/HeartBeat/install/interfaces_new/include/interfaces_new/interfaces_new/action/detail
[13.869s] -- Up-to-date: /home/berry/HeartBeat/install/interfaces_new/include/interfaces_new/interfaces_new/action/detail/head_move__rosidl_typesupport_fastrtps_cpp.hpp
[13.869s] -- Up-to-date: /home/berry/HeartBeat/install/interfaces_new/include/interfaces_new/interfaces_new/action/detail/gripper_open__rosidl_typesupport_fastrtps_cpp.hpp
[13.870s] -- Up-to-date: /home/berry/HeartBeat/install/interfaces_new/include/interfaces_new/interfaces_new/action/detail/move_to_left__rosidl_typesupport_fastrtps_cpp.hpp
[13.870s] -- Up-to-date: /home/berry/HeartBeat/install/interfaces_new/include/interfaces_new/interfaces_new/action/detail/arm1_test__rosidl_typesupport_fastrtps_cpp.hpp
[13.871s] -- Up-to-date: /home/berry/HeartBeat/install/interfaces_new/include/interfaces_new/interfaces_new/action/detail/is_moving__rosidl_typesupport_fastrtps_cpp.hpp
[13.872s] -- Up-to-date: /home/berry/HeartBeat/install/interfaces_new/include/interfaces_new/interfaces_new/action/detail/arm2_test__rosidl_typesupport_fastrtps_cpp.hpp
[13.872s] -- Up-to-date: /home/berry/HeartBeat/install/interfaces_new/include/interfaces_new/interfaces_new/action/detail/move_time__rosidl_typesupport_fastrtps_cpp.hpp
[13.873s] -- Up-to-date: /home/berry/HeartBeat/install/interfaces_new/include/interfaces_new/interfaces_new/action/detail/get_status__rosidl_typesupport_fastrtps_cpp.hpp
[13.873s] -- Up-to-date: /home/berry/HeartBeat/install/interfaces_new/include/interfaces_new/interfaces_new/action/detail/fetch__rosidl_typesupport_fastrtps_cpp.hpp
[13.874s] -- Up-to-date: /home/berry/HeartBeat/install/interfaces_new/include/interfaces_new/interfaces_new/action/detail/multiple_turn__rosidl_typesupport_fastrtps_cpp.hpp
[13.874s] -- Up-to-date: /home/berry/HeartBeat/install/interfaces_new/include/interfaces_new/interfaces_new/action/detail/stop_time__rosidl_typesupport_fastrtps_cpp.hpp
[13.874s] -- Up-to-date: /home/berry/HeartBeat/install/interfaces_new/include/interfaces_new/interfaces_new/action/detail/move_to_right__rosidl_typesupport_fastrtps_cpp.hpp
[13.875s] -- Up-to-date: /home/berry/HeartBeat/install/interfaces_new/include/interfaces_new/interfaces_new/action/detail/dds_fastrtps
[13.875s] -- Up-to-date: /home/berry/HeartBeat/install/interfaces_new/include/interfaces_new/interfaces_new/action/detail/belt_move__rosidl_typesupport_fastrtps_cpp.hpp
[13.875s] -- Up-to-date: /home/berry/HeartBeat/install/interfaces_new/include/interfaces_new/interfaces_new/action/detail/belt_stop__rosidl_typesupport_fastrtps_cpp.hpp
[13.876s] -- Up-to-date: /home/berry/HeartBeat/install/interfaces_new/include/interfaces_new/interfaces_new/action/detail/move_mood__rosidl_typesupport_fastrtps_cpp.hpp
[13.876s] -- Up-to-date: /home/berry/HeartBeat/install/interfaces_new/include/interfaces_new/interfaces_new/msg
[13.877s] -- Up-to-date: /home/berry/HeartBeat/install/interfaces_new/include/interfaces_new/interfaces_new/msg/detail
[13.877s] -- Up-to-date: /home/berry/HeartBeat/install/interfaces_new/include/interfaces_new/interfaces_new/msg/detail/dds_fastrtps
[13.877s] -- Up-to-date: /home/berry/HeartBeat/install/interfaces_new/include/interfaces_new/interfaces_new/msg/detail/arm1_heartbeat__rosidl_typesupport_fastrtps_cpp.hpp
[13.878s] -- Up-to-date: /home/berry/HeartBeat/install/interfaces_new/include/interfaces_new/interfaces_new/msg/detail/arm2_heartbeat__rosidl_typesupport_fastrtps_cpp.hpp
[13.878s] -- Up-to-date: /home/berry/HeartBeat/install/interfaces_new/include/interfaces_new/interfaces_new/msg/rosidl_typesupport_fastrtps_cpp__visibility_control.h
[13.879s] -- Up-to-date: /home/berry/HeartBeat/install/interfaces_new/lib/libinterfaces_new__rosidl_typesupport_fastrtps_cpp.so
[13.879s] -- Up-to-date: /home/berry/HeartBeat/install/interfaces_new/include/interfaces_new/interfaces_new
[13.880s] -- Up-to-date: /home/berry/HeartBeat/install/interfaces_new/include/interfaces_new/interfaces_new/action
[13.880s] -- Up-to-date: /home/berry/HeartBeat/install/interfaces_new/include/interfaces_new/interfaces_new/action/detail
[13.881s] -- Up-to-date: /home/berry/HeartBeat/install/interfaces_new/include/interfaces_new/interfaces_new/action/detail/arm2_test__rosidl_typesupport_introspection_cpp.hpp
[13.881s] -- Up-to-date: /home/berry/HeartBeat/install/interfaces_new/include/interfaces_new/interfaces_new/action/detail/head_move__type_support.cpp
[13.881s] -- Up-to-date: /home/berry/HeartBeat/install/interfaces_new/include/interfaces_new/interfaces_new/action/detail/move_to_left__type_support.cpp
[13.882s] -- Up-to-date: /home/berry/HeartBeat/install/interfaces_new/include/interfaces_new/interfaces_new/action/detail/get_status__type_support.cpp
[13.882s] -- Up-to-date: /home/berry/HeartBeat/install/interfaces_new/include/interfaces_new/interfaces_new/action/detail/stop_time__type_support.cpp
[13.883s] -- Up-to-date: /home/berry/HeartBeat/install/interfaces_new/include/interfaces_new/interfaces_new/action/detail/stop_time__rosidl_typesupport_introspection_cpp.hpp
[13.883s] -- Up-to-date: /home/berry/HeartBeat/install/interfaces_new/include/interfaces_new/interfaces_new/action/detail/gripper_open__rosidl_typesupport_introspection_cpp.hpp
[13.884s] -- Up-to-date: /home/berry/HeartBeat/install/interfaces_new/include/interfaces_new/interfaces_new/action/detail/head_move__rosidl_typesupport_introspection_cpp.hpp
[13.884s] -- Up-to-date: /home/berry/HeartBeat/install/interfaces_new/include/interfaces_new/interfaces_new/action/detail/belt_stop__type_support.cpp
[13.885s] -- Up-to-date: /home/berry/HeartBeat/install/interfaces_new/include/interfaces_new/interfaces_new/action/detail/belt_move__type_support.cpp
[13.885s] -- Up-to-date: /home/berry/HeartBeat/install/interfaces_new/include/interfaces_new/interfaces_new/action/detail/multiple_turn__rosidl_typesupport_introspection_cpp.hpp
[13.886s] -- Up-to-date: /home/berry/HeartBeat/install/interfaces_new/include/interfaces_new/interfaces_new/action/detail/move_to_right__type_support.cpp
[13.886s] -- Up-to-date: /home/berry/HeartBeat/install/interfaces_new/include/interfaces_new/interfaces_new/action/detail/arm1_test__type_support.cpp
[13.887s] -- Up-to-date: /home/berry/HeartBeat/install/interfaces_new/include/interfaces_new/interfaces_new/action/detail/move_to_left__rosidl_typesupport_introspection_cpp.hpp
[13.887s] -- Up-to-date: /home/berry/HeartBeat/install/interfaces_new/include/interfaces_new/interfaces_new/action/detail/gripper_open__type_support.cpp
[13.888s] -- Up-to-date: /home/berry/HeartBeat/install/interfaces_new/include/interfaces_new/interfaces_new/action/detail/fetch__type_support.cpp
[13.888s] -- Up-to-date: /home/berry/HeartBeat/install/interfaces_new/include/interfaces_new/interfaces_new/action/detail/move_mood__type_support.cpp
[13.889s] -- Up-to-date: /home/berry/HeartBeat/install/interfaces_new/include/interfaces_new/interfaces_new/action/detail/move_to_right__rosidl_typesupport_introspection_cpp.hpp
[13.889s] -- Up-to-date: /home/berry/HeartBeat/install/interfaces_new/include/interfaces_new/interfaces_new/action/detail/is_moving__rosidl_typesupport_introspection_cpp.hpp
[13.889s] -- Up-to-date: /home/berry/HeartBeat/install/interfaces_new/include/interfaces_new/interfaces_new/action/detail/belt_move__rosidl_typesupport_introspection_cpp.hpp
[13.890s] -- Up-to-date: /home/berry/HeartBeat/install/interfaces_new/include/interfaces_new/interfaces_new/action/detail/multiple_turn__type_support.cpp
[13.890s] -- Up-to-date: /home/berry/HeartBeat/install/interfaces_new/include/interfaces_new/interfaces_new/action/detail/get_status__rosidl_typesupport_introspection_cpp.hpp
[13.891s] -- Up-to-date: /home/berry/HeartBeat/install/interfaces_new/include/interfaces_new/interfaces_new/action/detail/is_moving__type_support.cpp
[13.891s] -- Up-to-date: /home/berry/HeartBeat/install/interfaces_new/include/interfaces_new/interfaces_new/action/detail/arm2_test__type_support.cpp
[13.892s] -- Up-to-date: /home/berry/HeartBeat/install/interfaces_new/include/interfaces_new/interfaces_new/action/detail/move_mood__rosidl_typesupport_introspection_cpp.hpp
[13.892s] -- Up-to-date: /home/berry/HeartBeat/install/interfaces_new/include/interfaces_new/interfaces_new/action/detail/belt_stop__rosidl_typesupport_introspection_cpp.hpp
[13.893s] -- Up-to-date: /home/berry/HeartBeat/install/interfaces_new/include/interfaces_new/interfaces_new/action/detail/move_time__rosidl_typesupport_introspection_cpp.hpp
[13.893s] -- Up-to-date: /home/berry/HeartBeat/install/interfaces_new/include/interfaces_new/interfaces_new/action/detail/move_time__type_support.cpp
[13.894s] -- Up-to-date: /home/berry/HeartBeat/install/interfaces_new/include/interfaces_new/interfaces_new/action/detail/fetch__rosidl_typesupport_introspection_cpp.hpp
[13.894s] -- Up-to-date: /home/berry/HeartBeat/install/interfaces_new/include/interfaces_new/interfaces_new/action/detail/arm1_test__rosidl_typesupport_introspection_cpp.hpp
[13.895s] -- Up-to-date: /home/berry/HeartBeat/install/interfaces_new/include/interfaces_new/interfaces_new/msg
[13.895s] -- Up-to-date: /home/berry/HeartBeat/install/interfaces_new/include/interfaces_new/interfaces_new/msg/detail
[13.896s] -- Up-to-date: /home/berry/HeartBeat/install/interfaces_new/include/interfaces_new/interfaces_new/msg/detail/arm2_heartbeat__rosidl_typesupport_introspection_cpp.hpp
[13.897s] -- Up-to-date: /home/berry/HeartBeat/install/interfaces_new/include/interfaces_new/interfaces_new/msg/detail/arm1_heartbeat__rosidl_typesupport_introspection_cpp.hpp
[13.897s] -- Up-to-date: /home/berry/HeartBeat/install/interfaces_new/include/interfaces_new/interfaces_new/msg/detail/arm2_heartbeat__type_support.cpp
[13.898s] -- Up-to-date: /home/berry/HeartBeat/install/interfaces_new/include/interfaces_new/interfaces_new/msg/detail/arm1_heartbeat__type_support.cpp
[13.898s] -- Up-to-date: /home/berry/HeartBeat/install/interfaces_new/lib/libinterfaces_new__rosidl_typesupport_introspection_cpp.so
[13.899s] -- Up-to-date: /home/berry/HeartBeat/install/interfaces_new/lib/libinterfaces_new__rosidl_typesupport_cpp.so
[13.900s] -- Up-to-date: /home/berry/HeartBeat/install/interfaces_new/share/interfaces_new/environment/pythonpath.sh
[13.900s] -- Up-to-date: /home/berry/HeartBeat/install/interfaces_new/share/interfaces_new/environment/pythonpath.dsv
[13.901s] -- Up-to-date: /home/berry/HeartBeat/install/interfaces_new/local/lib/python3.10/dist-packages/interfaces_new-0.0.0-py3.10.egg-info
[13.901s] -- Installing: /home/berry/HeartBeat/install/interfaces_new/local/lib/python3.10/dist-packages/interfaces_new-0.0.0-py3.10.egg-info/dependency_links.txt
[13.902s] -- Installing: /home/berry/HeartBeat/install/interfaces_new/local/lib/python3.10/dist-packages/interfaces_new-0.0.0-py3.10.egg-info/top_level.txt
[13.902s] -- Installing: /home/berry/HeartBeat/install/interfaces_new/local/lib/python3.10/dist-packages/interfaces_new-0.0.0-py3.10.egg-info/SOURCES.txt
[13.903s] -- Installing: /home/berry/HeartBeat/install/interfaces_new/local/lib/python3.10/dist-packages/interfaces_new-0.0.0-py3.10.egg-info/PKG-INFO
[13.903s] -- Up-to-date: /home/berry/HeartBeat/install/interfaces_new/local/lib/python3.10/dist-packages/interfaces_new
[13.904s] -- Up-to-date: /home/berry/HeartBeat/install/interfaces_new/local/lib/python3.10/dist-packages/interfaces_new/interfaces_new_s__rosidl_typesupport_fastrtps_c.cpython-310-aarch64-linux-gnu.so
[13.904s] -- Up-to-date: /home/berry/HeartBeat/install/interfaces_new/local/lib/python3.10/dist-packages/interfaces_new/action
[13.904s] -- Up-to-date: /home/berry/HeartBeat/install/interfaces_new/local/lib/python3.10/dist-packages/interfaces_new/action/_move_to_right_s.c
[13.905s] -- Up-to-date: /home/berry/HeartBeat/install/interfaces_new/local/lib/python3.10/dist-packages/interfaces_new/action/_fetch_s.c
[13.905s] -- Up-to-date: /home/berry/HeartBeat/install/interfaces_new/local/lib/python3.10/dist-packages/interfaces_new/action/_arm2_test_s.c
[13.906s] -- Up-to-date: /home/berry/HeartBeat/install/interfaces_new/local/lib/python3.10/dist-packages/interfaces_new/action/_belt_stop.py
[13.906s] -- Up-to-date: /home/berry/HeartBeat/install/interfaces_new/local/lib/python3.10/dist-packages/interfaces_new/action/_get_status.py
[13.906s] -- Up-to-date: /home/berry/HeartBeat/install/interfaces_new/local/lib/python3.10/dist-packages/interfaces_new/action/_belt_stop_s.c
[13.907s] -- Up-to-date: /home/berry/HeartBeat/install/interfaces_new/local/lib/python3.10/dist-packages/interfaces_new/action/_belt_move.py
[13.907s] -- Up-to-date: /home/berry/HeartBeat/install/interfaces_new/local/lib/python3.10/dist-packages/interfaces_new/action/_move_to_right.py
[13.908s] -- Up-to-date: /home/berry/HeartBeat/install/interfaces_new/local/lib/python3.10/dist-packages/interfaces_new/action/_move_mood.py
[13.909s] -- Up-to-date: /home/berry/HeartBeat/install/interfaces_new/local/lib/python3.10/dist-packages/interfaces_new/action/_arm2_test.py
[13.909s] -- Up-to-date: /home/berry/HeartBeat/install/interfaces_new/local/lib/python3.10/dist-packages/interfaces_new/action/_belt_move_s.c
[13.910s] -- Up-to-date: /home/berry/HeartBeat/install/interfaces_new/local/lib/python3.10/dist-packages/interfaces_new/action/_move_mood_s.c
[13.910s] -- Up-to-date: /home/berry/HeartBeat/install/interfaces_new/local/lib/python3.10/dist-packages/interfaces_new/action/_fetch.py
[13.911s] -- Up-to-date: /home/berry/HeartBeat/install/interfaces_new/local/lib/python3.10/dist-packages/interfaces_new/action/_move_time.py
[13.912s] -- Up-to-date: /home/berry/HeartBeat/install/interfaces_new/local/lib/python3.10/dist-packages/interfaces_new/action/_gripper_open.py
[13.912s] -- Up-to-date: /home/berry/HeartBeat/install/interfaces_new/local/lib/python3.10/dist-packages/interfaces_new/action/_stop_time_s.c
[13.913s] -- Up-to-date: /home/berry/HeartBeat/install/interfaces_new/local/lib/python3.10/dist-packages/interfaces_new/action/_move_time_s.c
[13.913s] -- Up-to-date: /home/berry/HeartBeat/install/interfaces_new/local/lib/python3.10/dist-packages/interfaces_new/action/_arm1_test.py
[13.914s] -- Up-to-date: /home/berry/HeartBeat/install/interfaces_new/local/lib/python3.10/dist-packages/interfaces_new/action/_gripper_open_s.c
[13.914s] -- Up-to-date: /home/berry/HeartBeat/install/interfaces_new/local/lib/python3.10/dist-packages/interfaces_new/action/_move_to_left.py
[13.914s] -- Up-to-date: /home/berry/HeartBeat/install/interfaces_new/local/lib/python3.10/dist-packages/interfaces_new/action/_get_status_s.c
[13.915s] -- Up-to-date: /home/berry/HeartBeat/install/interfaces_new/local/lib/python3.10/dist-packages/interfaces_new/action/_arm1_test_s.c
[13.915s] -- Up-to-date: /home/berry/HeartBeat/install/interfaces_new/local/lib/python3.10/dist-packages/interfaces_new/action/_head_move_s.c
[13.916s] -- Up-to-date: /home/berry/HeartBeat/install/interfaces_new/local/lib/python3.10/dist-packages/interfaces_new/action/_multiple_turn_s.c
[13.916s] -- Up-to-date: /home/berry/HeartBeat/install/interfaces_new/local/lib/python3.10/dist-packages/interfaces_new/action/_is_moving.py
[13.917s] -- Up-to-date: /home/berry/HeartBeat/install/interfaces_new/local/lib/python3.10/dist-packages/interfaces_new/action/__init__.py
[13.917s] -- Up-to-date: /home/berry/HeartBeat/install/interfaces_new/local/lib/python3.10/dist-packages/interfaces_new/action/_move_to_left_s.c
[13.917s] -- Up-to-date: /home/berry/HeartBeat/install/interfaces_new/local/lib/python3.10/dist-packages/interfaces_new/action/_multiple_turn.py
[13.918s] -- Up-to-date: /home/berry/HeartBeat/install/interfaces_new/local/lib/python3.10/dist-packages/interfaces_new/action/_head_move.py
[13.918s] -- Up-to-date: /home/berry/HeartBeat/install/interfaces_new/local/lib/python3.10/dist-packages/interfaces_new/action/_stop_time.py
[13.918s] -- Up-to-date: /home/berry/HeartBeat/install/interfaces_new/local/lib/python3.10/dist-packages/interfaces_new/action/_is_moving_s.c
[13.919s] -- Up-to-date: /home/berry/HeartBeat/install/interfaces_new/local/lib/python3.10/dist-packages/interfaces_new/libinterfaces_new__rosidl_generator_py.so
[13.919s] -- Up-to-date: /home/berry/HeartBeat/install/interfaces_new/local/lib/python3.10/dist-packages/interfaces_new/interfaces_new_s__rosidl_typesupport_c.cpython-310-aarch64-linux-gnu.so
[13.920s] -- Up-to-date: /home/berry/HeartBeat/install/interfaces_new/local/lib/python3.10/dist-packages/interfaces_new/_interfaces_new_s.ep.rosidl_typesupport_fastrtps_c.c
[13.920s] -- Up-to-date: /home/berry/HeartBeat/install/interfaces_new/local/lib/python3.10/dist-packages/interfaces_new/_interfaces_new_s.ep.rosidl_typesupport_c.c
[13.921s] -- Up-to-date: /home/berry/HeartBeat/install/interfaces_new/local/lib/python3.10/dist-packages/interfaces_new/interfaces_new_s__rosidl_typesupport_introspection_c.cpython-310-aarch64-linux-gnu.so
[13.921s] -- Up-to-date: /home/berry/HeartBeat/install/interfaces_new/local/lib/python3.10/dist-packages/interfaces_new/msg
[13.922s] -- Up-to-date: /home/berry/HeartBeat/install/interfaces_new/local/lib/python3.10/dist-packages/interfaces_new/msg/_arm1_heartbeat.py
[13.922s] -- Up-to-date: /home/berry/HeartBeat/install/interfaces_new/local/lib/python3.10/dist-packages/interfaces_new/msg/_arm2_heartbeat_s.c
[13.923s] -- Up-to-date: /home/berry/HeartBeat/install/interfaces_new/local/lib/python3.10/dist-packages/interfaces_new/msg/_arm1_heartbeat_s.c
[13.923s] -- Up-to-date: /home/berry/HeartBeat/install/interfaces_new/local/lib/python3.10/dist-packages/interfaces_new/msg/__init__.py
[13.924s] -- Up-to-date: /home/berry/HeartBeat/install/interfaces_new/local/lib/python3.10/dist-packages/interfaces_new/msg/_arm2_heartbeat.py
[13.924s] -- Up-to-date: /home/berry/HeartBeat/install/interfaces_new/local/lib/python3.10/dist-packages/interfaces_new/_interfaces_new_s.ep.rosidl_typesupport_introspection_c.c
[13.925s] -- Up-to-date: /home/berry/HeartBeat/install/interfaces_new/local/lib/python3.10/dist-packages/interfaces_new/__init__.py
[14.208s] Listing '/home/berry/HeartBeat/install/interfaces_new/local/lib/python3.10/dist-packages/interfaces_new'...
[14.209s] Listing '/home/berry/HeartBeat/install/interfaces_new/local/lib/python3.10/dist-packages/interfaces_new/action'...
[14.210s] Listing '/home/berry/HeartBeat/install/interfaces_new/local/lib/python3.10/dist-packages/interfaces_new/msg'...
[14.241s] -- Up-to-date: /home/berry/HeartBeat/install/interfaces_new/local/lib/python3.10/dist-packages/interfaces_new/interfaces_new_s__rosidl_typesupport_fastrtps_c.cpython-310-aarch64-linux-gnu.so
[14.244s] -- Up-to-date: /home/berry/HeartBeat/install/interfaces_new/local/lib/python3.10/dist-packages/interfaces_new/interfaces_new_s__rosidl_typesupport_introspection_c.cpython-310-aarch64-linux-gnu.so
[14.247s] -- Up-to-date: /home/berry/HeartBeat/install/interfaces_new/local/lib/python3.10/dist-packages/interfaces_new/interfaces_new_s__rosidl_typesupport_c.cpython-310-aarch64-linux-gnu.so
[14.250s] -- Up-to-date: /home/berry/HeartBeat/install/interfaces_new/lib/libinterfaces_new__rosidl_generator_py.so
[14.252s] -- Up-to-date: /home/berry/HeartBeat/install/interfaces_new/share/interfaces_new/action/Arm1Test.idl
[14.252s] -- Up-to-date: /home/berry/HeartBeat/install/interfaces_new/share/interfaces_new/action/Arm2Test.idl
[14.253s] -- Up-to-date: /home/berry/HeartBeat/install/interfaces_new/share/interfaces_new/action/StopTime.idl
[14.254s] -- Up-to-date: /home/berry/HeartBeat/install/interfaces_new/share/interfaces_new/action/MoveMood.idl
[14.254s] -- Up-to-date: /home/berry/HeartBeat/install/interfaces_new/share/interfaces_new/action/MoveTime.idl
[14.255s] -- Up-to-date: /home/berry/HeartBeat/install/interfaces_new/share/interfaces_new/action/IsMoving.idl
[14.256s] -- Up-to-date: /home/berry/HeartBeat/install/interfaces_new/share/interfaces_new/action/MoveToLeft.idl
[14.256s] -- Up-to-date: /home/berry/HeartBeat/install/interfaces_new/share/interfaces_new/action/MoveToRight.idl
[14.257s] -- Up-to-date: /home/berry/HeartBeat/install/interfaces_new/share/interfaces_new/action/GetStatus.idl
[14.258s] -- Up-to-date: /home/berry/HeartBeat/install/interfaces_new/share/interfaces_new/action/BeltMove.idl
[14.258s] -- Up-to-date: /home/berry/HeartBeat/install/interfaces_new/share/interfaces_new/action/BeltStop.idl
[14.259s] -- Up-to-date: /home/berry/HeartBeat/install/interfaces_new/share/interfaces_new/action/Fetch.idl
[14.260s] -- Up-to-date: /home/berry/HeartBeat/install/interfaces_new/share/interfaces_new/action/GripperOpen.idl
[14.260s] -- Up-to-date: /home/berry/HeartBeat/install/interfaces_new/share/interfaces_new/action/HeadMove.idl
[14.261s] -- Up-to-date: /home/berry/HeartBeat/install/interfaces_new/share/interfaces_new/action/MultipleTurn.idl
[14.261s] -- Up-to-date: /home/berry/HeartBeat/install/interfaces_new/share/interfaces_new/msg/Arm1Heartbeat.idl
[14.262s] -- Up-to-date: /home/berry/HeartBeat/install/interfaces_new/share/interfaces_new/msg/Arm2Heartbeat.idl
[14.263s] -- Up-to-date: /home/berry/HeartBeat/install/interfaces_new/share/interfaces_new/action/Arm1Test.action
[14.264s] -- Up-to-date: /home/berry/HeartBeat/install/interfaces_new/share/interfaces_new/action/Arm2Test.action
[14.264s] -- Up-to-date: /home/berry/HeartBeat/install/interfaces_new/share/interfaces_new/action/StopTime.action
[14.265s] -- Up-to-date: /home/berry/HeartBeat/install/interfaces_new/share/interfaces_new/action/MoveMood.action
[14.266s] -- Up-to-date: /home/berry/HeartBeat/install/interfaces_new/share/interfaces_new/action/MoveTime.action
[14.267s] -- Up-to-date: /home/berry/HeartBeat/install/interfaces_new/share/interfaces_new/action/IsMoving.action
[14.268s] -- Up-to-date: /home/berry/HeartBeat/install/interfaces_new/share/interfaces_new/action/MoveToLeft.action
[14.268s] -- Up-to-date: /home/berry/HeartBeat/install/interfaces_new/share/interfaces_new/action/MoveToRight.action
[14.269s] -- Up-to-date: /home/berry/HeartBeat/install/interfaces_new/share/interfaces_new/action/GetStatus.action
[14.270s] -- Up-to-date: /home/berry/HeartBeat/install/interfaces_new/share/interfaces_new/action/BeltMove.action
[14.270s] -- Up-to-date: /home/berry/HeartBeat/install/interfaces_new/share/interfaces_new/action/BeltStop.action
[14.271s] -- Up-to-date: /home/berry/HeartBeat/install/interfaces_new/share/interfaces_new/action/Fetch.action
[14.272s] -- Up-to-date: /home/berry/HeartBeat/install/interfaces_new/share/interfaces_new/action/GripperOpen.action
[14.272s] -- Up-to-date: /home/berry/HeartBeat/install/interfaces_new/share/interfaces_new/action/HeadMove.action
[14.273s] -- Up-to-date: /home/berry/HeartBeat/install/interfaces_new/share/interfaces_new/action/MultipleTurn.action
[14.274s] -- Up-to-date: /home/berry/HeartBeat/install/interfaces_new/share/interfaces_new/msg/Arm1Heartbeat.msg
[14.275s] -- Up-to-date: /home/berry/HeartBeat/install/interfaces_new/share/interfaces_new/msg/Arm2Heartbeat.msg
[14.276s] -- Up-to-date: /home/berry/HeartBeat/install/interfaces_new/share/ament_index/resource_index/package_run_dependencies/interfaces_new
[14.277s] -- Up-to-date: /home/berry/HeartBeat/install/interfaces_new/share/ament_index/resource_index/parent_prefix_path/interfaces_new
[14.277s] -- Up-to-date: /home/berry/HeartBeat/install/interfaces_new/share/interfaces_new/environment/ament_prefix_path.sh
[14.278s] -- Up-to-date: /home/berry/HeartBeat/install/interfaces_new/share/interfaces_new/environment/ament_prefix_path.dsv
[14.279s] -- Up-to-date: /home/berry/HeartBeat/install/interfaces_new/share/interfaces_new/environment/path.sh
[14.279s] -- Up-to-date: /home/berry/HeartBeat/install/interfaces_new/share/interfaces_new/environment/path.dsv
[14.280s] -- Up-to-date: /home/berry/HeartBeat/install/interfaces_new/share/interfaces_new/local_setup.bash
[14.280s] -- Up-to-date: /home/berry/HeartBeat/install/interfaces_new/share/interfaces_new/local_setup.sh
[14.281s] -- Up-to-date: /home/berry/HeartBeat/install/interfaces_new/share/interfaces_new/local_setup.zsh
[14.281s] -- Up-to-date: /home/berry/HeartBeat/install/interfaces_new/share/interfaces_new/local_setup.dsv
[14.282s] -- Installing: /home/berry/HeartBeat/install/interfaces_new/share/interfaces_new/package.dsv
[14.282s] -- Up-to-date: /home/berry/HeartBeat/install/interfaces_new/share/ament_index/resource_index/packages/interfaces_new
[14.284s] -- Up-to-date: /home/berry/HeartBeat/install/interfaces_new/share/interfaces_new/cmake/export_interfaces_new__rosidl_generator_cExport.cmake
[14.284s] -- Up-to-date: /home/berry/HeartBeat/install/interfaces_new/share/interfaces_new/cmake/export_interfaces_new__rosidl_generator_cExport-noconfig.cmake
[14.285s] -- Up-to-date: /home/berry/HeartBeat/install/interfaces_new/share/interfaces_new/cmake/export_interfaces_new__rosidl_typesupport_fastrtps_cExport.cmake
[14.286s] -- Up-to-date: /home/berry/HeartBeat/install/interfaces_new/share/interfaces_new/cmake/export_interfaces_new__rosidl_typesupport_fastrtps_cExport-noconfig.cmake
[14.288s] -- Up-to-date: /home/berry/HeartBeat/install/interfaces_new/share/interfaces_new/cmake/interfaces_new__rosidl_typesupport_introspection_cExport.cmake
[14.288s] -- Up-to-date: /home/berry/HeartBeat/install/interfaces_new/share/interfaces_new/cmake/interfaces_new__rosidl_typesupport_introspection_cExport-noconfig.cmake
[14.290s] -- Up-to-date: /home/berry/HeartBeat/install/interfaces_new/share/interfaces_new/cmake/interfaces_new__rosidl_typesupport_cExport.cmake
[14.290s] -- Up-to-date: /home/berry/HeartBeat/install/interfaces_new/share/interfaces_new/cmake/interfaces_new__rosidl_typesupport_cExport-noconfig.cmake
[14.292s] -- Up-to-date: /home/berry/HeartBeat/install/interfaces_new/share/interfaces_new/cmake/export_interfaces_new__rosidl_generator_cppExport.cmake
[14.293s] -- Up-to-date: /home/berry/HeartBeat/install/interfaces_new/share/interfaces_new/cmake/export_interfaces_new__rosidl_typesupport_fastrtps_cppExport.cmake
[14.294s] -- Up-to-date: /home/berry/HeartBeat/install/interfaces_new/share/interfaces_new/cmake/export_interfaces_new__rosidl_typesupport_fastrtps_cppExport-noconfig.cmake
[14.295s] -- Up-to-date: /home/berry/HeartBeat/install/interfaces_new/share/interfaces_new/cmake/interfaces_new__rosidl_typesupport_introspection_cppExport.cmake
[14.296s] -- Up-to-date: /home/berry/HeartBeat/install/interfaces_new/share/interfaces_new/cmake/interfaces_new__rosidl_typesupport_introspection_cppExport-noconfig.cmake
[14.297s] -- Up-to-date: /home/berry/HeartBeat/install/interfaces_new/share/interfaces_new/cmake/interfaces_new__rosidl_typesupport_cppExport.cmake
[14.297s] -- Up-to-date: /home/berry/HeartBeat/install/interfaces_new/share/interfaces_new/cmake/interfaces_new__rosidl_typesupport_cppExport-noconfig.cmake
[14.299s] -- Up-to-date: /home/berry/HeartBeat/install/interfaces_new/share/interfaces_new/cmake/export_interfaces_new__rosidl_generator_pyExport.cmake
[14.300s] -- Up-to-date: /home/berry/HeartBeat/install/interfaces_new/share/interfaces_new/cmake/export_interfaces_new__rosidl_generator_pyExport-noconfig.cmake
[14.300s] -- Up-to-date: /home/berry/HeartBeat/install/interfaces_new/share/interfaces_new/cmake/rosidl_cmake-extras.cmake
[14.301s] -- Up-to-date: /home/berry/HeartBeat/install/interfaces_new/share/interfaces_new/cmake/ament_cmake_export_dependencies-extras.cmake
[14.302s] -- Up-to-date: /home/berry/HeartBeat/install/interfaces_new/share/interfaces_new/cmake/ament_cmake_export_include_directories-extras.cmake
[14.303s] -- Up-to-date: /home/berry/HeartBeat/install/interfaces_new/share/interfaces_new/cmake/ament_cmake_export_libraries-extras.cmake
[14.304s] -- Up-to-date: /home/berry/HeartBeat/install/interfaces_new/share/interfaces_new/cmake/ament_cmake_export_targets-extras.cmake
[14.304s] -- Up-to-date: /home/berry/HeartBeat/install/interfaces_new/share/interfaces_new/cmake/rosidl_cmake_export_typesupport_targets-extras.cmake
[14.305s] -- Up-to-date: /home/berry/HeartBeat/install/interfaces_new/share/interfaces_new/cmake/rosidl_cmake_export_typesupport_libraries-extras.cmake
[14.306s] -- Up-to-date: /home/berry/HeartBeat/install/interfaces_new/share/interfaces_new/cmake/interfaces_newConfig.cmake
[14.306s] -- Up-to-date: /home/berry/HeartBeat/install/interfaces_new/share/interfaces_new/cmake/interfaces_newConfig-version.cmake
[14.307s] -- Up-to-date: /home/berry/HeartBeat/install/interfaces_new/share/interfaces_new/package.xml
[14.318s] Invoked command in '/home/berry/HeartBeat/build/interfaces_new' returned '0': CMAKE_PREFIX_PATH=${CMAKE_PREFIX_PATH}:/home/berry/HeartBeat/install/track_server:/home/berry/HeartBeat/install/controller:/home/berry/HeartBeat/install/belt_short_server:/home/berry/HeartBeat/install/belt_long_server:/home/berry/RoArm/install/test1:/home/berry/RoArm/install/serial_ctrl:/home/berry/RoArm/install/pos_sub:/home/berry/RoArm/install/pos_pub:/home/berry/RoArm/install/pos_client:/home/berry/RoArm/install/Position_Sub:/home/berry/RoArm/install/Pos_Server:/home/berry/RoArm/install/Pos_Client:/home/berry/ices_ws/install/track_server:/home/berry/ices_ws/install/launch_test:/home/berry/ices_ws/install/control:/home/berry/ices_ws/install/c_arm:/home/berry/ices_ws/install/arm_server:/home/berry/ices_ws/install/belt_short_server:/home/berry/ices_ws/install/belt_short_client:/home/berry/ices_ws/install/belt_long_server:/opt/ros/humble /usr/bin/cmake --install /home/berry/HeartBeat/build/interfaces_new
