running egg_info
writing ../../build/track_server/track_server.egg-info/PKG-INFO
writing dependency_links to ../../build/track_server/track_server.egg-info/dependency_links.txt
writing entry points to ../../build/track_server/track_server.egg-info/entry_points.txt
writing requirements to ../../build/track_server/track_server.egg-info/requires.txt
writing top-level names to ../../build/track_server/track_server.egg-info/top_level.txt
reading manifest file '../../build/track_server/track_server.egg-info/SOURCES.txt'
writing manifest file '../../build/track_server/track_server.egg-info/SOURCES.txt'
running build
running build_py
copying track_server/track_server.py -> /home/berry/HeartBeat/build/track_server/build/lib/track_server
running install
running install_lib
copying /home/berry/HeartBeat/build/track_server/build/lib/track_server/track_server.py -> /home/berry/HeartBeat/install/track_server/lib/python3.10/site-packages/track_server
byte-compiling /home/berry/HeartBeat/install/track_server/lib/python3.10/site-packages/track_server/track_server.py to track_server.cpython-310.pyc
running install_data
running install_egg_info
removing '/home/berry/HeartBeat/install/track_server/lib/python3.10/site-packages/track_server-0.0.0-py3.10.egg-info' (and everything under it)
Copying ../../build/track_server/track_server.egg-info to /home/berry/HeartBeat/install/track_server/lib/python3.10/site-packages/track_server-0.0.0-py3.10.egg-info
running install_scripts
Installing track_server script to /home/berry/HeartBeat/install/track_server/lib/track_server
writing list of installed files to '/home/berry/HeartBeat/build/track_server/install.log'
