[4.389s] Invoking command in '/home/berry/HeartBeat/src/track_server': PYTHONPATH=/home/berry/HeartBeat/build/track_server/prefix_override:/usr/lib/python3/dist-packages/colcon_core/task/python/colcon_distutils_commands:/home/berry/HeartBeat/install/track_server/lib/python3.10/site-packages:${PYTHONPATH} /usr/bin/python3 -W ignore:setup.py install is deprecated setup.py egg_info --egg-base ../../build/track_server build --build-base /home/berry/HeartBeat/build/track_server/build install --record /home/berry/HeartBeat/build/track_server/install.log --single-version-externally-managed install_data
[6.067s] running egg_info
[6.070s] writing ../../build/track_server/track_server.egg-info/PKG-INFO
[6.071s] writing dependency_links to ../../build/track_server/track_server.egg-info/dependency_links.txt
[6.072s] writing entry points to ../../build/track_server/track_server.egg-info/entry_points.txt
[6.073s] writing requirements to ../../build/track_server/track_server.egg-info/requires.txt
[6.074s] writing top-level names to ../../build/track_server/track_server.egg-info/top_level.txt
[6.083s] reading manifest file '../../build/track_server/track_server.egg-info/SOURCES.txt'
[6.087s] writing manifest file '../../build/track_server/track_server.egg-info/SOURCES.txt'
[6.087s] running build
[6.088s] running build_py
[6.088s] copying track_server/track_server.py -> /home/berry/HeartBeat/build/track_server/build/lib/track_server
[6.091s] running install
[6.092s] running install_lib
[6.095s] copying /home/berry/HeartBeat/build/track_server/build/lib/track_server/track_server.py -> /home/berry/HeartBeat/install/track_server/lib/python3.10/site-packages/track_server
[6.100s] byte-compiling /home/berry/HeartBeat/install/track_server/lib/python3.10/site-packages/track_server/track_server.py to track_server.cpython-310.pyc
[6.106s] running install_data
[6.107s] running install_egg_info
[6.181s] removing '/home/berry/HeartBeat/install/track_server/lib/python3.10/site-packages/track_server-0.0.0-py3.10.egg-info' (and everything under it)
[6.182s] Copying ../../build/track_server/track_server.egg-info to /home/berry/HeartBeat/install/track_server/lib/python3.10/site-packages/track_server-0.0.0-py3.10.egg-info
[6.188s] running install_scripts
[6.322s] Installing track_server script to /home/berry/HeartBeat/install/track_server/lib/track_server
[6.324s] writing list of installed files to '/home/berry/HeartBeat/build/track_server/install.log'
[6.451s] Invoked command in '/home/berry/HeartBeat/src/track_server' returned '0': PYTHONPATH=/home/berry/HeartBeat/build/track_server/prefix_override:/usr/lib/python3/dist-packages/colcon_core/task/python/colcon_distutils_commands:/home/berry/HeartBeat/install/track_server/lib/python3.10/site-packages:${PYTHONPATH} /usr/bin/python3 -W ignore:setup.py install is deprecated setup.py egg_info --egg-base ../../build/track_server build --build-base /home/berry/HeartBeat/build/track_server/build install --record /home/berry/HeartBeat/build/track_server/install.log --single-version-externally-managed install_data
