[8.680s] Invoking command in '/home/berry/HeartBeat/src/belt_long_server': PYTHONPATH=/home/berry/HeartBeat/build/belt_long_server/prefix_override:/usr/lib/python3/dist-packages/colcon_core/task/python/colcon_distutils_commands:/home/berry/HeartBeat/install/belt_long_server/lib/python3.10/site-packages:${PYTHONPATH} /usr/bin/python3 -W ignore:setup.py install is deprecated setup.py egg_info --egg-base ../../build/belt_long_server build --build-base /home/berry/HeartBeat/build/belt_long_server/build install --record /home/berry/HeartBeat/build/belt_long_server/install.log --single-version-externally-managed install_data
[11.581s] running egg_info
[11.585s] creating ../../build/belt_long_server/belt_long_server.egg-info
[11.587s] writing ../../build/belt_long_server/belt_long_server.egg-info/PKG-INFO
[11.590s] writing dependency_links to ../../build/belt_long_server/belt_long_server.egg-info/dependency_links.txt
[11.592s] writing entry points to ../../build/belt_long_server/belt_long_server.egg-info/entry_points.txt
[11.593s] writing requirements to ../../build/belt_long_server/belt_long_server.egg-info/requires.txt
[11.595s] writing top-level names to ../../build/belt_long_server/belt_long_server.egg-info/top_level.txt
[11.597s] writing manifest file '../../build/belt_long_server/belt_long_server.egg-info/SOURCES.txt'
[11.608s] reading manifest file '../../build/belt_long_server/belt_long_server.egg-info/SOURCES.txt'
[11.614s] writing manifest file '../../build/belt_long_server/belt_long_server.egg-info/SOURCES.txt'
[11.616s] running build
[11.617s] running build_py
[11.619s] creating /home/berry/HeartBeat/build/belt_long_server/build
[11.621s] creating /home/berry/HeartBeat/build/belt_long_server/build/lib
[11.622s] creating /home/berry/HeartBeat/build/belt_long_server/build/lib/belt_long_server
[11.624s] copying belt_long_server/BeltCtr.py -> /home/berry/HeartBeat/build/belt_long_server/build/lib/belt_long_server
[11.630s] copying belt_long_server/belt_long_server.py -> /home/berry/HeartBeat/build/belt_long_server/build/lib/belt_long_server
[11.633s] copying belt_long_server/__init__.py -> /home/berry/HeartBeat/build/belt_long_server/build/lib/belt_long_server
[11.636s] running install
[11.638s] running install_lib
[11.643s] creating /home/berry/HeartBeat/install/belt_long_server/lib/python3.10/site-packages/belt_long_server
[11.654s] copying /home/berry/HeartBeat/build/belt_long_server/build/lib/belt_long_server/BeltCtr.py -> /home/berry/HeartBeat/install/belt_long_server/lib/python3.10/site-packages/belt_long_server
[11.656s] copying /home/berry/HeartBeat/build/belt_long_server/build/lib/belt_long_server/belt_long_server.py -> /home/berry/HeartBeat/install/belt_long_server/lib/python3.10/site-packages/belt_long_server
[11.658s] copying /home/berry/HeartBeat/build/belt_long_server/build/lib/belt_long_server/__init__.py -> /home/berry/HeartBeat/install/belt_long_server/lib/python3.10/site-packages/belt_long_server
[11.664s] byte-compiling /home/berry/HeartBeat/install/belt_long_server/lib/python3.10/site-packages/belt_long_server/BeltCtr.py to BeltCtr.cpython-310.pyc
[11.678s] byte-compiling /home/berry/HeartBeat/install/belt_long_server/lib/python3.10/site-packages/belt_long_server/belt_long_server.py to belt_long_server.cpython-310.pyc
[11.695s] byte-compiling /home/berry/HeartBeat/install/belt_long_server/lib/python3.10/site-packages/belt_long_server/__init__.py to __init__.cpython-310.pyc
[11.698s] running install_data
[11.699s] creating /home/berry/HeartBeat/install/belt_long_server/share/ament_index
[11.701s] creating /home/berry/HeartBeat/install/belt_long_server/share/ament_index/resource_index
[11.702s] creating /home/berry/HeartBeat/install/belt_long_server/share/ament_index/resource_index/packages
[11.704s] copying resource/belt_long_server -> /home/berry/HeartBeat/install/belt_long_server/share/ament_index/resource_index/packages
[11.705s] copying package.xml -> /home/berry/HeartBeat/install/belt_long_server/share/belt_long_server
[11.708s] running install_egg_info
[11.904s] Copying ../../build/belt_long_server/belt_long_server.egg-info to /home/berry/HeartBeat/install/belt_long_server/lib/python3.10/site-packages/belt_long_server-0.0.0-py3.10.egg-info
[11.918s] running install_scripts
[12.193s] Installing belt_long_server script to /home/berry/HeartBeat/install/belt_long_server/lib/belt_long_server
[12.222s] writing list of installed files to '/home/berry/HeartBeat/build/belt_long_server/install.log'
[14.113s] Invoked command in '/home/berry/HeartBeat/src/belt_long_server' returned '0': PYTHONPATH=/home/berry/HeartBeat/build/belt_long_server/prefix_override:/usr/lib/python3/dist-packages/colcon_core/task/python/colcon_distutils_commands:/home/berry/HeartBeat/install/belt_long_server/lib/python3.10/site-packages:${PYTHONPATH} /usr/bin/python3 -W ignore:setup.py install is deprecated setup.py egg_info --egg-base ../../build/belt_long_server build --build-base /home/berry/HeartBeat/build/belt_long_server/build install --record /home/berry/HeartBeat/build/belt_long_server/install.log --single-version-externally-managed install_data
