[8.908s] Invoking command in '/home/berry/HeartBeat/src/belt_long_server': PYTHONPATH=/home/berry/HeartBeat/build/belt_long_server/prefix_override:/usr/lib/python3/dist-packages/colcon_core/task/python/colcon_distutils_commands:/home/berry/HeartBeat/install/belt_long_server/lib/python3.10/site-packages:${PYTHONPATH} /usr/bin/python3 -W ignore:setup.py install is deprecated setup.py egg_info --egg-base ../../build/belt_long_server build --build-base /home/berry/HeartBeat/build/belt_long_server/build install --record /home/berry/HeartBeat/build/belt_long_server/install.log --single-version-externally-managed install_data
[11.827s] running egg_info
[11.831s] writing ../../build/belt_long_server/belt_long_server.egg-info/PKG-INFO
[11.832s] writing dependency_links to ../../build/belt_long_server/belt_long_server.egg-info/dependency_links.txt
[11.834s] writing entry points to ../../build/belt_long_server/belt_long_server.egg-info/entry_points.txt
[11.834s] writing requirements to ../../build/belt_long_server/belt_long_server.egg-info/requires.txt
[11.835s] writing top-level names to ../../build/belt_long_server/belt_long_server.egg-info/top_level.txt
[11.845s] reading manifest file '../../build/belt_long_server/belt_long_server.egg-info/SOURCES.txt'
[11.850s] writing manifest file '../../build/belt_long_server/belt_long_server.egg-info/SOURCES.txt'
[11.851s] running build
[11.852s] running build_py
[11.854s] running install
[11.855s] running install_lib
[11.865s] running install_data
[11.866s] running install_egg_info
[11.950s] removing '/home/berry/HeartBeat/install/belt_long_server/lib/python3.10/site-packages/belt_long_server-0.0.0-py3.10.egg-info' (and everything under it)
[11.952s] Copying ../../build/belt_long_server/belt_long_server.egg-info to /home/berry/HeartBeat/install/belt_long_server/lib/python3.10/site-packages/belt_long_server-0.0.0-py3.10.egg-info
[11.959s] running install_scripts
[12.171s] Installing belt_long_server script to /home/berry/HeartBeat/install/belt_long_server/lib/belt_long_server
[12.173s] writing list of installed files to '/home/berry/HeartBeat/build/belt_long_server/install.log'
[14.066s] Invoked command in '/home/berry/HeartBeat/src/belt_long_server' returned '0': PYTHONPATH=/home/berry/HeartBeat/build/belt_long_server/prefix_override:/usr/lib/python3/dist-packages/colcon_core/task/python/colcon_distutils_commands:/home/berry/HeartBeat/install/belt_long_server/lib/python3.10/site-packages:${PYTHONPATH} /usr/bin/python3 -W ignore:setup.py install is deprecated setup.py egg_info --egg-base ../../build/belt_long_server build --build-base /home/berry/HeartBeat/build/belt_long_server/build install --record /home/berry/HeartBeat/build/belt_long_server/install.log --single-version-externally-managed install_data
