[8.906s] Invoking command in '/home/berry/HeartBeat/src/controller': PYTHONPATH=/home/berry/HeartBeat/build/controller/prefix_override:/usr/lib/python3/dist-packages/colcon_core/task/python/colcon_distutils_commands:/home/berry/HeartBeat/install/controller/lib/python3.10/site-packages:${PYTHONPATH} /usr/bin/python3 -W ignore:setup.py install is deprecated setup.py egg_info --egg-base ../../build/controller build --build-base /home/berry/HeartBeat/build/controller/build install --record /home/berry/HeartBeat/build/controller/install.log --single-version-externally-managed install_data
[11.569s] running egg_info
[11.571s] creating ../../build/controller/controller.egg-info
[11.573s] writing ../../build/controller/controller.egg-info/PKG-INFO
[11.574s] writing dependency_links to ../../build/controller/controller.egg-info/dependency_links.txt
[11.575s] writing entry points to ../../build/controller/controller.egg-info/entry_points.txt
[11.575s] writing requirements to ../../build/controller/controller.egg-info/requires.txt
[11.576s] writing top-level names to ../../build/controller/controller.egg-info/top_level.txt
[11.577s] writing manifest file '../../build/controller/controller.egg-info/SOURCES.txt'
[11.586s] reading manifest file '../../build/controller/controller.egg-info/SOURCES.txt'
[11.590s] writing manifest file '../../build/controller/controller.egg-info/SOURCES.txt'
[11.591s] running build
[11.592s] running build_py
[11.593s] creating /home/berry/HeartBeat/build/controller/build
[11.593s] creating /home/berry/HeartBeat/build/controller/build/lib
[11.594s] creating /home/berry/HeartBeat/build/controller/build/lib/controller
[11.595s] copying controller/db.py -> /home/berry/HeartBeat/build/controller/build/lib/controller
[11.595s] copying controller/controller.py -> /home/berry/HeartBeat/build/controller/build/lib/controller
[11.596s] copying controller/__init__.py -> /home/berry/HeartBeat/build/controller/build/lib/controller
[11.597s] running install
[11.610s] running install_lib
[11.614s] creating /home/berry/HeartBeat/install/controller/lib/python3.10/site-packages/controller
[11.615s] copying /home/berry/HeartBeat/build/controller/build/lib/controller/db.py -> /home/berry/HeartBeat/install/controller/lib/python3.10/site-packages/controller
[11.615s] copying /home/berry/HeartBeat/build/controller/build/lib/controller/controller.py -> /home/berry/HeartBeat/install/controller/lib/python3.10/site-packages/controller
[11.616s] copying /home/berry/HeartBeat/build/controller/build/lib/controller/__init__.py -> /home/berry/HeartBeat/install/controller/lib/python3.10/site-packages/controller
[11.630s] byte-compiling /home/berry/HeartBeat/install/controller/lib/python3.10/site-packages/controller/db.py to db.cpython-310.pyc
[11.637s] byte-compiling /home/berry/HeartBeat/install/controller/lib/python3.10/site-packages/controller/controller.py to controller.cpython-310.pyc
[11.690s] byte-compiling /home/berry/HeartBeat/install/controller/lib/python3.10/site-packages/controller/__init__.py to __init__.cpython-310.pyc
[11.693s] running install_data
[11.696s] creating /home/berry/HeartBeat/install/controller/share/ament_index
[11.699s] creating /home/berry/HeartBeat/install/controller/share/ament_index/resource_index
[11.702s] creating /home/berry/HeartBeat/install/controller/share/ament_index/resource_index/packages
[11.704s] copying resource/controller -> /home/berry/HeartBeat/install/controller/share/ament_index/resource_index/packages
[11.708s] copying package.xml -> /home/berry/HeartBeat/install/controller/share/controller
[11.710s] running install_egg_info
[11.836s] Copying ../../build/controller/controller.egg-info to /home/berry/HeartBeat/install/controller/lib/python3.10/site-packages/controller-0.0.0-py3.10.egg-info
[11.836s] running install_scripts
[11.998s] writing list of installed files to '/home/berry/HeartBeat/build/controller/install.log'
[13.981s] Invoked command in '/home/berry/HeartBeat/src/controller' returned '0': PYTHONPATH=/home/berry/HeartBeat/build/controller/prefix_override:/usr/lib/python3/dist-packages/colcon_core/task/python/colcon_distutils_commands:/home/berry/HeartBeat/install/controller/lib/python3.10/site-packages:${PYTHONPATH} /usr/bin/python3 -W ignore:setup.py install is deprecated setup.py egg_info --egg-base ../../build/controller build --build-base /home/berry/HeartBeat/build/controller/build install --record /home/berry/HeartBeat/build/controller/install.log --single-version-externally-managed install_data
