[5.178s] Invoking command in '/home/berry/HeartBeat/build/interfaces': CMAKE_PREFIX_PATH=${CMAKE_PREFIX_PATH}:/home/berry/HeartBeat/install/track_server:/home/berry/HeartBeat/install/controller:/home/berry/HeartBeat/install/belt_short_server:/home/berry/HeartBeat/install/belt_long_server:/home/berry/RoArm/install/test1:/home/berry/RoArm/install/serial_ctrl:/home/berry/RoArm/install/pos_sub:/home/berry/RoArm/install/pos_pub:/home/berry/RoArm/install/pos_client:/home/berry/RoArm/install/Position_Sub:/home/berry/RoArm/install/Pos_Server:/home/berry/RoArm/install/Pos_Client:/home/berry/ices_ws/install/track_server:/home/berry/ices_ws/install/launch_test:/home/berry/ices_ws/install/control:/home/berry/ices_ws/install/c_arm:/home/berry/ices_ws/install/arm_server:/home/berry/ices_ws/install/belt_short_server:/home/berry/ices_ws/install/belt_short_client:/home/berry/ices_ws/install/belt_long_server:/opt/ros/humble /usr/bin/cmake --build /home/berry/HeartBeat/build/interfaces -- -j4 -l4
[6.145s] [35m[1mConsolidate compiler generated dependencies of target interfaces__rosidl_generator_c[0m
[6.189s] [  0%] Built target interfaces__cpp
[7.101s] [ 12%] Built target interfaces__rosidl_generator_c
[7.175s] [35m[1mConsolidate compiler generated dependencies of target interfaces__rosidl_typesupport_cpp[0m
[7.224s] [35m[1mConsolidate compiler generated dependencies of target interfaces__rosidl_typesupport_fastrtps_cpp[0m
[7.417s] [ 12%] Built target ament_cmake_python_copy_interfaces
[7.443s] [35m[1mConsolidate compiler generated dependencies of target interfaces__rosidl_typesupport_introspection_cpp[0m
[7.729s] [35m[1mConsolidate compiler generated dependencies of target interfaces__rosidl_typesupport_fastrtps_c[0m
[7.731s] [ 24%] Built target interfaces__rosidl_typesupport_cpp
[7.757s] [ 36%] Built target interfaces__rosidl_typesupport_fastrtps_cpp
[7.957s] [ 48%] Built target interfaces__rosidl_typesupport_introspection_cpp
[7.993s] [35m[1mConsolidate compiler generated dependencies of target interfaces__rosidl_typesupport_introspection_c[0m
[8.077s] [35m[1mConsolidate compiler generated dependencies of target interfaces__rosidl_typesupport_c[0m
[8.121s] [ 60%] Built target interfaces__rosidl_typesupport_fastrtps_c
[8.216s] [ 72%] Built target interfaces__rosidl_typesupport_introspection_c
[8.381s] [ 84%] Built target interfaces__rosidl_typesupport_c
[8.691s] [ 84%] Built target interfaces
[8.999s] [ 85%] Built target interfaces__py
[9.177s] [35m[1mConsolidate compiler generated dependencies of target interfaces__rosidl_generator_py[0m
[9.440s] [ 96%] Built target interfaces__rosidl_generator_py
[9.652s] [35m[1mConsolidate compiler generated dependencies of target interfaces__rosidl_typesupport_c__pyext[0m
[9.660s] [35m[1mConsolidate compiler generated dependencies of target interfaces__rosidl_typesupport_introspection_c__pyext[0m
[9.681s] [35m[1mConsolidate compiler generated dependencies of target interfaces__rosidl_typesupport_fastrtps_c__pyext[0m
[9.893s] [ 97%] Built target interfaces__rosidl_typesupport_fastrtps_c__pyext
[9.905s] [ 99%] Built target interfaces__rosidl_typesupport_introspection_c__pyext
[9.946s] [100%] Built target interfaces__rosidl_typesupport_c__pyext
[11.084s] running egg_info
[11.088s] writing interfaces.egg-info/PKG-INFO
[11.089s] writing dependency_links to interfaces.egg-info/dependency_links.txt
[11.093s] writing top-level names to interfaces.egg-info/top_level.txt
[11.128s] reading manifest file 'interfaces.egg-info/SOURCES.txt'
[11.140s] writing manifest file 'interfaces.egg-info/SOURCES.txt'
[11.417s] [100%] Built target ament_cmake_python_build_interfaces_egg
[11.569s] Invoked command in '/home/berry/HeartBeat/build/interfaces' returned '0': CMAKE_PREFIX_PATH=${CMAKE_PREFIX_PATH}:/home/berry/HeartBeat/install/track_server:/home/berry/HeartBeat/install/controller:/home/berry/HeartBeat/install/belt_short_server:/home/berry/HeartBeat/install/belt_long_server:/home/berry/RoArm/install/test1:/home/berry/RoArm/install/serial_ctrl:/home/berry/RoArm/install/pos_sub:/home/berry/RoArm/install/pos_pub:/home/berry/RoArm/install/pos_client:/home/berry/RoArm/install/Position_Sub:/home/berry/RoArm/install/Pos_Server:/home/berry/RoArm/install/Pos_Client:/home/berry/ices_ws/install/track_server:/home/berry/ices_ws/install/launch_test:/home/berry/ices_ws/install/control:/home/berry/ices_ws/install/c_arm:/home/berry/ices_ws/install/arm_server:/home/berry/ices_ws/install/belt_short_server:/home/berry/ices_ws/install/belt_short_client:/home/berry/ices_ws/install/belt_long_server:/opt/ros/humble /usr/bin/cmake --build /home/berry/HeartBeat/build/interfaces -- -j4 -l4
[15.477s] Invoking command in '/home/berry/HeartBeat/build/interfaces': CMAKE_PREFIX_PATH=${CMAKE_PREFIX_PATH}:/home/berry/HeartBeat/install/track_server:/home/berry/HeartBeat/install/controller:/home/berry/HeartBeat/install/belt_short_server:/home/berry/HeartBeat/install/belt_long_server:/home/berry/RoArm/install/test1:/home/berry/RoArm/install/serial_ctrl:/home/berry/RoArm/install/pos_sub:/home/berry/RoArm/install/pos_pub:/home/berry/RoArm/install/pos_client:/home/berry/RoArm/install/Position_Sub:/home/berry/RoArm/install/Pos_Server:/home/berry/RoArm/install/Pos_Client:/home/berry/ices_ws/install/track_server:/home/berry/ices_ws/install/launch_test:/home/berry/ices_ws/install/control:/home/berry/ices_ws/install/c_arm:/home/berry/ices_ws/install/arm_server:/home/berry/ices_ws/install/belt_short_server:/home/berry/ices_ws/install/belt_short_client:/home/berry/ices_ws/install/belt_long_server:/opt/ros/humble /usr/bin/cmake --install /home/berry/HeartBeat/build/interfaces
[15.562s] -- Install configuration: ""
[15.567s] -- Up-to-date: /home/berry/HeartBeat/install/interfaces/share/ament_index/resource_index/rosidl_interfaces/interfaces
[15.569s] -- Up-to-date: /home/berry/HeartBeat/install/interfaces/include/interfaces/interfaces
[15.571s] -- Up-to-date: /home/berry/HeartBeat/install/interfaces/include/interfaces/interfaces/action
[15.574s] -- Up-to-date: /home/berry/HeartBeat/install/interfaces/include/interfaces/interfaces/action/head_move.h
[15.575s] -- Up-to-date: /home/berry/HeartBeat/install/interfaces/include/interfaces/interfaces/action/move_to_right.h
[15.576s] -- Up-to-date: /home/berry/HeartBeat/install/interfaces/include/interfaces/interfaces/action/detail
[15.580s] -- Up-to-date: /home/berry/HeartBeat/install/interfaces/include/interfaces/interfaces/action/detail/get_status__type_support.h
[15.581s] -- Up-to-date: /home/berry/HeartBeat/install/interfaces/include/interfaces/interfaces/action/detail/gripper_open__type_support.h
[15.582s] -- Up-to-date: /home/berry/HeartBeat/install/interfaces/include/interfaces/interfaces/action/detail/belt_move__struct.h
[15.583s] -- Up-to-date: /home/berry/HeartBeat/install/interfaces/include/interfaces/interfaces/action/detail/move_to_left__functions.c
[15.584s] -- Up-to-date: /home/berry/HeartBeat/install/interfaces/include/interfaces/interfaces/action/detail/is_moving__functions.c
[15.586s] -- Up-to-date: /home/berry/HeartBeat/install/interfaces/include/interfaces/interfaces/action/detail/move_to_right__type_support.h
[15.587s] -- Up-to-date: /home/berry/HeartBeat/install/interfaces/include/interfaces/interfaces/action/detail/move_time__type_support.h
[15.588s] -- Up-to-date: /home/berry/HeartBeat/install/interfaces/include/interfaces/interfaces/action/detail/arm1_test__functions.h
[15.589s] -- Up-to-date: /home/berry/HeartBeat/install/interfaces/include/interfaces/interfaces/action/detail/belt_stop__type_support.h
[15.590s] -- Up-to-date: /home/berry/HeartBeat/install/interfaces/include/interfaces/interfaces/action/detail/multiple_turn__struct.h
[15.591s] -- Up-to-date: /home/berry/HeartBeat/install/interfaces/include/interfaces/interfaces/action/detail/arm1_test__struct.h
[15.592s] -- Up-to-date: /home/berry/HeartBeat/install/interfaces/include/interfaces/interfaces/action/detail/arm1_test__type_support.h
[15.594s] -- Up-to-date: /home/berry/HeartBeat/install/interfaces/include/interfaces/interfaces/action/detail/move_to_left__functions.h
[15.595s] -- Up-to-date: /home/berry/HeartBeat/install/interfaces/include/interfaces/interfaces/action/detail/get_status__functions.c
[15.597s] -- Up-to-date: /home/berry/HeartBeat/install/interfaces/include/interfaces/interfaces/action/detail/stop_time__functions.c
[15.598s] -- Up-to-date: /home/berry/HeartBeat/install/interfaces/include/interfaces/interfaces/action/detail/move_mood__type_support.h
[15.599s] -- Up-to-date: /home/berry/HeartBeat/install/interfaces/include/interfaces/interfaces/action/detail/fetch__type_support.h
[15.601s] -- Up-to-date: /home/berry/HeartBeat/install/interfaces/include/interfaces/interfaces/action/detail/fetch__functions.h
[15.601s] -- Up-to-date: /home/berry/HeartBeat/install/interfaces/include/interfaces/interfaces/action/detail/belt_move__functions.h
[15.603s] -- Up-to-date: /home/berry/HeartBeat/install/interfaces/include/interfaces/interfaces/action/detail/move_to_left__type_support.h
[15.604s] -- Up-to-date: /home/berry/HeartBeat/install/interfaces/include/interfaces/interfaces/action/detail/head_move__type_support.h
[15.605s] -- Up-to-date: /home/berry/HeartBeat/install/interfaces/include/interfaces/interfaces/action/detail/move_mood__struct.h
[15.606s] -- Up-to-date: /home/berry/HeartBeat/install/interfaces/include/interfaces/interfaces/action/detail/multiple_turn__functions.h
[15.607s] -- Up-to-date: /home/berry/HeartBeat/install/interfaces/include/interfaces/interfaces/action/detail/head_move__functions.c
[15.608s] -- Up-to-date: /home/berry/HeartBeat/install/interfaces/include/interfaces/interfaces/action/detail/get_status__struct.h
[15.609s] -- Up-to-date: /home/berry/HeartBeat/install/interfaces/include/interfaces/interfaces/action/detail/belt_stop__functions.c
[15.610s] -- Up-to-date: /home/berry/HeartBeat/install/interfaces/include/interfaces/interfaces/action/detail/arm2_test__functions.c
[15.610s] -- Up-to-date: /home/berry/HeartBeat/install/interfaces/include/interfaces/interfaces/action/detail/belt_stop__functions.h
[15.612s] -- Up-to-date: /home/berry/HeartBeat/install/interfaces/include/interfaces/interfaces/action/detail/move_to_right__functions.h
[15.612s] -- Up-to-date: /home/berry/HeartBeat/install/interfaces/include/interfaces/interfaces/action/detail/head_move__struct.h
[15.613s] -- Up-to-date: /home/berry/HeartBeat/install/interfaces/include/interfaces/interfaces/action/detail/gripper_open__functions.h
[15.614s] -- Up-to-date: /home/berry/HeartBeat/install/interfaces/include/interfaces/interfaces/action/detail/stop_time__struct.h
[15.615s] -- Up-to-date: /home/berry/HeartBeat/install/interfaces/include/interfaces/interfaces/action/detail/arm2_test__struct.h
[15.615s] -- Up-to-date: /home/berry/HeartBeat/install/interfaces/include/interfaces/interfaces/action/detail/belt_move__type_support.h
[15.616s] -- Up-to-date: /home/berry/HeartBeat/install/interfaces/include/interfaces/interfaces/action/detail/belt_stop__struct.h
[15.617s] -- Up-to-date: /home/berry/HeartBeat/install/interfaces/include/interfaces/interfaces/action/detail/move_time__struct.h
[15.618s] -- Up-to-date: /home/berry/HeartBeat/install/interfaces/include/interfaces/interfaces/action/detail/move_to_left__struct.h
[15.619s] -- Up-to-date: /home/berry/HeartBeat/install/interfaces/include/interfaces/interfaces/action/detail/is_moving__type_support.h
[15.620s] -- Up-to-date: /home/berry/HeartBeat/install/interfaces/include/interfaces/interfaces/action/detail/multiple_turn__functions.c
[15.621s] -- Up-to-date: /home/berry/HeartBeat/install/interfaces/include/interfaces/interfaces/action/detail/multiple_turn__type_support.h
[15.622s] -- Up-to-date: /home/berry/HeartBeat/install/interfaces/include/interfaces/interfaces/action/detail/move_mood__functions.c
[15.623s] -- Up-to-date: /home/berry/HeartBeat/install/interfaces/include/interfaces/interfaces/action/detail/is_moving__struct.h
[15.624s] -- Up-to-date: /home/berry/HeartBeat/install/interfaces/include/interfaces/interfaces/action/detail/move_time__functions.c
[15.625s] -- Up-to-date: /home/berry/HeartBeat/install/interfaces/include/interfaces/interfaces/action/detail/stop_time__functions.h
[15.626s] -- Up-to-date: /home/berry/HeartBeat/install/interfaces/include/interfaces/interfaces/action/detail/move_time__functions.h
[15.627s] -- Up-to-date: /home/berry/HeartBeat/install/interfaces/include/interfaces/interfaces/action/detail/gripper_open__struct.h
[15.628s] -- Up-to-date: /home/berry/HeartBeat/install/interfaces/include/interfaces/interfaces/action/detail/is_moving__functions.h
[15.628s] -- Up-to-date: /home/berry/HeartBeat/install/interfaces/include/interfaces/interfaces/action/detail/head_move__functions.h
[15.629s] -- Up-to-date: /home/berry/HeartBeat/install/interfaces/include/interfaces/interfaces/action/detail/get_status__functions.h
[15.629s] -- Up-to-date: /home/berry/HeartBeat/install/interfaces/include/interfaces/interfaces/action/detail/belt_move__functions.c
[15.630s] -- Up-to-date: /home/berry/HeartBeat/install/interfaces/include/interfaces/interfaces/action/detail/arm2_test__type_support.h
[15.631s] -- Up-to-date: /home/berry/HeartBeat/install/interfaces/include/interfaces/interfaces/action/detail/fetch__struct.h
[15.632s] -- Up-to-date: /home/berry/HeartBeat/install/interfaces/include/interfaces/interfaces/action/detail/arm2_test__functions.h
[15.633s] -- Up-to-date: /home/berry/HeartBeat/install/interfaces/include/interfaces/interfaces/action/detail/move_to_right__struct.h
[15.633s] -- Up-to-date: /home/berry/HeartBeat/install/interfaces/include/interfaces/interfaces/action/detail/arm1_test__functions.c
[15.634s] -- Up-to-date: /home/berry/HeartBeat/install/interfaces/include/interfaces/interfaces/action/detail/fetch__functions.c
[15.635s] -- Up-to-date: /home/berry/HeartBeat/install/interfaces/include/interfaces/interfaces/action/detail/move_mood__functions.h
[15.636s] -- Up-to-date: /home/berry/HeartBeat/install/interfaces/include/interfaces/interfaces/action/detail/gripper_open__functions.c
[15.637s] -- Up-to-date: /home/berry/HeartBeat/install/interfaces/include/interfaces/interfaces/action/detail/stop_time__type_support.h
[15.637s] -- Up-to-date: /home/berry/HeartBeat/install/interfaces/include/interfaces/interfaces/action/detail/move_to_right__functions.c
[15.637s] -- Up-to-date: /home/berry/HeartBeat/install/interfaces/include/interfaces/interfaces/action/belt_stop.h
[15.638s] -- Up-to-date: /home/berry/HeartBeat/install/interfaces/include/interfaces/interfaces/action/is_moving.h
[15.638s] -- Up-to-date: /home/berry/HeartBeat/install/interfaces/include/interfaces/interfaces/action/move_mood.h
[15.638s] -- Up-to-date: /home/berry/HeartBeat/install/interfaces/include/interfaces/interfaces/action/move_to_left.h
[15.639s] -- Up-to-date: /home/berry/HeartBeat/install/interfaces/include/interfaces/interfaces/action/multiple_turn.h
[15.639s] -- Up-to-date: /home/berry/HeartBeat/install/interfaces/include/interfaces/interfaces/action/gripper_open.h
[15.640s] -- Up-to-date: /home/berry/HeartBeat/install/interfaces/include/interfaces/interfaces/action/get_status.h
[15.640s] -- Up-to-date: /home/berry/HeartBeat/install/interfaces/include/interfaces/interfaces/action/belt_move.h
[15.641s] -- Up-to-date: /home/berry/HeartBeat/install/interfaces/include/interfaces/interfaces/action/arm2_test.h
[15.641s] -- Up-to-date: /home/berry/HeartBeat/install/interfaces/include/interfaces/interfaces/action/fetch.h
[15.642s] -- Up-to-date: /home/berry/HeartBeat/install/interfaces/include/interfaces/interfaces/action/move_time.h
[15.643s] -- Up-to-date: /home/berry/HeartBeat/install/interfaces/include/interfaces/interfaces/action/arm1_test.h
[15.644s] -- Up-to-date: /home/berry/HeartBeat/install/interfaces/include/interfaces/interfaces/action/stop_time.h
[15.644s] -- Up-to-date: /home/berry/HeartBeat/install/interfaces/include/interfaces/interfaces/msg
[15.646s] -- Up-to-date: /home/berry/HeartBeat/install/interfaces/include/interfaces/interfaces/msg/detail
[15.647s] -- Up-to-date: /home/berry/HeartBeat/install/interfaces/include/interfaces/interfaces/msg/detail/arm2_heartbeat__functions.h
[15.647s] -- Up-to-date: /home/berry/HeartBeat/install/interfaces/include/interfaces/interfaces/msg/detail/arm2_heartbeat__struct.h
[15.650s] -- Up-to-date: /home/berry/HeartBeat/install/interfaces/include/interfaces/interfaces/msg/detail/arm2_heartbeat__type_support.h
[15.653s] -- Up-to-date: /home/berry/HeartBeat/install/interfaces/include/interfaces/interfaces/msg/detail/arm1_heartbeat__struct.h
[15.654s] -- Up-to-date: /home/berry/HeartBeat/install/interfaces/include/interfaces/interfaces/msg/detail/arm1_heartbeat__functions.h
[15.655s] -- Up-to-date: /home/berry/HeartBeat/install/interfaces/include/interfaces/interfaces/msg/detail/arm2_heartbeat__functions.c
[15.655s] -- Up-to-date: /home/berry/HeartBeat/install/interfaces/include/interfaces/interfaces/msg/detail/arm1_heartbeat__functions.c
[15.655s] -- Up-to-date: /home/berry/HeartBeat/install/interfaces/include/interfaces/interfaces/msg/detail/arm1_heartbeat__type_support.h
[15.656s] -- Up-to-date: /home/berry/HeartBeat/install/interfaces/include/interfaces/interfaces/msg/arm2_heartbeat.h
[15.656s] -- Up-to-date: /home/berry/HeartBeat/install/interfaces/include/interfaces/interfaces/msg/rosidl_generator_c__visibility_control.h
[15.657s] -- Up-to-date: /home/berry/HeartBeat/install/interfaces/include/interfaces/interfaces/msg/arm1_heartbeat.h
[15.657s] -- Up-to-date: /home/berry/HeartBeat/install/interfaces/share/interfaces/environment/library_path.sh
[15.657s] -- Up-to-date: /home/berry/HeartBeat/install/interfaces/share/interfaces/environment/library_path.dsv
[15.658s] -- Up-to-date: /home/berry/HeartBeat/install/interfaces/lib/libinterfaces__rosidl_generator_c.so
[15.659s] -- Up-to-date: /home/berry/HeartBeat/install/interfaces/include/interfaces/interfaces
[15.659s] -- Up-to-date: /home/berry/HeartBeat/install/interfaces/include/interfaces/interfaces/action
[15.660s] -- Up-to-date: /home/berry/HeartBeat/install/interfaces/include/interfaces/interfaces/action/detail
[15.661s] -- Up-to-date: /home/berry/HeartBeat/install/interfaces/include/interfaces/interfaces/action/detail/fetch__rosidl_typesupport_fastrtps_c.h
[15.662s] -- Up-to-date: /home/berry/HeartBeat/install/interfaces/include/interfaces/interfaces/action/detail/move_to_left__rosidl_typesupport_fastrtps_c.h
[15.663s] -- Up-to-date: /home/berry/HeartBeat/install/interfaces/include/interfaces/interfaces/action/detail/multiple_turn__rosidl_typesupport_fastrtps_c.h
[15.664s] -- Up-to-date: /home/berry/HeartBeat/install/interfaces/include/interfaces/interfaces/action/detail/arm2_test__rosidl_typesupport_fastrtps_c.h
[15.665s] -- Up-to-date: /home/berry/HeartBeat/install/interfaces/include/interfaces/interfaces/action/detail/head_move__rosidl_typesupport_fastrtps_c.h
[15.666s] -- Up-to-date: /home/berry/HeartBeat/install/interfaces/include/interfaces/interfaces/action/detail/belt_move__rosidl_typesupport_fastrtps_c.h
[15.667s] -- Up-to-date: /home/berry/HeartBeat/install/interfaces/include/interfaces/interfaces/action/detail/move_time__rosidl_typesupport_fastrtps_c.h
[15.668s] -- Up-to-date: /home/berry/HeartBeat/install/interfaces/include/interfaces/interfaces/action/detail/gripper_open__rosidl_typesupport_fastrtps_c.h
[15.669s] -- Up-to-date: /home/berry/HeartBeat/install/interfaces/include/interfaces/interfaces/action/detail/move_mood__rosidl_typesupport_fastrtps_c.h
[15.670s] -- Up-to-date: /home/berry/HeartBeat/install/interfaces/include/interfaces/interfaces/action/detail/stop_time__rosidl_typesupport_fastrtps_c.h
[15.670s] -- Up-to-date: /home/berry/HeartBeat/install/interfaces/include/interfaces/interfaces/action/detail/arm1_test__rosidl_typesupport_fastrtps_c.h
[15.671s] -- Up-to-date: /home/berry/HeartBeat/install/interfaces/include/interfaces/interfaces/action/detail/belt_stop__rosidl_typesupport_fastrtps_c.h
[15.672s] -- Up-to-date: /home/berry/HeartBeat/install/interfaces/include/interfaces/interfaces/action/detail/is_moving__rosidl_typesupport_fastrtps_c.h
[15.672s] -- Up-to-date: /home/berry/HeartBeat/install/interfaces/include/interfaces/interfaces/action/detail/get_status__rosidl_typesupport_fastrtps_c.h
[15.673s] -- Up-to-date: /home/berry/HeartBeat/install/interfaces/include/interfaces/interfaces/action/detail/move_to_right__rosidl_typesupport_fastrtps_c.h
[15.674s] -- Up-to-date: /home/berry/HeartBeat/install/interfaces/include/interfaces/interfaces/msg
[15.675s] -- Up-to-date: /home/berry/HeartBeat/install/interfaces/include/interfaces/interfaces/msg/detail
[15.676s] -- Up-to-date: /home/berry/HeartBeat/install/interfaces/include/interfaces/interfaces/msg/detail/arm2_heartbeat__rosidl_typesupport_fastrtps_c.h
[15.677s] -- Up-to-date: /home/berry/HeartBeat/install/interfaces/include/interfaces/interfaces/msg/detail/arm1_heartbeat__rosidl_typesupport_fastrtps_c.h
[15.677s] -- Up-to-date: /home/berry/HeartBeat/install/interfaces/include/interfaces/interfaces/msg/rosidl_typesupport_fastrtps_c__visibility_control.h
[15.678s] -- Up-to-date: /home/berry/HeartBeat/install/interfaces/lib/libinterfaces__rosidl_typesupport_fastrtps_c.so
[15.679s] -- Up-to-date: /home/berry/HeartBeat/install/interfaces/include/interfaces/interfaces
[15.679s] -- Up-to-date: /home/berry/HeartBeat/install/interfaces/include/interfaces/interfaces/action
[15.680s] -- Up-to-date: /home/berry/HeartBeat/install/interfaces/include/interfaces/interfaces/action/detail
[15.680s] -- Up-to-date: /home/berry/HeartBeat/install/interfaces/include/interfaces/interfaces/action/detail/multiple_turn__type_support.c
[15.680s] -- Up-to-date: /home/berry/HeartBeat/install/interfaces/include/interfaces/interfaces/action/detail/move_mood__rosidl_typesupport_introspection_c.h
[15.681s] -- Up-to-date: /home/berry/HeartBeat/install/interfaces/include/interfaces/interfaces/action/detail/belt_move__rosidl_typesupport_introspection_c.h
[15.681s] -- Up-to-date: /home/berry/HeartBeat/install/interfaces/include/interfaces/interfaces/action/detail/move_to_right__type_support.c
[15.682s] -- Up-to-date: /home/berry/HeartBeat/install/interfaces/include/interfaces/interfaces/action/detail/arm2_test__rosidl_typesupport_introspection_c.h
[15.682s] -- Up-to-date: /home/berry/HeartBeat/install/interfaces/include/interfaces/interfaces/action/detail/fetch__type_support.c
[15.683s] -- Up-to-date: /home/berry/HeartBeat/install/interfaces/include/interfaces/interfaces/action/detail/multiple_turn__rosidl_typesupport_introspection_c.h
[15.683s] -- Up-to-date: /home/berry/HeartBeat/install/interfaces/include/interfaces/interfaces/action/detail/arm1_test__type_support.c
[15.684s] -- Up-to-date: /home/berry/HeartBeat/install/interfaces/include/interfaces/interfaces/action/detail/gripper_open__type_support.c
[15.684s] -- Up-to-date: /home/berry/HeartBeat/install/interfaces/include/interfaces/interfaces/action/detail/move_mood__type_support.c
[15.684s] -- Up-to-date: /home/berry/HeartBeat/install/interfaces/include/interfaces/interfaces/action/detail/head_move__type_support.c
[15.685s] -- Up-to-date: /home/berry/HeartBeat/install/interfaces/include/interfaces/interfaces/action/detail/arm2_test__type_support.c
[15.685s] -- Up-to-date: /home/berry/HeartBeat/install/interfaces/include/interfaces/interfaces/action/detail/move_to_left__type_support.c
[15.686s] -- Up-to-date: /home/berry/HeartBeat/install/interfaces/include/interfaces/interfaces/action/detail/belt_stop__rosidl_typesupport_introspection_c.h
[15.686s] -- Up-to-date: /home/berry/HeartBeat/install/interfaces/include/interfaces/interfaces/action/detail/move_to_right__rosidl_typesupport_introspection_c.h
[15.687s] -- Up-to-date: /home/berry/HeartBeat/install/interfaces/include/interfaces/interfaces/action/detail/stop_time__type_support.c
[15.687s] -- Up-to-date: /home/berry/HeartBeat/install/interfaces/include/interfaces/interfaces/action/detail/get_status__rosidl_typesupport_introspection_c.h
[15.687s] -- Up-to-date: /home/berry/HeartBeat/install/interfaces/include/interfaces/interfaces/action/detail/arm1_test__rosidl_typesupport_introspection_c.h
[15.688s] -- Up-to-date: /home/berry/HeartBeat/install/interfaces/include/interfaces/interfaces/action/detail/is_moving__type_support.c
[15.688s] -- Up-to-date: /home/berry/HeartBeat/install/interfaces/include/interfaces/interfaces/action/detail/head_move__rosidl_typesupport_introspection_c.h
[15.689s] -- Up-to-date: /home/berry/HeartBeat/install/interfaces/include/interfaces/interfaces/action/detail/belt_stop__type_support.c
[15.690s] -- Up-to-date: /home/berry/HeartBeat/install/interfaces/include/interfaces/interfaces/action/detail/get_status__type_support.c
[15.690s] -- Up-to-date: /home/berry/HeartBeat/install/interfaces/include/interfaces/interfaces/action/detail/move_time__rosidl_typesupport_introspection_c.h
[15.691s] -- Up-to-date: /home/berry/HeartBeat/install/interfaces/include/interfaces/interfaces/action/detail/stop_time__rosidl_typesupport_introspection_c.h
[15.691s] -- Up-to-date: /home/berry/HeartBeat/install/interfaces/include/interfaces/interfaces/action/detail/move_time__type_support.c
[15.692s] -- Up-to-date: /home/berry/HeartBeat/install/interfaces/include/interfaces/interfaces/action/detail/move_to_left__rosidl_typesupport_introspection_c.h
[15.692s] -- Up-to-date: /home/berry/HeartBeat/install/interfaces/include/interfaces/interfaces/action/detail/is_moving__rosidl_typesupport_introspection_c.h
[15.693s] -- Up-to-date: /home/berry/HeartBeat/install/interfaces/include/interfaces/interfaces/action/detail/gripper_open__rosidl_typesupport_introspection_c.h
[15.694s] -- Up-to-date: /home/berry/HeartBeat/install/interfaces/include/interfaces/interfaces/action/detail/belt_move__type_support.c
[15.694s] -- Up-to-date: /home/berry/HeartBeat/install/interfaces/include/interfaces/interfaces/action/detail/fetch__rosidl_typesupport_introspection_c.h
[15.695s] -- Up-to-date: /home/berry/HeartBeat/install/interfaces/include/interfaces/interfaces/msg
[15.696s] -- Up-to-date: /home/berry/HeartBeat/install/interfaces/include/interfaces/interfaces/msg/detail
[15.696s] -- Up-to-date: /home/berry/HeartBeat/install/interfaces/include/interfaces/interfaces/msg/detail/arm1_heartbeat__rosidl_typesupport_introspection_c.h
[15.697s] -- Up-to-date: /home/berry/HeartBeat/install/interfaces/include/interfaces/interfaces/msg/detail/arm1_heartbeat__type_support.c
[15.698s] -- Up-to-date: /home/berry/HeartBeat/install/interfaces/include/interfaces/interfaces/msg/detail/arm2_heartbeat__type_support.c
[15.699s] -- Up-to-date: /home/berry/HeartBeat/install/interfaces/include/interfaces/interfaces/msg/detail/arm2_heartbeat__rosidl_typesupport_introspection_c.h
[15.700s] -- Up-to-date: /home/berry/HeartBeat/install/interfaces/include/interfaces/interfaces/msg/rosidl_typesupport_introspection_c__visibility_control.h
[15.700s] -- Up-to-date: /home/berry/HeartBeat/install/interfaces/lib/libinterfaces__rosidl_typesupport_introspection_c.so
[15.701s] -- Up-to-date: /home/berry/HeartBeat/install/interfaces/lib/libinterfaces__rosidl_typesupport_c.so
[15.702s] -- Up-to-date: /home/berry/HeartBeat/install/interfaces/include/interfaces/interfaces
[15.703s] -- Up-to-date: /home/berry/HeartBeat/install/interfaces/include/interfaces/interfaces/action
[15.704s] -- Up-to-date: /home/berry/HeartBeat/install/interfaces/include/interfaces/interfaces/action/move_mood.hpp
[15.705s] -- Up-to-date: /home/berry/HeartBeat/install/interfaces/include/interfaces/interfaces/action/detail
[15.706s] -- Up-to-date: /home/berry/HeartBeat/install/interfaces/include/interfaces/interfaces/action/detail/belt_stop__struct.hpp
[15.707s] -- Up-to-date: /home/berry/HeartBeat/install/interfaces/include/interfaces/interfaces/action/detail/belt_move__struct.hpp
[15.708s] -- Up-to-date: /home/berry/HeartBeat/install/interfaces/include/interfaces/interfaces/action/detail/move_to_right__builder.hpp
[15.709s] -- Up-to-date: /home/berry/HeartBeat/install/interfaces/include/interfaces/interfaces/action/detail/move_to_left__traits.hpp
[15.709s] -- Up-to-date: /home/berry/HeartBeat/install/interfaces/include/interfaces/interfaces/action/detail/move_time__struct.hpp
[15.710s] -- Up-to-date: /home/berry/HeartBeat/install/interfaces/include/interfaces/interfaces/action/detail/move_to_right__struct.hpp
[15.711s] -- Up-to-date: /home/berry/HeartBeat/install/interfaces/include/interfaces/interfaces/action/detail/move_time__builder.hpp
[15.711s] -- Up-to-date: /home/berry/HeartBeat/install/interfaces/include/interfaces/interfaces/action/detail/move_time__traits.hpp
[15.712s] -- Up-to-date: /home/berry/HeartBeat/install/interfaces/include/interfaces/interfaces/action/detail/move_mood__builder.hpp
[15.714s] -- Up-to-date: /home/berry/HeartBeat/install/interfaces/include/interfaces/interfaces/action/detail/fetch__traits.hpp
[15.715s] -- Up-to-date: /home/berry/HeartBeat/install/interfaces/include/interfaces/interfaces/action/detail/belt_move__builder.hpp
[15.716s] -- Up-to-date: /home/berry/HeartBeat/install/interfaces/include/interfaces/interfaces/action/detail/move_to_right__traits.hpp
[15.717s] -- Up-to-date: /home/berry/HeartBeat/install/interfaces/include/interfaces/interfaces/action/detail/is_moving__struct.hpp
[15.717s] -- Up-to-date: /home/berry/HeartBeat/install/interfaces/include/interfaces/interfaces/action/detail/get_status__struct.hpp
[15.718s] -- Up-to-date: /home/berry/HeartBeat/install/interfaces/include/interfaces/interfaces/action/detail/get_status__builder.hpp
[15.719s] -- Up-to-date: /home/berry/HeartBeat/install/interfaces/include/interfaces/interfaces/action/detail/gripper_open__traits.hpp
[15.720s] -- Up-to-date: /home/berry/HeartBeat/install/interfaces/include/interfaces/interfaces/action/detail/is_moving__builder.hpp
[15.721s] -- Up-to-date: /home/berry/HeartBeat/install/interfaces/include/interfaces/interfaces/action/detail/move_mood__traits.hpp
[15.722s] -- Up-to-date: /home/berry/HeartBeat/install/interfaces/include/interfaces/interfaces/action/detail/head_move__struct.hpp
[15.722s] -- Up-to-date: /home/berry/HeartBeat/install/interfaces/include/interfaces/interfaces/action/detail/multiple_turn__struct.hpp
[15.723s] -- Up-to-date: /home/berry/HeartBeat/install/interfaces/include/interfaces/interfaces/action/detail/arm2_test__builder.hpp
[15.724s] -- Up-to-date: /home/berry/HeartBeat/install/interfaces/include/interfaces/interfaces/action/detail/stop_time__builder.hpp
[15.725s] -- Up-to-date: /home/berry/HeartBeat/install/interfaces/include/interfaces/interfaces/action/detail/arm1_test__builder.hpp
[15.725s] -- Up-to-date: /home/berry/HeartBeat/install/interfaces/include/interfaces/interfaces/action/detail/move_mood__struct.hpp
[15.726s] -- Up-to-date: /home/berry/HeartBeat/install/interfaces/include/interfaces/interfaces/action/detail/head_move__builder.hpp
[15.727s] -- Up-to-date: /home/berry/HeartBeat/install/interfaces/include/interfaces/interfaces/action/detail/is_moving__traits.hpp
[15.728s] -- Up-to-date: /home/berry/HeartBeat/install/interfaces/include/interfaces/interfaces/action/detail/stop_time__traits.hpp
[15.728s] -- Up-to-date: /home/berry/HeartBeat/install/interfaces/include/interfaces/interfaces/action/detail/belt_stop__builder.hpp
[15.729s] -- Up-to-date: /home/berry/HeartBeat/install/interfaces/include/interfaces/interfaces/action/detail/arm2_test__struct.hpp
[15.729s] -- Up-to-date: /home/berry/HeartBeat/install/interfaces/include/interfaces/interfaces/action/detail/gripper_open__builder.hpp
[15.730s] -- Up-to-date: /home/berry/HeartBeat/install/interfaces/include/interfaces/interfaces/action/detail/belt_move__traits.hpp
[15.731s] -- Up-to-date: /home/berry/HeartBeat/install/interfaces/include/interfaces/interfaces/action/detail/fetch__builder.hpp
[15.732s] -- Up-to-date: /home/berry/HeartBeat/install/interfaces/include/interfaces/interfaces/action/detail/move_to_left__struct.hpp
[15.732s] -- Up-to-date: /home/berry/HeartBeat/install/interfaces/include/interfaces/interfaces/action/detail/belt_stop__traits.hpp
[15.733s] -- Up-to-date: /home/berry/HeartBeat/install/interfaces/include/interfaces/interfaces/action/detail/multiple_turn__builder.hpp
[15.734s] -- Up-to-date: /home/berry/HeartBeat/install/interfaces/include/interfaces/interfaces/action/detail/gripper_open__struct.hpp
[15.734s] -- Up-to-date: /home/berry/HeartBeat/install/interfaces/include/interfaces/interfaces/action/detail/arm2_test__traits.hpp
[15.735s] -- Up-to-date: /home/berry/HeartBeat/install/interfaces/include/interfaces/interfaces/action/detail/fetch__struct.hpp
[15.735s] -- Up-to-date: /home/berry/HeartBeat/install/interfaces/include/interfaces/interfaces/action/detail/head_move__traits.hpp
[15.735s] -- Up-to-date: /home/berry/HeartBeat/install/interfaces/include/interfaces/interfaces/action/detail/move_to_left__builder.hpp
[15.736s] -- Up-to-date: /home/berry/HeartBeat/install/interfaces/include/interfaces/interfaces/action/detail/arm1_test__struct.hpp
[15.736s] -- Up-to-date: /home/berry/HeartBeat/install/interfaces/include/interfaces/interfaces/action/detail/get_status__traits.hpp
[15.737s] -- Up-to-date: /home/berry/HeartBeat/install/interfaces/include/interfaces/interfaces/action/detail/multiple_turn__traits.hpp
[15.737s] -- Up-to-date: /home/berry/HeartBeat/install/interfaces/include/interfaces/interfaces/action/detail/stop_time__struct.hpp
[15.738s] -- Up-to-date: /home/berry/HeartBeat/install/interfaces/include/interfaces/interfaces/action/detail/arm1_test__traits.hpp
[15.738s] -- Up-to-date: /home/berry/HeartBeat/install/interfaces/include/interfaces/interfaces/action/belt_stop.hpp
[15.739s] -- Up-to-date: /home/berry/HeartBeat/install/interfaces/include/interfaces/interfaces/action/multiple_turn.hpp
[15.739s] -- Up-to-date: /home/berry/HeartBeat/install/interfaces/include/interfaces/interfaces/action/move_to_left.hpp
[15.740s] -- Up-to-date: /home/berry/HeartBeat/install/interfaces/include/interfaces/interfaces/action/get_status.hpp
[15.741s] -- Up-to-date: /home/berry/HeartBeat/install/interfaces/include/interfaces/interfaces/action/is_moving.hpp
[15.741s] -- Up-to-date: /home/berry/HeartBeat/install/interfaces/include/interfaces/interfaces/action/head_move.hpp
[15.742s] -- Up-to-date: /home/berry/HeartBeat/install/interfaces/include/interfaces/interfaces/action/move_time.hpp
[15.742s] -- Up-to-date: /home/berry/HeartBeat/install/interfaces/include/interfaces/interfaces/action/move_to_right.hpp
[15.744s] -- Up-to-date: /home/berry/HeartBeat/install/interfaces/include/interfaces/interfaces/action/gripper_open.hpp
[15.744s] -- Up-to-date: /home/berry/HeartBeat/install/interfaces/include/interfaces/interfaces/action/belt_move.hpp
[15.745s] -- Up-to-date: /home/berry/HeartBeat/install/interfaces/include/interfaces/interfaces/action/arm1_test.hpp
[15.746s] -- Up-to-date: /home/berry/HeartBeat/install/interfaces/include/interfaces/interfaces/action/fetch.hpp
[15.747s] -- Up-to-date: /home/berry/HeartBeat/install/interfaces/include/interfaces/interfaces/action/arm2_test.hpp
[15.747s] -- Up-to-date: /home/berry/HeartBeat/install/interfaces/include/interfaces/interfaces/action/stop_time.hpp
[15.748s] -- Up-to-date: /home/berry/HeartBeat/install/interfaces/include/interfaces/interfaces/msg
[15.749s] -- Up-to-date: /home/berry/HeartBeat/install/interfaces/include/interfaces/interfaces/msg/detail
[15.750s] -- Up-to-date: /home/berry/HeartBeat/install/interfaces/include/interfaces/interfaces/msg/detail/arm1_heartbeat__struct.hpp
[15.750s] -- Up-to-date: /home/berry/HeartBeat/install/interfaces/include/interfaces/interfaces/msg/detail/arm1_heartbeat__traits.hpp
[15.751s] -- Up-to-date: /home/berry/HeartBeat/install/interfaces/include/interfaces/interfaces/msg/detail/arm2_heartbeat__builder.hpp
[15.753s] -- Up-to-date: /home/berry/HeartBeat/install/interfaces/include/interfaces/interfaces/msg/detail/arm1_heartbeat__builder.hpp
[15.754s] -- Up-to-date: /home/berry/HeartBeat/install/interfaces/include/interfaces/interfaces/msg/detail/arm2_heartbeat__traits.hpp
[15.754s] -- Up-to-date: /home/berry/HeartBeat/install/interfaces/include/interfaces/interfaces/msg/detail/arm2_heartbeat__struct.hpp
[15.756s] -- Up-to-date: /home/berry/HeartBeat/install/interfaces/include/interfaces/interfaces/msg/arm2_heartbeat.hpp
[15.756s] -- Up-to-date: /home/berry/HeartBeat/install/interfaces/include/interfaces/interfaces/msg/arm1_heartbeat.hpp
[15.757s] -- Up-to-date: /home/berry/HeartBeat/install/interfaces/include/interfaces/interfaces
[15.758s] -- Up-to-date: /home/berry/HeartBeat/install/interfaces/include/interfaces/interfaces/action
[15.759s] -- Up-to-date: /home/berry/HeartBeat/install/interfaces/include/interfaces/interfaces/action/detail
[15.760s] -- Up-to-date: /home/berry/HeartBeat/install/interfaces/include/interfaces/interfaces/action/detail/head_move__rosidl_typesupport_fastrtps_cpp.hpp
[15.760s] -- Up-to-date: /home/berry/HeartBeat/install/interfaces/include/interfaces/interfaces/action/detail/gripper_open__rosidl_typesupport_fastrtps_cpp.hpp
[15.761s] -- Up-to-date: /home/berry/HeartBeat/install/interfaces/include/interfaces/interfaces/action/detail/move_to_left__rosidl_typesupport_fastrtps_cpp.hpp
[15.761s] -- Up-to-date: /home/berry/HeartBeat/install/interfaces/include/interfaces/interfaces/action/detail/arm1_test__rosidl_typesupport_fastrtps_cpp.hpp
[15.762s] -- Up-to-date: /home/berry/HeartBeat/install/interfaces/include/interfaces/interfaces/action/detail/is_moving__rosidl_typesupport_fastrtps_cpp.hpp
[15.762s] -- Up-to-date: /home/berry/HeartBeat/install/interfaces/include/interfaces/interfaces/action/detail/arm2_test__rosidl_typesupport_fastrtps_cpp.hpp
[15.762s] -- Up-to-date: /home/berry/HeartBeat/install/interfaces/include/interfaces/interfaces/action/detail/move_time__rosidl_typesupport_fastrtps_cpp.hpp
[15.763s] -- Up-to-date: /home/berry/HeartBeat/install/interfaces/include/interfaces/interfaces/action/detail/get_status__rosidl_typesupport_fastrtps_cpp.hpp
[15.764s] -- Up-to-date: /home/berry/HeartBeat/install/interfaces/include/interfaces/interfaces/action/detail/fetch__rosidl_typesupport_fastrtps_cpp.hpp
[15.764s] -- Up-to-date: /home/berry/HeartBeat/install/interfaces/include/interfaces/interfaces/action/detail/multiple_turn__rosidl_typesupport_fastrtps_cpp.hpp
[15.765s] -- Up-to-date: /home/berry/HeartBeat/install/interfaces/include/interfaces/interfaces/action/detail/stop_time__rosidl_typesupport_fastrtps_cpp.hpp
[15.765s] -- Up-to-date: /home/berry/HeartBeat/install/interfaces/include/interfaces/interfaces/action/detail/move_to_right__rosidl_typesupport_fastrtps_cpp.hpp
[15.765s] -- Up-to-date: /home/berry/HeartBeat/install/interfaces/include/interfaces/interfaces/action/detail/dds_fastrtps
[15.766s] -- Up-to-date: /home/berry/HeartBeat/install/interfaces/include/interfaces/interfaces/action/detail/belt_move__rosidl_typesupport_fastrtps_cpp.hpp
[15.766s] -- Up-to-date: /home/berry/HeartBeat/install/interfaces/include/interfaces/interfaces/action/detail/belt_stop__rosidl_typesupport_fastrtps_cpp.hpp
[15.767s] -- Up-to-date: /home/berry/HeartBeat/install/interfaces/include/interfaces/interfaces/action/detail/move_mood__rosidl_typesupport_fastrtps_cpp.hpp
[15.767s] -- Up-to-date: /home/berry/HeartBeat/install/interfaces/include/interfaces/interfaces/msg
[15.768s] -- Up-to-date: /home/berry/HeartBeat/install/interfaces/include/interfaces/interfaces/msg/detail
[15.768s] -- Up-to-date: /home/berry/HeartBeat/install/interfaces/include/interfaces/interfaces/msg/detail/dds_fastrtps
[15.768s] -- Up-to-date: /home/berry/HeartBeat/install/interfaces/include/interfaces/interfaces/msg/detail/arm1_heartbeat__rosidl_typesupport_fastrtps_cpp.hpp
[15.769s] -- Up-to-date: /home/berry/HeartBeat/install/interfaces/include/interfaces/interfaces/msg/detail/arm2_heartbeat__rosidl_typesupport_fastrtps_cpp.hpp
[15.769s] -- Up-to-date: /home/berry/HeartBeat/install/interfaces/include/interfaces/interfaces/msg/rosidl_typesupport_fastrtps_cpp__visibility_control.h
[15.770s] -- Up-to-date: /home/berry/HeartBeat/install/interfaces/lib/libinterfaces__rosidl_typesupport_fastrtps_cpp.so
[15.771s] -- Up-to-date: /home/berry/HeartBeat/install/interfaces/include/interfaces/interfaces
[15.772s] -- Up-to-date: /home/berry/HeartBeat/install/interfaces/include/interfaces/interfaces/action
[15.773s] -- Up-to-date: /home/berry/HeartBeat/install/interfaces/include/interfaces/interfaces/action/detail
[15.773s] -- Up-to-date: /home/berry/HeartBeat/install/interfaces/include/interfaces/interfaces/action/detail/arm2_test__rosidl_typesupport_introspection_cpp.hpp
[15.774s] -- Up-to-date: /home/berry/HeartBeat/install/interfaces/include/interfaces/interfaces/action/detail/head_move__type_support.cpp
[15.774s] -- Up-to-date: /home/berry/HeartBeat/install/interfaces/include/interfaces/interfaces/action/detail/move_to_left__type_support.cpp
[15.775s] -- Up-to-date: /home/berry/HeartBeat/install/interfaces/include/interfaces/interfaces/action/detail/get_status__type_support.cpp
[15.775s] -- Up-to-date: /home/berry/HeartBeat/install/interfaces/include/interfaces/interfaces/action/detail/stop_time__type_support.cpp
[15.776s] -- Up-to-date: /home/berry/HeartBeat/install/interfaces/include/interfaces/interfaces/action/detail/stop_time__rosidl_typesupport_introspection_cpp.hpp
[15.776s] -- Up-to-date: /home/berry/HeartBeat/install/interfaces/include/interfaces/interfaces/action/detail/gripper_open__rosidl_typesupport_introspection_cpp.hpp
[15.777s] -- Up-to-date: /home/berry/HeartBeat/install/interfaces/include/interfaces/interfaces/action/detail/head_move__rosidl_typesupport_introspection_cpp.hpp
[15.778s] -- Up-to-date: /home/berry/HeartBeat/install/interfaces/include/interfaces/interfaces/action/detail/belt_stop__type_support.cpp
[15.778s] -- Up-to-date: /home/berry/HeartBeat/install/interfaces/include/interfaces/interfaces/action/detail/belt_move__type_support.cpp
[15.778s] -- Up-to-date: /home/berry/HeartBeat/install/interfaces/include/interfaces/interfaces/action/detail/multiple_turn__rosidl_typesupport_introspection_cpp.hpp
[15.779s] -- Up-to-date: /home/berry/HeartBeat/install/interfaces/include/interfaces/interfaces/action/detail/move_to_right__type_support.cpp
[15.780s] -- Up-to-date: /home/berry/HeartBeat/install/interfaces/include/interfaces/interfaces/action/detail/arm1_test__type_support.cpp
[15.781s] -- Up-to-date: /home/berry/HeartBeat/install/interfaces/include/interfaces/interfaces/action/detail/move_to_left__rosidl_typesupport_introspection_cpp.hpp
[15.782s] -- Up-to-date: /home/berry/HeartBeat/install/interfaces/include/interfaces/interfaces/action/detail/gripper_open__type_support.cpp
[15.783s] -- Up-to-date: /home/berry/HeartBeat/install/interfaces/include/interfaces/interfaces/action/detail/fetch__type_support.cpp
[15.784s] -- Up-to-date: /home/berry/HeartBeat/install/interfaces/include/interfaces/interfaces/action/detail/move_mood__type_support.cpp
[15.785s] -- Up-to-date: /home/berry/HeartBeat/install/interfaces/include/interfaces/interfaces/action/detail/move_to_right__rosidl_typesupport_introspection_cpp.hpp
[15.787s] -- Up-to-date: /home/berry/HeartBeat/install/interfaces/include/interfaces/interfaces/action/detail/is_moving__rosidl_typesupport_introspection_cpp.hpp
[15.788s] -- Up-to-date: /home/berry/HeartBeat/install/interfaces/include/interfaces/interfaces/action/detail/belt_move__rosidl_typesupport_introspection_cpp.hpp
[15.789s] -- Up-to-date: /home/berry/HeartBeat/install/interfaces/include/interfaces/interfaces/action/detail/multiple_turn__type_support.cpp
[15.790s] -- Up-to-date: /home/berry/HeartBeat/install/interfaces/include/interfaces/interfaces/action/detail/get_status__rosidl_typesupport_introspection_cpp.hpp
[15.791s] -- Up-to-date: /home/berry/HeartBeat/install/interfaces/include/interfaces/interfaces/action/detail/is_moving__type_support.cpp
[15.791s] -- Up-to-date: /home/berry/HeartBeat/install/interfaces/include/interfaces/interfaces/action/detail/arm2_test__type_support.cpp
[15.792s] -- Up-to-date: /home/berry/HeartBeat/install/interfaces/include/interfaces/interfaces/action/detail/move_mood__rosidl_typesupport_introspection_cpp.hpp
[15.793s] -- Up-to-date: /home/berry/HeartBeat/install/interfaces/include/interfaces/interfaces/action/detail/belt_stop__rosidl_typesupport_introspection_cpp.hpp
[15.793s] -- Up-to-date: /home/berry/HeartBeat/install/interfaces/include/interfaces/interfaces/action/detail/move_time__rosidl_typesupport_introspection_cpp.hpp
[15.794s] -- Up-to-date: /home/berry/HeartBeat/install/interfaces/include/interfaces/interfaces/action/detail/move_time__type_support.cpp
[15.795s] -- Up-to-date: /home/berry/HeartBeat/install/interfaces/include/interfaces/interfaces/action/detail/fetch__rosidl_typesupport_introspection_cpp.hpp
[15.796s] -- Up-to-date: /home/berry/HeartBeat/install/interfaces/include/interfaces/interfaces/action/detail/arm1_test__rosidl_typesupport_introspection_cpp.hpp
[15.797s] -- Up-to-date: /home/berry/HeartBeat/install/interfaces/include/interfaces/interfaces/msg
[15.798s] -- Up-to-date: /home/berry/HeartBeat/install/interfaces/include/interfaces/interfaces/msg/detail
[15.799s] -- Up-to-date: /home/berry/HeartBeat/install/interfaces/include/interfaces/interfaces/msg/detail/arm2_heartbeat__rosidl_typesupport_introspection_cpp.hpp
[15.799s] -- Up-to-date: /home/berry/HeartBeat/install/interfaces/include/interfaces/interfaces/msg/detail/arm1_heartbeat__rosidl_typesupport_introspection_cpp.hpp
[15.800s] -- Up-to-date: /home/berry/HeartBeat/install/interfaces/include/interfaces/interfaces/msg/detail/arm2_heartbeat__type_support.cpp
[15.800s] -- Up-to-date: /home/berry/HeartBeat/install/interfaces/include/interfaces/interfaces/msg/detail/arm1_heartbeat__type_support.cpp
[15.801s] -- Up-to-date: /home/berry/HeartBeat/install/interfaces/lib/libinterfaces__rosidl_typesupport_introspection_cpp.so
[15.801s] -- Up-to-date: /home/berry/HeartBeat/install/interfaces/lib/libinterfaces__rosidl_typesupport_cpp.so
[15.802s] -- Up-to-date: /home/berry/HeartBeat/install/interfaces/share/interfaces/environment/pythonpath.sh
[15.802s] -- Up-to-date: /home/berry/HeartBeat/install/interfaces/share/interfaces/environment/pythonpath.dsv
[15.803s] -- Up-to-date: /home/berry/HeartBeat/install/interfaces/local/lib/python3.10/dist-packages/interfaces-0.0.0-py3.10.egg-info
[15.803s] -- Installing: /home/berry/HeartBeat/install/interfaces/local/lib/python3.10/dist-packages/interfaces-0.0.0-py3.10.egg-info/dependency_links.txt
[15.803s] -- Installing: /home/berry/HeartBeat/install/interfaces/local/lib/python3.10/dist-packages/interfaces-0.0.0-py3.10.egg-info/top_level.txt
[15.806s] -- Installing: /home/berry/HeartBeat/install/interfaces/local/lib/python3.10/dist-packages/interfaces-0.0.0-py3.10.egg-info/SOURCES.txt
[15.806s] -- Installing: /home/berry/HeartBeat/install/interfaces/local/lib/python3.10/dist-packages/interfaces-0.0.0-py3.10.egg-info/PKG-INFO
[15.807s] -- Up-to-date: /home/berry/HeartBeat/install/interfaces/local/lib/python3.10/dist-packages/interfaces
[15.807s] -- Up-to-date: /home/berry/HeartBeat/install/interfaces/local/lib/python3.10/dist-packages/interfaces/action
[15.808s] -- Up-to-date: /home/berry/HeartBeat/install/interfaces/local/lib/python3.10/dist-packages/interfaces/action/_move_to_right_s.c
[15.809s] -- Up-to-date: /home/berry/HeartBeat/install/interfaces/local/lib/python3.10/dist-packages/interfaces/action/_fetch_s.c
[15.809s] -- Up-to-date: /home/berry/HeartBeat/install/interfaces/local/lib/python3.10/dist-packages/interfaces/action/_arm2_test_s.c
[15.810s] -- Up-to-date: /home/berry/HeartBeat/install/interfaces/local/lib/python3.10/dist-packages/interfaces/action/_belt_stop.py
[15.810s] -- Up-to-date: /home/berry/HeartBeat/install/interfaces/local/lib/python3.10/dist-packages/interfaces/action/_get_status.py
[15.811s] -- Up-to-date: /home/berry/HeartBeat/install/interfaces/local/lib/python3.10/dist-packages/interfaces/action/_belt_stop_s.c
[15.811s] -- Up-to-date: /home/berry/HeartBeat/install/interfaces/local/lib/python3.10/dist-packages/interfaces/action/_belt_move.py
[15.812s] -- Up-to-date: /home/berry/HeartBeat/install/interfaces/local/lib/python3.10/dist-packages/interfaces/action/_move_to_right.py
[15.812s] -- Up-to-date: /home/berry/HeartBeat/install/interfaces/local/lib/python3.10/dist-packages/interfaces/action/_move_mood.py
[15.813s] -- Up-to-date: /home/berry/HeartBeat/install/interfaces/local/lib/python3.10/dist-packages/interfaces/action/_arm2_test.py
[15.814s] -- Up-to-date: /home/berry/HeartBeat/install/interfaces/local/lib/python3.10/dist-packages/interfaces/action/_belt_move_s.c
[15.814s] -- Up-to-date: /home/berry/HeartBeat/install/interfaces/local/lib/python3.10/dist-packages/interfaces/action/_move_mood_s.c
[15.815s] -- Up-to-date: /home/berry/HeartBeat/install/interfaces/local/lib/python3.10/dist-packages/interfaces/action/_fetch.py
[15.815s] -- Up-to-date: /home/berry/HeartBeat/install/interfaces/local/lib/python3.10/dist-packages/interfaces/action/_move_time.py
[15.816s] -- Up-to-date: /home/berry/HeartBeat/install/interfaces/local/lib/python3.10/dist-packages/interfaces/action/_gripper_open.py
[15.816s] -- Up-to-date: /home/berry/HeartBeat/install/interfaces/local/lib/python3.10/dist-packages/interfaces/action/_stop_time_s.c
[15.817s] -- Up-to-date: /home/berry/HeartBeat/install/interfaces/local/lib/python3.10/dist-packages/interfaces/action/_move_time_s.c
[15.817s] -- Up-to-date: /home/berry/HeartBeat/install/interfaces/local/lib/python3.10/dist-packages/interfaces/action/_arm1_test.py
[15.818s] -- Up-to-date: /home/berry/HeartBeat/install/interfaces/local/lib/python3.10/dist-packages/interfaces/action/_gripper_open_s.c
[15.818s] -- Up-to-date: /home/berry/HeartBeat/install/interfaces/local/lib/python3.10/dist-packages/interfaces/action/_move_to_left.py
[15.819s] -- Up-to-date: /home/berry/HeartBeat/install/interfaces/local/lib/python3.10/dist-packages/interfaces/action/_get_status_s.c
[15.820s] -- Up-to-date: /home/berry/HeartBeat/install/interfaces/local/lib/python3.10/dist-packages/interfaces/action/_arm1_test_s.c
[15.821s] -- Up-to-date: /home/berry/HeartBeat/install/interfaces/local/lib/python3.10/dist-packages/interfaces/action/_head_move_s.c
[15.821s] -- Up-to-date: /home/berry/HeartBeat/install/interfaces/local/lib/python3.10/dist-packages/interfaces/action/_multiple_turn_s.c
[15.822s] -- Up-to-date: /home/berry/HeartBeat/install/interfaces/local/lib/python3.10/dist-packages/interfaces/action/_is_moving.py
[15.822s] -- Up-to-date: /home/berry/HeartBeat/install/interfaces/local/lib/python3.10/dist-packages/interfaces/action/__init__.py
[15.823s] -- Up-to-date: /home/berry/HeartBeat/install/interfaces/local/lib/python3.10/dist-packages/interfaces/action/_move_to_left_s.c
[15.824s] -- Up-to-date: /home/berry/HeartBeat/install/interfaces/local/lib/python3.10/dist-packages/interfaces/action/_multiple_turn.py
[15.824s] -- Up-to-date: /home/berry/HeartBeat/install/interfaces/local/lib/python3.10/dist-packages/interfaces/action/_head_move.py
[15.825s] -- Up-to-date: /home/berry/HeartBeat/install/interfaces/local/lib/python3.10/dist-packages/interfaces/action/_stop_time.py
[15.825s] -- Up-to-date: /home/berry/HeartBeat/install/interfaces/local/lib/python3.10/dist-packages/interfaces/action/_is_moving_s.c
[15.826s] -- Up-to-date: /home/berry/HeartBeat/install/interfaces/local/lib/python3.10/dist-packages/interfaces/interfaces_s__rosidl_typesupport_introspection_c.cpython-310-aarch64-linux-gnu.so
[15.826s] -- Up-to-date: /home/berry/HeartBeat/install/interfaces/local/lib/python3.10/dist-packages/interfaces/interfaces_s__rosidl_typesupport_c.cpython-310-aarch64-linux-gnu.so
[15.827s] -- Up-to-date: /home/berry/HeartBeat/install/interfaces/local/lib/python3.10/dist-packages/interfaces/_interfaces_s.ep.rosidl_typesupport_introspection_c.c
[15.827s] -- Up-to-date: /home/berry/HeartBeat/install/interfaces/local/lib/python3.10/dist-packages/interfaces/msg
[15.828s] -- Up-to-date: /home/berry/HeartBeat/install/interfaces/local/lib/python3.10/dist-packages/interfaces/msg/_arm1_heartbeat.py
[15.828s] -- Up-to-date: /home/berry/HeartBeat/install/interfaces/local/lib/python3.10/dist-packages/interfaces/msg/_arm2_heartbeat_s.c
[15.829s] -- Up-to-date: /home/berry/HeartBeat/install/interfaces/local/lib/python3.10/dist-packages/interfaces/msg/_arm1_heartbeat_s.c
[15.829s] -- Up-to-date: /home/berry/HeartBeat/install/interfaces/local/lib/python3.10/dist-packages/interfaces/msg/__init__.py
[15.829s] -- Up-to-date: /home/berry/HeartBeat/install/interfaces/local/lib/python3.10/dist-packages/interfaces/msg/_arm2_heartbeat.py
[15.830s] -- Up-to-date: /home/berry/HeartBeat/install/interfaces/local/lib/python3.10/dist-packages/interfaces/_interfaces_s.ep.rosidl_typesupport_fastrtps_c.c
[15.830s] -- Up-to-date: /home/berry/HeartBeat/install/interfaces/local/lib/python3.10/dist-packages/interfaces/interfaces_s__rosidl_typesupport_fastrtps_c.cpython-310-aarch64-linux-gnu.so
[15.830s] -- Up-to-date: /home/berry/HeartBeat/install/interfaces/local/lib/python3.10/dist-packages/interfaces/_interfaces_s.ep.rosidl_typesupport_c.c
[15.831s] -- Up-to-date: /home/berry/HeartBeat/install/interfaces/local/lib/python3.10/dist-packages/interfaces/__init__.py
[15.832s] -- Up-to-date: /home/berry/HeartBeat/install/interfaces/local/lib/python3.10/dist-packages/interfaces/libinterfaces__rosidl_generator_py.so
[16.110s] Listing '/home/berry/HeartBeat/install/interfaces/local/lib/python3.10/dist-packages/interfaces'...
[16.112s] Listing '/home/berry/HeartBeat/install/interfaces/local/lib/python3.10/dist-packages/interfaces/action'...
[16.113s] Listing '/home/berry/HeartBeat/install/interfaces/local/lib/python3.10/dist-packages/interfaces/msg'...
[16.164s] -- Up-to-date: /home/berry/HeartBeat/install/interfaces/local/lib/python3.10/dist-packages/interfaces/interfaces_s__rosidl_typesupport_fastrtps_c.cpython-310-aarch64-linux-gnu.so
[16.177s] -- Up-to-date: /home/berry/HeartBeat/install/interfaces/local/lib/python3.10/dist-packages/interfaces/interfaces_s__rosidl_typesupport_introspection_c.cpython-310-aarch64-linux-gnu.so
[16.204s] -- Up-to-date: /home/berry/HeartBeat/install/interfaces/local/lib/python3.10/dist-packages/interfaces/interfaces_s__rosidl_typesupport_c.cpython-310-aarch64-linux-gnu.so
[16.228s] -- Up-to-date: /home/berry/HeartBeat/install/interfaces/lib/libinterfaces__rosidl_generator_py.so
[16.237s] -- Up-to-date: /home/berry/HeartBeat/install/interfaces/share/interfaces/action/Arm1Test.idl
[16.238s] -- Up-to-date: /home/berry/HeartBeat/install/interfaces/share/interfaces/action/Arm2Test.idl
[16.239s] -- Up-to-date: /home/berry/HeartBeat/install/interfaces/share/interfaces/action/StopTime.idl
[16.241s] -- Up-to-date: /home/berry/HeartBeat/install/interfaces/share/interfaces/action/MoveMood.idl
[16.242s] -- Up-to-date: /home/berry/HeartBeat/install/interfaces/share/interfaces/action/MoveTime.idl
[16.245s] -- Up-to-date: /home/berry/HeartBeat/install/interfaces/share/interfaces/action/IsMoving.idl
[16.246s] -- Up-to-date: /home/berry/HeartBeat/install/interfaces/share/interfaces/action/MoveToLeft.idl
[16.246s] -- Up-to-date: /home/berry/HeartBeat/install/interfaces/share/interfaces/action/MoveToRight.idl
[16.248s] -- Up-to-date: /home/berry/HeartBeat/install/interfaces/share/interfaces/action/GetStatus.idl
[16.248s] -- Up-to-date: /home/berry/HeartBeat/install/interfaces/share/interfaces/action/BeltMove.idl
[16.249s] -- Up-to-date: /home/berry/HeartBeat/install/interfaces/share/interfaces/action/BeltStop.idl
[16.249s] -- Up-to-date: /home/berry/HeartBeat/install/interfaces/share/interfaces/action/Fetch.idl
[16.249s] -- Up-to-date: /home/berry/HeartBeat/install/interfaces/share/interfaces/action/GripperOpen.idl
[16.250s] -- Up-to-date: /home/berry/HeartBeat/install/interfaces/share/interfaces/action/HeadMove.idl
[16.250s] -- Up-to-date: /home/berry/HeartBeat/install/interfaces/share/interfaces/action/MultipleTurn.idl
[16.254s] -- Up-to-date: /home/berry/HeartBeat/install/interfaces/share/interfaces/msg/Arm1Heartbeat.idl
[16.255s] -- Up-to-date: /home/berry/HeartBeat/install/interfaces/share/interfaces/msg/Arm2Heartbeat.idl
[16.256s] -- Up-to-date: /home/berry/HeartBeat/install/interfaces/share/interfaces/action/Arm1Test.action
[16.257s] -- Up-to-date: /home/berry/HeartBeat/install/interfaces/share/interfaces/action/Arm2Test.action
[16.258s] -- Up-to-date: /home/berry/HeartBeat/install/interfaces/share/interfaces/action/StopTime.action
[16.259s] -- Up-to-date: /home/berry/HeartBeat/install/interfaces/share/interfaces/action/MoveMood.action
[16.260s] -- Up-to-date: /home/berry/HeartBeat/install/interfaces/share/interfaces/action/MoveTime.action
[16.262s] -- Up-to-date: /home/berry/HeartBeat/install/interfaces/share/interfaces/action/IsMoving.action
[16.264s] -- Up-to-date: /home/berry/HeartBeat/install/interfaces/share/interfaces/action/MoveToLeft.action
[16.266s] -- Up-to-date: /home/berry/HeartBeat/install/interfaces/share/interfaces/action/MoveToRight.action
[16.269s] -- Up-to-date: /home/berry/HeartBeat/install/interfaces/share/interfaces/action/GetStatus.action
[16.270s] -- Up-to-date: /home/berry/HeartBeat/install/interfaces/share/interfaces/action/BeltMove.action
[16.270s] -- Up-to-date: /home/berry/HeartBeat/install/interfaces/share/interfaces/action/BeltStop.action
[16.271s] -- Up-to-date: /home/berry/HeartBeat/install/interfaces/share/interfaces/action/Fetch.action
[16.271s] -- Up-to-date: /home/berry/HeartBeat/install/interfaces/share/interfaces/action/GripperOpen.action
[16.272s] -- Up-to-date: /home/berry/HeartBeat/install/interfaces/share/interfaces/action/HeadMove.action
[16.272s] -- Up-to-date: /home/berry/HeartBeat/install/interfaces/share/interfaces/action/MultipleTurn.action
[16.272s] -- Up-to-date: /home/berry/HeartBeat/install/interfaces/share/interfaces/msg/Arm1Heartbeat.msg
[16.273s] -- Up-to-date: /home/berry/HeartBeat/install/interfaces/share/interfaces/msg/Arm2Heartbeat.msg
[16.273s] -- Up-to-date: /home/berry/HeartBeat/install/interfaces/share/ament_index/resource_index/package_run_dependencies/interfaces
[16.279s] -- Up-to-date: /home/berry/HeartBeat/install/interfaces/share/ament_index/resource_index/parent_prefix_path/interfaces
[16.281s] -- Up-to-date: /home/berry/HeartBeat/install/interfaces/share/interfaces/environment/ament_prefix_path.sh
[16.282s] -- Up-to-date: /home/berry/HeartBeat/install/interfaces/share/interfaces/environment/ament_prefix_path.dsv
[16.283s] -- Up-to-date: /home/berry/HeartBeat/install/interfaces/share/interfaces/environment/path.sh
[16.284s] -- Up-to-date: /home/berry/HeartBeat/install/interfaces/share/interfaces/environment/path.dsv
[16.285s] -- Up-to-date: /home/berry/HeartBeat/install/interfaces/share/interfaces/local_setup.bash
[16.286s] -- Up-to-date: /home/berry/HeartBeat/install/interfaces/share/interfaces/local_setup.sh
[16.286s] -- Up-to-date: /home/berry/HeartBeat/install/interfaces/share/interfaces/local_setup.zsh
[16.287s] -- Up-to-date: /home/berry/HeartBeat/install/interfaces/share/interfaces/local_setup.dsv
[16.287s] -- Installing: /home/berry/HeartBeat/install/interfaces/share/interfaces/package.dsv
[16.304s] -- Up-to-date: /home/berry/HeartBeat/install/interfaces/share/ament_index/resource_index/packages/interfaces
[16.354s] -- Up-to-date: /home/berry/HeartBeat/install/interfaces/share/interfaces/cmake/export_interfaces__rosidl_generator_cExport.cmake
[16.355s] -- Up-to-date: /home/berry/HeartBeat/install/interfaces/share/interfaces/cmake/export_interfaces__rosidl_generator_cExport-noconfig.cmake
[16.357s] -- Up-to-date: /home/berry/HeartBeat/install/interfaces/share/interfaces/cmake/export_interfaces__rosidl_typesupport_fastrtps_cExport.cmake
[16.358s] -- Up-to-date: /home/berry/HeartBeat/install/interfaces/share/interfaces/cmake/export_interfaces__rosidl_typesupport_fastrtps_cExport-noconfig.cmake
[16.361s] -- Up-to-date: /home/berry/HeartBeat/install/interfaces/share/interfaces/cmake/interfaces__rosidl_typesupport_introspection_cExport.cmake
[16.362s] -- Up-to-date: /home/berry/HeartBeat/install/interfaces/share/interfaces/cmake/interfaces__rosidl_typesupport_introspection_cExport-noconfig.cmake
[16.364s] -- Up-to-date: /home/berry/HeartBeat/install/interfaces/share/interfaces/cmake/interfaces__rosidl_typesupport_cExport.cmake
[16.365s] -- Up-to-date: /home/berry/HeartBeat/install/interfaces/share/interfaces/cmake/interfaces__rosidl_typesupport_cExport-noconfig.cmake
[16.369s] -- Up-to-date: /home/berry/HeartBeat/install/interfaces/share/interfaces/cmake/export_interfaces__rosidl_generator_cppExport.cmake
[16.370s] -- Up-to-date: /home/berry/HeartBeat/install/interfaces/share/interfaces/cmake/export_interfaces__rosidl_typesupport_fastrtps_cppExport.cmake
[16.371s] -- Up-to-date: /home/berry/HeartBeat/install/interfaces/share/interfaces/cmake/export_interfaces__rosidl_typesupport_fastrtps_cppExport-noconfig.cmake
[16.374s] -- Up-to-date: /home/berry/HeartBeat/install/interfaces/share/interfaces/cmake/interfaces__rosidl_typesupport_introspection_cppExport.cmake
[16.375s] -- Up-to-date: /home/berry/HeartBeat/install/interfaces/share/interfaces/cmake/interfaces__rosidl_typesupport_introspection_cppExport-noconfig.cmake
[16.377s] -- Up-to-date: /home/berry/HeartBeat/install/interfaces/share/interfaces/cmake/interfaces__rosidl_typesupport_cppExport.cmake
[16.378s] -- Up-to-date: /home/berry/HeartBeat/install/interfaces/share/interfaces/cmake/interfaces__rosidl_typesupport_cppExport-noconfig.cmake
[16.380s] -- Up-to-date: /home/berry/HeartBeat/install/interfaces/share/interfaces/cmake/export_interfaces__rosidl_generator_pyExport.cmake
[16.381s] -- Up-to-date: /home/berry/HeartBeat/install/interfaces/share/interfaces/cmake/export_interfaces__rosidl_generator_pyExport-noconfig.cmake
[16.382s] -- Up-to-date: /home/berry/HeartBeat/install/interfaces/share/interfaces/cmake/rosidl_cmake-extras.cmake
[16.383s] -- Up-to-date: /home/berry/HeartBeat/install/interfaces/share/interfaces/cmake/ament_cmake_export_dependencies-extras.cmake
[16.384s] -- Up-to-date: /home/berry/HeartBeat/install/interfaces/share/interfaces/cmake/ament_cmake_export_include_directories-extras.cmake
[16.385s] -- Up-to-date: /home/berry/HeartBeat/install/interfaces/share/interfaces/cmake/ament_cmake_export_libraries-extras.cmake
[16.385s] -- Up-to-date: /home/berry/HeartBeat/install/interfaces/share/interfaces/cmake/ament_cmake_export_targets-extras.cmake
[16.386s] -- Up-to-date: /home/berry/HeartBeat/install/interfaces/share/interfaces/cmake/rosidl_cmake_export_typesupport_targets-extras.cmake
[16.387s] -- Up-to-date: /home/berry/HeartBeat/install/interfaces/share/interfaces/cmake/rosidl_cmake_export_typesupport_libraries-extras.cmake
[16.388s] -- Up-to-date: /home/berry/HeartBeat/install/interfaces/share/interfaces/cmake/interfacesConfig.cmake
[16.388s] -- Up-to-date: /home/berry/HeartBeat/install/interfaces/share/interfaces/cmake/interfacesConfig-version.cmake
[16.389s] -- Up-to-date: /home/berry/HeartBeat/install/interfaces/share/interfaces/package.xml
[16.399s] Invoked command in '/home/berry/HeartBeat/build/interfaces' returned '0': CMAKE_PREFIX_PATH=${CMAKE_PREFIX_PATH}:/home/berry/HeartBeat/install/track_server:/home/berry/HeartBeat/install/controller:/home/berry/HeartBeat/install/belt_short_server:/home/berry/HeartBeat/install/belt_long_server:/home/berry/RoArm/install/test1:/home/berry/RoArm/install/serial_ctrl:/home/berry/RoArm/install/pos_sub:/home/berry/RoArm/install/pos_pub:/home/berry/RoArm/install/pos_client:/home/berry/RoArm/install/Position_Sub:/home/berry/RoArm/install/Pos_Server:/home/berry/RoArm/install/Pos_Client:/home/berry/ices_ws/install/track_server:/home/berry/ices_ws/install/launch_test:/home/berry/ices_ws/install/control:/home/berry/ices_ws/install/c_arm:/home/berry/ices_ws/install/arm_server:/home/berry/ices_ws/install/belt_short_server:/home/berry/ices_ws/install/belt_short_client:/home/berry/ices_ws/install/belt_long_server:/opt/ros/humble /usr/bin/cmake --install /home/berry/HeartBeat/build/interfaces
