[6.360s] Invoking command in '/home/berry/HeartBeat/src/belt_long_server': PYTHONPATH=/home/berry/HeartBeat/build/belt_long_server/prefix_override:/usr/lib/python3/dist-packages/colcon_core/task/python/colcon_distutils_commands:/home/berry/HeartBeat/install/belt_long_server/lib/python3.10/site-packages:${PYTHONPATH} /usr/bin/python3 -W ignore:setup.py install is deprecated -W ignore:easy_install command is deprecated setup.py egg_info --egg-base ../../build/belt_long_server build --build-base /home/berry/HeartBeat/build/belt_long_server/build install --record /home/berry/HeartBeat/build/belt_long_server/install.log --single-version-externally-managed install_data
[8.098s] running egg_info
[8.103s] creating ../../build/belt_long_server/belt_long_server.egg-info
[8.104s] writing ../../build/belt_long_server/belt_long_server.egg-info/PKG-INFO
[8.106s] writing dependency_links to ../../build/belt_long_server/belt_long_server.egg-info/dependency_links.txt
[8.108s] writing entry points to ../../build/belt_long_server/belt_long_server.egg-info/entry_points.txt
[8.110s] writing requirements to ../../build/belt_long_server/belt_long_server.egg-info/requires.txt
[8.121s] writing top-level names to ../../build/belt_long_server/belt_long_server.egg-info/top_level.txt
[8.123s] writing manifest file '../../build/belt_long_server/belt_long_server.egg-info/SOURCES.txt'
[8.133s] reading manifest file '../../build/belt_long_server/belt_long_server.egg-info/SOURCES.txt'
[8.144s] writing manifest file '../../build/belt_long_server/belt_long_server.egg-info/SOURCES.txt'
[8.146s] running build
[8.147s] running build_py
[8.149s] creating /home/berry/HeartBeat/build/belt_long_server/build
[8.150s] creating /home/berry/HeartBeat/build/belt_long_server/build/lib
[8.151s] creating /home/berry/HeartBeat/build/belt_long_server/build/lib/belt_long_server
[8.156s] copying belt_long_server/belt_long_server.py -> /home/berry/HeartBeat/build/belt_long_server/build/lib/belt_long_server
[8.160s] copying belt_long_server/__init__.py -> /home/berry/HeartBeat/build/belt_long_server/build/lib/belt_long_server
[8.163s] copying belt_long_server/BeltCtr.py -> /home/berry/HeartBeat/build/belt_long_server/build/lib/belt_long_server
[8.175s] running install
[8.179s] running install_lib
[8.183s] creating /home/berry/HeartBeat/install/belt_long_server/lib/python3.10/site-packages/belt_long_server
[8.184s] copying /home/berry/HeartBeat/build/belt_long_server/build/lib/belt_long_server/belt_long_server.py -> /home/berry/HeartBeat/install/belt_long_server/lib/python3.10/site-packages/belt_long_server
[8.185s] copying /home/berry/HeartBeat/build/belt_long_server/build/lib/belt_long_server/__init__.py -> /home/berry/HeartBeat/install/belt_long_server/lib/python3.10/site-packages/belt_long_server
[8.203s] copying /home/berry/HeartBeat/build/belt_long_server/build/lib/belt_long_server/BeltCtr.py -> /home/berry/HeartBeat/install/belt_long_server/lib/python3.10/site-packages/belt_long_server
[8.210s] byte-compiling /home/berry/HeartBeat/install/belt_long_server/lib/python3.10/site-packages/belt_long_server/belt_long_server.py to belt_long_server.cpython-310.pyc
[8.225s] byte-compiling /home/berry/HeartBeat/install/belt_long_server/lib/python3.10/site-packages/belt_long_server/__init__.py to __init__.cpython-310.pyc
[8.226s] byte-compiling /home/berry/HeartBeat/install/belt_long_server/lib/python3.10/site-packages/belt_long_server/BeltCtr.py to BeltCtr.cpython-310.pyc
[8.228s] running install_data
[8.233s] creating /home/berry/HeartBeat/install/belt_long_server/share/ament_index
[8.234s] creating /home/berry/HeartBeat/install/belt_long_server/share/ament_index/resource_index
[8.234s] creating /home/berry/HeartBeat/install/belt_long_server/share/ament_index/resource_index/packages
[8.235s] copying resource/belt_long_server -> /home/berry/HeartBeat/install/belt_long_server/share/ament_index/resource_index/packages
[8.237s] copying package.xml -> /home/berry/HeartBeat/install/belt_long_server/share/belt_long_server
[8.237s] running install_egg_info
[8.239s] Copying ../../build/belt_long_server/belt_long_server.egg-info to /home/berry/HeartBeat/install/belt_long_server/lib/python3.10/site-packages/belt_long_server-0.0.0-py3.10.egg-info
[8.240s] running install_scripts
[8.321s] Installing belt_long_server script to /home/berry/HeartBeat/install/belt_long_server/lib/belt_long_server
[8.323s] writing list of installed files to '/home/berry/HeartBeat/build/belt_long_server/install.log'
[8.590s] Invoked command in '/home/berry/HeartBeat/src/belt_long_server' returned '0': PYTHONPATH=/home/berry/HeartBeat/build/belt_long_server/prefix_override:/usr/lib/python3/dist-packages/colcon_core/task/python/colcon_distutils_commands:/home/berry/HeartBeat/install/belt_long_server/lib/python3.10/site-packages:${PYTHONPATH} /usr/bin/python3 -W ignore:setup.py install is deprecated -W ignore:easy_install command is deprecated setup.py egg_info --egg-base ../../build/belt_long_server build --build-base /home/berry/HeartBeat/build/belt_long_server/build install --record /home/berry/HeartBeat/build/belt_long_server/install.log --single-version-externally-managed install_data
