[8.303s] Invoking command in '/home/berry/HeartBeat/src/belt_short_server': PYTHONPATH=/home/berry/HeartBeat/build/belt_short_server/prefix_override:/usr/lib/python3/dist-packages/colcon_core/task/python/colcon_distutils_commands:/home/berry/HeartBeat/install/belt_short_server/lib/python3.10/site-packages:${PYTHONPATH} /usr/bin/python3 -W ignore:setup.py install is deprecated setup.py egg_info --egg-base ../../build/belt_short_server build --build-base /home/berry/HeartBeat/build/belt_short_server/build install --record /home/berry/HeartBeat/build/belt_short_server/install.log --single-version-externally-managed install_data
[10.428s] running egg_info
[10.431s] creating ../../build/belt_short_server/belt_short_server.egg-info
[10.432s] writing ../../build/belt_short_server/belt_short_server.egg-info/PKG-INFO
[10.433s] writing dependency_links to ../../build/belt_short_server/belt_short_server.egg-info/dependency_links.txt
[10.434s] writing entry points to ../../build/belt_short_server/belt_short_server.egg-info/entry_points.txt
[10.435s] writing requirements to ../../build/belt_short_server/belt_short_server.egg-info/requires.txt
[10.435s] writing top-level names to ../../build/belt_short_server/belt_short_server.egg-info/top_level.txt
[10.442s] writing manifest file '../../build/belt_short_server/belt_short_server.egg-info/SOURCES.txt'
[10.445s] reading manifest file '../../build/belt_short_server/belt_short_server.egg-info/SOURCES.txt'
[10.451s] writing manifest file '../../build/belt_short_server/belt_short_server.egg-info/SOURCES.txt'
[10.452s] running build
[10.453s] running build_py
[10.464s] creating /home/berry/HeartBeat/build/belt_short_server/build
[10.465s] creating /home/berry/HeartBeat/build/belt_short_server/build/lib
[10.465s] creating /home/berry/HeartBeat/build/belt_short_server/build/lib/belt_short_server
[10.466s] copying belt_short_server/BeltCtr.py -> /home/berry/HeartBeat/build/belt_short_server/build/lib/belt_short_server
[10.467s] copying belt_short_server/__init__.py -> /home/berry/HeartBeat/build/belt_short_server/build/lib/belt_short_server
[10.468s] copying belt_short_server/belt_short_server.py -> /home/berry/HeartBeat/build/belt_short_server/build/lib/belt_short_server
[10.468s] running install
[10.469s] running install_lib
[10.478s] creating /home/berry/HeartBeat/install/belt_short_server/lib/python3.10/site-packages/belt_short_server
[10.479s] copying /home/berry/HeartBeat/build/belt_short_server/build/lib/belt_short_server/BeltCtr.py -> /home/berry/HeartBeat/install/belt_short_server/lib/python3.10/site-packages/belt_short_server
[10.480s] copying /home/berry/HeartBeat/build/belt_short_server/build/lib/belt_short_server/__init__.py -> /home/berry/HeartBeat/install/belt_short_server/lib/python3.10/site-packages/belt_short_server
[10.483s] copying /home/berry/HeartBeat/build/belt_short_server/build/lib/belt_short_server/belt_short_server.py -> /home/berry/HeartBeat/install/belt_short_server/lib/python3.10/site-packages/belt_short_server
[10.486s] byte-compiling /home/berry/HeartBeat/install/belt_short_server/lib/python3.10/site-packages/belt_short_server/BeltCtr.py to BeltCtr.cpython-310.pyc
[10.487s] byte-compiling /home/berry/HeartBeat/install/belt_short_server/lib/python3.10/site-packages/belt_short_server/__init__.py to __init__.cpython-310.pyc
[10.496s] byte-compiling /home/berry/HeartBeat/install/belt_short_server/lib/python3.10/site-packages/belt_short_server/belt_short_server.py to belt_short_server.cpython-310.pyc
[10.496s] running install_data
[10.497s] creating /home/berry/HeartBeat/install/belt_short_server/share/ament_index
[10.498s] creating /home/berry/HeartBeat/install/belt_short_server/share/ament_index/resource_index
[10.498s] creating /home/berry/HeartBeat/install/belt_short_server/share/ament_index/resource_index/packages
[10.499s] copying resource/belt_short_server -> /home/berry/HeartBeat/install/belt_short_server/share/ament_index/resource_index/packages
[10.499s] copying package.xml -> /home/berry/HeartBeat/install/belt_short_server/share/belt_short_server
[10.500s] running install_egg_info
[10.583s] Copying ../../build/belt_short_server/belt_short_server.egg-info to /home/berry/HeartBeat/install/belt_short_server/lib/python3.10/site-packages/belt_short_server-0.0.0-py3.10.egg-info
[10.600s] running install_scripts
[10.768s] Installing belt_short_server script to /home/berry/HeartBeat/install/belt_short_server/lib/belt_short_server
[10.771s] writing list of installed files to '/home/berry/HeartBeat/build/belt_short_server/install.log'
[11.159s] Invoked command in '/home/berry/HeartBeat/src/belt_short_server' returned '0': PYTHONPATH=/home/berry/HeartBeat/build/belt_short_server/prefix_override:/usr/lib/python3/dist-packages/colcon_core/task/python/colcon_distutils_commands:/home/berry/HeartBeat/install/belt_short_server/lib/python3.10/site-packages:${PYTHONPATH} /usr/bin/python3 -W ignore:setup.py install is deprecated setup.py egg_info --egg-base ../../build/belt_short_server build --build-base /home/berry/HeartBeat/build/belt_short_server/build install --record /home/berry/HeartBeat/build/belt_short_server/install.log --single-version-externally-managed install_data
