[2.354s] DEBUG:colcon:Command line arguments: ['/usr/bin/colcon', 'build']
[2.354s] DEBUG:colcon:Parsed command line arguments: Namespace(log_base=None, log_level=None, verb_name='build', build_base='build', install_base='install', merge_install=False, symlink_install=False, test_result_base=None, continue_on_error=False, executor='parallel', parallel_workers=4, event_handlers=None, ignore_user_meta=False, metas=['./colcon.meta'], base_paths=['.'], packages_ignore=None, packages_ignore_regex=None, paths=None, packages_up_to=None, packages_up_to_regex=None, packages_above=None, packages_above_and_dependencies=None, packages_above_depth=None, packages_select_by_dep=None, packages_skip_by_dep=None, packages_skip_up_to=None, packages_select_build_failed=False, packages_skip_build_finished=False, packages_select_test_failures=False, packages_skip_test_passed=False, packages_select=None, packages_skip=None, packages_select_regex=None, packages_skip_regex=None, packages_start=None, packages_end=None, allow_overriding=[], cmake_args=None, cmake_target=None, cmake_target_skip_unavailable=False, cmake_clean_cache=False, cmake_clean_first=False, cmake_force_configure=False, ament_cmake_args=None, catkin_cmake_args=None, catkin_skip_building_tests=False, verb_parser=<colcon_defaults.argument_parser.defaults.DefaultArgumentsDecorator object at 0xffff9f659450>, verb_extension=<colcon_core.verb.build.BuildVerb object at 0xffff9efb0880>, main=<bound method BuildVerb.main of <colcon_core.verb.build.BuildVerb object at 0xffff9efb0880>>)
[4.267s] Level 1:colcon.colcon_core.package_discovery:discover_packages(colcon_meta) check parameters
[4.268s] Level 1:colcon.colcon_core.package_discovery:discover_packages(recursive) check parameters
[4.268s] Level 1:colcon.colcon_core.package_discovery:discover_packages(ignore) check parameters
[4.268s] Level 1:colcon.colcon_core.package_discovery:discover_packages(path) check parameters
[4.268s] Level 1:colcon.colcon_core.package_discovery:discover_packages(colcon_meta) discover
[4.269s] Level 1:colcon.colcon_core.package_discovery:discover_packages(recursive) discover
[4.269s] INFO:colcon.colcon_core.package_discovery:Crawling recursively for packages in '/home/berry/HeartBeat'
[4.270s] Level 1:colcon.colcon_core.package_identification:_identify(.) by extensions ['ignore', 'ignore_ament_install']
[4.270s] Level 1:colcon.colcon_core.package_identification:_identify(.) by extension 'ignore'
[4.270s] Level 1:colcon.colcon_core.package_identification:_identify(.) by extension 'ignore_ament_install'
[4.271s] Level 1:colcon.colcon_core.package_identification:_identify(.) by extensions ['colcon_pkg']
[4.271s] Level 1:colcon.colcon_core.package_identification:_identify(.) by extension 'colcon_pkg'
[4.271s] Level 1:colcon.colcon_core.package_identification:_identify(.) by extensions ['colcon_meta']
[4.271s] Level 1:colcon.colcon_core.package_identification:_identify(.) by extension 'colcon_meta'
[4.271s] Level 1:colcon.colcon_core.package_identification:_identify(.) by extensions ['ros']
[4.272s] Level 1:colcon.colcon_core.package_identification:_identify(.) by extension 'ros'
[4.351s] Level 1:colcon.colcon_core.package_identification:_identify(.) by extensions ['cmake', 'python']
[4.352s] Level 1:colcon.colcon_core.package_identification:_identify(.) by extension 'cmake'
[4.352s] Level 1:colcon.colcon_core.package_identification:_identify(.) by extension 'python'
[4.352s] Level 1:colcon.colcon_core.package_identification:_identify(.) by extensions ['python_setup_py']
[4.352s] Level 1:colcon.colcon_core.package_identification:_identify(.) by extension 'python_setup_py'
[4.353s] Level 1:colcon.colcon_core.package_identification:_identify(build) by extensions ['ignore', 'ignore_ament_install']
[4.354s] Level 1:colcon.colcon_core.package_identification:_identify(build) by extension 'ignore'
[4.354s] Level 1:colcon.colcon_core.package_identification:_identify(build) ignored
[4.355s] Level 1:colcon.colcon_core.package_identification:_identify(install) by extensions ['ignore', 'ignore_ament_install']
[4.355s] Level 1:colcon.colcon_core.package_identification:_identify(install) by extension 'ignore'
[4.355s] Level 1:colcon.colcon_core.package_identification:_identify(install) ignored
[4.356s] Level 1:colcon.colcon_core.package_identification:_identify(log) by extensions ['ignore', 'ignore_ament_install']
[4.356s] Level 1:colcon.colcon_core.package_identification:_identify(log) by extension 'ignore'
[4.356s] Level 1:colcon.colcon_core.package_identification:_identify(log) ignored
[4.357s] Level 1:colcon.colcon_core.package_identification:_identify(src) by extensions ['ignore', 'ignore_ament_install']
[4.357s] Level 1:colcon.colcon_core.package_identification:_identify(src) by extension 'ignore'
[4.358s] Level 1:colcon.colcon_core.package_identification:_identify(src) by extension 'ignore_ament_install'
[4.358s] Level 1:colcon.colcon_core.package_identification:_identify(src) by extensions ['colcon_pkg']
[4.358s] Level 1:colcon.colcon_core.package_identification:_identify(src) by extension 'colcon_pkg'
[4.358s] Level 1:colcon.colcon_core.package_identification:_identify(src) by extensions ['colcon_meta']
[4.358s] Level 1:colcon.colcon_core.package_identification:_identify(src) by extension 'colcon_meta'
[4.359s] Level 1:colcon.colcon_core.package_identification:_identify(src) by extensions ['ros']
[4.359s] Level 1:colcon.colcon_core.package_identification:_identify(src) by extension 'ros'
[4.359s] Level 1:colcon.colcon_core.package_identification:_identify(src) by extensions ['cmake', 'python']
[4.359s] Level 1:colcon.colcon_core.package_identification:_identify(src) by extension 'cmake'
[4.359s] Level 1:colcon.colcon_core.package_identification:_identify(src) by extension 'python'
[4.360s] Level 1:colcon.colcon_core.package_identification:_identify(src) by extensions ['python_setup_py']
[4.360s] Level 1:colcon.colcon_core.package_identification:_identify(src) by extension 'python_setup_py'
[4.361s] Level 1:colcon.colcon_core.package_identification:_identify(src/belt_long_server) by extensions ['ignore', 'ignore_ament_install']
[4.361s] Level 1:colcon.colcon_core.package_identification:_identify(src/belt_long_server) by extension 'ignore'
[4.362s] Level 1:colcon.colcon_core.package_identification:_identify(src/belt_long_server) by extension 'ignore_ament_install'
[4.362s] Level 1:colcon.colcon_core.package_identification:_identify(src/belt_long_server) by extensions ['colcon_pkg']
[4.362s] Level 1:colcon.colcon_core.package_identification:_identify(src/belt_long_server) by extension 'colcon_pkg'
[4.362s] Level 1:colcon.colcon_core.package_identification:_identify(src/belt_long_server) by extensions ['colcon_meta']
[4.362s] Level 1:colcon.colcon_core.package_identification:_identify(src/belt_long_server) by extension 'colcon_meta'
[4.363s] Level 1:colcon.colcon_core.package_identification:_identify(src/belt_long_server) by extensions ['ros']
[4.363s] Level 1:colcon.colcon_core.package_identification:_identify(src/belt_long_server) by extension 'ros'
[4.398s] DEBUG:colcon.colcon_core.package_identification:Package 'src/belt_long_server' with type 'ros.ament_python' and name 'belt_long_server'
[4.400s] Level 1:colcon.colcon_core.package_identification:_identify(src/belt_short_server) by extensions ['ignore', 'ignore_ament_install']
[4.400s] Level 1:colcon.colcon_core.package_identification:_identify(src/belt_short_server) by extension 'ignore'
[4.401s] Level 1:colcon.colcon_core.package_identification:_identify(src/belt_short_server) by extension 'ignore_ament_install'
[4.401s] Level 1:colcon.colcon_core.package_identification:_identify(src/belt_short_server) by extensions ['colcon_pkg']
[4.401s] Level 1:colcon.colcon_core.package_identification:_identify(src/belt_short_server) by extension 'colcon_pkg'
[4.401s] Level 1:colcon.colcon_core.package_identification:_identify(src/belt_short_server) by extensions ['colcon_meta']
[4.402s] Level 1:colcon.colcon_core.package_identification:_identify(src/belt_short_server) by extension 'colcon_meta'
[4.402s] Level 1:colcon.colcon_core.package_identification:_identify(src/belt_short_server) by extensions ['ros']
[4.402s] Level 1:colcon.colcon_core.package_identification:_identify(src/belt_short_server) by extension 'ros'
[4.405s] DEBUG:colcon.colcon_core.package_identification:Package 'src/belt_short_server' with type 'ros.ament_python' and name 'belt_short_server'
[4.406s] Level 1:colcon.colcon_core.package_identification:_identify(src/controller) by extensions ['ignore', 'ignore_ament_install']
[4.406s] Level 1:colcon.colcon_core.package_identification:_identify(src/controller) by extension 'ignore'
[4.407s] Level 1:colcon.colcon_core.package_identification:_identify(src/controller) by extension 'ignore_ament_install'
[4.407s] Level 1:colcon.colcon_core.package_identification:_identify(src/controller) by extensions ['colcon_pkg']
[4.407s] Level 1:colcon.colcon_core.package_identification:_identify(src/controller) by extension 'colcon_pkg'
[4.407s] Level 1:colcon.colcon_core.package_identification:_identify(src/controller) by extensions ['colcon_meta']
[4.407s] Level 1:colcon.colcon_core.package_identification:_identify(src/controller) by extension 'colcon_meta'
[4.408s] Level 1:colcon.colcon_core.package_identification:_identify(src/controller) by extensions ['ros']
[4.408s] Level 1:colcon.colcon_core.package_identification:_identify(src/controller) by extension 'ros'
[4.411s] DEBUG:colcon.colcon_core.package_identification:Package 'src/controller' with type 'ros.ament_python' and name 'controller'
[4.412s] Level 1:colcon.colcon_core.package_identification:_identify(src/flask_eq) by extensions ['ignore', 'ignore_ament_install']
[4.412s] Level 1:colcon.colcon_core.package_identification:_identify(src/flask_eq) by extension 'ignore'
[4.413s] Level 1:colcon.colcon_core.package_identification:_identify(src/flask_eq) by extension 'ignore_ament_install'
[4.413s] Level 1:colcon.colcon_core.package_identification:_identify(src/flask_eq) by extensions ['colcon_pkg']
[4.413s] Level 1:colcon.colcon_core.package_identification:_identify(src/flask_eq) by extension 'colcon_pkg'
[4.413s] Level 1:colcon.colcon_core.package_identification:_identify(src/flask_eq) by extensions ['colcon_meta']
[4.414s] Level 1:colcon.colcon_core.package_identification:_identify(src/flask_eq) by extension 'colcon_meta'
[4.414s] Level 1:colcon.colcon_core.package_identification:_identify(src/flask_eq) by extensions ['ros']
[4.414s] Level 1:colcon.colcon_core.package_identification:_identify(src/flask_eq) by extension 'ros'
[4.414s] Level 1:colcon.colcon_core.package_identification:_identify(src/flask_eq) by extensions ['cmake', 'python']
[4.415s] Level 1:colcon.colcon_core.package_identification:_identify(src/flask_eq) by extension 'cmake'
[4.415s] Level 1:colcon.colcon_core.package_identification:_identify(src/flask_eq) by extension 'python'
[4.415s] Level 1:colcon.colcon_core.package_identification:_identify(src/flask_eq) by extensions ['python_setup_py']
[4.415s] Level 1:colcon.colcon_core.package_identification:_identify(src/flask_eq) by extension 'python_setup_py'
[4.416s] Level 1:colcon.colcon_core.package_identification:_identify(src/interfaces_new) by extensions ['ignore', 'ignore_ament_install']
[4.416s] Level 1:colcon.colcon_core.package_identification:_identify(src/interfaces_new) by extension 'ignore'
[4.416s] Level 1:colcon.colcon_core.package_identification:_identify(src/interfaces_new) by extension 'ignore_ament_install'
[4.417s] Level 1:colcon.colcon_core.package_identification:_identify(src/interfaces_new) by extensions ['colcon_pkg']
[4.417s] Level 1:colcon.colcon_core.package_identification:_identify(src/interfaces_new) by extension 'colcon_pkg'
[4.417s] Level 1:colcon.colcon_core.package_identification:_identify(src/interfaces_new) by extensions ['colcon_meta']
[4.417s] Level 1:colcon.colcon_core.package_identification:_identify(src/interfaces_new) by extension 'colcon_meta'
[4.417s] Level 1:colcon.colcon_core.package_identification:_identify(src/interfaces_new) by extensions ['ros']
[4.418s] Level 1:colcon.colcon_core.package_identification:_identify(src/interfaces_new) by extension 'ros'
[4.421s] DEBUG:colcon.colcon_core.package_identification:Package 'src/interfaces_new' with type 'ros.ament_cmake' and name 'interfaces_new'
[4.423s] Level 1:colcon.colcon_core.package_identification:_identify(src/track_server) by extensions ['ignore', 'ignore_ament_install']
[4.423s] Level 1:colcon.colcon_core.package_identification:_identify(src/track_server) by extension 'ignore'
[4.423s] Level 1:colcon.colcon_core.package_identification:_identify(src/track_server) by extension 'ignore_ament_install'
[4.424s] Level 1:colcon.colcon_core.package_identification:_identify(src/track_server) by extensions ['colcon_pkg']
[4.424s] Level 1:colcon.colcon_core.package_identification:_identify(src/track_server) by extension 'colcon_pkg'
[4.424s] Level 1:colcon.colcon_core.package_identification:_identify(src/track_server) by extensions ['colcon_meta']
[4.424s] Level 1:colcon.colcon_core.package_identification:_identify(src/track_server) by extension 'colcon_meta'
[4.425s] Level 1:colcon.colcon_core.package_identification:_identify(src/track_server) by extensions ['ros']
[4.425s] Level 1:colcon.colcon_core.package_identification:_identify(src/track_server) by extension 'ros'
[4.428s] DEBUG:colcon.colcon_core.package_identification:Package 'src/track_server' with type 'ros.ament_python' and name 'track_server'
[4.428s] Level 1:colcon.colcon_core.package_discovery:discover_packages(recursive) using defaults
[4.428s] Level 1:colcon.colcon_core.package_discovery:discover_packages(ignore) discover
[4.428s] Level 1:colcon.colcon_core.package_discovery:discover_packages(ignore) using defaults
[4.428s] Level 1:colcon.colcon_core.package_discovery:discover_packages(path) discover
[4.429s] Level 1:colcon.colcon_core.package_discovery:discover_packages(path) using defaults
[4.748s] Level 1:colcon.colcon_core.package_discovery:discover_packages(prefix_path) check parameters
[4.749s] Level 1:colcon.colcon_core.package_discovery:discover_packages(prefix_path) discover
[4.758s] WARNING:colcon.colcon_ros.prefix_path.ament:The path '/home/berry/HeartBeat/install/track_server' in the environment variable AMENT_PREFIX_PATH doesn't exist
[4.758s] WARNING:colcon.colcon_ros.prefix_path.ament:The path '/home/berry/HeartBeat/install/controller' in the environment variable AMENT_PREFIX_PATH doesn't exist
[4.758s] WARNING:colcon.colcon_ros.prefix_path.ament:The path '/home/berry/HeartBeat/install/belt_short_server' in the environment variable AMENT_PREFIX_PATH doesn't exist
[4.759s] WARNING:colcon.colcon_ros.prefix_path.ament:The path '/home/berry/HeartBeat/install/belt_long_server' in the environment variable AMENT_PREFIX_PATH doesn't exist
[4.773s] DEBUG:colcon.colcon_installed_package_information.package_discovery:Found 0 installed packages in /home/berry/HeartBeat/install
[4.777s] DEBUG:colcon.colcon_installed_package_information.package_discovery:Found 10 installed packages in /home/berry/RoArm/install
[4.781s] DEBUG:colcon.colcon_installed_package_information.package_discovery:Found 9 installed packages in /home/berry/ices_ws/install
[4.792s] DEBUG:colcon.colcon_installed_package_information.package_discovery:Found 273 installed packages in /opt/ros/humble
[4.799s] Level 1:colcon.colcon_core.package_discovery:discover_packages(prefix_path) using defaults
[5.062s] Level 5:colcon.colcon_core.verb:set package 'belt_long_server' build argument 'cmake_args' from command line to 'None'
[5.063s] Level 5:colcon.colcon_core.verb:set package 'belt_long_server' build argument 'cmake_target' from command line to 'None'
[5.063s] Level 5:colcon.colcon_core.verb:set package 'belt_long_server' build argument 'cmake_target_skip_unavailable' from command line to 'False'
[5.063s] Level 5:colcon.colcon_core.verb:set package 'belt_long_server' build argument 'cmake_clean_cache' from command line to 'False'
[5.063s] Level 5:colcon.colcon_core.verb:set package 'belt_long_server' build argument 'cmake_clean_first' from command line to 'False'
[5.063s] Level 5:colcon.colcon_core.verb:set package 'belt_long_server' build argument 'cmake_force_configure' from command line to 'False'
[5.063s] Level 5:colcon.colcon_core.verb:set package 'belt_long_server' build argument 'ament_cmake_args' from command line to 'None'
[5.063s] Level 5:colcon.colcon_core.verb:set package 'belt_long_server' build argument 'catkin_cmake_args' from command line to 'None'
[5.064s] Level 5:colcon.colcon_core.verb:set package 'belt_long_server' build argument 'catkin_skip_building_tests' from command line to 'False'
[5.064s] DEBUG:colcon.colcon_core.verb:Building package 'belt_long_server' with the following arguments: {'ament_cmake_args': None, 'build_base': '/home/berry/HeartBeat/build/belt_long_server', 'catkin_cmake_args': None, 'catkin_skip_building_tests': False, 'cmake_args': None, 'cmake_clean_cache': False, 'cmake_clean_first': False, 'cmake_force_configure': False, 'cmake_target': None, 'cmake_target_skip_unavailable': False, 'install_base': '/home/berry/HeartBeat/install/belt_long_server', 'merge_install': False, 'path': '/home/berry/HeartBeat/src/belt_long_server', 'symlink_install': False, 'test_result_base': None}
[5.065s] Level 5:colcon.colcon_core.verb:set package 'belt_short_server' build argument 'cmake_args' from command line to 'None'
[5.066s] Level 5:colcon.colcon_core.verb:set package 'belt_short_server' build argument 'cmake_target' from command line to 'None'
[5.066s] Level 5:colcon.colcon_core.verb:set package 'belt_short_server' build argument 'cmake_target_skip_unavailable' from command line to 'False'
[5.066s] Level 5:colcon.colcon_core.verb:set package 'belt_short_server' build argument 'cmake_clean_cache' from command line to 'False'
[5.066s] Level 5:colcon.colcon_core.verb:set package 'belt_short_server' build argument 'cmake_clean_first' from command line to 'False'
[5.066s] Level 5:colcon.colcon_core.verb:set package 'belt_short_server' build argument 'cmake_force_configure' from command line to 'False'
[5.066s] Level 5:colcon.colcon_core.verb:set package 'belt_short_server' build argument 'ament_cmake_args' from command line to 'None'
[5.066s] Level 5:colcon.colcon_core.verb:set package 'belt_short_server' build argument 'catkin_cmake_args' from command line to 'None'
[5.066s] Level 5:colcon.colcon_core.verb:set package 'belt_short_server' build argument 'catkin_skip_building_tests' from command line to 'False'
[5.067s] DEBUG:colcon.colcon_core.verb:Building package 'belt_short_server' with the following arguments: {'ament_cmake_args': None, 'build_base': '/home/berry/HeartBeat/build/belt_short_server', 'catkin_cmake_args': None, 'catkin_skip_building_tests': False, 'cmake_args': None, 'cmake_clean_cache': False, 'cmake_clean_first': False, 'cmake_force_configure': False, 'cmake_target': None, 'cmake_target_skip_unavailable': False, 'install_base': '/home/berry/HeartBeat/install/belt_short_server', 'merge_install': False, 'path': '/home/berry/HeartBeat/src/belt_short_server', 'symlink_install': False, 'test_result_base': None}
[5.068s] Level 5:colcon.colcon_core.verb:set package 'controller' build argument 'cmake_args' from command line to 'None'
[5.068s] Level 5:colcon.colcon_core.verb:set package 'controller' build argument 'cmake_target' from command line to 'None'
[5.069s] Level 5:colcon.colcon_core.verb:set package 'controller' build argument 'cmake_target_skip_unavailable' from command line to 'False'
[5.069s] Level 5:colcon.colcon_core.verb:set package 'controller' build argument 'cmake_clean_cache' from command line to 'False'
[5.069s] Level 5:colcon.colcon_core.verb:set package 'controller' build argument 'cmake_clean_first' from command line to 'False'
[5.069s] Level 5:colcon.colcon_core.verb:set package 'controller' build argument 'cmake_force_configure' from command line to 'False'
[5.069s] Level 5:colcon.colcon_core.verb:set package 'controller' build argument 'ament_cmake_args' from command line to 'None'
[5.069s] Level 5:colcon.colcon_core.verb:set package 'controller' build argument 'catkin_cmake_args' from command line to 'None'
[5.069s] Level 5:colcon.colcon_core.verb:set package 'controller' build argument 'catkin_skip_building_tests' from command line to 'False'
[5.069s] DEBUG:colcon.colcon_core.verb:Building package 'controller' with the following arguments: {'ament_cmake_args': None, 'build_base': '/home/berry/HeartBeat/build/controller', 'catkin_cmake_args': None, 'catkin_skip_building_tests': False, 'cmake_args': None, 'cmake_clean_cache': False, 'cmake_clean_first': False, 'cmake_force_configure': False, 'cmake_target': None, 'cmake_target_skip_unavailable': False, 'install_base': '/home/berry/HeartBeat/install/controller', 'merge_install': False, 'path': '/home/berry/HeartBeat/src/controller', 'symlink_install': False, 'test_result_base': None}
[5.071s] Level 5:colcon.colcon_core.verb:set package 'interfaces_new' build argument 'cmake_args' from command line to 'None'
[5.071s] Level 5:colcon.colcon_core.verb:set package 'interfaces_new' build argument 'cmake_target' from command line to 'None'
[5.071s] Level 5:colcon.colcon_core.verb:set package 'interfaces_new' build argument 'cmake_target_skip_unavailable' from command line to 'False'
[5.072s] Level 5:colcon.colcon_core.verb:set package 'interfaces_new' build argument 'cmake_clean_cache' from command line to 'False'
[5.072s] Level 5:colcon.colcon_core.verb:set package 'interfaces_new' build argument 'cmake_clean_first' from command line to 'False'
[5.072s] Level 5:colcon.colcon_core.verb:set package 'interfaces_new' build argument 'cmake_force_configure' from command line to 'False'
[5.072s] Level 5:colcon.colcon_core.verb:set package 'interfaces_new' build argument 'ament_cmake_args' from command line to 'None'
[5.072s] Level 5:colcon.colcon_core.verb:set package 'interfaces_new' build argument 'catkin_cmake_args' from command line to 'None'
[5.072s] Level 5:colcon.colcon_core.verb:set package 'interfaces_new' build argument 'catkin_skip_building_tests' from command line to 'False'
[5.072s] DEBUG:colcon.colcon_core.verb:Building package 'interfaces_new' with the following arguments: {'ament_cmake_args': None, 'build_base': '/home/berry/HeartBeat/build/interfaces_new', 'catkin_cmake_args': None, 'catkin_skip_building_tests': False, 'cmake_args': None, 'cmake_clean_cache': False, 'cmake_clean_first': False, 'cmake_force_configure': False, 'cmake_target': None, 'cmake_target_skip_unavailable': False, 'install_base': '/home/berry/HeartBeat/install/interfaces_new', 'merge_install': False, 'path': '/home/berry/HeartBeat/src/interfaces_new', 'symlink_install': False, 'test_result_base': None}
[5.074s] Level 5:colcon.colcon_core.verb:set package 'track_server' build argument 'cmake_args' from command line to 'None'
[5.074s] Level 5:colcon.colcon_core.verb:set package 'track_server' build argument 'cmake_target' from command line to 'None'
[5.074s] Level 5:colcon.colcon_core.verb:set package 'track_server' build argument 'cmake_target_skip_unavailable' from command line to 'False'
[5.074s] Level 5:colcon.colcon_core.verb:set package 'track_server' build argument 'cmake_clean_cache' from command line to 'False'
[5.074s] Level 5:colcon.colcon_core.verb:set package 'track_server' build argument 'cmake_clean_first' from command line to 'False'
[5.075s] Level 5:colcon.colcon_core.verb:set package 'track_server' build argument 'cmake_force_configure' from command line to 'False'
[5.075s] Level 5:colcon.colcon_core.verb:set package 'track_server' build argument 'ament_cmake_args' from command line to 'None'
[5.075s] Level 5:colcon.colcon_core.verb:set package 'track_server' build argument 'catkin_cmake_args' from command line to 'None'
[5.075s] Level 5:colcon.colcon_core.verb:set package 'track_server' build argument 'catkin_skip_building_tests' from command line to 'False'
[5.075s] DEBUG:colcon.colcon_core.verb:Building package 'track_server' with the following arguments: {'ament_cmake_args': None, 'build_base': '/home/berry/HeartBeat/build/track_server', 'catkin_cmake_args': None, 'catkin_skip_building_tests': False, 'cmake_args': None, 'cmake_clean_cache': False, 'cmake_clean_first': False, 'cmake_force_configure': False, 'cmake_target': None, 'cmake_target_skip_unavailable': False, 'install_base': '/home/berry/HeartBeat/install/track_server', 'merge_install': False, 'path': '/home/berry/HeartBeat/src/track_server', 'symlink_install': False, 'test_result_base': None}
[5.076s] INFO:colcon.colcon_core.executor:Executing jobs using 'parallel' executor
[5.079s] DEBUG:colcon.colcon_parallel_executor.executor.parallel:run_until_complete
[5.080s] INFO:colcon.colcon_ros.task.ament_python.build:Building ROS package in '/home/berry/HeartBeat/src/belt_long_server' with build type 'ament_python'
[5.081s] Level 1:colcon.colcon_core.shell:create_environment_hook('belt_long_server', 'ament_prefix_path')
[5.104s] INFO:colcon.colcon_core.plugin_system:Skipping extension 'colcon_core.shell.bat': Not used on non-Windows systems
[5.106s] INFO:colcon.colcon_core.shell:Creating environment hook '/home/berry/HeartBeat/install/belt_long_server/share/belt_long_server/hook/ament_prefix_path.ps1'
[5.110s] INFO:colcon.colcon_core.shell:Creating environment descriptor '/home/berry/HeartBeat/install/belt_long_server/share/belt_long_server/hook/ament_prefix_path.dsv'
[5.113s] INFO:colcon.colcon_core.shell:Creating environment hook '/home/berry/HeartBeat/install/belt_long_server/share/belt_long_server/hook/ament_prefix_path.sh'
[5.118s] INFO:colcon.colcon_core.shell:Skip shell extension 'powershell' for command environment: Not usable outside of PowerShell
[5.118s] DEBUG:colcon.colcon_core.shell:Skip shell extension 'dsv' for command environment
[5.151s] INFO:colcon.colcon_ros.task.ament_python.build:Building ROS package in '/home/berry/HeartBeat/src/belt_short_server' with build type 'ament_python'
[5.152s] Level 1:colcon.colcon_core.shell:create_environment_hook('belt_short_server', 'ament_prefix_path')
[5.154s] INFO:colcon.colcon_core.shell:Creating environment hook '/home/berry/HeartBeat/install/belt_short_server/share/belt_short_server/hook/ament_prefix_path.ps1'
[5.156s] INFO:colcon.colcon_core.shell:Creating environment descriptor '/home/berry/HeartBeat/install/belt_short_server/share/belt_short_server/hook/ament_prefix_path.dsv'
[5.158s] INFO:colcon.colcon_core.shell:Creating environment hook '/home/berry/HeartBeat/install/belt_short_server/share/belt_short_server/hook/ament_prefix_path.sh'
[5.161s] INFO:colcon.colcon_core.shell:Skip shell extension 'powershell' for command environment: Not usable outside of PowerShell
[5.162s] DEBUG:colcon.colcon_core.shell:Skip shell extension 'dsv' for command environment
[5.194s] INFO:colcon.colcon_ros.task.ament_python.build:Building ROS package in '/home/berry/HeartBeat/src/controller' with build type 'ament_python'
[5.194s] Level 1:colcon.colcon_core.shell:create_environment_hook('controller', 'ament_prefix_path')
[5.196s] INFO:colcon.colcon_core.shell:Creating environment hook '/home/berry/HeartBeat/install/controller/share/controller/hook/ament_prefix_path.ps1'
[5.199s] INFO:colcon.colcon_core.shell:Creating environment descriptor '/home/berry/HeartBeat/install/controller/share/controller/hook/ament_prefix_path.dsv'
[5.200s] INFO:colcon.colcon_core.shell:Creating environment hook '/home/berry/HeartBeat/install/controller/share/controller/hook/ament_prefix_path.sh'
[5.203s] INFO:colcon.colcon_core.shell:Skip shell extension 'powershell' for command environment: Not usable outside of PowerShell
[5.204s] DEBUG:colcon.colcon_core.shell:Skip shell extension 'dsv' for command environment
[5.236s] INFO:colcon.colcon_ros.task.ament_cmake.build:Building ROS package in '/home/berry/HeartBeat/src/interfaces_new' with build type 'ament_cmake'
[5.237s] INFO:colcon.colcon_cmake.task.cmake.build:Building CMake package in '/home/berry/HeartBeat/src/interfaces_new'
[5.238s] INFO:colcon.colcon_core.shell:Skip shell extension 'powershell' for command environment: Not usable outside of PowerShell
[5.238s] DEBUG:colcon.colcon_core.shell:Skip shell extension 'dsv' for command environment
[6.908s] INFO:colcon.colcon_core.task.python.build:Building Python package in '/home/berry/HeartBeat/src/belt_long_server'
[6.909s] INFO:colcon.colcon_core.shell:Skip shell extension 'powershell' for command environment: Not usable outside of PowerShell
[6.909s] DEBUG:colcon.colcon_core.shell:Skip shell extension 'dsv' for command environment
[8.553s] INFO:colcon.colcon_core.task.python.build:Building Python package in '/home/berry/HeartBeat/src/belt_short_server'
[8.554s] INFO:colcon.colcon_core.shell:Skip shell extension 'powershell' for command environment: Not usable outside of PowerShell
[8.555s] DEBUG:colcon.colcon_core.shell:Skip shell extension 'dsv' for command environment
[10.199s] INFO:colcon.colcon_core.task.python.build:Building Python package in '/home/berry/HeartBeat/src/controller'
[10.200s] INFO:colcon.colcon_core.shell:Skip shell extension 'powershell' for command environment: Not usable outside of PowerShell
[10.200s] DEBUG:colcon.colcon_core.shell:Skip shell extension 'dsv' for command environment
[10.245s] DEBUG:colcon.colcon_core.event_handler.log_command:Invoking command in '/home/berry/HeartBeat/build/interfaces_new': CMAKE_PREFIX_PATH=${CMAKE_PREFIX_PATH}:/home/berry/HeartBeat/install/track_server:/home/berry/HeartBeat/install/controller:/home/berry/HeartBeat/install/belt_short_server:/home/berry/HeartBeat/install/belt_long_server:/home/berry/RoArm/install/test1:/home/berry/RoArm/install/serial_ctrl:/home/berry/RoArm/install/pos_sub:/home/berry/RoArm/install/pos_pub:/home/berry/RoArm/install/pos_client:/home/berry/RoArm/install/Position_Sub:/home/berry/RoArm/install/Pos_Server:/home/berry/RoArm/install/Pos_Client:/home/berry/ices_ws/install/track_server:/home/berry/ices_ws/install/launch_test:/home/berry/ices_ws/install/control:/home/berry/ices_ws/install/c_arm:/home/berry/ices_ws/install/arm_server:/home/berry/ices_ws/install/belt_short_server:/home/berry/ices_ws/install/belt_short_client:/home/berry/ices_ws/install/belt_long_server:/opt/ros/humble /usr/bin/cmake /home/berry/HeartBeat/src/interfaces_new -DCMAKE_INSTALL_PREFIX=/home/berry/HeartBeat/install/interfaces_new
[13.598s] DEBUG:colcon.colcon_core.event_handler.log_command:Invoking command in '/home/berry/HeartBeat/src/belt_short_server': PYTHONPATH=/home/berry/HeartBeat/build/belt_short_server/prefix_override:/usr/lib/python3/dist-packages/colcon_core/task/python/colcon_distutils_commands:/home/berry/HeartBeat/install/belt_short_server/lib/python3.10/site-packages:${PYTHONPATH} /usr/bin/python3 -W ignore:setup.py install is deprecated setup.py egg_info --egg-base ../../build/belt_short_server build --build-base /home/berry/HeartBeat/build/belt_short_server/build install --record /home/berry/HeartBeat/build/belt_short_server/install.log --single-version-externally-managed install_data
[13.618s] DEBUG:colcon.colcon_core.event_handler.log_command:Invoking command in '/home/berry/HeartBeat/src/belt_long_server': PYTHONPATH=/home/berry/HeartBeat/build/belt_long_server/prefix_override:/usr/lib/python3/dist-packages/colcon_core/task/python/colcon_distutils_commands:/home/berry/HeartBeat/install/belt_long_server/lib/python3.10/site-packages:${PYTHONPATH} /usr/bin/python3 -W ignore:setup.py install is deprecated setup.py egg_info --egg-base ../../build/belt_long_server build --build-base /home/berry/HeartBeat/build/belt_long_server/build install --record /home/berry/HeartBeat/build/belt_long_server/install.log --single-version-externally-managed install_data
[13.638s] DEBUG:colcon.colcon_core.event_handler.log_command:Invoking command in '/home/berry/HeartBeat/src/controller': PYTHONPATH=/home/berry/HeartBeat/build/controller/prefix_override:/usr/lib/python3/dist-packages/colcon_core/task/python/colcon_distutils_commands:/home/berry/HeartBeat/install/controller/lib/python3.10/site-packages:${PYTHONPATH} /usr/bin/python3 -W ignore:setup.py install is deprecated setup.py egg_info --egg-base ../../build/controller build --build-base /home/berry/HeartBeat/build/controller/build install --record /home/berry/HeartBeat/build/controller/install.log --single-version-externally-managed install_data
[16.481s] DEBUG:colcon.colcon_core.event_handler.log_command:Invoked command in '/home/berry/HeartBeat/src/belt_long_server' returned '0': PYTHONPATH=/home/berry/HeartBeat/build/belt_long_server/prefix_override:/usr/lib/python3/dist-packages/colcon_core/task/python/colcon_distutils_commands:/home/berry/HeartBeat/install/belt_long_server/lib/python3.10/site-packages:${PYTHONPATH} /usr/bin/python3 -W ignore:setup.py install is deprecated setup.py egg_info --egg-base ../../build/belt_long_server build --build-base /home/berry/HeartBeat/build/belt_long_server/build install --record /home/berry/HeartBeat/build/belt_long_server/install.log --single-version-externally-managed install_data
[16.526s] Level 1:colcon.colcon_core.environment:checking '/home/berry/HeartBeat/install/belt_long_server' for CMake module files
[16.528s] Level 1:colcon.colcon_core.environment:checking '/home/berry/HeartBeat/install/belt_long_server' for CMake config files
[16.532s] Level 1:colcon.colcon_core.environment:checking '/home/berry/HeartBeat/install/belt_long_server/lib'
[16.533s] Level 1:colcon.colcon_core.environment:checking '/home/berry/HeartBeat/install/belt_long_server/bin'
[16.534s] Level 1:colcon.colcon_core.environment:checking '/home/berry/HeartBeat/install/belt_long_server/lib/pkgconfig/belt_long_server.pc'
[16.535s] Level 1:colcon.colcon_core.environment:checking '/home/berry/HeartBeat/install/belt_long_server/lib/python3.10/site-packages'
[16.535s] Level 1:colcon.colcon_core.shell:create_environment_hook('belt_long_server', 'pythonpath')
[16.536s] INFO:colcon.colcon_core.shell:Creating environment hook '/home/berry/HeartBeat/install/belt_long_server/share/belt_long_server/hook/pythonpath.ps1'
[16.538s] INFO:colcon.colcon_core.shell:Creating environment descriptor '/home/berry/HeartBeat/install/belt_long_server/share/belt_long_server/hook/pythonpath.dsv'
[16.539s] INFO:colcon.colcon_core.shell:Creating environment hook '/home/berry/HeartBeat/install/belt_long_server/share/belt_long_server/hook/pythonpath.sh'
[16.541s] Level 1:colcon.colcon_core.environment:checking '/home/berry/HeartBeat/install/belt_long_server/bin'
[16.542s] Level 1:colcon.colcon_core.environment:create_environment_scripts_only(belt_long_server)
[16.543s] INFO:colcon.colcon_core.shell:Creating package script '/home/berry/HeartBeat/install/belt_long_server/share/belt_long_server/package.ps1'
[16.548s] INFO:colcon.colcon_core.shell:Creating package descriptor '/home/berry/HeartBeat/install/belt_long_server/share/belt_long_server/package.dsv'
[16.552s] INFO:colcon.colcon_core.shell:Creating package script '/home/berry/HeartBeat/install/belt_long_server/share/belt_long_server/package.sh'
[16.556s] INFO:colcon.colcon_core.shell:Creating package script '/home/berry/HeartBeat/install/belt_long_server/share/belt_long_server/package.bash'
[16.561s] INFO:colcon.colcon_core.shell:Creating package script '/home/berry/HeartBeat/install/belt_long_server/share/belt_long_server/package.zsh'
[16.566s] Level 1:colcon.colcon_core.environment:create_file_with_runtime_dependencies(/home/berry/HeartBeat/install/belt_long_server/share/colcon-core/packages/belt_long_server)
[16.569s] INFO:colcon.colcon_ros.task.ament_python.build:Building ROS package in '/home/berry/HeartBeat/src/track_server' with build type 'ament_python'
[16.570s] Level 1:colcon.colcon_core.shell:create_environment_hook('track_server', 'ament_prefix_path')
[16.571s] INFO:colcon.colcon_core.shell:Creating environment hook '/home/berry/HeartBeat/install/track_server/share/track_server/hook/ament_prefix_path.ps1'
[16.574s] INFO:colcon.colcon_core.shell:Creating environment descriptor '/home/berry/HeartBeat/install/track_server/share/track_server/hook/ament_prefix_path.dsv'
[16.575s] INFO:colcon.colcon_core.shell:Creating environment hook '/home/berry/HeartBeat/install/track_server/share/track_server/hook/ament_prefix_path.sh'
[16.578s] INFO:colcon.colcon_core.shell:Skip shell extension 'powershell' for command environment: Not usable outside of PowerShell
[16.578s] DEBUG:colcon.colcon_core.shell:Skip shell extension 'dsv' for command environment
[16.615s] Level 1:colcon.colcon_core.environment:checking '/home/berry/HeartBeat/install/controller' for CMake module files
[16.618s] DEBUG:colcon.colcon_core.event_handler.log_command:Invoked command in '/home/berry/HeartBeat/src/controller' returned '0': PYTHONPATH=/home/berry/HeartBeat/build/controller/prefix_override:/usr/lib/python3/dist-packages/colcon_core/task/python/colcon_distutils_commands:/home/berry/HeartBeat/install/controller/lib/python3.10/site-packages:${PYTHONPATH} /usr/bin/python3 -W ignore:setup.py install is deprecated setup.py egg_info --egg-base ../../build/controller build --build-base /home/berry/HeartBeat/build/controller/build install --record /home/berry/HeartBeat/build/controller/install.log --single-version-externally-managed install_data
[16.620s] Level 1:colcon.colcon_core.environment:checking '/home/berry/HeartBeat/install/controller' for CMake config files
[16.624s] Level 1:colcon.colcon_core.environment:checking '/home/berry/HeartBeat/install/controller/lib'
[16.624s] Level 1:colcon.colcon_core.environment:checking '/home/berry/HeartBeat/install/controller/bin'
[16.625s] Level 1:colcon.colcon_core.environment:checking '/home/berry/HeartBeat/install/controller/lib/pkgconfig/controller.pc'
[16.626s] Level 1:colcon.colcon_core.environment:checking '/home/berry/HeartBeat/install/controller/lib/python3.10/site-packages'
[16.626s] Level 1:colcon.colcon_core.shell:create_environment_hook('controller', 'pythonpath')
[16.627s] INFO:colcon.colcon_core.shell:Creating environment hook '/home/berry/HeartBeat/install/controller/share/controller/hook/pythonpath.ps1'
[16.629s] INFO:colcon.colcon_core.shell:Creating environment descriptor '/home/berry/HeartBeat/install/controller/share/controller/hook/pythonpath.dsv'
[16.631s] INFO:colcon.colcon_core.shell:Creating environment hook '/home/berry/HeartBeat/install/controller/share/controller/hook/pythonpath.sh'
[16.633s] Level 1:colcon.colcon_core.environment:checking '/home/berry/HeartBeat/install/controller/bin'
[16.634s] Level 1:colcon.colcon_core.environment:create_environment_scripts_only(controller)
[16.635s] INFO:colcon.colcon_core.shell:Creating package script '/home/berry/HeartBeat/install/controller/share/controller/package.ps1'
[16.638s] INFO:colcon.colcon_core.shell:Creating package descriptor '/home/berry/HeartBeat/install/controller/share/controller/package.dsv'
[16.640s] INFO:colcon.colcon_core.shell:Creating package script '/home/berry/HeartBeat/install/controller/share/controller/package.sh'
[16.642s] INFO:colcon.colcon_core.shell:Creating package script '/home/berry/HeartBeat/install/controller/share/controller/package.bash'
[16.643s] INFO:colcon.colcon_core.shell:Creating package script '/home/berry/HeartBeat/install/controller/share/controller/package.zsh'
[16.645s] Level 1:colcon.colcon_core.environment:create_file_with_runtime_dependencies(/home/berry/HeartBeat/install/controller/share/colcon-core/packages/controller)
[16.647s] Level 1:colcon.colcon_core.environment:checking '/home/berry/HeartBeat/install/belt_short_server' for CMake module files
[16.651s] DEBUG:colcon.colcon_core.event_handler.log_command:Invoked command in '/home/berry/HeartBeat/src/belt_short_server' returned '0': PYTHONPATH=/home/berry/HeartBeat/build/belt_short_server/prefix_override:/usr/lib/python3/dist-packages/colcon_core/task/python/colcon_distutils_commands:/home/berry/HeartBeat/install/belt_short_server/lib/python3.10/site-packages:${PYTHONPATH} /usr/bin/python3 -W ignore:setup.py install is deprecated setup.py egg_info --egg-base ../../build/belt_short_server build --build-base /home/berry/HeartBeat/build/belt_short_server/build install --record /home/berry/HeartBeat/build/belt_short_server/install.log --single-version-externally-managed install_data
[16.652s] Level 1:colcon.colcon_core.environment:checking '/home/berry/HeartBeat/install/belt_short_server' for CMake config files
[16.655s] Level 1:colcon.colcon_core.environment:checking '/home/berry/HeartBeat/install/belt_short_server/lib'
[16.656s] Level 1:colcon.colcon_core.environment:checking '/home/berry/HeartBeat/install/belt_short_server/bin'
[16.656s] Level 1:colcon.colcon_core.environment:checking '/home/berry/HeartBeat/install/belt_short_server/lib/pkgconfig/belt_short_server.pc'
[16.657s] Level 1:colcon.colcon_core.environment:checking '/home/berry/HeartBeat/install/belt_short_server/lib/python3.10/site-packages'
[16.657s] Level 1:colcon.colcon_core.shell:create_environment_hook('belt_short_server', 'pythonpath')
[16.658s] INFO:colcon.colcon_core.shell:Creating environment hook '/home/berry/HeartBeat/install/belt_short_server/share/belt_short_server/hook/pythonpath.ps1'
[16.660s] INFO:colcon.colcon_core.shell:Creating environment descriptor '/home/berry/HeartBeat/install/belt_short_server/share/belt_short_server/hook/pythonpath.dsv'
[16.662s] INFO:colcon.colcon_core.shell:Creating environment hook '/home/berry/HeartBeat/install/belt_short_server/share/belt_short_server/hook/pythonpath.sh'
[16.664s] Level 1:colcon.colcon_core.environment:checking '/home/berry/HeartBeat/install/belt_short_server/bin'
[16.664s] Level 1:colcon.colcon_core.environment:create_environment_scripts_only(belt_short_server)
[16.666s] INFO:colcon.colcon_core.shell:Creating package script '/home/berry/HeartBeat/install/belt_short_server/share/belt_short_server/package.ps1'
[16.668s] INFO:colcon.colcon_core.shell:Creating package descriptor '/home/berry/HeartBeat/install/belt_short_server/share/belt_short_server/package.dsv'
[16.670s] INFO:colcon.colcon_core.shell:Creating package script '/home/berry/HeartBeat/install/belt_short_server/share/belt_short_server/package.sh'
[16.672s] INFO:colcon.colcon_core.shell:Creating package script '/home/berry/HeartBeat/install/belt_short_server/share/belt_short_server/package.bash'
[16.673s] INFO:colcon.colcon_core.shell:Creating package script '/home/berry/HeartBeat/install/belt_short_server/share/belt_short_server/package.zsh'
[16.675s] Level 1:colcon.colcon_core.environment:create_file_with_runtime_dependencies(/home/berry/HeartBeat/install/belt_short_server/share/colcon-core/packages/belt_short_server)
[18.394s] INFO:colcon.colcon_core.task.python.build:Building Python package in '/home/berry/HeartBeat/src/track_server'
[18.395s] INFO:colcon.colcon_core.shell:Skip shell extension 'powershell' for command environment: Not usable outside of PowerShell
[18.395s] DEBUG:colcon.colcon_core.shell:Skip shell extension 'dsv' for command environment
[20.861s] DEBUG:colcon.colcon_core.event_handler.log_command:Invoking command in '/home/berry/HeartBeat/src/track_server': PYTHONPATH=/home/berry/HeartBeat/build/track_server/prefix_override:/usr/lib/python3/dist-packages/colcon_core/task/python/colcon_distutils_commands:/home/berry/HeartBeat/install/track_server/lib/python3.10/site-packages:${PYTHONPATH} /usr/bin/python3 -W ignore:setup.py install is deprecated setup.py egg_info --egg-base ../../build/track_server build --build-base /home/berry/HeartBeat/build/track_server/build install --record /home/berry/HeartBeat/build/track_server/install.log --single-version-externally-managed install_data
[23.064s] Level 1:colcon.colcon_core.environment:checking '/home/berry/HeartBeat/install/track_server' for CMake module files
[23.066s] DEBUG:colcon.colcon_core.event_handler.log_command:Invoked command in '/home/berry/HeartBeat/src/track_server' returned '0': PYTHONPATH=/home/berry/HeartBeat/build/track_server/prefix_override:/usr/lib/python3/dist-packages/colcon_core/task/python/colcon_distutils_commands:/home/berry/HeartBeat/install/track_server/lib/python3.10/site-packages:${PYTHONPATH} /usr/bin/python3 -W ignore:setup.py install is deprecated setup.py egg_info --egg-base ../../build/track_server build --build-base /home/berry/HeartBeat/build/track_server/build install --record /home/berry/HeartBeat/build/track_server/install.log --single-version-externally-managed install_data
[23.068s] Level 1:colcon.colcon_core.environment:checking '/home/berry/HeartBeat/install/track_server' for CMake config files
[23.072s] Level 1:colcon.colcon_core.environment:checking '/home/berry/HeartBeat/install/track_server/lib'
[23.072s] Level 1:colcon.colcon_core.environment:checking '/home/berry/HeartBeat/install/track_server/bin'
[23.073s] Level 1:colcon.colcon_core.environment:checking '/home/berry/HeartBeat/install/track_server/lib/pkgconfig/track_server.pc'
[23.074s] Level 1:colcon.colcon_core.environment:checking '/home/berry/HeartBeat/install/track_server/lib/python3.10/site-packages'
[23.074s] Level 1:colcon.colcon_core.shell:create_environment_hook('track_server', 'pythonpath')
[23.075s] INFO:colcon.colcon_core.shell:Creating environment hook '/home/berry/HeartBeat/install/track_server/share/track_server/hook/pythonpath.ps1'
[23.077s] INFO:colcon.colcon_core.shell:Creating environment descriptor '/home/berry/HeartBeat/install/track_server/share/track_server/hook/pythonpath.dsv'
[23.079s] INFO:colcon.colcon_core.shell:Creating environment hook '/home/berry/HeartBeat/install/track_server/share/track_server/hook/pythonpath.sh'
[23.082s] Level 1:colcon.colcon_core.environment:checking '/home/berry/HeartBeat/install/track_server/bin'
[23.082s] Level 1:colcon.colcon_core.environment:create_environment_scripts_only(track_server)
[23.084s] INFO:colcon.colcon_core.shell:Creating package script '/home/berry/HeartBeat/install/track_server/share/track_server/package.ps1'
[23.086s] INFO:colcon.colcon_core.shell:Creating package descriptor '/home/berry/HeartBeat/install/track_server/share/track_server/package.dsv'
[23.088s] INFO:colcon.colcon_core.shell:Creating package script '/home/berry/HeartBeat/install/track_server/share/track_server/package.sh'
[23.090s] INFO:colcon.colcon_core.shell:Creating package script '/home/berry/HeartBeat/install/track_server/share/track_server/package.bash'
[23.091s] INFO:colcon.colcon_core.shell:Creating package script '/home/berry/HeartBeat/install/track_server/share/track_server/package.zsh'
[23.093s] Level 1:colcon.colcon_core.environment:create_file_with_runtime_dependencies(/home/berry/HeartBeat/install/track_server/share/colcon-core/packages/track_server)
[28.318s] DEBUG:colcon.colcon_core.event_handler.log_command:Invoked command in '/home/berry/HeartBeat/build/interfaces_new' returned '0': CMAKE_PREFIX_PATH=${CMAKE_PREFIX_PATH}:/home/berry/HeartBeat/install/track_server:/home/berry/HeartBeat/install/controller:/home/berry/HeartBeat/install/belt_short_server:/home/berry/HeartBeat/install/belt_long_server:/home/berry/RoArm/install/test1:/home/berry/RoArm/install/serial_ctrl:/home/berry/RoArm/install/pos_sub:/home/berry/RoArm/install/pos_pub:/home/berry/RoArm/install/pos_client:/home/berry/RoArm/install/Position_Sub:/home/berry/RoArm/install/Pos_Server:/home/berry/RoArm/install/Pos_Client:/home/berry/ices_ws/install/track_server:/home/berry/ices_ws/install/launch_test:/home/berry/ices_ws/install/control:/home/berry/ices_ws/install/c_arm:/home/berry/ices_ws/install/arm_server:/home/berry/ices_ws/install/belt_short_server:/home/berry/ices_ws/install/belt_short_client:/home/berry/ices_ws/install/belt_long_server:/opt/ros/humble /usr/bin/cmake /home/berry/HeartBeat/src/interfaces_new -DCMAKE_INSTALL_PREFIX=/home/berry/HeartBeat/install/interfaces_new
[28.330s] DEBUG:colcon.colcon_core.event_handler.log_command:Invoking command in '/home/berry/HeartBeat/build/interfaces_new': CMAKE_PREFIX_PATH=${CMAKE_PREFIX_PATH}:/home/berry/HeartBeat/install/track_server:/home/berry/HeartBeat/install/controller:/home/berry/HeartBeat/install/belt_short_server:/home/berry/HeartBeat/install/belt_long_server:/home/berry/RoArm/install/test1:/home/berry/RoArm/install/serial_ctrl:/home/berry/RoArm/install/pos_sub:/home/berry/RoArm/install/pos_pub:/home/berry/RoArm/install/pos_client:/home/berry/RoArm/install/Position_Sub:/home/berry/RoArm/install/Pos_Server:/home/berry/RoArm/install/Pos_Client:/home/berry/ices_ws/install/track_server:/home/berry/ices_ws/install/launch_test:/home/berry/ices_ws/install/control:/home/berry/ices_ws/install/c_arm:/home/berry/ices_ws/install/arm_server:/home/berry/ices_ws/install/belt_short_server:/home/berry/ices_ws/install/belt_short_client:/home/berry/ices_ws/install/belt_long_server:/opt/ros/humble /usr/bin/cmake --build /home/berry/HeartBeat/build/interfaces_new -- -j4 -l4
[190.417s] DEBUG:colcon.colcon_core.event_handler.log_command:Invoked command in '/home/berry/HeartBeat/build/interfaces_new' returned '2': CMAKE_PREFIX_PATH=${CMAKE_PREFIX_PATH}:/home/berry/HeartBeat/install/track_server:/home/berry/HeartBeat/install/controller:/home/berry/HeartBeat/install/belt_short_server:/home/berry/HeartBeat/install/belt_long_server:/home/berry/RoArm/install/test1:/home/berry/RoArm/install/serial_ctrl:/home/berry/RoArm/install/pos_sub:/home/berry/RoArm/install/pos_pub:/home/berry/RoArm/install/pos_client:/home/berry/RoArm/install/Position_Sub:/home/berry/RoArm/install/Pos_Server:/home/berry/RoArm/install/Pos_Client:/home/berry/ices_ws/install/track_server:/home/berry/ices_ws/install/launch_test:/home/berry/ices_ws/install/control:/home/berry/ices_ws/install/c_arm:/home/berry/ices_ws/install/arm_server:/home/berry/ices_ws/install/belt_short_server:/home/berry/ices_ws/install/belt_short_client:/home/berry/ices_ws/install/belt_long_server:/opt/ros/humble /usr/bin/cmake --build /home/berry/HeartBeat/build/interfaces_new -- -j4 -l4
[193.098s] Level 1:colcon.colcon_core.environment:create_environment_scripts_only(interfaces_new)
[193.099s] Level 1:colcon.colcon_core.environment:checking '/home/berry/HeartBeat/install/interfaces_new' for CMake module files
[193.100s] Level 1:colcon.colcon_core.environment:checking '/home/berry/HeartBeat/install/interfaces_new' for CMake config files
[193.101s] Level 1:colcon.colcon_core.environment:checking '/home/berry/HeartBeat/install/interfaces_new/bin'
[193.102s] Level 1:colcon.colcon_core.environment:checking '/home/berry/HeartBeat/install/interfaces_new/lib/pkgconfig/interfaces_new.pc'
[193.102s] Level 1:colcon.colcon_core.environment:checking '/home/berry/HeartBeat/install/interfaces_new/lib/python3.10/site-packages'
[193.104s] Level 1:colcon.colcon_core.environment:checking '/home/berry/HeartBeat/install/interfaces_new/bin'
[193.105s] INFO:colcon.colcon_core.shell:Creating package script '/home/berry/HeartBeat/install/interfaces_new/share/interfaces_new/package.ps1'
[193.108s] INFO:colcon.colcon_core.shell:Creating package descriptor '/home/berry/HeartBeat/install/interfaces_new/share/interfaces_new/package.dsv'
[193.110s] INFO:colcon.colcon_core.shell:Creating package script '/home/berry/HeartBeat/install/interfaces_new/share/interfaces_new/package.sh'
[193.112s] INFO:colcon.colcon_core.shell:Creating package script '/home/berry/HeartBeat/install/interfaces_new/share/interfaces_new/package.bash'
[193.115s] INFO:colcon.colcon_core.shell:Creating package script '/home/berry/HeartBeat/install/interfaces_new/share/interfaces_new/package.zsh'
[193.116s] Level 1:colcon.colcon_core.environment:create_file_with_runtime_dependencies(/home/berry/HeartBeat/install/interfaces_new/share/colcon-core/packages/interfaces_new)
[193.128s] DEBUG:colcon.colcon_parallel_executor.executor.parallel:closing loop
[193.129s] DEBUG:colcon.colcon_parallel_executor.executor.parallel:loop closed
[193.129s] DEBUG:colcon.colcon_parallel_executor.executor.parallel:run_until_complete finished with '2'
[193.130s] DEBUG:colcon.colcon_core.event_reactor:joining thread
[193.195s] INFO:colcon.colcon_core.plugin_system:Skipping extension 'colcon_notification.desktop_notification.terminal_notifier': Not used on non-Darwin systems
[193.196s] INFO:colcon.colcon_core.plugin_system:Skipping extension 'colcon_notification.desktop_notification.win32': Not used on non-Windows systems
[193.196s] INFO:colcon.colcon_notification.desktop_notification:Sending desktop notification using 'notify2'
[193.238s] DEBUG:colcon.colcon_core.event_reactor:joined thread
[193.239s] INFO:colcon.colcon_core.shell:Creating prefix script '/home/berry/HeartBeat/install/local_setup.ps1'
[193.244s] INFO:colcon.colcon_core.shell:Creating prefix util module '/home/berry/HeartBeat/install/_local_setup_util_ps1.py'
[193.252s] INFO:colcon.colcon_core.shell:Creating prefix chain script '/home/berry/HeartBeat/install/setup.ps1'
[193.265s] INFO:colcon.colcon_core.shell:Creating prefix script '/home/berry/HeartBeat/install/local_setup.sh'
[193.268s] INFO:colcon.colcon_core.shell:Creating prefix util module '/home/berry/HeartBeat/install/_local_setup_util_sh.py'
[193.270s] INFO:colcon.colcon_core.shell:Creating prefix chain script '/home/berry/HeartBeat/install/setup.sh'
[193.282s] INFO:colcon.colcon_core.shell:Creating prefix script '/home/berry/HeartBeat/install/local_setup.bash'
[193.285s] INFO:colcon.colcon_core.shell:Creating prefix chain script '/home/berry/HeartBeat/install/setup.bash'
[193.297s] INFO:colcon.colcon_core.shell:Creating prefix script '/home/berry/HeartBeat/install/local_setup.zsh'
[193.300s] INFO:colcon.colcon_core.shell:Creating prefix chain script '/home/berry/HeartBeat/install/setup.zsh'
