[  0%] Built target interfaces_new__cpp
[ 12%] Built target interfaces_new__rosidl_generator_c
[ 24%] Built target interfaces_new__rosidl_typesupport_cpp
[ 24%] Built target ament_cmake_python_copy_interfaces_new
[ 40%] Built target interfaces_new__rosidl_typesupport_introspection_cpp
[ 48%] Built target interfaces_new__rosidl_typesupport_fastrtps_cpp
[ 60%] Built target interfaces_new__rosidl_typesupport_introspection_c
[ 72%] Built target interfaces_new__rosidl_typesupport_fastrtps_c
[ 84%] Built target interfaces_new__rosidl_typesupport_c
[ 84%] Built target interfaces_new
[ 85%] Built target interfaces_new__py
[ 96%] Built target interfaces_new__rosidl_generator_py
[35m[1mConsolidate compiler generated dependencies of target interfaces_new__rosidl_typesupport_fastrtps_c__pyext[0m
[35m[1mConsolidate compiler generated dependencies of target interfaces_new__rosidl_typesupport_introspection_c__pyext[0m
[35m[1mConsolidate compiler generated dependencies of target interfaces_new__rosidl_typesupport_c__pyext[0m
[ 97%] [32mBuilding C object CMakeFiles/interfaces_new__rosidl_typesupport_fastrtps_c__pyext.dir/rosidl_generator_py/interfaces_new/_interfaces_new_s.ep.rosidl_typesupport_fastrtps_c.c.o[0m
[ 98%] [32mBuilding C object CMakeFiles/interfaces_new__rosidl_typesupport_c__pyext.dir/rosidl_generator_py/interfaces_new/_interfaces_new_s.ep.rosidl_typesupport_c.c.o[0m
[ 99%] [32mBuilding C object CMakeFiles/interfaces_new__rosidl_typesupport_introspection_c__pyext.dir/rosidl_generator_py/interfaces_new/_interfaces_new_s.ep.rosidl_typesupport_introspection_c.c.o[0m
running egg_info
writing interfaces_new.egg-info/PKG-INFO
writing dependency_links to interfaces_new.egg-info/dependency_links.txt
writing top-level names to interfaces_new.egg-info/top_level.txt
reading manifest file 'interfaces_new.egg-info/SOURCES.txt'
writing manifest file 'interfaces_new.egg-info/SOURCES.txt'
[ 99%] Built target ament_cmake_python_build_interfaces_new_egg
