[8.467s] Invoking command in '/home/berry/HeartBeat/src/belt_long_server': PYTHONPATH=/home/berry/HeartBeat/build/belt_long_server/prefix_override:/usr/lib/python3/dist-packages/colcon_core/task/python/colcon_distutils_commands:/home/berry/HeartBeat/install/belt_long_server/lib/python3.10/site-packages:${PYTHONPATH} /usr/bin/python3 -W ignore:setup.py install is deprecated setup.py egg_info --egg-base ../../build/belt_long_server build --build-base /home/berry/HeartBeat/build/belt_long_server/build install --record /home/berry/HeartBeat/build/belt_long_server/install.log --single-version-externally-managed install_data
[10.658s] running egg_info
[10.667s] writing ../../build/belt_long_server/belt_long_server.egg-info/PKG-INFO
[10.671s] writing dependency_links to ../../build/belt_long_server/belt_long_server.egg-info/dependency_links.txt
[10.675s] writing entry points to ../../build/belt_long_server/belt_long_server.egg-info/entry_points.txt
[10.678s] writing requirements to ../../build/belt_long_server/belt_long_server.egg-info/requires.txt
[10.680s] writing top-level names to ../../build/belt_long_server/belt_long_server.egg-info/top_level.txt
[10.697s] reading manifest file '../../build/belt_long_server/belt_long_server.egg-info/SOURCES.txt'
[10.706s] writing manifest file '../../build/belt_long_server/belt_long_server.egg-info/SOURCES.txt'
[10.708s] running build
[10.709s] running build_py
[10.714s] running install
[10.717s] running install_lib
[10.728s] running install_data
[10.731s] running install_egg_info
[10.836s] removing '/home/berry/HeartBeat/install/belt_long_server/lib/python3.10/site-packages/belt_long_server-0.0.0-py3.10.egg-info' (and everything under it)
[10.838s] Copying ../../build/belt_long_server/belt_long_server.egg-info to /home/berry/HeartBeat/install/belt_long_server/lib/python3.10/site-packages/belt_long_server-0.0.0-py3.10.egg-info
[10.849s] running install_scripts
[11.055s] Installing belt_long_server script to /home/berry/HeartBeat/install/belt_long_server/lib/belt_long_server
[11.058s] writing list of installed files to '/home/berry/HeartBeat/build/belt_long_server/install.log'
[11.448s] Invoked command in '/home/berry/HeartBeat/src/belt_long_server' returned '0': PYTHONPATH=/home/berry/HeartBeat/build/belt_long_server/prefix_override:/usr/lib/python3/dist-packages/colcon_core/task/python/colcon_distutils_commands:/home/berry/HeartBeat/install/belt_long_server/lib/python3.10/site-packages:${PYTHONPATH} /usr/bin/python3 -W ignore:setup.py install is deprecated setup.py egg_info --egg-base ../../build/belt_long_server build --build-base /home/berry/HeartBeat/build/belt_long_server/build install --record /home/berry/HeartBeat/build/belt_long_server/install.log --single-version-externally-managed install_data
