[0.786s] DEBUG:colcon:Command line arguments: ['/usr/bin/colcon', 'build']
[0.786s] DEBUG:colcon:Parsed command line arguments: Namespace(log_base=None, log_level=None, verb_name='build', build_base='build', install_base='install', merge_install=False, symlink_install=False, test_result_base=None, continue_on_error=False, executor='parallel', parallel_workers=4, event_handlers=None, ignore_user_meta=False, metas=['./colcon.meta'], base_paths=['.'], packages_ignore=None, packages_ignore_regex=None, paths=None, packages_up_to=None, packages_up_to_regex=None, packages_above=None, packages_above_and_dependencies=None, packages_above_depth=None, packages_select_by_dep=None, packages_skip_by_dep=None, packages_skip_up_to=None, packages_select_build_failed=False, packages_skip_build_finished=False, packages_select_test_failures=False, packages_skip_test_passed=False, packages_select=None, packages_skip=None, packages_select_regex=None, packages_skip_regex=None, packages_start=None, packages_end=None, allow_overriding=[], cmake_args=None, cmake_target=None, cmake_target_skip_unavailable=False, cmake_clean_cache=False, cmake_clean_first=False, cmake_force_configure=False, ament_cmake_args=None, catkin_cmake_args=None, catkin_skip_building_tests=False, verb_parser=<colcon_defaults.argument_parser.defaults.DefaultArgumentsDecorator object at 0xffffb993d450>, verb_extension=<colcon_core.verb.build.BuildVerb object at 0xffffb92b4880>, main=<bound method BuildVerb.main of <colcon_core.verb.build.BuildVerb object at 0xffffb92b4880>>)
[1.788s] Level 1:colcon.colcon_core.package_discovery:discover_packages(colcon_meta) check parameters
[1.789s] Level 1:colcon.colcon_core.package_discovery:discover_packages(recursive) check parameters
[1.789s] Level 1:colcon.colcon_core.package_discovery:discover_packages(ignore) check parameters
[1.789s] Level 1:colcon.colcon_core.package_discovery:discover_packages(path) check parameters
[1.789s] Level 1:colcon.colcon_core.package_discovery:discover_packages(colcon_meta) discover
[1.789s] Level 1:colcon.colcon_core.package_discovery:discover_packages(recursive) discover
[1.790s] INFO:colcon.colcon_core.package_discovery:Crawling recursively for packages in '/home/berry/HeartBeat'
[1.790s] Level 1:colcon.colcon_core.package_identification:_identify(.) by extensions ['ignore', 'ignore_ament_install']
[1.791s] Level 1:colcon.colcon_core.package_identification:_identify(.) by extension 'ignore'
[1.791s] Level 1:colcon.colcon_core.package_identification:_identify(.) by extension 'ignore_ament_install'
[1.791s] Level 1:colcon.colcon_core.package_identification:_identify(.) by extensions ['colcon_pkg']
[1.791s] Level 1:colcon.colcon_core.package_identification:_identify(.) by extension 'colcon_pkg'
[1.791s] Level 1:colcon.colcon_core.package_identification:_identify(.) by extensions ['colcon_meta']
[1.792s] Level 1:colcon.colcon_core.package_identification:_identify(.) by extension 'colcon_meta'
[1.792s] Level 1:colcon.colcon_core.package_identification:_identify(.) by extensions ['ros']
[1.792s] Level 1:colcon.colcon_core.package_identification:_identify(.) by extension 'ros'
[1.847s] Level 1:colcon.colcon_core.package_identification:_identify(.) by extensions ['cmake', 'python']
[1.847s] Level 1:colcon.colcon_core.package_identification:_identify(.) by extension 'cmake'
[1.847s] Level 1:colcon.colcon_core.package_identification:_identify(.) by extension 'python'
[1.847s] Level 1:colcon.colcon_core.package_identification:_identify(.) by extensions ['python_setup_py']
[1.847s] Level 1:colcon.colcon_core.package_identification:_identify(.) by extension 'python_setup_py'
[1.848s] Level 1:colcon.colcon_core.package_identification:_identify(build) by extensions ['ignore', 'ignore_ament_install']
[1.849s] Level 1:colcon.colcon_core.package_identification:_identify(build) by extension 'ignore'
[1.849s] Level 1:colcon.colcon_core.package_identification:_identify(build) ignored
[1.850s] Level 1:colcon.colcon_core.package_identification:_identify(install) by extensions ['ignore', 'ignore_ament_install']
[1.850s] Level 1:colcon.colcon_core.package_identification:_identify(install) by extension 'ignore'
[1.850s] Level 1:colcon.colcon_core.package_identification:_identify(install) ignored
[1.851s] Level 1:colcon.colcon_core.package_identification:_identify(log) by extensions ['ignore', 'ignore_ament_install']
[1.851s] Level 1:colcon.colcon_core.package_identification:_identify(log) by extension 'ignore'
[1.852s] Level 1:colcon.colcon_core.package_identification:_identify(log) ignored
[1.852s] Level 1:colcon.colcon_core.package_identification:_identify(src) by extensions ['ignore', 'ignore_ament_install']
[1.852s] Level 1:colcon.colcon_core.package_identification:_identify(src) by extension 'ignore'
[1.853s] Level 1:colcon.colcon_core.package_identification:_identify(src) by extension 'ignore_ament_install'
[1.853s] Level 1:colcon.colcon_core.package_identification:_identify(src) by extensions ['colcon_pkg']
[1.853s] Level 1:colcon.colcon_core.package_identification:_identify(src) by extension 'colcon_pkg'
[1.853s] Level 1:colcon.colcon_core.package_identification:_identify(src) by extensions ['colcon_meta']
[1.853s] Level 1:colcon.colcon_core.package_identification:_identify(src) by extension 'colcon_meta'
[1.853s] Level 1:colcon.colcon_core.package_identification:_identify(src) by extensions ['ros']
[1.854s] Level 1:colcon.colcon_core.package_identification:_identify(src) by extension 'ros'
[1.854s] Level 1:colcon.colcon_core.package_identification:_identify(src) by extensions ['cmake', 'python']
[1.854s] Level 1:colcon.colcon_core.package_identification:_identify(src) by extension 'cmake'
[1.854s] Level 1:colcon.colcon_core.package_identification:_identify(src) by extension 'python'
[1.854s] Level 1:colcon.colcon_core.package_identification:_identify(src) by extensions ['python_setup_py']
[1.855s] Level 1:colcon.colcon_core.package_identification:_identify(src) by extension 'python_setup_py'
[1.855s] Level 1:colcon.colcon_core.package_identification:_identify(src/belt_long_server) by extensions ['ignore', 'ignore_ament_install']
[1.856s] Level 1:colcon.colcon_core.package_identification:_identify(src/belt_long_server) by extension 'ignore'
[1.856s] Level 1:colcon.colcon_core.package_identification:_identify(src/belt_long_server) by extension 'ignore_ament_install'
[1.856s] Level 1:colcon.colcon_core.package_identification:_identify(src/belt_long_server) by extensions ['colcon_pkg']
[1.856s] Level 1:colcon.colcon_core.package_identification:_identify(src/belt_long_server) by extension 'colcon_pkg'
[1.856s] Level 1:colcon.colcon_core.package_identification:_identify(src/belt_long_server) by extensions ['colcon_meta']
[1.856s] Level 1:colcon.colcon_core.package_identification:_identify(src/belt_long_server) by extension 'colcon_meta'
[1.857s] Level 1:colcon.colcon_core.package_identification:_identify(src/belt_long_server) by extensions ['ros']
[1.857s] Level 1:colcon.colcon_core.package_identification:_identify(src/belt_long_server) by extension 'ros'
[1.887s] DEBUG:colcon.colcon_core.package_identification:Package 'src/belt_long_server' with type 'ros.ament_python' and name 'belt_long_server'
[1.887s] Level 1:colcon.colcon_core.package_identification:_identify(src/belt_short_server) by extensions ['ignore', 'ignore_ament_install']
[1.888s] Level 1:colcon.colcon_core.package_identification:_identify(src/belt_short_server) by extension 'ignore'
[1.888s] Level 1:colcon.colcon_core.package_identification:_identify(src/belt_short_server) by extension 'ignore_ament_install'
[1.888s] Level 1:colcon.colcon_core.package_identification:_identify(src/belt_short_server) by extensions ['colcon_pkg']
[1.888s] Level 1:colcon.colcon_core.package_identification:_identify(src/belt_short_server) by extension 'colcon_pkg'
[1.889s] Level 1:colcon.colcon_core.package_identification:_identify(src/belt_short_server) by extensions ['colcon_meta']
[1.889s] Level 1:colcon.colcon_core.package_identification:_identify(src/belt_short_server) by extension 'colcon_meta'
[1.889s] Level 1:colcon.colcon_core.package_identification:_identify(src/belt_short_server) by extensions ['ros']
[1.889s] Level 1:colcon.colcon_core.package_identification:_identify(src/belt_short_server) by extension 'ros'
[1.891s] DEBUG:colcon.colcon_core.package_identification:Package 'src/belt_short_server' with type 'ros.ament_python' and name 'belt_short_server'
[1.892s] Level 1:colcon.colcon_core.package_identification:_identify(src/controller) by extensions ['ignore', 'ignore_ament_install']
[1.892s] Level 1:colcon.colcon_core.package_identification:_identify(src/controller) by extension 'ignore'
[1.893s] Level 1:colcon.colcon_core.package_identification:_identify(src/controller) by extension 'ignore_ament_install'
[1.893s] Level 1:colcon.colcon_core.package_identification:_identify(src/controller) by extensions ['colcon_pkg']
[1.893s] Level 1:colcon.colcon_core.package_identification:_identify(src/controller) by extension 'colcon_pkg'
[1.893s] Level 1:colcon.colcon_core.package_identification:_identify(src/controller) by extensions ['colcon_meta']
[1.893s] Level 1:colcon.colcon_core.package_identification:_identify(src/controller) by extension 'colcon_meta'
[1.894s] Level 1:colcon.colcon_core.package_identification:_identify(src/controller) by extensions ['ros']
[1.894s] Level 1:colcon.colcon_core.package_identification:_identify(src/controller) by extension 'ros'
[1.896s] DEBUG:colcon.colcon_core.package_identification:Package 'src/controller' with type 'ros.ament_python' and name 'controller'
[1.897s] Level 1:colcon.colcon_core.package_identification:_identify(src/flask_eq) by extensions ['ignore', 'ignore_ament_install']
[1.897s] Level 1:colcon.colcon_core.package_identification:_identify(src/flask_eq) by extension 'ignore'
[1.897s] Level 1:colcon.colcon_core.package_identification:_identify(src/flask_eq) by extension 'ignore_ament_install'
[1.897s] Level 1:colcon.colcon_core.package_identification:_identify(src/flask_eq) by extensions ['colcon_pkg']
[1.898s] Level 1:colcon.colcon_core.package_identification:_identify(src/flask_eq) by extension 'colcon_pkg'
[1.898s] Level 1:colcon.colcon_core.package_identification:_identify(src/flask_eq) by extensions ['colcon_meta']
[1.898s] Level 1:colcon.colcon_core.package_identification:_identify(src/flask_eq) by extension 'colcon_meta'
[1.898s] Level 1:colcon.colcon_core.package_identification:_identify(src/flask_eq) by extensions ['ros']
[1.898s] Level 1:colcon.colcon_core.package_identification:_identify(src/flask_eq) by extension 'ros'
[1.899s] Level 1:colcon.colcon_core.package_identification:_identify(src/flask_eq) by extensions ['cmake', 'python']
[1.899s] Level 1:colcon.colcon_core.package_identification:_identify(src/flask_eq) by extension 'cmake'
[1.899s] Level 1:colcon.colcon_core.package_identification:_identify(src/flask_eq) by extension 'python'
[1.899s] Level 1:colcon.colcon_core.package_identification:_identify(src/flask_eq) by extensions ['python_setup_py']
[1.899s] Level 1:colcon.colcon_core.package_identification:_identify(src/flask_eq) by extension 'python_setup_py'
[1.900s] Level 1:colcon.colcon_core.package_identification:_identify(src/interfaces_new) by extensions ['ignore', 'ignore_ament_install']
[1.900s] Level 1:colcon.colcon_core.package_identification:_identify(src/interfaces_new) by extension 'ignore'
[1.900s] Level 1:colcon.colcon_core.package_identification:_identify(src/interfaces_new) by extension 'ignore_ament_install'
[1.901s] Level 1:colcon.colcon_core.package_identification:_identify(src/interfaces_new) by extensions ['colcon_pkg']
[1.901s] Level 1:colcon.colcon_core.package_identification:_identify(src/interfaces_new) by extension 'colcon_pkg'
[1.901s] Level 1:colcon.colcon_core.package_identification:_identify(src/interfaces_new) by extensions ['colcon_meta']
[1.901s] Level 1:colcon.colcon_core.package_identification:_identify(src/interfaces_new) by extension 'colcon_meta'
[1.901s] Level 1:colcon.colcon_core.package_identification:_identify(src/interfaces_new) by extensions ['ros']
[1.902s] Level 1:colcon.colcon_core.package_identification:_identify(src/interfaces_new) by extension 'ros'
[1.904s] DEBUG:colcon.colcon_core.package_identification:Package 'src/interfaces_new' with type 'ros.ament_cmake' and name 'interfaces_new'
[1.905s] Level 1:colcon.colcon_core.package_identification:_identify(src/track_server) by extensions ['ignore', 'ignore_ament_install']
[1.905s] Level 1:colcon.colcon_core.package_identification:_identify(src/track_server) by extension 'ignore'
[1.906s] Level 1:colcon.colcon_core.package_identification:_identify(src/track_server) by extension 'ignore_ament_install'
[1.906s] Level 1:colcon.colcon_core.package_identification:_identify(src/track_server) by extensions ['colcon_pkg']
[1.906s] Level 1:colcon.colcon_core.package_identification:_identify(src/track_server) by extension 'colcon_pkg'
[1.906s] Level 1:colcon.colcon_core.package_identification:_identify(src/track_server) by extensions ['colcon_meta']
[1.906s] Level 1:colcon.colcon_core.package_identification:_identify(src/track_server) by extension 'colcon_meta'
[1.907s] Level 1:colcon.colcon_core.package_identification:_identify(src/track_server) by extensions ['ros']
[1.907s] Level 1:colcon.colcon_core.package_identification:_identify(src/track_server) by extension 'ros'
[1.909s] DEBUG:colcon.colcon_core.package_identification:Package 'src/track_server' with type 'ros.ament_python' and name 'track_server'
[1.909s] Level 1:colcon.colcon_core.package_discovery:discover_packages(recursive) using defaults
[1.909s] Level 1:colcon.colcon_core.package_discovery:discover_packages(ignore) discover
[1.909s] Level 1:colcon.colcon_core.package_discovery:discover_packages(ignore) using defaults
[1.910s] Level 1:colcon.colcon_core.package_discovery:discover_packages(path) discover
[1.910s] Level 1:colcon.colcon_core.package_discovery:discover_packages(path) using defaults
[2.158s] Level 1:colcon.colcon_core.package_discovery:discover_packages(prefix_path) check parameters
[2.158s] Level 1:colcon.colcon_core.package_discovery:discover_packages(prefix_path) discover
[2.163s] WARNING:colcon.colcon_ros.prefix_path.ament:The path '/home/berry/HeartBeat/install/track_server' in the environment variable AMENT_PREFIX_PATH doesn't exist
[2.163s] WARNING:colcon.colcon_ros.prefix_path.ament:The path '/home/berry/HeartBeat/install/controller' in the environment variable AMENT_PREFIX_PATH doesn't exist
[2.163s] WARNING:colcon.colcon_ros.prefix_path.ament:The path '/home/berry/HeartBeat/install/belt_short_server' in the environment variable AMENT_PREFIX_PATH doesn't exist
[2.163s] WARNING:colcon.colcon_ros.prefix_path.ament:The path '/home/berry/HeartBeat/install/belt_long_server' in the environment variable AMENT_PREFIX_PATH doesn't exist
[2.172s] DEBUG:colcon.colcon_installed_package_information.package_discovery:Found 0 installed packages in /home/berry/HeartBeat/install
[2.176s] DEBUG:colcon.colcon_installed_package_information.package_discovery:Found 10 installed packages in /home/berry/RoArm/install
[2.180s] DEBUG:colcon.colcon_installed_package_information.package_discovery:Found 9 installed packages in /home/berry/ices_ws/install
[2.191s] DEBUG:colcon.colcon_installed_package_information.package_discovery:Found 273 installed packages in /opt/ros/humble
[2.198s] Level 1:colcon.colcon_core.package_discovery:discover_packages(prefix_path) using defaults
[2.451s] Level 5:colcon.colcon_core.verb:set package 'belt_long_server' build argument 'cmake_args' from command line to 'None'
[2.452s] Level 5:colcon.colcon_core.verb:set package 'belt_long_server' build argument 'cmake_target' from command line to 'None'
[2.452s] Level 5:colcon.colcon_core.verb:set package 'belt_long_server' build argument 'cmake_target_skip_unavailable' from command line to 'False'
[2.452s] Level 5:colcon.colcon_core.verb:set package 'belt_long_server' build argument 'cmake_clean_cache' from command line to 'False'
[2.452s] Level 5:colcon.colcon_core.verb:set package 'belt_long_server' build argument 'cmake_clean_first' from command line to 'False'
[2.452s] Level 5:colcon.colcon_core.verb:set package 'belt_long_server' build argument 'cmake_force_configure' from command line to 'False'
[2.452s] Level 5:colcon.colcon_core.verb:set package 'belt_long_server' build argument 'ament_cmake_args' from command line to 'None'
[2.452s] Level 5:colcon.colcon_core.verb:set package 'belt_long_server' build argument 'catkin_cmake_args' from command line to 'None'
[2.453s] Level 5:colcon.colcon_core.verb:set package 'belt_long_server' build argument 'catkin_skip_building_tests' from command line to 'False'
[2.453s] DEBUG:colcon.colcon_core.verb:Building package 'belt_long_server' with the following arguments: {'ament_cmake_args': None, 'build_base': '/home/berry/HeartBeat/build/belt_long_server', 'catkin_cmake_args': None, 'catkin_skip_building_tests': False, 'cmake_args': None, 'cmake_clean_cache': False, 'cmake_clean_first': False, 'cmake_force_configure': False, 'cmake_target': None, 'cmake_target_skip_unavailable': False, 'install_base': '/home/berry/HeartBeat/install/belt_long_server', 'merge_install': False, 'path': '/home/berry/HeartBeat/src/belt_long_server', 'symlink_install': False, 'test_result_base': None}
[2.454s] Level 5:colcon.colcon_core.verb:set package 'belt_short_server' build argument 'cmake_args' from command line to 'None'
[2.455s] Level 5:colcon.colcon_core.verb:set package 'belt_short_server' build argument 'cmake_target' from command line to 'None'
[2.455s] Level 5:colcon.colcon_core.verb:set package 'belt_short_server' build argument 'cmake_target_skip_unavailable' from command line to 'False'
[2.455s] Level 5:colcon.colcon_core.verb:set package 'belt_short_server' build argument 'cmake_clean_cache' from command line to 'False'
[2.455s] Level 5:colcon.colcon_core.verb:set package 'belt_short_server' build argument 'cmake_clean_first' from command line to 'False'
[2.455s] Level 5:colcon.colcon_core.verb:set package 'belt_short_server' build argument 'cmake_force_configure' from command line to 'False'
[2.455s] Level 5:colcon.colcon_core.verb:set package 'belt_short_server' build argument 'ament_cmake_args' from command line to 'None'
[2.455s] Level 5:colcon.colcon_core.verb:set package 'belt_short_server' build argument 'catkin_cmake_args' from command line to 'None'
[2.455s] Level 5:colcon.colcon_core.verb:set package 'belt_short_server' build argument 'catkin_skip_building_tests' from command line to 'False'
[2.456s] DEBUG:colcon.colcon_core.verb:Building package 'belt_short_server' with the following arguments: {'ament_cmake_args': None, 'build_base': '/home/berry/HeartBeat/build/belt_short_server', 'catkin_cmake_args': None, 'catkin_skip_building_tests': False, 'cmake_args': None, 'cmake_clean_cache': False, 'cmake_clean_first': False, 'cmake_force_configure': False, 'cmake_target': None, 'cmake_target_skip_unavailable': False, 'install_base': '/home/berry/HeartBeat/install/belt_short_server', 'merge_install': False, 'path': '/home/berry/HeartBeat/src/belt_short_server', 'symlink_install': False, 'test_result_base': None}
[2.457s] Level 5:colcon.colcon_core.verb:set package 'controller' build argument 'cmake_args' from command line to 'None'
[2.457s] Level 5:colcon.colcon_core.verb:set package 'controller' build argument 'cmake_target' from command line to 'None'
[2.458s] Level 5:colcon.colcon_core.verb:set package 'controller' build argument 'cmake_target_skip_unavailable' from command line to 'False'
[2.458s] Level 5:colcon.colcon_core.verb:set package 'controller' build argument 'cmake_clean_cache' from command line to 'False'
[2.458s] Level 5:colcon.colcon_core.verb:set package 'controller' build argument 'cmake_clean_first' from command line to 'False'
[2.458s] Level 5:colcon.colcon_core.verb:set package 'controller' build argument 'cmake_force_configure' from command line to 'False'
[2.458s] Level 5:colcon.colcon_core.verb:set package 'controller' build argument 'ament_cmake_args' from command line to 'None'
[2.458s] Level 5:colcon.colcon_core.verb:set package 'controller' build argument 'catkin_cmake_args' from command line to 'None'
[2.458s] Level 5:colcon.colcon_core.verb:set package 'controller' build argument 'catkin_skip_building_tests' from command line to 'False'
[2.458s] DEBUG:colcon.colcon_core.verb:Building package 'controller' with the following arguments: {'ament_cmake_args': None, 'build_base': '/home/berry/HeartBeat/build/controller', 'catkin_cmake_args': None, 'catkin_skip_building_tests': False, 'cmake_args': None, 'cmake_clean_cache': False, 'cmake_clean_first': False, 'cmake_force_configure': False, 'cmake_target': None, 'cmake_target_skip_unavailable': False, 'install_base': '/home/berry/HeartBeat/install/controller', 'merge_install': False, 'path': '/home/berry/HeartBeat/src/controller', 'symlink_install': False, 'test_result_base': None}
[2.460s] Level 5:colcon.colcon_core.verb:set package 'interfaces_new' build argument 'cmake_args' from command line to 'None'
[2.460s] Level 5:colcon.colcon_core.verb:set package 'interfaces_new' build argument 'cmake_target' from command line to 'None'
[2.460s] Level 5:colcon.colcon_core.verb:set package 'interfaces_new' build argument 'cmake_target_skip_unavailable' from command line to 'False'
[2.461s] Level 5:colcon.colcon_core.verb:set package 'interfaces_new' build argument 'cmake_clean_cache' from command line to 'False'
[2.461s] Level 5:colcon.colcon_core.verb:set package 'interfaces_new' build argument 'cmake_clean_first' from command line to 'False'
[2.461s] Level 5:colcon.colcon_core.verb:set package 'interfaces_new' build argument 'cmake_force_configure' from command line to 'False'
[2.461s] Level 5:colcon.colcon_core.verb:set package 'interfaces_new' build argument 'ament_cmake_args' from command line to 'None'
[2.461s] Level 5:colcon.colcon_core.verb:set package 'interfaces_new' build argument 'catkin_cmake_args' from command line to 'None'
[2.461s] Level 5:colcon.colcon_core.verb:set package 'interfaces_new' build argument 'catkin_skip_building_tests' from command line to 'False'
[2.461s] DEBUG:colcon.colcon_core.verb:Building package 'interfaces_new' with the following arguments: {'ament_cmake_args': None, 'build_base': '/home/berry/HeartBeat/build/interfaces_new', 'catkin_cmake_args': None, 'catkin_skip_building_tests': False, 'cmake_args': None, 'cmake_clean_cache': False, 'cmake_clean_first': False, 'cmake_force_configure': False, 'cmake_target': None, 'cmake_target_skip_unavailable': False, 'install_base': '/home/berry/HeartBeat/install/interfaces_new', 'merge_install': False, 'path': '/home/berry/HeartBeat/src/interfaces_new', 'symlink_install': False, 'test_result_base': None}
[2.463s] Level 5:colcon.colcon_core.verb:set package 'track_server' build argument 'cmake_args' from command line to 'None'
[2.463s] Level 5:colcon.colcon_core.verb:set package 'track_server' build argument 'cmake_target' from command line to 'None'
[2.463s] Level 5:colcon.colcon_core.verb:set package 'track_server' build argument 'cmake_target_skip_unavailable' from command line to 'False'
[2.463s] Level 5:colcon.colcon_core.verb:set package 'track_server' build argument 'cmake_clean_cache' from command line to 'False'
[2.463s] Level 5:colcon.colcon_core.verb:set package 'track_server' build argument 'cmake_clean_first' from command line to 'False'
[2.464s] Level 5:colcon.colcon_core.verb:set package 'track_server' build argument 'cmake_force_configure' from command line to 'False'
[2.464s] Level 5:colcon.colcon_core.verb:set package 'track_server' build argument 'ament_cmake_args' from command line to 'None'
[2.464s] Level 5:colcon.colcon_core.verb:set package 'track_server' build argument 'catkin_cmake_args' from command line to 'None'
[2.464s] Level 5:colcon.colcon_core.verb:set package 'track_server' build argument 'catkin_skip_building_tests' from command line to 'False'
[2.464s] DEBUG:colcon.colcon_core.verb:Building package 'track_server' with the following arguments: {'ament_cmake_args': None, 'build_base': '/home/berry/HeartBeat/build/track_server', 'catkin_cmake_args': None, 'catkin_skip_building_tests': False, 'cmake_args': None, 'cmake_clean_cache': False, 'cmake_clean_first': False, 'cmake_force_configure': False, 'cmake_target': None, 'cmake_target_skip_unavailable': False, 'install_base': '/home/berry/HeartBeat/install/track_server', 'merge_install': False, 'path': '/home/berry/HeartBeat/src/track_server', 'symlink_install': False, 'test_result_base': None}
[2.465s] INFO:colcon.colcon_core.executor:Executing jobs using 'parallel' executor
[2.468s] DEBUG:colcon.colcon_parallel_executor.executor.parallel:run_until_complete
[2.469s] INFO:colcon.colcon_ros.task.ament_python.build:Building ROS package in '/home/berry/HeartBeat/src/belt_long_server' with build type 'ament_python'
[2.470s] Level 1:colcon.colcon_core.shell:create_environment_hook('belt_long_server', 'ament_prefix_path')
[2.482s] INFO:colcon.colcon_core.plugin_system:Skipping extension 'colcon_core.shell.bat': Not used on non-Windows systems
[2.484s] INFO:colcon.colcon_core.shell:Creating environment hook '/home/berry/HeartBeat/install/belt_long_server/share/belt_long_server/hook/ament_prefix_path.ps1'
[2.487s] INFO:colcon.colcon_core.shell:Creating environment descriptor '/home/berry/HeartBeat/install/belt_long_server/share/belt_long_server/hook/ament_prefix_path.dsv'
[2.489s] INFO:colcon.colcon_core.shell:Creating environment hook '/home/berry/HeartBeat/install/belt_long_server/share/belt_long_server/hook/ament_prefix_path.sh'
[2.492s] INFO:colcon.colcon_core.shell:Skip shell extension 'powershell' for command environment: Not usable outside of PowerShell
[2.492s] DEBUG:colcon.colcon_core.shell:Skip shell extension 'dsv' for command environment
[2.524s] INFO:colcon.colcon_ros.task.ament_python.build:Building ROS package in '/home/berry/HeartBeat/src/belt_short_server' with build type 'ament_python'
[2.524s] Level 1:colcon.colcon_core.shell:create_environment_hook('belt_short_server', 'ament_prefix_path')
[2.526s] INFO:colcon.colcon_core.shell:Creating environment hook '/home/berry/HeartBeat/install/belt_short_server/share/belt_short_server/hook/ament_prefix_path.ps1'
[2.528s] INFO:colcon.colcon_core.shell:Creating environment descriptor '/home/berry/HeartBeat/install/belt_short_server/share/belt_short_server/hook/ament_prefix_path.dsv'
[2.530s] INFO:colcon.colcon_core.shell:Creating environment hook '/home/berry/HeartBeat/install/belt_short_server/share/belt_short_server/hook/ament_prefix_path.sh'
[2.532s] INFO:colcon.colcon_core.shell:Skip shell extension 'powershell' for command environment: Not usable outside of PowerShell
[2.533s] DEBUG:colcon.colcon_core.shell:Skip shell extension 'dsv' for command environment
[2.565s] INFO:colcon.colcon_ros.task.ament_python.build:Building ROS package in '/home/berry/HeartBeat/src/controller' with build type 'ament_python'
[2.566s] Level 1:colcon.colcon_core.shell:create_environment_hook('controller', 'ament_prefix_path')
[2.567s] INFO:colcon.colcon_core.shell:Creating environment hook '/home/berry/HeartBeat/install/controller/share/controller/hook/ament_prefix_path.ps1'
[2.571s] INFO:colcon.colcon_core.shell:Creating environment descriptor '/home/berry/HeartBeat/install/controller/share/controller/hook/ament_prefix_path.dsv'
[2.573s] INFO:colcon.colcon_core.shell:Creating environment hook '/home/berry/HeartBeat/install/controller/share/controller/hook/ament_prefix_path.sh'
[2.576s] INFO:colcon.colcon_core.shell:Skip shell extension 'powershell' for command environment: Not usable outside of PowerShell
[2.576s] DEBUG:colcon.colcon_core.shell:Skip shell extension 'dsv' for command environment
[2.608s] INFO:colcon.colcon_ros.task.ament_cmake.build:Building ROS package in '/home/berry/HeartBeat/src/interfaces_new' with build type 'ament_cmake'
[2.609s] INFO:colcon.colcon_cmake.task.cmake.build:Building CMake package in '/home/berry/HeartBeat/src/interfaces_new'
[2.610s] INFO:colcon.colcon_core.shell:Skip shell extension 'powershell' for command environment: Not usable outside of PowerShell
[2.610s] DEBUG:colcon.colcon_core.shell:Skip shell extension 'dsv' for command environment
[4.281s] INFO:colcon.colcon_core.task.python.build:Building Python package in '/home/berry/HeartBeat/src/belt_long_server'
[4.283s] INFO:colcon.colcon_core.shell:Skip shell extension 'powershell' for command environment: Not usable outside of PowerShell
[4.283s] DEBUG:colcon.colcon_core.shell:Skip shell extension 'dsv' for command environment
[5.934s] INFO:colcon.colcon_core.task.python.build:Building Python package in '/home/berry/HeartBeat/src/belt_short_server'
[5.935s] INFO:colcon.colcon_core.shell:Skip shell extension 'powershell' for command environment: Not usable outside of PowerShell
[5.936s] DEBUG:colcon.colcon_core.shell:Skip shell extension 'dsv' for command environment
[7.580s] INFO:colcon.colcon_core.task.python.build:Building Python package in '/home/berry/HeartBeat/src/controller'
[7.581s] INFO:colcon.colcon_core.shell:Skip shell extension 'powershell' for command environment: Not usable outside of PowerShell
[7.582s] DEBUG:colcon.colcon_core.shell:Skip shell extension 'dsv' for command environment
[7.629s] DEBUG:colcon.colcon_core.event_handler.log_command:Invoking command in '/home/berry/HeartBeat/build/interfaces_new': CMAKE_PREFIX_PATH=${CMAKE_PREFIX_PATH}:/home/berry/HeartBeat/install/track_server:/home/berry/HeartBeat/install/controller:/home/berry/HeartBeat/install/belt_short_server:/home/berry/HeartBeat/install/belt_long_server:/home/berry/RoArm/install/test1:/home/berry/RoArm/install/serial_ctrl:/home/berry/RoArm/install/pos_sub:/home/berry/RoArm/install/pos_pub:/home/berry/RoArm/install/pos_client:/home/berry/RoArm/install/Position_Sub:/home/berry/RoArm/install/Pos_Server:/home/berry/RoArm/install/Pos_Client:/home/berry/ices_ws/install/track_server:/home/berry/ices_ws/install/launch_test:/home/berry/ices_ws/install/control:/home/berry/ices_ws/install/c_arm:/home/berry/ices_ws/install/arm_server:/home/berry/ices_ws/install/belt_short_server:/home/berry/ices_ws/install/belt_short_client:/home/berry/ices_ws/install/belt_long_server:/opt/ros/humble /usr/bin/cmake /home/berry/HeartBeat/src/interfaces_new -DCMAKE_INSTALL_PREFIX=/home/berry/HeartBeat/install/interfaces_new
[10.828s] DEBUG:colcon.colcon_core.event_handler.log_command:Invoking command in '/home/berry/HeartBeat/src/belt_short_server': PYTHONPATH=/home/berry/HeartBeat/build/belt_short_server/prefix_override:/usr/lib/python3/dist-packages/colcon_core/task/python/colcon_distutils_commands:/home/berry/HeartBeat/install/belt_short_server/lib/python3.10/site-packages:${PYTHONPATH} /usr/bin/python3 -W ignore:setup.py install is deprecated setup.py egg_info --egg-base ../../build/belt_short_server build --build-base /home/berry/HeartBeat/build/belt_short_server/build install --record /home/berry/HeartBeat/build/belt_short_server/install.log --single-version-externally-managed install_data
[10.865s] DEBUG:colcon.colcon_core.event_handler.log_command:Invoking command in '/home/berry/HeartBeat/src/belt_long_server': PYTHONPATH=/home/berry/HeartBeat/build/belt_long_server/prefix_override:/usr/lib/python3/dist-packages/colcon_core/task/python/colcon_distutils_commands:/home/berry/HeartBeat/install/belt_long_server/lib/python3.10/site-packages:${PYTHONPATH} /usr/bin/python3 -W ignore:setup.py install is deprecated setup.py egg_info --egg-base ../../build/belt_long_server build --build-base /home/berry/HeartBeat/build/belt_long_server/build install --record /home/berry/HeartBeat/build/belt_long_server/install.log --single-version-externally-managed install_data
[10.918s] DEBUG:colcon.colcon_core.event_handler.log_command:Invoking command in '/home/berry/HeartBeat/src/controller': PYTHONPATH=/home/berry/HeartBeat/build/controller/prefix_override:/usr/lib/python3/dist-packages/colcon_core/task/python/colcon_distutils_commands:/home/berry/HeartBeat/install/controller/lib/python3.10/site-packages:${PYTHONPATH} /usr/bin/python3 -W ignore:setup.py install is deprecated setup.py egg_info --egg-base ../../build/controller build --build-base /home/berry/HeartBeat/build/controller/build install --record /home/berry/HeartBeat/build/controller/install.log --single-version-externally-managed install_data
[13.531s] DEBUG:colcon.colcon_core.event_handler.log_command:Invoked command in '/home/berry/HeartBeat/src/belt_long_server' returned '0': PYTHONPATH=/home/berry/HeartBeat/build/belt_long_server/prefix_override:/usr/lib/python3/dist-packages/colcon_core/task/python/colcon_distutils_commands:/home/berry/HeartBeat/install/belt_long_server/lib/python3.10/site-packages:${PYTHONPATH} /usr/bin/python3 -W ignore:setup.py install is deprecated setup.py egg_info --egg-base ../../build/belt_long_server build --build-base /home/berry/HeartBeat/build/belt_long_server/build install --record /home/berry/HeartBeat/build/belt_long_server/install.log --single-version-externally-managed install_data
[13.553s] Level 1:colcon.colcon_core.environment:checking '/home/berry/HeartBeat/install/belt_long_server' for CMake module files
[13.556s] Level 1:colcon.colcon_core.environment:checking '/home/berry/HeartBeat/install/belt_long_server' for CMake config files
[13.563s] Level 1:colcon.colcon_core.environment:checking '/home/berry/HeartBeat/install/belt_long_server/lib'
[13.565s] Level 1:colcon.colcon_core.environment:checking '/home/berry/HeartBeat/install/belt_long_server/bin'
[13.565s] Level 1:colcon.colcon_core.environment:checking '/home/berry/HeartBeat/install/belt_long_server/lib/pkgconfig/belt_long_server.pc'
[13.567s] Level 1:colcon.colcon_core.environment:checking '/home/berry/HeartBeat/install/belt_long_server/lib/python3.10/site-packages'
[13.568s] Level 1:colcon.colcon_core.shell:create_environment_hook('belt_long_server', 'pythonpath')
[13.569s] INFO:colcon.colcon_core.shell:Creating environment hook '/home/berry/HeartBeat/install/belt_long_server/share/belt_long_server/hook/pythonpath.ps1'
[13.572s] INFO:colcon.colcon_core.shell:Creating environment descriptor '/home/berry/HeartBeat/install/belt_long_server/share/belt_long_server/hook/pythonpath.dsv'
[13.575s] INFO:colcon.colcon_core.shell:Creating environment hook '/home/berry/HeartBeat/install/belt_long_server/share/belt_long_server/hook/pythonpath.sh'
[13.579s] Level 1:colcon.colcon_core.environment:checking '/home/berry/HeartBeat/install/belt_long_server/bin'
[13.580s] Level 1:colcon.colcon_core.environment:create_environment_scripts_only(belt_long_server)
[13.582s] INFO:colcon.colcon_core.shell:Creating package script '/home/berry/HeartBeat/install/belt_long_server/share/belt_long_server/package.ps1'
[13.586s] INFO:colcon.colcon_core.shell:Creating package descriptor '/home/berry/HeartBeat/install/belt_long_server/share/belt_long_server/package.dsv'
[13.590s] INFO:colcon.colcon_core.shell:Creating package script '/home/berry/HeartBeat/install/belt_long_server/share/belt_long_server/package.sh'
[13.610s] INFO:colcon.colcon_core.shell:Creating package script '/home/berry/HeartBeat/install/belt_long_server/share/belt_long_server/package.bash'
[13.615s] INFO:colcon.colcon_core.shell:Creating package script '/home/berry/HeartBeat/install/belt_long_server/share/belt_long_server/package.zsh'
[13.623s] Level 1:colcon.colcon_core.environment:create_file_with_runtime_dependencies(/home/berry/HeartBeat/install/belt_long_server/share/colcon-core/packages/belt_long_server)
[13.628s] INFO:colcon.colcon_ros.task.ament_python.build:Building ROS package in '/home/berry/HeartBeat/src/track_server' with build type 'ament_python'
[13.630s] Level 1:colcon.colcon_core.shell:create_environment_hook('track_server', 'ament_prefix_path')
[13.631s] INFO:colcon.colcon_core.shell:Creating environment hook '/home/berry/HeartBeat/install/track_server/share/track_server/hook/ament_prefix_path.ps1'
[13.635s] INFO:colcon.colcon_core.shell:Creating environment descriptor '/home/berry/HeartBeat/install/track_server/share/track_server/hook/ament_prefix_path.dsv'
[13.639s] INFO:colcon.colcon_core.shell:Creating environment hook '/home/berry/HeartBeat/install/track_server/share/track_server/hook/ament_prefix_path.sh'
[13.644s] INFO:colcon.colcon_core.shell:Skip shell extension 'powershell' for command environment: Not usable outside of PowerShell
[13.644s] DEBUG:colcon.colcon_core.shell:Skip shell extension 'dsv' for command environment
[13.683s] Level 1:colcon.colcon_core.environment:checking '/home/berry/HeartBeat/install/belt_short_server' for CMake module files
[13.685s] DEBUG:colcon.colcon_core.event_handler.log_command:Invoked command in '/home/berry/HeartBeat/src/belt_short_server' returned '0': PYTHONPATH=/home/berry/HeartBeat/build/belt_short_server/prefix_override:/usr/lib/python3/dist-packages/colcon_core/task/python/colcon_distutils_commands:/home/berry/HeartBeat/install/belt_short_server/lib/python3.10/site-packages:${PYTHONPATH} /usr/bin/python3 -W ignore:setup.py install is deprecated setup.py egg_info --egg-base ../../build/belt_short_server build --build-base /home/berry/HeartBeat/build/belt_short_server/build install --record /home/berry/HeartBeat/build/belt_short_server/install.log --single-version-externally-managed install_data
[13.687s] Level 1:colcon.colcon_core.environment:checking '/home/berry/HeartBeat/install/belt_short_server' for CMake config files
[13.691s] Level 1:colcon.colcon_core.environment:checking '/home/berry/HeartBeat/install/belt_short_server/lib'
[13.691s] Level 1:colcon.colcon_core.environment:checking '/home/berry/HeartBeat/install/belt_short_server/bin'
[13.692s] Level 1:colcon.colcon_core.environment:checking '/home/berry/HeartBeat/install/belt_short_server/lib/pkgconfig/belt_short_server.pc'
[13.693s] Level 1:colcon.colcon_core.environment:checking '/home/berry/HeartBeat/install/belt_short_server/lib/python3.10/site-packages'
[13.693s] Level 1:colcon.colcon_core.shell:create_environment_hook('belt_short_server', 'pythonpath')
[13.694s] INFO:colcon.colcon_core.shell:Creating environment hook '/home/berry/HeartBeat/install/belt_short_server/share/belt_short_server/hook/pythonpath.ps1'
[13.696s] INFO:colcon.colcon_core.shell:Creating environment descriptor '/home/berry/HeartBeat/install/belt_short_server/share/belt_short_server/hook/pythonpath.dsv'
[13.698s] INFO:colcon.colcon_core.shell:Creating environment hook '/home/berry/HeartBeat/install/belt_short_server/share/belt_short_server/hook/pythonpath.sh'
[13.701s] Level 1:colcon.colcon_core.environment:checking '/home/berry/HeartBeat/install/belt_short_server/bin'
[13.701s] Level 1:colcon.colcon_core.environment:create_environment_scripts_only(belt_short_server)
[13.703s] INFO:colcon.colcon_core.shell:Creating package script '/home/berry/HeartBeat/install/belt_short_server/share/belt_short_server/package.ps1'
[13.705s] INFO:colcon.colcon_core.shell:Creating package descriptor '/home/berry/HeartBeat/install/belt_short_server/share/belt_short_server/package.dsv'
[13.707s] INFO:colcon.colcon_core.shell:Creating package script '/home/berry/HeartBeat/install/belt_short_server/share/belt_short_server/package.sh'
[13.709s] INFO:colcon.colcon_core.shell:Creating package script '/home/berry/HeartBeat/install/belt_short_server/share/belt_short_server/package.bash'
[13.711s] INFO:colcon.colcon_core.shell:Creating package script '/home/berry/HeartBeat/install/belt_short_server/share/belt_short_server/package.zsh'
[13.713s] Level 1:colcon.colcon_core.environment:create_file_with_runtime_dependencies(/home/berry/HeartBeat/install/belt_short_server/share/colcon-core/packages/belt_short_server)
[13.718s] Level 1:colcon.colcon_core.environment:checking '/home/berry/HeartBeat/install/controller' for CMake module files
[13.721s] DEBUG:colcon.colcon_core.event_handler.log_command:Invoked command in '/home/berry/HeartBeat/src/controller' returned '0': PYTHONPATH=/home/berry/HeartBeat/build/controller/prefix_override:/usr/lib/python3/dist-packages/colcon_core/task/python/colcon_distutils_commands:/home/berry/HeartBeat/install/controller/lib/python3.10/site-packages:${PYTHONPATH} /usr/bin/python3 -W ignore:setup.py install is deprecated setup.py egg_info --egg-base ../../build/controller build --build-base /home/berry/HeartBeat/build/controller/build install --record /home/berry/HeartBeat/build/controller/install.log --single-version-externally-managed install_data
[13.722s] Level 1:colcon.colcon_core.environment:checking '/home/berry/HeartBeat/install/controller' for CMake config files
[13.726s] Level 1:colcon.colcon_core.environment:checking '/home/berry/HeartBeat/install/controller/lib'
[13.726s] Level 1:colcon.colcon_core.environment:checking '/home/berry/HeartBeat/install/controller/bin'
[13.727s] Level 1:colcon.colcon_core.environment:checking '/home/berry/HeartBeat/install/controller/lib/pkgconfig/controller.pc'
[13.728s] Level 1:colcon.colcon_core.environment:checking '/home/berry/HeartBeat/install/controller/lib/python3.10/site-packages'
[13.728s] Level 1:colcon.colcon_core.shell:create_environment_hook('controller', 'pythonpath')
[13.729s] INFO:colcon.colcon_core.shell:Creating environment hook '/home/berry/HeartBeat/install/controller/share/controller/hook/pythonpath.ps1'
[13.731s] INFO:colcon.colcon_core.shell:Creating environment descriptor '/home/berry/HeartBeat/install/controller/share/controller/hook/pythonpath.dsv'
[13.733s] INFO:colcon.colcon_core.shell:Creating environment hook '/home/berry/HeartBeat/install/controller/share/controller/hook/pythonpath.sh'
[13.735s] Level 1:colcon.colcon_core.environment:checking '/home/berry/HeartBeat/install/controller/bin'
[13.735s] Level 1:colcon.colcon_core.environment:create_environment_scripts_only(controller)
[13.737s] INFO:colcon.colcon_core.shell:Creating package script '/home/berry/HeartBeat/install/controller/share/controller/package.ps1'
[13.739s] INFO:colcon.colcon_core.shell:Creating package descriptor '/home/berry/HeartBeat/install/controller/share/controller/package.dsv'
[13.741s] INFO:colcon.colcon_core.shell:Creating package script '/home/berry/HeartBeat/install/controller/share/controller/package.sh'
[13.743s] INFO:colcon.colcon_core.shell:Creating package script '/home/berry/HeartBeat/install/controller/share/controller/package.bash'
[13.744s] INFO:colcon.colcon_core.shell:Creating package script '/home/berry/HeartBeat/install/controller/share/controller/package.zsh'
[13.746s] Level 1:colcon.colcon_core.environment:create_file_with_runtime_dependencies(/home/berry/HeartBeat/install/controller/share/colcon-core/packages/controller)
[15.557s] INFO:colcon.colcon_core.task.python.build:Building Python package in '/home/berry/HeartBeat/src/track_server'
[15.558s] INFO:colcon.colcon_core.shell:Skip shell extension 'powershell' for command environment: Not usable outside of PowerShell
[15.558s] DEBUG:colcon.colcon_core.shell:Skip shell extension 'dsv' for command environment
[18.013s] DEBUG:colcon.colcon_core.event_handler.log_command:Invoking command in '/home/berry/HeartBeat/src/track_server': PYTHONPATH=/home/berry/HeartBeat/build/track_server/prefix_override:/usr/lib/python3/dist-packages/colcon_core/task/python/colcon_distutils_commands:/home/berry/HeartBeat/install/track_server/lib/python3.10/site-packages:${PYTHONPATH} /usr/bin/python3 -W ignore:setup.py install is deprecated setup.py egg_info --egg-base ../../build/track_server build --build-base /home/berry/HeartBeat/build/track_server/build install --record /home/berry/HeartBeat/build/track_server/install.log --single-version-externally-managed install_data
[20.218s] Level 1:colcon.colcon_core.environment:checking '/home/berry/HeartBeat/install/track_server' for CMake module files
[20.220s] DEBUG:colcon.colcon_core.event_handler.log_command:Invoked command in '/home/berry/HeartBeat/src/track_server' returned '0': PYTHONPATH=/home/berry/HeartBeat/build/track_server/prefix_override:/usr/lib/python3/dist-packages/colcon_core/task/python/colcon_distutils_commands:/home/berry/HeartBeat/install/track_server/lib/python3.10/site-packages:${PYTHONPATH} /usr/bin/python3 -W ignore:setup.py install is deprecated setup.py egg_info --egg-base ../../build/track_server build --build-base /home/berry/HeartBeat/build/track_server/build install --record /home/berry/HeartBeat/build/track_server/install.log --single-version-externally-managed install_data
[20.222s] Level 1:colcon.colcon_core.environment:checking '/home/berry/HeartBeat/install/track_server' for CMake config files
[20.226s] Level 1:colcon.colcon_core.environment:checking '/home/berry/HeartBeat/install/track_server/lib'
[20.226s] Level 1:colcon.colcon_core.environment:checking '/home/berry/HeartBeat/install/track_server/bin'
[20.227s] Level 1:colcon.colcon_core.environment:checking '/home/berry/HeartBeat/install/track_server/lib/pkgconfig/track_server.pc'
[20.228s] Level 1:colcon.colcon_core.environment:checking '/home/berry/HeartBeat/install/track_server/lib/python3.10/site-packages'
[20.228s] Level 1:colcon.colcon_core.shell:create_environment_hook('track_server', 'pythonpath')
[20.229s] INFO:colcon.colcon_core.shell:Creating environment hook '/home/berry/HeartBeat/install/track_server/share/track_server/hook/pythonpath.ps1'
[20.232s] INFO:colcon.colcon_core.shell:Creating environment descriptor '/home/berry/HeartBeat/install/track_server/share/track_server/hook/pythonpath.dsv'
[20.233s] INFO:colcon.colcon_core.shell:Creating environment hook '/home/berry/HeartBeat/install/track_server/share/track_server/hook/pythonpath.sh'
[20.236s] Level 1:colcon.colcon_core.environment:checking '/home/berry/HeartBeat/install/track_server/bin'
[20.236s] Level 1:colcon.colcon_core.environment:create_environment_scripts_only(track_server)
[20.238s] INFO:colcon.colcon_core.shell:Creating package script '/home/berry/HeartBeat/install/track_server/share/track_server/package.ps1'
[20.240s] INFO:colcon.colcon_core.shell:Creating package descriptor '/home/berry/HeartBeat/install/track_server/share/track_server/package.dsv'
[20.242s] INFO:colcon.colcon_core.shell:Creating package script '/home/berry/HeartBeat/install/track_server/share/track_server/package.sh'
[20.244s] INFO:colcon.colcon_core.shell:Creating package script '/home/berry/HeartBeat/install/track_server/share/track_server/package.bash'
[20.246s] INFO:colcon.colcon_core.shell:Creating package script '/home/berry/HeartBeat/install/track_server/share/track_server/package.zsh'
[20.247s] Level 1:colcon.colcon_core.environment:create_file_with_runtime_dependencies(/home/berry/HeartBeat/install/track_server/share/colcon-core/packages/track_server)
[23.648s] DEBUG:colcon.colcon_core.event_handler.log_command:Invoked command in '/home/berry/HeartBeat/build/interfaces_new' returned '0': CMAKE_PREFIX_PATH=${CMAKE_PREFIX_PATH}:/home/berry/HeartBeat/install/track_server:/home/berry/HeartBeat/install/controller:/home/berry/HeartBeat/install/belt_short_server:/home/berry/HeartBeat/install/belt_long_server:/home/berry/RoArm/install/test1:/home/berry/RoArm/install/serial_ctrl:/home/berry/RoArm/install/pos_sub:/home/berry/RoArm/install/pos_pub:/home/berry/RoArm/install/pos_client:/home/berry/RoArm/install/Position_Sub:/home/berry/RoArm/install/Pos_Server:/home/berry/RoArm/install/Pos_Client:/home/berry/ices_ws/install/track_server:/home/berry/ices_ws/install/launch_test:/home/berry/ices_ws/install/control:/home/berry/ices_ws/install/c_arm:/home/berry/ices_ws/install/arm_server:/home/berry/ices_ws/install/belt_short_server:/home/berry/ices_ws/install/belt_short_client:/home/berry/ices_ws/install/belt_long_server:/opt/ros/humble /usr/bin/cmake /home/berry/HeartBeat/src/interfaces_new -DCMAKE_INSTALL_PREFIX=/home/berry/HeartBeat/install/interfaces_new
[23.661s] DEBUG:colcon.colcon_core.event_handler.log_command:Invoking command in '/home/berry/HeartBeat/build/interfaces_new': CMAKE_PREFIX_PATH=${CMAKE_PREFIX_PATH}:/home/berry/HeartBeat/install/track_server:/home/berry/HeartBeat/install/controller:/home/berry/HeartBeat/install/belt_short_server:/home/berry/HeartBeat/install/belt_long_server:/home/berry/RoArm/install/test1:/home/berry/RoArm/install/serial_ctrl:/home/berry/RoArm/install/pos_sub:/home/berry/RoArm/install/pos_pub:/home/berry/RoArm/install/pos_client:/home/berry/RoArm/install/Position_Sub:/home/berry/RoArm/install/Pos_Server:/home/berry/RoArm/install/Pos_Client:/home/berry/ices_ws/install/track_server:/home/berry/ices_ws/install/launch_test:/home/berry/ices_ws/install/control:/home/berry/ices_ws/install/c_arm:/home/berry/ices_ws/install/arm_server:/home/berry/ices_ws/install/belt_short_server:/home/berry/ices_ws/install/belt_short_client:/home/berry/ices_ws/install/belt_long_server:/opt/ros/humble /usr/bin/cmake --build /home/berry/HeartBeat/build/interfaces_new -- -j4 -l4
[179.641s] DEBUG:colcon.colcon_core.event_handler.log_command:Invoked command in '/home/berry/HeartBeat/build/interfaces_new' returned '0': CMAKE_PREFIX_PATH=${CMAKE_PREFIX_PATH}:/home/berry/HeartBeat/install/track_server:/home/berry/HeartBeat/install/controller:/home/berry/HeartBeat/install/belt_short_server:/home/berry/HeartBeat/install/belt_long_server:/home/berry/RoArm/install/test1:/home/berry/RoArm/install/serial_ctrl:/home/berry/RoArm/install/pos_sub:/home/berry/RoArm/install/pos_pub:/home/berry/RoArm/install/pos_client:/home/berry/RoArm/install/Position_Sub:/home/berry/RoArm/install/Pos_Server:/home/berry/RoArm/install/Pos_Client:/home/berry/ices_ws/install/track_server:/home/berry/ices_ws/install/launch_test:/home/berry/ices_ws/install/control:/home/berry/ices_ws/install/c_arm:/home/berry/ices_ws/install/arm_server:/home/berry/ices_ws/install/belt_short_server:/home/berry/ices_ws/install/belt_short_client:/home/berry/ices_ws/install/belt_long_server:/opt/ros/humble /usr/bin/cmake --build /home/berry/HeartBeat/build/interfaces_new -- -j4 -l4
[182.458s] DEBUG:colcon.colcon_core.event_handler.log_command:Invoking command in '/home/berry/HeartBeat/build/interfaces_new': CMAKE_PREFIX_PATH=${CMAKE_PREFIX_PATH}:/home/berry/HeartBeat/install/track_server:/home/berry/HeartBeat/install/controller:/home/berry/HeartBeat/install/belt_short_server:/home/berry/HeartBeat/install/belt_long_server:/home/berry/RoArm/install/test1:/home/berry/RoArm/install/serial_ctrl:/home/berry/RoArm/install/pos_sub:/home/berry/RoArm/install/pos_pub:/home/berry/RoArm/install/pos_client:/home/berry/RoArm/install/Position_Sub:/home/berry/RoArm/install/Pos_Server:/home/berry/RoArm/install/Pos_Client:/home/berry/ices_ws/install/track_server:/home/berry/ices_ws/install/launch_test:/home/berry/ices_ws/install/control:/home/berry/ices_ws/install/c_arm:/home/berry/ices_ws/install/arm_server:/home/berry/ices_ws/install/belt_short_server:/home/berry/ices_ws/install/belt_short_client:/home/berry/ices_ws/install/belt_long_server:/opt/ros/humble /usr/bin/cmake --install /home/berry/HeartBeat/build/interfaces_new
[183.864s] Level 1:colcon.colcon_core.environment:create_environment_scripts_only(interfaces_new)
[183.865s] Level 1:colcon.colcon_core.environment:checking '/home/berry/HeartBeat/install/interfaces_new' for CMake module files
[183.867s] DEBUG:colcon.colcon_core.event_handler.log_command:Invoked command in '/home/berry/HeartBeat/build/interfaces_new' returned '0': CMAKE_PREFIX_PATH=${CMAKE_PREFIX_PATH}:/home/berry/HeartBeat/install/track_server:/home/berry/HeartBeat/install/controller:/home/berry/HeartBeat/install/belt_short_server:/home/berry/HeartBeat/install/belt_long_server:/home/berry/RoArm/install/test1:/home/berry/RoArm/install/serial_ctrl:/home/berry/RoArm/install/pos_sub:/home/berry/RoArm/install/pos_pub:/home/berry/RoArm/install/pos_client:/home/berry/RoArm/install/Position_Sub:/home/berry/RoArm/install/Pos_Server:/home/berry/RoArm/install/Pos_Client:/home/berry/ices_ws/install/track_server:/home/berry/ices_ws/install/launch_test:/home/berry/ices_ws/install/control:/home/berry/ices_ws/install/c_arm:/home/berry/ices_ws/install/arm_server:/home/berry/ices_ws/install/belt_short_server:/home/berry/ices_ws/install/belt_short_client:/home/berry/ices_ws/install/belt_long_server:/opt/ros/humble /usr/bin/cmake --install /home/berry/HeartBeat/build/interfaces_new
[183.872s] Level 1:colcon.colcon_core.environment:checking '/home/berry/HeartBeat/install/interfaces_new' for CMake config files
[183.874s] Level 1:colcon.colcon_core.shell:create_environment_hook('interfaces_new', 'cmake_prefix_path')
[183.876s] INFO:colcon.colcon_core.shell:Creating environment hook '/home/berry/HeartBeat/install/interfaces_new/share/interfaces_new/hook/cmake_prefix_path.ps1'
[183.878s] INFO:colcon.colcon_core.shell:Creating environment descriptor '/home/berry/HeartBeat/install/interfaces_new/share/interfaces_new/hook/cmake_prefix_path.dsv'
[183.879s] INFO:colcon.colcon_core.shell:Creating environment hook '/home/berry/HeartBeat/install/interfaces_new/share/interfaces_new/hook/cmake_prefix_path.sh'
[183.882s] Level 1:colcon.colcon_core.environment:checking '/home/berry/HeartBeat/install/interfaces_new/lib'
[183.882s] Level 1:colcon.colcon_core.shell:create_environment_hook('interfaces_new', 'ld_library_path_lib')
[183.883s] INFO:colcon.colcon_core.shell:Creating environment hook '/home/berry/HeartBeat/install/interfaces_new/share/interfaces_new/hook/ld_library_path_lib.ps1'
[183.885s] INFO:colcon.colcon_core.shell:Creating environment descriptor '/home/berry/HeartBeat/install/interfaces_new/share/interfaces_new/hook/ld_library_path_lib.dsv'
[183.886s] INFO:colcon.colcon_core.shell:Creating environment hook '/home/berry/HeartBeat/install/interfaces_new/share/interfaces_new/hook/ld_library_path_lib.sh'
[183.888s] Level 1:colcon.colcon_core.environment:checking '/home/berry/HeartBeat/install/interfaces_new/bin'
[183.888s] Level 1:colcon.colcon_core.environment:checking '/home/berry/HeartBeat/install/interfaces_new/lib/pkgconfig/interfaces_new.pc'
[183.889s] Level 1:colcon.colcon_core.environment:checking '/home/berry/HeartBeat/install/interfaces_new/lib/python3.10/site-packages'
[183.890s] Level 1:colcon.colcon_core.environment:checking '/home/berry/HeartBeat/install/interfaces_new/bin'
[183.892s] INFO:colcon.colcon_core.shell:Creating package script '/home/berry/HeartBeat/install/interfaces_new/share/interfaces_new/package.ps1'
[183.894s] INFO:colcon.colcon_core.shell:Creating package descriptor '/home/berry/HeartBeat/install/interfaces_new/share/interfaces_new/package.dsv'
[183.896s] INFO:colcon.colcon_core.shell:Creating package script '/home/berry/HeartBeat/install/interfaces_new/share/interfaces_new/package.sh'
[183.898s] INFO:colcon.colcon_core.shell:Creating package script '/home/berry/HeartBeat/install/interfaces_new/share/interfaces_new/package.bash'
[183.899s] INFO:colcon.colcon_core.shell:Creating package script '/home/berry/HeartBeat/install/interfaces_new/share/interfaces_new/package.zsh'
[183.901s] Level 1:colcon.colcon_core.environment:create_file_with_runtime_dependencies(/home/berry/HeartBeat/install/interfaces_new/share/colcon-core/packages/interfaces_new)
[186.649s] Level 1:colcon.colcon_core.environment:create_environment_scripts_only(interfaces_new)
[186.650s] Level 1:colcon.colcon_core.environment:checking '/home/berry/HeartBeat/install/interfaces_new' for CMake module files
[186.657s] Level 1:colcon.colcon_core.environment:checking '/home/berry/HeartBeat/install/interfaces_new' for CMake config files
[186.660s] Level 1:colcon.colcon_core.shell:create_environment_hook('interfaces_new', 'cmake_prefix_path')
[186.661s] INFO:colcon.colcon_core.shell:Creating environment hook '/home/berry/HeartBeat/install/interfaces_new/share/interfaces_new/hook/cmake_prefix_path.ps1'
[186.663s] INFO:colcon.colcon_core.shell:Creating environment descriptor '/home/berry/HeartBeat/install/interfaces_new/share/interfaces_new/hook/cmake_prefix_path.dsv'
[186.665s] INFO:colcon.colcon_core.shell:Creating environment hook '/home/berry/HeartBeat/install/interfaces_new/share/interfaces_new/hook/cmake_prefix_path.sh'
[186.668s] Level 1:colcon.colcon_core.environment:checking '/home/berry/HeartBeat/install/interfaces_new/lib'
[186.669s] Level 1:colcon.colcon_core.shell:create_environment_hook('interfaces_new', 'ld_library_path_lib')
[186.670s] INFO:colcon.colcon_core.shell:Creating environment hook '/home/berry/HeartBeat/install/interfaces_new/share/interfaces_new/hook/ld_library_path_lib.ps1'
[186.672s] INFO:colcon.colcon_core.shell:Creating environment descriptor '/home/berry/HeartBeat/install/interfaces_new/share/interfaces_new/hook/ld_library_path_lib.dsv'
[186.673s] INFO:colcon.colcon_core.shell:Creating environment hook '/home/berry/HeartBeat/install/interfaces_new/share/interfaces_new/hook/ld_library_path_lib.sh'
[186.675s] Level 1:colcon.colcon_core.environment:checking '/home/berry/HeartBeat/install/interfaces_new/bin'
[186.675s] Level 1:colcon.colcon_core.environment:checking '/home/berry/HeartBeat/install/interfaces_new/lib/pkgconfig/interfaces_new.pc'
[186.677s] Level 1:colcon.colcon_core.environment:checking '/home/berry/HeartBeat/install/interfaces_new/lib/python3.10/site-packages'
[186.678s] Level 1:colcon.colcon_core.environment:checking '/home/berry/HeartBeat/install/interfaces_new/bin'
[186.679s] INFO:colcon.colcon_core.shell:Creating package script '/home/berry/HeartBeat/install/interfaces_new/share/interfaces_new/package.ps1'
[186.682s] INFO:colcon.colcon_core.shell:Creating package descriptor '/home/berry/HeartBeat/install/interfaces_new/share/interfaces_new/package.dsv'
[186.684s] INFO:colcon.colcon_core.shell:Creating package script '/home/berry/HeartBeat/install/interfaces_new/share/interfaces_new/package.sh'
[186.686s] INFO:colcon.colcon_core.shell:Creating package script '/home/berry/HeartBeat/install/interfaces_new/share/interfaces_new/package.bash'
[186.688s] INFO:colcon.colcon_core.shell:Creating package script '/home/berry/HeartBeat/install/interfaces_new/share/interfaces_new/package.zsh'
[186.690s] Level 1:colcon.colcon_core.environment:create_file_with_runtime_dependencies(/home/berry/HeartBeat/install/interfaces_new/share/colcon-core/packages/interfaces_new)
[186.692s] DEBUG:colcon.colcon_parallel_executor.executor.parallel:closing loop
[186.693s] DEBUG:colcon.colcon_parallel_executor.executor.parallel:loop closed
[186.694s] DEBUG:colcon.colcon_parallel_executor.executor.parallel:run_until_complete finished with '0'
[186.694s] DEBUG:colcon.colcon_core.event_reactor:joining thread
[186.721s] INFO:colcon.colcon_core.plugin_system:Skipping extension 'colcon_notification.desktop_notification.terminal_notifier': Not used on non-Darwin systems
[186.722s] INFO:colcon.colcon_core.plugin_system:Skipping extension 'colcon_notification.desktop_notification.win32': Not used on non-Windows systems
[186.722s] INFO:colcon.colcon_notification.desktop_notification:Sending desktop notification using 'notify2'
[186.765s] DEBUG:colcon.colcon_core.event_reactor:joined thread
[186.766s] INFO:colcon.colcon_core.shell:Creating prefix script '/home/berry/HeartBeat/install/local_setup.ps1'
[186.770s] INFO:colcon.colcon_core.shell:Creating prefix util module '/home/berry/HeartBeat/install/_local_setup_util_ps1.py'
[186.776s] INFO:colcon.colcon_core.shell:Creating prefix chain script '/home/berry/HeartBeat/install/setup.ps1'
[186.787s] INFO:colcon.colcon_core.shell:Creating prefix script '/home/berry/HeartBeat/install/local_setup.sh'
[186.789s] INFO:colcon.colcon_core.shell:Creating prefix util module '/home/berry/HeartBeat/install/_local_setup_util_sh.py'
[186.791s] INFO:colcon.colcon_core.shell:Creating prefix chain script '/home/berry/HeartBeat/install/setup.sh'
[186.802s] INFO:colcon.colcon_core.shell:Creating prefix script '/home/berry/HeartBeat/install/local_setup.bash'
[186.804s] INFO:colcon.colcon_core.shell:Creating prefix chain script '/home/berry/HeartBeat/install/setup.bash'
[186.815s] INFO:colcon.colcon_core.shell:Creating prefix script '/home/berry/HeartBeat/install/local_setup.zsh'
[186.817s] INFO:colcon.colcon_core.shell:Creating prefix chain script '/home/berry/HeartBeat/install/setup.zsh'
