-- Found rosidl_default_generators: 1.2.0 (/opt/ros/humble/share/rosidl_default_generators/cmake)
-- Found ament_cmake_core: 1.3.9 (/opt/ros/humble/share/ament_cmake_core/cmake)
-- Using all available rosidl_typesupport_c: rosidl_typesupport_fastrtps_c;rosidl_typesupport_introspection_c
-- Found rosidl_adapter: 3.1.5 (/opt/ros/humble/share/rosidl_adapter/cmake)
-- Using all available rosidl_typesupport_cpp: rosidl_typesupport_fastrtps_cpp;rosidl_typesupport_introspection_cpp
-- Found std_msgs: 4.2.4 (/opt/ros/humble/share/std_msgs/cmake)
-- Found ament_cmake_ros: 0.10.0 (/opt/ros/humble/share/ament_cmake_ros/cmake)
-- Using all available rosidl_typesupport_c: rosidl_typesupport_fastrtps_c;rosidl_typesupport_introspection_c
-- Using all available rosidl_typesupport_cpp: rosidl_typesupport_fastrtps_cpp;rosidl_typesupport_introspection_cpp
-- Found python_cmake_module: 0.10.0 (/opt/ros/humble/share/python_cmake_module/cmake)
-- Using PYTHON_EXECUTABLE: /usr/bin/python3
-- Using PYTHON_INCLUDE_DIRS: /usr/include/python3.10
-- Using PYTHON_LIBRARIES: /usr/lib/aarch64-linux-gnu/libpython3.10.so
-- Found ament_lint_auto: 0.12.11 (/opt/ros/humble/share/ament_lint_auto/cmake)
-- Added test 'lint_cmake' to check CMake code style
-- Added test 'xmllint' to check XML markup files
-- Configuring done
-- Generating done
-- Build files have been written to: /home/berry/HeartBeat/build/interfaces_new
CMakeFiles/interfaces_new__cpp.dir/build.make:381: warning: overriding recipe for target 'rosidl_generator_cpp/interfaces_new/action/move_time.hpp'
CMakeFiles/interfaces_new__cpp.dir/build.make:261: warning: ignoring old recipe for target 'rosidl_generator_cpp/interfaces_new/action/move_time.hpp'
CMakeFiles/interfaces_new__cpp.dir/build.make:384: warning: overriding recipe for target 'rosidl_generator_cpp/interfaces_new/action/detail/move_time__builder.hpp'
CMakeFiles/interfaces_new__cpp.dir/build.make:264: warning: ignoring old recipe for target 'rosidl_generator_cpp/interfaces_new/action/detail/move_time__builder.hpp'
CMakeFiles/interfaces_new__cpp.dir/build.make:387: warning: overriding recipe for target 'rosidl_generator_cpp/interfaces_new/action/detail/move_time__struct.hpp'
CMakeFiles/interfaces_new__cpp.dir/build.make:267: warning: ignoring old recipe for target 'rosidl_generator_cpp/interfaces_new/action/detail/move_time__struct.hpp'
CMakeFiles/interfaces_new__cpp.dir/build.make:390: warning: overriding recipe for target 'rosidl_generator_cpp/interfaces_new/action/detail/move_time__traits.hpp'
CMakeFiles/interfaces_new__cpp.dir/build.make:270: warning: ignoring old recipe for target 'rosidl_generator_cpp/interfaces_new/action/detail/move_time__traits.hpp'
CMakeFiles/interfaces_new__rosidl_generator_c.dir/build.make:309: warning: overriding recipe for target 'rosidl_generator_c/interfaces_new/action/move_time.h'
CMakeFiles/interfaces_new__rosidl_generator_c.dir/build.make:189: warning: ignoring old recipe for target 'rosidl_generator_c/interfaces_new/action/move_time.h'
CMakeFiles/interfaces_new__rosidl_generator_c.dir/build.make:312: warning: overriding recipe for target 'rosidl_generator_c/interfaces_new/action/detail/move_time__functions.h'
CMakeFiles/interfaces_new__rosidl_generator_c.dir/build.make:192: warning: ignoring old recipe for target 'rosidl_generator_c/interfaces_new/action/detail/move_time__functions.h'
CMakeFiles/interfaces_new__rosidl_generator_c.dir/build.make:315: warning: overriding recipe for target 'rosidl_generator_c/interfaces_new/action/detail/move_time__struct.h'
CMakeFiles/interfaces_new__rosidl_generator_c.dir/build.make:195: warning: ignoring old recipe for target 'rosidl_generator_c/interfaces_new/action/detail/move_time__struct.h'
CMakeFiles/interfaces_new__rosidl_generator_c.dir/build.make:318: warning: overriding recipe for target 'rosidl_generator_c/interfaces_new/action/detail/move_time__type_support.h'
CMakeFiles/interfaces_new__rosidl_generator_c.dir/build.make:198: warning: ignoring old recipe for target 'rosidl_generator_c/interfaces_new/action/detail/move_time__type_support.h'
CMakeFiles/interfaces_new__rosidl_generator_c.dir/build.make:399: warning: overriding recipe for target 'rosidl_generator_c/interfaces_new/action/detail/move_time__functions.c'
CMakeFiles/interfaces_new__rosidl_generator_c.dir/build.make:369: warning: ignoring old recipe for target 'rosidl_generator_c/interfaces_new/action/detail/move_time__functions.c'
[  0%] [34m[1mGenerating C code for ROS interfaces[0m
CMakeFiles/interfaces_new__cpp.dir/build.make:381: warning: overriding recipe for target 'rosidl_generator_cpp/interfaces_new/action/move_time.hpp'
CMakeFiles/interfaces_new__cpp.dir/build.make:261: warning: ignoring old recipe for target 'rosidl_generator_cpp/interfaces_new/action/move_time.hpp'
CMakeFiles/interfaces_new__cpp.dir/build.make:384: warning: overriding recipe for target 'rosidl_generator_cpp/interfaces_new/action/detail/move_time__builder.hpp'
CMakeFiles/interfaces_new__cpp.dir/build.make:264: warning: ignoring old recipe for target 'rosidl_generator_cpp/interfaces_new/action/detail/move_time__builder.hpp'
CMakeFiles/interfaces_new__cpp.dir/build.make:387: warning: overriding recipe for target 'rosidl_generator_cpp/interfaces_new/action/detail/move_time__struct.hpp'
CMakeFiles/interfaces_new__cpp.dir/build.make:267: warning: ignoring old recipe for target 'rosidl_generator_cpp/interfaces_new/action/detail/move_time__struct.hpp'
CMakeFiles/interfaces_new__cpp.dir/build.make:390: warning: overriding recipe for target 'rosidl_generator_cpp/interfaces_new/action/detail/move_time__traits.hpp'
CMakeFiles/interfaces_new__cpp.dir/build.make:270: warning: ignoring old recipe for target 'rosidl_generator_cpp/interfaces_new/action/detail/move_time__traits.hpp'
[  0%] Built target ament_cmake_python_copy_interfaces_new
[  0%] [34m[1mGenerating C++ code for ROS interfaces[0m
running egg_info
writing interfaces_new.egg-info/PKG-INFO
writing dependency_links to interfaces_new.egg-info/dependency_links.txt
writing top-level names to interfaces_new.egg-info/top_level.txt
reading manifest file 'interfaces_new.egg-info/SOURCES.txt'
writing manifest file 'interfaces_new.egg-info/SOURCES.txt'
[  0%] Built target ament_cmake_python_build_interfaces_new_egg
Traceback (most recent call last):
  File "/opt/ros/humble/share/rosidl_generator_cpp/cmake/../../../lib/rosidl_generator_cpp/rosidl_generator_cpp", line 38, in <module>
Traceback (most recent call last):
  File "/opt/ros/humble/share/rosidl_generator_c/cmake/../../../lib/rosidl_generator_c/rosidl_generator_c", line 38, in <module>
    sys.exit(main())
    sys.exit(main())
  File "/opt/ros/humble/share/rosidl_generator_c/cmake/../../../lib/rosidl_generator_c/rosidl_generator_c", line 34, in main
  File "/opt/ros/humble/share/rosidl_generator_cpp/cmake/../../../lib/rosidl_generator_cpp/rosidl_generator_cpp", line 34, in main
    generate_cpp(args.generator_arguments_file)
    generate_c(args.generator_arguments_file)
  File "/opt/ros/humble/local/lib/python3.10/dist-packages/rosidl_generator_cpp/__init__.py", line 38, in generate_cpp
  File "/opt/ros/humble/local/lib/python3.10/dist-packages/rosidl_generator_c/__init__.py", line 37, in generate_c
gmake[2]: *** Deleting file 'rosidl_generator_c/interfaces_new/action/arm1_test.h'
    return generate_files(
    return generate_files(
  File "/opt/ros/humble/local/lib/python3.10/dist-packages/rosidl_cmake/__init__.py", line 87, in generate_files
gmake[2]: *** Deleting file 'rosidl_generator_cpp/interfaces_new/action/arm1_test.hpp'
  File "/opt/ros/humble/local/lib/python3.10/dist-packages/rosidl_cmake/__init__.py", line 74, in generate_files
    expand_template(
    idl_file = parse_idl_file(locator)
  File "/opt/ros/humble/local/lib/python3.10/dist-packages/rosidl_cmake/__init__.py", line 149, in expand_template
  File "/opt/ros/humble/local/lib/python3.10/dist-packages/rosidl_parser/parser.py", line 64, in parse_idl_file
    content = parse_idl_string(string, png_file=png_file)
    interpreter.string(template_content, template_path, locals=data)
  File "/opt/ros/humble/local/lib/python3.10/dist-packages/rosidl_parser/parser.py", line 72, in parse_idl_string
  File "/usr/lib/python3/dist-packages/em.py", line 2391, in string
    tree = get_ast_from_idl_string(idl_string)
  File "/opt/ros/humble/local/lib/python3.10/dist-packages/rosidl_parser/parser.py", line 89, in get_ast_from_idl_string
    return _parser.parse(idl_string)
  File "/usr/lib/python3/dist-packages/lark/lark.py", line 619, in parse
    self.safe(scanner, True, locals)
  File "/usr/lib/python3/dist-packages/em.py", line 2401, in safe
    return self.parser.parse(text, start=start, on_error=on_error)
  File "/usr/lib/python3/dist-packages/lark/parser_frontends.py", line 99, in parse
    self.parse(scanner, locals)
    return self.parser.parse(stream, chosen_start, **kw)
  File "/usr/lib/python3/dist-packages/em.py", line 2421, in parse
  File "/usr/lib/python3/dist-packages/lark/parsers/earley.py", line 292, in parse
    token.run(self, locals)
  File "/usr/lib/python3/dist-packages/em.py", line 1547, in run
    return transformer.transform(solutions[0])
  File "/usr/lib/python3/dist-packages/lark/parsers/earley_forest.py", line 395, in transform
    self.subrun(info[0][1], interpreter, locals)
  File "/usr/lib/python3/dist-packages/em.py", line 1631, in subrun
    self.visit(root)
  File "/usr/lib/python3/dist-packages/lark/parsers/earley_forest.py", line 532, in visit
    token.run(interpreter, locals)
  File "/usr/lib/python3/dist-packages/em.py", line 1425, in run
    super(ForestToParseTree, self).visit(root)
  File "/usr/lib/python3/dist-packages/lark/parsers/earley_forest.py", line 338, in visit
    vino(current)
  File "/usr/lib/python3/dist-packages/lark/parsers/earley_forest.py", line 442, in visit_intermediate_node_out
    interpreter.execute(self.code, locals)
  File "/usr/lib/python3/dist-packages/em.py", line 2596, in execute
    self._visit_node_out_helper(node, self.transform_intermediate_node)
  File "/usr/lib/python3/dist-packages/lark/parsers/earley_forest.py", line 433, in _visit_node_out_helper
    transformed = method(node, self.data[id(node)])
  File "/usr/lib/python3/dist-packages/lark/parsers/earley_forest.py", line 589, in transform_intermediate_node
    if r is Discard:
    _exec(statements, self.globals, locals)
KeyboardInterrupt
  File "<string>", line 2, in <module>
  File "/opt/ros/humble/local/lib/python3.10/dist-packages/rosidl_cmake/__init__.py", line 198, in _expand_template
    interpreter.string(content, str(template_path), kwargs)
  File "/usr/lib/python3/dist-packages/em.py", line 2391, in string
    self.safe(scanner, True, locals)
  File "/usr/lib/python3/dist-packages/em.py", line 2401, in safe
    self.parse(scanner, locals)
  File "/usr/lib/python3/dist-packages/em.py", line 2421, in parse
    token.run(self, locals)
  File "/usr/lib/python3/dist-packages/em.py", line 1425, in run
    interpreter.execute(self.code, locals)
  File "/usr/lib/python3/dist-packages/em.py", line 2596, in execute
    _exec(statements, self.globals, locals)
  File "<string>", line 2, in <module>
  File "/opt/ros/humble/local/lib/python3.10/dist-packages/rosidl_cmake/__init__.py", line 198, in _expand_template
    interpreter.string(content, str(template_path), kwargs)
  File "/usr/lib/python3/dist-packages/em.py", line 2391, in string
    self.safe(scanner, True, locals)
  File "/usr/lib/python3/dist-packages/em.py", line 2401, in safe
    self.parse(scanner, locals)
  File "/usr/lib/python3/dist-packages/em.py", line 2417, in parse
    token = scanner.one()
  File "/usr/lib/python3/dist-packages/em.py", line 1984, in one
    token.scan(self)
  File "/usr/lib/python3/dist-packages/em.py", line 1421, in scan
    i = scanner.complex('{', '}', 0)
  File "/usr/lib/python3/dist-packages/em.py", line 1893, in complex
    newQuote = self.check(i, quote)
  File "/usr/lib/python3/dist-packages/em.py", line 1762, in check
    def check(self, i, archetype=None):
KeyboardInterrupt
Exception ignored in: <function Interpreter.__del__ at 0xffff8faa3b50>
Traceback (most recent call last):
  File "/usr/lib/python3/dist-packages/em.py", line 2094, in __del__
  File "/usr/lib/python3/dist-packages/em.py", line 2157, in shutdown
  File "/usr/lib/python3/dist-packages/em.py", line 2647, in finalize
  File "/usr/lib/python3/dist-packages/em.py", line 2200, in push
AttributeError: '_io.TextIOWrapper' object has no attribute 'push'
gmake[2]: *** [CMakeFiles/interfaces_new__cpp.dir/build.make:213: rosidl_generator_cpp/interfaces_new/action/arm1_test.hpp] Interrupt
gmake[1]: *** [CMakeFiles/Makefile2:317: CMakeFiles/interfaces_new__cpp.dir/all] Interrupt
gmake[2]: *** [CMakeFiles/interfaces_new__rosidl_generator_c.dir/build.make:141: rosidl_generator_c/interfaces_new/action/arm1_test.h] Interrupt
gmake[1]: *** [CMakeFiles/Makefile2:212: CMakeFiles/interfaces_new__rosidl_generator_c.dir/all] Interrupt
gmake: *** [Makefile:146: all] Interrupt
