[5.133s] Invoking command in '/home/berry/HeartBeat/build/interfaces_new': CMAKE_PREFIX_PATH=${CMAKE_PREFIX_PATH}:/home/berry/HeartBeat/install/track_server:/home/berry/HeartBeat/install/controller:/home/berry/HeartBeat/install/belt_short_server:/home/berry/HeartBeat/install/belt_long_server:/home/berry/RoArm/install/test1:/home/berry/RoArm/install/serial_ctrl:/home/berry/RoArm/install/pos_sub:/home/berry/RoArm/install/pos_pub:/home/berry/RoArm/install/pos_client:/home/berry/RoArm/install/Position_Sub:/home/berry/RoArm/install/Pos_Server:/home/berry/RoArm/install/Pos_Client:/home/berry/ices_ws/install/track_server:/home/berry/ices_ws/install/launch_test:/home/berry/ices_ws/install/control:/home/berry/ices_ws/install/c_arm:/home/berry/ices_ws/install/arm_server:/home/berry/ices_ws/install/belt_short_server:/home/berry/ices_ws/install/belt_short_client:/home/berry/ices_ws/install/belt_long_server:/opt/ros/humble /usr/bin/cmake --build /home/berry/HeartBeat/build/interfaces_new -- -j4 -l4
[5.390s] -- Found rosidl_default_generators: 1.2.0 (/opt/ros/humble/share/rosidl_default_generators/cmake)
[5.392s] -- Found ament_cmake_core: 1.3.9 (/opt/ros/humble/share/ament_cmake_core/cmake)
[7.124s] -- Using all available rosidl_typesupport_c: rosidl_typesupport_fastrtps_c;rosidl_typesupport_introspection_c
[7.143s] -- Found rosidl_adapter: 3.1.5 (/opt/ros/humble/share/rosidl_adapter/cmake)
[7.682s] -- Using all available rosidl_typesupport_cpp: rosidl_typesupport_fastrtps_cpp;rosidl_typesupport_introspection_cpp
[7.910s] -- Found std_msgs: 4.2.4 (/opt/ros/humble/share/std_msgs/cmake)
[12.970s] -- Found ament_cmake_ros: 0.10.0 (/opt/ros/humble/share/ament_cmake_ros/cmake)
[14.576s] -- Using all available rosidl_typesupport_c: rosidl_typesupport_fastrtps_c;rosidl_typesupport_introspection_c
[16.670s] -- Using all available rosidl_typesupport_cpp: rosidl_typesupport_fastrtps_cpp;rosidl_typesupport_introspection_cpp
[16.840s] -- Found python_cmake_module: 0.10.0 (/opt/ros/humble/share/python_cmake_module/cmake)
[17.007s] -- Using PYTHON_EXECUTABLE: /usr/bin/python3
[17.008s] -- Using PYTHON_INCLUDE_DIRS: /usr/include/python3.10
[17.008s] -- Using PYTHON_LIBRARIES: /usr/lib/aarch64-linux-gnu/libpython3.10.so
[17.262s] -- Found ament_lint_auto: 0.12.11 (/opt/ros/humble/share/ament_lint_auto/cmake)
[17.332s] -- Added test 'lint_cmake' to check CMake code style
[17.348s] -- Added test 'xmllint' to check XML markup files
[17.361s] -- Configuring done
[17.740s] -- Generating done
[17.764s] -- Build files have been written to: /home/berry/HeartBeat/build/interfaces_new
[17.875s] CMakeFiles/interfaces_new__cpp.dir/build.make:381: warning: overriding recipe for target 'rosidl_generator_cpp/interfaces_new/action/move_time.hpp'
[17.876s] CMakeFiles/interfaces_new__cpp.dir/build.make:261: warning: ignoring old recipe for target 'rosidl_generator_cpp/interfaces_new/action/move_time.hpp'
[17.877s] CMakeFiles/interfaces_new__cpp.dir/build.make:384: warning: overriding recipe for target 'rosidl_generator_cpp/interfaces_new/action/detail/move_time__builder.hpp'
[17.878s] CMakeFiles/interfaces_new__cpp.dir/build.make:264: warning: ignoring old recipe for target 'rosidl_generator_cpp/interfaces_new/action/detail/move_time__builder.hpp'
[17.879s] CMakeFiles/interfaces_new__cpp.dir/build.make:387: warning: overriding recipe for target 'rosidl_generator_cpp/interfaces_new/action/detail/move_time__struct.hpp'
[17.879s] CMakeFiles/interfaces_new__cpp.dir/build.make:267: warning: ignoring old recipe for target 'rosidl_generator_cpp/interfaces_new/action/detail/move_time__struct.hpp'
[17.880s] CMakeFiles/interfaces_new__cpp.dir/build.make:390: warning: overriding recipe for target 'rosidl_generator_cpp/interfaces_new/action/detail/move_time__traits.hpp'
[17.881s] CMakeFiles/interfaces_new__cpp.dir/build.make:270: warning: ignoring old recipe for target 'rosidl_generator_cpp/interfaces_new/action/detail/move_time__traits.hpp'
[17.883s] CMakeFiles/interfaces_new__rosidl_generator_c.dir/build.make:309: warning: overriding recipe for target 'rosidl_generator_c/interfaces_new/action/move_time.h'
[17.884s] CMakeFiles/interfaces_new__rosidl_generator_c.dir/build.make:189: warning: ignoring old recipe for target 'rosidl_generator_c/interfaces_new/action/move_time.h'
[17.885s] CMakeFiles/interfaces_new__rosidl_generator_c.dir/build.make:312: warning: overriding recipe for target 'rosidl_generator_c/interfaces_new/action/detail/move_time__functions.h'
[17.886s] CMakeFiles/interfaces_new__rosidl_generator_c.dir/build.make:192: warning: ignoring old recipe for target 'rosidl_generator_c/interfaces_new/action/detail/move_time__functions.h'
[17.887s] CMakeFiles/interfaces_new__rosidl_generator_c.dir/build.make:315: warning: overriding recipe for target 'rosidl_generator_c/interfaces_new/action/detail/move_time__struct.h'
[17.887s] CMakeFiles/interfaces_new__rosidl_generator_c.dir/build.make:195: warning: ignoring old recipe for target 'rosidl_generator_c/interfaces_new/action/detail/move_time__struct.h'
[17.888s] CMakeFiles/interfaces_new__rosidl_generator_c.dir/build.make:318: warning: overriding recipe for target 'rosidl_generator_c/interfaces_new/action/detail/move_time__type_support.h'
[17.889s] CMakeFiles/interfaces_new__rosidl_generator_c.dir/build.make:198: warning: ignoring old recipe for target 'rosidl_generator_c/interfaces_new/action/detail/move_time__type_support.h'
[17.890s] CMakeFiles/interfaces_new__rosidl_generator_c.dir/build.make:399: warning: overriding recipe for target 'rosidl_generator_c/interfaces_new/action/detail/move_time__functions.c'
[17.891s] CMakeFiles/interfaces_new__rosidl_generator_c.dir/build.make:369: warning: ignoring old recipe for target 'rosidl_generator_c/interfaces_new/action/detail/move_time__functions.c'
[17.943s] [  0%] [34m[1mGenerating C code for ROS interfaces[0m
[18.015s] CMakeFiles/interfaces_new__cpp.dir/build.make:381: warning: overriding recipe for target 'rosidl_generator_cpp/interfaces_new/action/move_time.hpp'
[18.027s] CMakeFiles/interfaces_new__cpp.dir/build.make:261: warning: ignoring old recipe for target 'rosidl_generator_cpp/interfaces_new/action/move_time.hpp'
[18.027s] CMakeFiles/interfaces_new__cpp.dir/build.make:384: warning: overriding recipe for target 'rosidl_generator_cpp/interfaces_new/action/detail/move_time__builder.hpp'
[18.027s] CMakeFiles/interfaces_new__cpp.dir/build.make:264: warning: ignoring old recipe for target 'rosidl_generator_cpp/interfaces_new/action/detail/move_time__builder.hpp'
[18.028s] CMakeFiles/interfaces_new__cpp.dir/build.make:387: warning: overriding recipe for target 'rosidl_generator_cpp/interfaces_new/action/detail/move_time__struct.hpp'
[18.028s] CMakeFiles/interfaces_new__cpp.dir/build.make:267: warning: ignoring old recipe for target 'rosidl_generator_cpp/interfaces_new/action/detail/move_time__struct.hpp'
[18.029s] CMakeFiles/interfaces_new__cpp.dir/build.make:390: warning: overriding recipe for target 'rosidl_generator_cpp/interfaces_new/action/detail/move_time__traits.hpp'
[18.029s] CMakeFiles/interfaces_new__cpp.dir/build.make:270: warning: ignoring old recipe for target 'rosidl_generator_cpp/interfaces_new/action/detail/move_time__traits.hpp'
[18.104s] [  0%] Built target ament_cmake_python_copy_interfaces_new
[18.135s] [  0%] [34m[1mGenerating C++ code for ROS interfaces[0m
[20.337s] running egg_info
[20.341s] writing interfaces_new.egg-info/PKG-INFO
[20.344s] writing dependency_links to interfaces_new.egg-info/dependency_links.txt
[20.346s] writing top-level names to interfaces_new.egg-info/top_level.txt
[20.362s] reading manifest file 'interfaces_new.egg-info/SOURCES.txt'
[20.366s] writing manifest file 'interfaces_new.egg-info/SOURCES.txt'
[20.541s] [  0%] Built target ament_cmake_python_build_interfaces_new_egg
[31.496s] Traceback (most recent call last):
[31.496s]   File "/opt/ros/humble/share/rosidl_generator_cpp/cmake/../../../lib/rosidl_generator_cpp/rosidl_generator_cpp", line 38, in <module>
[31.496s] Traceback (most recent call last):
[31.497s]   File "/opt/ros/humble/share/rosidl_generator_c/cmake/../../../lib/rosidl_generator_c/rosidl_generator_c", line 38, in <module>
[31.497s]     sys.exit(main())
[31.498s]     sys.exit(main())
[31.498s]   File "/opt/ros/humble/share/rosidl_generator_c/cmake/../../../lib/rosidl_generator_c/rosidl_generator_c", line 34, in main
[31.499s]   File "/opt/ros/humble/share/rosidl_generator_cpp/cmake/../../../lib/rosidl_generator_cpp/rosidl_generator_cpp", line 34, in main
[31.499s]     generate_cpp(args.generator_arguments_file)
[31.499s]     generate_c(args.generator_arguments_file)
[31.499s]   File "/opt/ros/humble/local/lib/python3.10/dist-packages/rosidl_generator_cpp/__init__.py", line 38, in generate_cpp
[31.500s]   File "/opt/ros/humble/local/lib/python3.10/dist-packages/rosidl_generator_c/__init__.py", line 37, in generate_c
[31.500s] gmake[2]: *** Deleting file 'rosidl_generator_c/interfaces_new/action/arm1_test.h'
[31.500s]     return generate_files(
[31.501s]     return generate_files(
[31.501s]   File "/opt/ros/humble/local/lib/python3.10/dist-packages/rosidl_cmake/__init__.py", line 87, in generate_files
[31.501s] gmake[2]: *** Deleting file 'rosidl_generator_cpp/interfaces_new/action/arm1_test.hpp'
[31.502s]   File "/opt/ros/humble/local/lib/python3.10/dist-packages/rosidl_cmake/__init__.py", line 74, in generate_files
[31.502s]     expand_template(
[31.502s]     idl_file = parse_idl_file(locator)
[31.503s]   File "/opt/ros/humble/local/lib/python3.10/dist-packages/rosidl_cmake/__init__.py", line 149, in expand_template
[31.503s]   File "/opt/ros/humble/local/lib/python3.10/dist-packages/rosidl_parser/parser.py", line 64, in parse_idl_file
[31.503s]     content = parse_idl_string(string, png_file=png_file)
[31.504s]     interpreter.string(template_content, template_path, locals=data)
[31.504s]   File "/opt/ros/humble/local/lib/python3.10/dist-packages/rosidl_parser/parser.py", line 72, in parse_idl_string
[31.504s]   File "/usr/lib/python3/dist-packages/em.py", line 2391, in string
[31.505s]     tree = get_ast_from_idl_string(idl_string)
[31.506s]   File "/opt/ros/humble/local/lib/python3.10/dist-packages/rosidl_parser/parser.py", line 89, in get_ast_from_idl_string
[31.506s]     return _parser.parse(idl_string)
[31.507s]   File "/usr/lib/python3/dist-packages/lark/lark.py", line 619, in parse
[31.507s]     self.safe(scanner, True, locals)
[31.508s]   File "/usr/lib/python3/dist-packages/em.py", line 2401, in safe
[31.509s]     return self.parser.parse(text, start=start, on_error=on_error)
[31.510s]   File "/usr/lib/python3/dist-packages/lark/parser_frontends.py", line 99, in parse
[31.511s]     self.parse(scanner, locals)
[31.513s]     return self.parser.parse(stream, chosen_start, **kw)
[31.514s]   File "/usr/lib/python3/dist-packages/em.py", line 2421, in parse
[31.516s]   File "/usr/lib/python3/dist-packages/lark/parsers/earley.py", line 292, in parse
[31.517s]     token.run(self, locals)
[31.519s]   File "/usr/lib/python3/dist-packages/em.py", line 1547, in run
[31.520s]     return transformer.transform(solutions[0])
[31.523s]   File "/usr/lib/python3/dist-packages/lark/parsers/earley_forest.py", line 395, in transform
[31.523s]     self.subrun(info[0][1], interpreter, locals)
[31.525s]   File "/usr/lib/python3/dist-packages/em.py", line 1631, in subrun
[31.527s]     self.visit(root)
[31.528s]   File "/usr/lib/python3/dist-packages/lark/parsers/earley_forest.py", line 532, in visit
[31.530s]     token.run(interpreter, locals)
[31.531s]   File "/usr/lib/python3/dist-packages/em.py", line 1425, in run
[31.534s]     super(ForestToParseTree, self).visit(root)
[31.536s]   File "/usr/lib/python3/dist-packages/lark/parsers/earley_forest.py", line 338, in visit
[31.539s]     vino(current)
[31.540s]   File "/usr/lib/python3/dist-packages/lark/parsers/earley_forest.py", line 442, in visit_intermediate_node_out
[31.543s]     interpreter.execute(self.code, locals)
[31.544s]   File "/usr/lib/python3/dist-packages/em.py", line 2596, in execute
[31.545s]     self._visit_node_out_helper(node, self.transform_intermediate_node)
[31.547s]   File "/usr/lib/python3/dist-packages/lark/parsers/earley_forest.py", line 433, in _visit_node_out_helper
[31.549s]     transformed = method(node, self.data[id(node)])
[31.550s]   File "/usr/lib/python3/dist-packages/lark/parsers/earley_forest.py", line 589, in transform_intermediate_node
[31.552s]     if r is Discard:
[31.554s]     _exec(statements, self.globals, locals)
[31.556s] KeyboardInterrupt
[31.559s]   File "<string>", line 2, in <module>
[31.560s]   File "/opt/ros/humble/local/lib/python3.10/dist-packages/rosidl_cmake/__init__.py", line 198, in _expand_template
[31.562s]     interpreter.string(content, str(template_path), kwargs)
[31.564s]   File "/usr/lib/python3/dist-packages/em.py", line 2391, in string
[31.566s]     self.safe(scanner, True, locals)
[31.568s]   File "/usr/lib/python3/dist-packages/em.py", line 2401, in safe
[31.569s]     self.parse(scanner, locals)
[31.571s]   File "/usr/lib/python3/dist-packages/em.py", line 2421, in parse
[31.572s]     token.run(self, locals)
[31.574s]   File "/usr/lib/python3/dist-packages/em.py", line 1425, in run
[31.576s]     interpreter.execute(self.code, locals)
[31.577s]   File "/usr/lib/python3/dist-packages/em.py", line 2596, in execute
[31.578s]     _exec(statements, self.globals, locals)
[31.580s]   File "<string>", line 2, in <module>
[31.581s]   File "/opt/ros/humble/local/lib/python3.10/dist-packages/rosidl_cmake/__init__.py", line 198, in _expand_template
[31.583s]     interpreter.string(content, str(template_path), kwargs)
[31.585s]   File "/usr/lib/python3/dist-packages/em.py", line 2391, in string
[31.587s]     self.safe(scanner, True, locals)
[31.590s]   File "/usr/lib/python3/dist-packages/em.py", line 2401, in safe
[31.592s]     self.parse(scanner, locals)
[31.594s]   File "/usr/lib/python3/dist-packages/em.py", line 2417, in parse
[31.596s]     token = scanner.one()
[31.597s]   File "/usr/lib/python3/dist-packages/em.py", line 1984, in one
[31.599s]     token.scan(self)
[31.601s]   File "/usr/lib/python3/dist-packages/em.py", line 1421, in scan
[31.602s]     i = scanner.complex('{', '}', 0)
[31.604s]   File "/usr/lib/python3/dist-packages/em.py", line 1893, in complex
[31.605s]     newQuote = self.check(i, quote)
[31.607s]   File "/usr/lib/python3/dist-packages/em.py", line 1762, in check
[31.608s]     def check(self, i, archetype=None):
[31.610s] KeyboardInterrupt
[31.612s] Exception ignored in: <function Interpreter.__del__ at 0xffff8faa3b50>
[31.614s] Traceback (most recent call last):
[31.615s]   File "/usr/lib/python3/dist-packages/em.py", line 2094, in __del__
[31.617s]   File "/usr/lib/python3/dist-packages/em.py", line 2157, in shutdown
[31.619s]   File "/usr/lib/python3/dist-packages/em.py", line 2647, in finalize
[31.620s]   File "/usr/lib/python3/dist-packages/em.py", line 2200, in push
[31.622s] AttributeError: '_io.TextIOWrapper' object has no attribute 'push'
[31.660s] gmake[2]: *** [CMakeFiles/interfaces_new__cpp.dir/build.make:213: rosidl_generator_cpp/interfaces_new/action/arm1_test.hpp] Interrupt
[31.660s] gmake[1]: *** [CMakeFiles/Makefile2:317: CMakeFiles/interfaces_new__cpp.dir/all] Interrupt
[31.670s] gmake[2]: *** [CMakeFiles/interfaces_new__rosidl_generator_c.dir/build.make:141: rosidl_generator_c/interfaces_new/action/arm1_test.h] Interrupt
[31.671s] gmake[1]: *** [CMakeFiles/Makefile2:212: CMakeFiles/interfaces_new__rosidl_generator_c.dir/all] Interrupt
[31.672s] gmake: *** [Makefile:146: all] Interrupt
[31.677s] Invoked command in '/home/berry/HeartBeat/build/interfaces_new' returned '-2': CMAKE_PREFIX_PATH=${CMAKE_PREFIX_PATH}:/home/berry/HeartBeat/install/track_server:/home/berry/HeartBeat/install/controller:/home/berry/HeartBeat/install/belt_short_server:/home/berry/HeartBeat/install/belt_long_server:/home/berry/RoArm/install/test1:/home/berry/RoArm/install/serial_ctrl:/home/berry/RoArm/install/pos_sub:/home/berry/RoArm/install/pos_pub:/home/berry/RoArm/install/pos_client:/home/berry/RoArm/install/Position_Sub:/home/berry/RoArm/install/Pos_Server:/home/berry/RoArm/install/Pos_Client:/home/berry/ices_ws/install/track_server:/home/berry/ices_ws/install/launch_test:/home/berry/ices_ws/install/control:/home/berry/ices_ws/install/c_arm:/home/berry/ices_ws/install/arm_server:/home/berry/ices_ws/install/belt_short_server:/home/berry/ices_ws/install/belt_short_client:/home/berry/ices_ws/install/belt_long_server:/opt/ros/humble /usr/bin/cmake --build /home/berry/HeartBeat/build/interfaces_new -- -j4 -l4
