[4.584s] Invoking command in '/home/berry/HeartBeat/src/track_server': PYTHONPATH=/home/berry/HeartBeat/build/track_server/prefix_override:/usr/lib/python3/dist-packages/colcon_core/task/python/colcon_distutils_commands:/home/berry/HeartBeat/install/track_server/lib/python3.10/site-packages:${PYTHONPATH} /usr/bin/python3 -W ignore:setup.py install is deprecated setup.py egg_info --egg-base ../../build/track_server build --build-base /home/berry/HeartBeat/build/track_server/build install --record /home/berry/HeartBeat/build/track_server/install.log --single-version-externally-managed install_data
[6.709s] running egg_info
[6.712s] writing ../../build/track_server/track_server.egg-info/PKG-INFO
[6.713s] writing dependency_links to ../../build/track_server/track_server.egg-info/dependency_links.txt
[6.714s] writing entry points to ../../build/track_server/track_server.egg-info/entry_points.txt
[6.715s] writing requirements to ../../build/track_server/track_server.egg-info/requires.txt
[6.716s] writing top-level names to ../../build/track_server/track_server.egg-info/top_level.txt
[6.727s] reading manifest file '../../build/track_server/track_server.egg-info/SOURCES.txt'
[6.731s] writing manifest file '../../build/track_server/track_server.egg-info/SOURCES.txt'
[6.732s] running build
[6.733s] running build_py
[6.735s] running install
[6.736s] running install_lib
[6.745s] running install_data
[6.746s] running install_egg_info
[6.828s] removing '/home/berry/HeartBeat/install/track_server/lib/python3.10/site-packages/track_server-0.0.0-py3.10.egg-info' (and everything under it)
[6.830s] Copying ../../build/track_server/track_server.egg-info to /home/berry/HeartBeat/install/track_server/lib/python3.10/site-packages/track_server-0.0.0-py3.10.egg-info
[6.838s] running install_scripts
[6.990s] Installing track_server script to /home/berry/HeartBeat/install/track_server/lib/track_server
[6.992s] writing list of installed files to '/home/berry/HeartBeat/build/track_server/install.log'
[7.163s] Invoked command in '/home/berry/HeartBeat/src/track_server' returned '0': PYTHONPATH=/home/berry/HeartBeat/build/track_server/prefix_override:/usr/lib/python3/dist-packages/colcon_core/task/python/colcon_distutils_commands:/home/berry/HeartBeat/install/track_server/lib/python3.10/site-packages:${PYTHONPATH} /usr/bin/python3 -W ignore:setup.py install is deprecated setup.py egg_info --egg-base ../../build/track_server build --build-base /home/berry/HeartBeat/build/track_server/build install --record /home/berry/HeartBeat/build/track_server/install.log --single-version-externally-managed install_data
