[9.591s] Invoking command in '/home/berry/HeartBeat/src/controller': PYTHONPATH=/home/berry/HeartBeat/build/controller/prefix_override:/usr/lib/python3/dist-packages/colcon_core/task/python/colcon_distutils_commands:/home/berry/HeartBeat/install/controller/lib/python3.10/site-packages:${PYTHONPATH} /usr/bin/python3 -W ignore:setup.py install is deprecated setup.py egg_info --egg-base ../../build/controller build --build-base /home/berry/HeartBeat/build/controller/build install --record /home/berry/HeartBeat/build/controller/install.log --single-version-externally-managed install_data
[12.751s] running egg_info
[12.754s] writing ../../build/controller/controller.egg-info/PKG-INFO
[12.755s] writing dependency_links to ../../build/controller/controller.egg-info/dependency_links.txt
[12.757s] writing entry points to ../../build/controller/controller.egg-info/entry_points.txt
[12.758s] writing requirements to ../../build/controller/controller.egg-info/requires.txt
[12.759s] writing top-level names to ../../build/controller/controller.egg-info/top_level.txt
[12.769s] reading manifest file '../../build/controller/controller.egg-info/SOURCES.txt'
[12.774s] writing manifest file '../../build/controller/controller.egg-info/SOURCES.txt'
[12.775s] running build
[12.775s] running build_py
[12.777s] copying controller/controller.py -> /home/berry/HeartBeat/build/controller/build/lib/controller
[12.781s] running install
[12.784s] running install_lib
[12.790s] copying /home/berry/HeartBeat/build/controller/build/lib/controller/controller.py -> /home/berry/HeartBeat/install/controller/lib/python3.10/site-packages/controller
[12.797s] byte-compiling /home/berry/HeartBeat/install/controller/lib/python3.10/site-packages/controller/controller.py to controller.cpython-310.pyc
[12.818s] running install_data
[12.819s] running install_egg_info
[12.899s] removing '/home/berry/HeartBeat/install/controller/lib/python3.10/site-packages/controller-0.0.0-py3.10.egg-info' (and everything under it)
[12.903s] Copying ../../build/controller/controller.egg-info to /home/berry/HeartBeat/install/controller/lib/python3.10/site-packages/controller-0.0.0-py3.10.egg-info
[12.912s] running install_scripts
[13.069s] writing list of installed files to '/home/berry/HeartBeat/build/controller/install.log'
[14.003s] Invoked command in '/home/berry/HeartBeat/src/controller' returned '0': PYTHONPATH=/home/berry/HeartBeat/build/controller/prefix_override:/usr/lib/python3/dist-packages/colcon_core/task/python/colcon_distutils_commands:/home/berry/HeartBeat/install/controller/lib/python3.10/site-packages:${PYTHONPATH} /usr/bin/python3 -W ignore:setup.py install is deprecated setup.py egg_info --egg-base ../../build/controller build --build-base /home/berry/HeartBeat/build/controller/build install --record /home/berry/HeartBeat/build/controller/install.log --single-version-externally-managed install_data
