[3.778s] Invoking command in '/home/berry/HeartBeat/src/track_server': PYTHONPATH=/home/berry/HeartBeat/build/track_server/prefix_override:/usr/lib/python3/dist-packages/colcon_core/task/python/colcon_distutils_commands:/home/berry/HeartBeat/install/track_server/lib/python3.10/site-packages:${PYTHONPATH} /usr/bin/python3 -W ignore:setup.py install is deprecated -W ignore:easy_install command is deprecated setup.py egg_info --egg-base ../../build/track_server build --build-base /home/berry/HeartBeat/build/track_server/build install --record /home/berry/HeartBeat/build/track_server/install.log --single-version-externally-managed install_data
[5.159s] running egg_info
[5.161s] creating ../../build/track_server/track_server.egg-info
[5.162s] writing ../../build/track_server/track_server.egg-info/PKG-INFO
[5.164s] writing dependency_links to ../../build/track_server/track_server.egg-info/dependency_links.txt
[5.164s] writing entry points to ../../build/track_server/track_server.egg-info/entry_points.txt
[5.165s] writing requirements to ../../build/track_server/track_server.egg-info/requires.txt
[5.166s] writing top-level names to ../../build/track_server/track_server.egg-info/top_level.txt
[5.167s] writing manifest file '../../build/track_server/track_server.egg-info/SOURCES.txt'
[5.176s] reading manifest file '../../build/track_server/track_server.egg-info/SOURCES.txt'
[5.179s] writing manifest file '../../build/track_server/track_server.egg-info/SOURCES.txt'
[5.180s] running build
[5.181s] running build_py
[5.181s] creating /home/berry/HeartBeat/build/track_server/build
[5.182s] creating /home/berry/HeartBeat/build/track_server/build/lib
[5.182s] creating /home/berry/HeartBeat/build/track_server/build/lib/track_server
[5.183s] copying track_server/track.py -> /home/berry/HeartBeat/build/track_server/build/lib/track_server
[5.184s] copying track_server/__init__.py -> /home/berry/HeartBeat/build/track_server/build/lib/track_server
[5.185s] copying track_server/track_server.py -> /home/berry/HeartBeat/build/track_server/build/lib/track_server
[5.187s] running install
[5.188s] running install_lib
[5.192s] creating /home/berry/HeartBeat/install/track_server/lib/python3.10/site-packages/track_server
[5.193s] copying /home/berry/HeartBeat/build/track_server/build/lib/track_server/track.py -> /home/berry/HeartBeat/install/track_server/lib/python3.10/site-packages/track_server
[5.194s] copying /home/berry/HeartBeat/build/track_server/build/lib/track_server/__init__.py -> /home/berry/HeartBeat/install/track_server/lib/python3.10/site-packages/track_server
[5.194s] copying /home/berry/HeartBeat/build/track_server/build/lib/track_server/track_server.py -> /home/berry/HeartBeat/install/track_server/lib/python3.10/site-packages/track_server
[5.197s] byte-compiling /home/berry/HeartBeat/install/track_server/lib/python3.10/site-packages/track_server/track.py to track.cpython-310.pyc
[5.202s] byte-compiling /home/berry/HeartBeat/install/track_server/lib/python3.10/site-packages/track_server/__init__.py to __init__.cpython-310.pyc
[5.203s] byte-compiling /home/berry/HeartBeat/install/track_server/lib/python3.10/site-packages/track_server/track_server.py to track_server.cpython-310.pyc
[5.208s] running install_data
[5.209s] creating /home/berry/HeartBeat/install/track_server/share/ament_index
[5.209s] creating /home/berry/HeartBeat/install/track_server/share/ament_index/resource_index
[5.210s] creating /home/berry/HeartBeat/install/track_server/share/ament_index/resource_index/packages
[5.210s] copying resource/track_server -> /home/berry/HeartBeat/install/track_server/share/ament_index/resource_index/packages
[5.211s] copying package.xml -> /home/berry/HeartBeat/install/track_server/share/track_server
[5.212s] running install_egg_info
[5.219s] Copying ../../build/track_server/track_server.egg-info to /home/berry/HeartBeat/install/track_server/lib/python3.10/site-packages/track_server-0.0.0-py3.10.egg-info
[5.226s] running install_scripts
[5.322s] Installing track_server script to /home/berry/HeartBeat/install/track_server/lib/track_server
[5.323s] writing list of installed files to '/home/berry/HeartBeat/build/track_server/install.log'
[5.460s] Invoked command in '/home/berry/HeartBeat/src/track_server' returned '0': PYTHONPATH=/home/berry/HeartBeat/build/track_server/prefix_override:/usr/lib/python3/dist-packages/colcon_core/task/python/colcon_distutils_commands:/home/berry/HeartBeat/install/track_server/lib/python3.10/site-packages:${PYTHONPATH} /usr/bin/python3 -W ignore:setup.py install is deprecated -W ignore:easy_install command is deprecated setup.py egg_info --egg-base ../../build/track_server build --build-base /home/berry/HeartBeat/build/track_server/build install --record /home/berry/HeartBeat/build/track_server/install.log --single-version-externally-managed install_data
