[10.048s] Invoking command in '/home/berry/HeartBeat/src/controller': PYTHONPATH=/home/berry/HeartBeat/build/controller/prefix_override:/usr/lib/python3/dist-packages/colcon_core/task/python/colcon_distutils_commands:/home/berry/HeartBeat/install/controller/lib/python3.10/site-packages:${PYTHONPATH} /usr/bin/python3 -W ignore:setup.py install is deprecated setup.py egg_info --egg-base ../../build/controller build --build-base /home/berry/HeartBeat/build/controller/build install --record /home/berry/HeartBeat/build/controller/install.log --single-version-externally-managed install_data
[12.859s] running egg_info
[12.863s] writing ../../build/controller/controller.egg-info/PKG-INFO
[12.866s] writing dependency_links to ../../build/controller/controller.egg-info/dependency_links.txt
[12.868s] writing entry points to ../../build/controller/controller.egg-info/entry_points.txt
[12.875s] writing requirements to ../../build/controller/controller.egg-info/requires.txt
[12.876s] writing top-level names to ../../build/controller/controller.egg-info/top_level.txt
[12.901s] reading manifest file '../../build/controller/controller.egg-info/SOURCES.txt'
[12.907s] writing manifest file '../../build/controller/controller.egg-info/SOURCES.txt'
[12.912s] running build
[12.913s] running build_py
[12.925s] copying controller/controller.py -> /home/berry/HeartBeat/build/controller/build/lib/controller
[12.927s] running install
[12.928s] running install_lib
[12.936s] copying /home/berry/HeartBeat/build/controller/build/lib/controller/controller.py -> /home/berry/HeartBeat/install/controller/lib/python3.10/site-packages/controller
[12.961s] byte-compiling /home/berry/HeartBeat/install/controller/lib/python3.10/site-packages/controller/controller.py to controller.cpython-310.pyc
[13.040s] running install_data
[13.048s] running install_egg_info
[13.215s] removing '/home/berry/HeartBeat/install/controller/lib/python3.10/site-packages/controller-0.0.0-py3.10.egg-info' (and everything under it)
[13.218s] Copying ../../build/controller/controller.egg-info to /home/berry/HeartBeat/install/controller/lib/python3.10/site-packages/controller-0.0.0-py3.10.egg-info
[13.247s] running install_scripts
[13.522s] writing list of installed files to '/home/berry/HeartBeat/build/controller/install.log'
[15.527s] Invoked command in '/home/berry/HeartBeat/src/controller' returned '0': PYTHONPATH=/home/berry/HeartBeat/build/controller/prefix_override:/usr/lib/python3/dist-packages/colcon_core/task/python/colcon_distutils_commands:/home/berry/HeartBeat/install/controller/lib/python3.10/site-packages:${PYTHONPATH} /usr/bin/python3 -W ignore:setup.py install is deprecated setup.py egg_info --egg-base ../../build/controller build --build-base /home/berry/HeartBeat/build/controller/build install --record /home/berry/HeartBeat/build/controller/install.log --single-version-externally-managed install_data
