[8.393s] Invoking command in '/home/berry/HeartBeat/src/belt_long_server': PYTHONPATH=/home/berry/HeartBeat/build/belt_long_server/prefix_override:/usr/lib/python3/dist-packages/colcon_core/task/python/colcon_distutils_commands:/home/berry/HeartBeat/install/belt_long_server/lib/python3.10/site-packages:${PYTHONPATH} /usr/bin/python3 -W ignore:setup.py install is deprecated setup.py egg_info --egg-base ../../build/belt_long_server build --build-base /home/berry/HeartBeat/build/belt_long_server/build install --record /home/berry/HeartBeat/build/belt_long_server/install.log --single-version-externally-managed install_data
[10.472s] running egg_info
[10.475s] creating ../../build/belt_long_server/belt_long_server.egg-info
[10.477s] writing ../../build/belt_long_server/belt_long_server.egg-info/PKG-INFO
[10.479s] writing dependency_links to ../../build/belt_long_server/belt_long_server.egg-info/dependency_links.txt
[10.480s] writing entry points to ../../build/belt_long_server/belt_long_server.egg-info/entry_points.txt
[10.482s] writing requirements to ../../build/belt_long_server/belt_long_server.egg-info/requires.txt
[10.482s] writing top-level names to ../../build/belt_long_server/belt_long_server.egg-info/top_level.txt
[10.484s] writing manifest file '../../build/belt_long_server/belt_long_server.egg-info/SOURCES.txt'
[10.496s] reading manifest file '../../build/belt_long_server/belt_long_server.egg-info/SOURCES.txt'
[10.499s] writing manifest file '../../build/belt_long_server/belt_long_server.egg-info/SOURCES.txt'
[10.500s] running build
[10.501s] running build_py
[10.501s] creating /home/berry/HeartBeat/build/belt_long_server/build
[10.502s] creating /home/berry/HeartBeat/build/belt_long_server/build/lib
[10.503s] creating /home/berry/HeartBeat/build/belt_long_server/build/lib/belt_long_server
[10.516s] copying belt_long_server/BeltCtr.py -> /home/berry/HeartBeat/build/belt_long_server/build/lib/belt_long_server
[10.519s] copying belt_long_server/belt_long_server.py -> /home/berry/HeartBeat/build/belt_long_server/build/lib/belt_long_server
[10.520s] copying belt_long_server/__init__.py -> /home/berry/HeartBeat/build/belt_long_server/build/lib/belt_long_server
[10.533s] running install
[10.534s] running install_lib
[10.535s] creating /home/berry/HeartBeat/install/belt_long_server/lib/python3.10/site-packages/belt_long_server
[10.536s] copying /home/berry/HeartBeat/build/belt_long_server/build/lib/belt_long_server/BeltCtr.py -> /home/berry/HeartBeat/install/belt_long_server/lib/python3.10/site-packages/belt_long_server
[10.537s] copying /home/berry/HeartBeat/build/belt_long_server/build/lib/belt_long_server/belt_long_server.py -> /home/berry/HeartBeat/install/belt_long_server/lib/python3.10/site-packages/belt_long_server
[10.538s] copying /home/berry/HeartBeat/build/belt_long_server/build/lib/belt_long_server/__init__.py -> /home/berry/HeartBeat/install/belt_long_server/lib/python3.10/site-packages/belt_long_server
[10.539s] byte-compiling /home/berry/HeartBeat/install/belt_long_server/lib/python3.10/site-packages/belt_long_server/BeltCtr.py to BeltCtr.cpython-310.pyc
[10.548s] byte-compiling /home/berry/HeartBeat/install/belt_long_server/lib/python3.10/site-packages/belt_long_server/belt_long_server.py to belt_long_server.cpython-310.pyc
[10.550s] byte-compiling /home/berry/HeartBeat/install/belt_long_server/lib/python3.10/site-packages/belt_long_server/__init__.py to __init__.cpython-310.pyc
[10.553s] running install_data
[10.554s] creating /home/berry/HeartBeat/install/belt_long_server/share/ament_index
[10.554s] creating /home/berry/HeartBeat/install/belt_long_server/share/ament_index/resource_index
[10.555s] creating /home/berry/HeartBeat/install/belt_long_server/share/ament_index/resource_index/packages
[10.556s] copying resource/belt_long_server -> /home/berry/HeartBeat/install/belt_long_server/share/ament_index/resource_index/packages
[10.556s] copying package.xml -> /home/berry/HeartBeat/install/belt_long_server/share/belt_long_server
[10.557s] running install_egg_info
[10.637s] Copying ../../build/belt_long_server/belt_long_server.egg-info to /home/berry/HeartBeat/install/belt_long_server/lib/python3.10/site-packages/belt_long_server-0.0.0-py3.10.egg-info
[10.653s] running install_scripts
[10.820s] Installing belt_long_server script to /home/berry/HeartBeat/install/belt_long_server/lib/belt_long_server
[10.822s] writing list of installed files to '/home/berry/HeartBeat/build/belt_long_server/install.log'
[11.059s] Invoked command in '/home/berry/HeartBeat/src/belt_long_server' returned '0': PYTHONPATH=/home/berry/HeartBeat/build/belt_long_server/prefix_override:/usr/lib/python3/dist-packages/colcon_core/task/python/colcon_distutils_commands:/home/berry/HeartBeat/install/belt_long_server/lib/python3.10/site-packages:${PYTHONPATH} /usr/bin/python3 -W ignore:setup.py install is deprecated setup.py egg_info --egg-base ../../build/belt_long_server build --build-base /home/berry/HeartBeat/build/belt_long_server/build install --record /home/berry/HeartBeat/build/belt_long_server/install.log --single-version-externally-managed install_data
