-- The C compiler identification is GNU 11.4.0
-- The CXX compiler identification is GNU 11.4.0
-- Detecting C compiler ABI info
-- Detecting C compiler ABI info - done
-- Check for working C compiler: /usr/bin/cc - skipped
-- Detecting C compile features
-- Detecting C compile features - done
-- Detecting CXX compiler ABI info
-- Detecting CXX compiler ABI info - done
-- Check for working CXX compiler: /usr/bin/c++ - skipped
-- Detecting CXX compile features
-- Detecting CXX compile features - done
-- Found rosidl_default_generators: 1.2.0 (/opt/ros/humble/share/rosidl_default_generators/cmake)
-- Found ament_cmake_core: 1.3.9 (/opt/ros/humble/share/ament_cmake_core/cmake)
-- Found Python3: /usr/bin/python3 (found version "3.10.12") found components: Interpreter 
-- Using all available rosidl_typesupport_c: rosidl_typesupport_fastrtps_c;rosidl_typesupport_introspection_c
-- Found rosidl_adapter: 3.1.5 (/opt/ros/humble/share/rosidl_adapter/cmake)
-- Using all available rosidl_typesupport_cpp: rosidl_typesupport_fastrtps_cpp;rosidl_typesupport_introspection_cpp
-- Found std_msgs: 4.2.4 (/opt/ros/humble/share/std_msgs/cmake)
-- Found ament_cmake_ros: 0.10.0 (/opt/ros/humble/share/ament_cmake_ros/cmake)
-- Using all available rosidl_typesupport_c: rosidl_typesupport_fastrtps_c;rosidl_typesupport_introspection_c
-- Using all available rosidl_typesupport_cpp: rosidl_typesupport_fastrtps_cpp;rosidl_typesupport_introspection_cpp
-- Found PythonInterp: /usr/bin/python3 (found suitable version "3.10.12", minimum required is "3.6") 
-- Found python_cmake_module: 0.10.0 (/opt/ros/humble/share/python_cmake_module/cmake)
-- Found PythonLibs: /usr/lib/aarch64-linux-gnu/libpython3.10.so (found suitable version "3.10.12", minimum required is "3.5") 
-- Using PYTHON_EXECUTABLE: /usr/bin/python3
-- Using PYTHON_INCLUDE_DIRS: /usr/include/python3.10
-- Using PYTHON_LIBRARIES: /usr/lib/aarch64-linux-gnu/libpython3.10.so
-- Found PythonExtra: .so  
-- Found ament_lint_auto: 0.12.11 (/opt/ros/humble/share/ament_lint_auto/cmake)
-- Added test 'lint_cmake' to check CMake code style
-- Added test 'xmllint' to check XML markup files
-- Configuring done
-- Generating done
-- Build files have been written to: /home/berry/HeartBeat/build/interfaces_new
[  0%] [34m[1mGenerating C code for ROS interfaces[0m
[  0%] [34m[1mGenerating C++ code for ROS interfaces[0m
[  0%] Built target ament_cmake_python_copy_interfaces_new
running egg_info
creating interfaces_new.egg-info
writing interfaces_new.egg-info/PKG-INFO
writing dependency_links to interfaces_new.egg-info/dependency_links.txt
writing top-level names to interfaces_new.egg-info/top_level.txt
writing manifest file 'interfaces_new.egg-info/SOURCES.txt'
reading manifest file 'interfaces_new.egg-info/SOURCES.txt'
writing manifest file 'interfaces_new.egg-info/SOURCES.txt'
[  0%] Built target ament_cmake_python_build_interfaces_new_egg
[  0%] Built target interfaces_new__cpp
[  1%] [34m[1mGenerating C++ type support dispatch for ROS interfaces[0m
[  2%] [34m[1mGenerating C++ type support for eProsima Fast-RTPS[0m
[  2%] [34m[1mGenerating C++ introspection for ROS interfaces[0m
[  3%] [32mBuilding C object CMakeFiles/interfaces_new__rosidl_generator_c.dir/rosidl_generator_c/interfaces_new/action/detail/arm1_test__functions.c.o[0m
[  4%] [32mBuilding C object CMakeFiles/interfaces_new__rosidl_generator_c.dir/rosidl_generator_c/interfaces_new/action/detail/arm2_test__functions.c.o[0m
[  4%] [32mBuilding C object CMakeFiles/interfaces_new__rosidl_generator_c.dir/rosidl_generator_c/interfaces_new/action/detail/stop_time__functions.c.o[0m
[  5%] [32mBuilding C object CMakeFiles/interfaces_new__rosidl_generator_c.dir/rosidl_generator_c/interfaces_new/action/detail/move_mood__functions.c.o[0m
[  6%] [32mBuilding C object CMakeFiles/interfaces_new__rosidl_generator_c.dir/rosidl_generator_c/interfaces_new/action/detail/move_time__functions.c.o[0m
[  6%] [32mBuilding C object CMakeFiles/interfaces_new__rosidl_generator_c.dir/rosidl_generator_c/interfaces_new/action/detail/is_moving__functions.c.o[0m
[  7%] [32mBuilding C object CMakeFiles/interfaces_new__rosidl_generator_c.dir/rosidl_generator_c/interfaces_new/action/detail/move_to_left__functions.c.o[0m
[  7%] [32mBuilding C object CMakeFiles/interfaces_new__rosidl_generator_c.dir/rosidl_generator_c/interfaces_new/action/detail/move_to_right__functions.c.o[0m
[  8%] [32mBuilding C object CMakeFiles/interfaces_new__rosidl_generator_c.dir/rosidl_generator_c/interfaces_new/action/detail/get_status__functions.c.o[0m
[  9%] [32mBuilding C object CMakeFiles/interfaces_new__rosidl_generator_c.dir/rosidl_generator_c/interfaces_new/action/detail/belt_move__functions.c.o[0m
[  9%] [32mBuilding C object CMakeFiles/interfaces_new__rosidl_generator_c.dir/rosidl_generator_c/interfaces_new/action/detail/belt_stop__functions.c.o[0m
[  9%] [32mBuilding CXX object CMakeFiles/interfaces_new__rosidl_typesupport_cpp.dir/rosidl_typesupport_cpp/interfaces_new/action/arm1_test__type_support.cpp.o[0m
[ 10%] [32mBuilding C object CMakeFiles/interfaces_new__rosidl_generator_c.dir/rosidl_generator_c/interfaces_new/action/detail/fetch__functions.c.o[0m
[ 11%] [32mBuilding C object CMakeFiles/interfaces_new__rosidl_generator_c.dir/rosidl_generator_c/interfaces_new/action/detail/gripper_open__functions.c.o[0m
[ 11%] [32mBuilding C object CMakeFiles/interfaces_new__rosidl_generator_c.dir/rosidl_generator_c/interfaces_new/action/detail/head_move__functions.c.o[0m
[ 12%] [32mBuilding C object CMakeFiles/interfaces_new__rosidl_generator_c.dir/rosidl_generator_c/interfaces_new/action/detail/multiple_turn__functions.c.o[0m
[ 13%] [32mBuilding CXX object CMakeFiles/interfaces_new__rosidl_typesupport_cpp.dir/rosidl_typesupport_cpp/interfaces_new/action/arm2_test__type_support.cpp.o[0m
[ 13%] [32mBuilding C object CMakeFiles/interfaces_new__rosidl_generator_c.dir/rosidl_generator_c/interfaces_new/msg/detail/arm1_heartbeat__functions.c.o[0m
[ 14%] [32mBuilding C object CMakeFiles/interfaces_new__rosidl_generator_c.dir/rosidl_generator_c/interfaces_new/msg/detail/arm2_heartbeat__functions.c.o[0m
[ 15%] [32mBuilding CXX object CMakeFiles/interfaces_new__rosidl_typesupport_introspection_cpp.dir/rosidl_typesupport_introspection_cpp/interfaces_new/action/detail/arm1_test__type_support.cpp.o[0m
[ 16%] [32m[1mLinking C shared library libinterfaces_new__rosidl_generator_c.so[0m
[ 16%] Built target interfaces_new__rosidl_generator_c
[ 17%] [34m[1mGenerating C type support for eProsima Fast-RTPS[0m
[ 18%] [32mBuilding CXX object CMakeFiles/interfaces_new__rosidl_typesupport_cpp.dir/rosidl_typesupport_cpp/interfaces_new/action/stop_time__type_support.cpp.o[0m
[ 18%] [32mBuilding CXX object CMakeFiles/interfaces_new__rosidl_typesupport_introspection_cpp.dir/rosidl_typesupport_introspection_cpp/interfaces_new/action/detail/arm2_test__type_support.cpp.o[0m
[ 19%] [32mBuilding CXX object CMakeFiles/interfaces_new__rosidl_typesupport_fastrtps_cpp.dir/rosidl_typesupport_fastrtps_cpp/interfaces_new/action/detail/dds_fastrtps/arm1_test__type_support.cpp.o[0m
[ 19%] [32mBuilding CXX object CMakeFiles/interfaces_new__rosidl_typesupport_cpp.dir/rosidl_typesupport_cpp/interfaces_new/action/move_mood__type_support.cpp.o[0m
[ 20%] [32mBuilding CXX object CMakeFiles/interfaces_new__rosidl_typesupport_introspection_cpp.dir/rosidl_typesupport_introspection_cpp/interfaces_new/action/detail/stop_time__type_support.cpp.o[0m
[ 20%] [32mBuilding CXX object CMakeFiles/interfaces_new__rosidl_typesupport_fastrtps_cpp.dir/rosidl_typesupport_fastrtps_cpp/interfaces_new/action/detail/dds_fastrtps/arm2_test__type_support.cpp.o[0m
[ 21%] [32mBuilding CXX object CMakeFiles/interfaces_new__rosidl_typesupport_cpp.dir/rosidl_typesupport_cpp/interfaces_new/action/move_time__type_support.cpp.o[0m
[ 22%] [32mBuilding CXX object CMakeFiles/interfaces_new__rosidl_typesupport_introspection_cpp.dir/rosidl_typesupport_introspection_cpp/interfaces_new/action/detail/move_mood__type_support.cpp.o[0m
[ 23%] [32mBuilding CXX object CMakeFiles/interfaces_new__rosidl_typesupport_cpp.dir/rosidl_typesupport_cpp/interfaces_new/action/is_moving__type_support.cpp.o[0m
[ 24%] [32mBuilding CXX object CMakeFiles/interfaces_new__rosidl_typesupport_fastrtps_cpp.dir/rosidl_typesupport_fastrtps_cpp/interfaces_new/action/detail/dds_fastrtps/stop_time__type_support.cpp.o[0m
[ 24%] [32mBuilding CXX object CMakeFiles/interfaces_new__rosidl_typesupport_introspection_cpp.dir/rosidl_typesupport_introspection_cpp/interfaces_new/action/detail/move_time__type_support.cpp.o[0m
[ 24%] [32mBuilding CXX object CMakeFiles/interfaces_new__rosidl_typesupport_cpp.dir/rosidl_typesupport_cpp/interfaces_new/action/move_to_left__type_support.cpp.o[0m
[ 25%] [32mBuilding CXX object CMakeFiles/interfaces_new__rosidl_typesupport_fastrtps_cpp.dir/rosidl_typesupport_fastrtps_cpp/interfaces_new/action/detail/dds_fastrtps/move_mood__type_support.cpp.o[0m
[ 26%] [32mBuilding CXX object CMakeFiles/interfaces_new__rosidl_typesupport_introspection_cpp.dir/rosidl_typesupport_introspection_cpp/interfaces_new/action/detail/is_moving__type_support.cpp.o[0m
[ 27%] [32mBuilding CXX object CMakeFiles/interfaces_new__rosidl_typesupport_cpp.dir/rosidl_typesupport_cpp/interfaces_new/action/move_to_right__type_support.cpp.o[0m
[ 27%] [32mBuilding CXX object CMakeFiles/interfaces_new__rosidl_typesupport_fastrtps_cpp.dir/rosidl_typesupport_fastrtps_cpp/interfaces_new/action/detail/dds_fastrtps/move_time__type_support.cpp.o[0m
[ 28%] [32mBuilding CXX object CMakeFiles/interfaces_new__rosidl_typesupport_introspection_cpp.dir/rosidl_typesupport_introspection_cpp/interfaces_new/action/detail/move_to_left__type_support.cpp.o[0m
[ 29%] [32mBuilding CXX object CMakeFiles/interfaces_new__rosidl_typesupport_cpp.dir/rosidl_typesupport_cpp/interfaces_new/action/get_status__type_support.cpp.o[0m
[ 30%] [32mBuilding CXX object CMakeFiles/interfaces_new__rosidl_typesupport_fastrtps_cpp.dir/rosidl_typesupport_fastrtps_cpp/interfaces_new/action/detail/dds_fastrtps/is_moving__type_support.cpp.o[0m
[ 30%] [32mBuilding CXX object CMakeFiles/interfaces_new__rosidl_typesupport_fastrtps_c.dir/rosidl_typesupport_fastrtps_c/interfaces_new/action/detail/arm1_test__type_support_c.cpp.o[0m
[ 30%] [32mBuilding CXX object CMakeFiles/interfaces_new__rosidl_typesupport_cpp.dir/rosidl_typesupport_cpp/interfaces_new/action/belt_move__type_support.cpp.o[0m
[ 30%] [32mBuilding CXX object CMakeFiles/interfaces_new__rosidl_typesupport_introspection_cpp.dir/rosidl_typesupport_introspection_cpp/interfaces_new/action/detail/move_to_right__type_support.cpp.o[0m
[ 30%] [32mBuilding CXX object CMakeFiles/interfaces_new__rosidl_typesupport_fastrtps_cpp.dir/rosidl_typesupport_fastrtps_cpp/interfaces_new/action/detail/dds_fastrtps/move_to_left__type_support.cpp.o[0m
[ 31%] [32mBuilding CXX object CMakeFiles/interfaces_new__rosidl_typesupport_fastrtps_c.dir/rosidl_typesupport_fastrtps_c/interfaces_new/action/detail/arm2_test__type_support_c.cpp.o[0m
[ 32%] [32mBuilding CXX object CMakeFiles/interfaces_new__rosidl_typesupport_cpp.dir/rosidl_typesupport_cpp/interfaces_new/action/belt_stop__type_support.cpp.o[0m
[ 33%] [32mBuilding CXX object CMakeFiles/interfaces_new__rosidl_typesupport_introspection_cpp.dir/rosidl_typesupport_introspection_cpp/interfaces_new/action/detail/get_status__type_support.cpp.o[0m
[ 34%] [32mBuilding CXX object CMakeFiles/interfaces_new__rosidl_typesupport_fastrtps_c.dir/rosidl_typesupport_fastrtps_c/interfaces_new/action/detail/stop_time__type_support_c.cpp.o[0m
[ 35%] [32mBuilding CXX object CMakeFiles/interfaces_new__rosidl_typesupport_fastrtps_cpp.dir/rosidl_typesupport_fastrtps_cpp/interfaces_new/action/detail/dds_fastrtps/move_to_right__type_support.cpp.o[0m
[ 35%] [32mBuilding CXX object CMakeFiles/interfaces_new__rosidl_typesupport_cpp.dir/rosidl_typesupport_cpp/interfaces_new/action/fetch__type_support.cpp.o[0m
[ 35%] [32mBuilding CXX object CMakeFiles/interfaces_new__rosidl_typesupport_fastrtps_c.dir/rosidl_typesupport_fastrtps_c/interfaces_new/action/detail/move_mood__type_support_c.cpp.o[0m
[ 36%] [32mBuilding CXX object CMakeFiles/interfaces_new__rosidl_typesupport_cpp.dir/rosidl_typesupport_cpp/interfaces_new/action/gripper_open__type_support.cpp.o[0m
[ 36%] [32mBuilding CXX object CMakeFiles/interfaces_new__rosidl_typesupport_introspection_cpp.dir/rosidl_typesupport_introspection_cpp/interfaces_new/action/detail/belt_move__type_support.cpp.o[0m
[ 37%] [32mBuilding CXX object CMakeFiles/interfaces_new__rosidl_typesupport_fastrtps_cpp.dir/rosidl_typesupport_fastrtps_cpp/interfaces_new/action/detail/dds_fastrtps/get_status__type_support.cpp.o[0m
[ 38%] [32mBuilding CXX object CMakeFiles/interfaces_new__rosidl_typesupport_fastrtps_c.dir/rosidl_typesupport_fastrtps_c/interfaces_new/action/detail/move_time__type_support_c.cpp.o[0m
[ 39%] [32mBuilding CXX object CMakeFiles/interfaces_new__rosidl_typesupport_cpp.dir/rosidl_typesupport_cpp/interfaces_new/action/head_move__type_support.cpp.o[0m
[ 39%] [32mBuilding CXX object CMakeFiles/interfaces_new__rosidl_typesupport_fastrtps_cpp.dir/rosidl_typesupport_fastrtps_cpp/interfaces_new/action/detail/dds_fastrtps/belt_move__type_support.cpp.o[0m
[ 40%] [32mBuilding CXX object CMakeFiles/interfaces_new__rosidl_typesupport_introspection_cpp.dir/rosidl_typesupport_introspection_cpp/interfaces_new/action/detail/belt_stop__type_support.cpp.o[0m
[ 41%] [32mBuilding CXX object CMakeFiles/interfaces_new__rosidl_typesupport_fastrtps_c.dir/rosidl_typesupport_fastrtps_c/interfaces_new/action/detail/is_moving__type_support_c.cpp.o[0m
[ 41%] [32mBuilding CXX object CMakeFiles/interfaces_new__rosidl_typesupport_cpp.dir/rosidl_typesupport_cpp/interfaces_new/action/multiple_turn__type_support.cpp.o[0m
[ 41%] [32mBuilding CXX object CMakeFiles/interfaces_new__rosidl_typesupport_fastrtps_c.dir/rosidl_typesupport_fastrtps_c/interfaces_new/action/detail/move_to_left__type_support_c.cpp.o[0m
[ 42%] [32mBuilding CXX object CMakeFiles/interfaces_new__rosidl_typesupport_fastrtps_cpp.dir/rosidl_typesupport_fastrtps_cpp/interfaces_new/action/detail/dds_fastrtps/belt_stop__type_support.cpp.o[0m
[ 43%] [32mBuilding CXX object CMakeFiles/interfaces_new__rosidl_typesupport_introspection_cpp.dir/rosidl_typesupport_introspection_cpp/interfaces_new/action/detail/fetch__type_support.cpp.o[0m
[ 44%] [32mBuilding CXX object CMakeFiles/interfaces_new__rosidl_typesupport_cpp.dir/rosidl_typesupport_cpp/interfaces_new/msg/arm1_heartbeat__type_support.cpp.o[0m
[ 45%] [32mBuilding CXX object CMakeFiles/interfaces_new__rosidl_typesupport_fastrtps_c.dir/rosidl_typesupport_fastrtps_c/interfaces_new/action/detail/move_to_right__type_support_c.cpp.o[0m
[ 46%] [32mBuilding CXX object CMakeFiles/interfaces_new__rosidl_typesupport_cpp.dir/rosidl_typesupport_cpp/interfaces_new/msg/arm2_heartbeat__type_support.cpp.o[0m
[ 47%] [32mBuilding CXX object CMakeFiles/interfaces_new__rosidl_typesupport_fastrtps_cpp.dir/rosidl_typesupport_fastrtps_cpp/interfaces_new/action/detail/dds_fastrtps/fetch__type_support.cpp.o[0m
[ 47%] [32mBuilding CXX object CMakeFiles/interfaces_new__rosidl_typesupport_fastrtps_c.dir/rosidl_typesupport_fastrtps_c/interfaces_new/action/detail/get_status__type_support_c.cpp.o[0m
[ 47%] [32m[1mLinking CXX shared library libinterfaces_new__rosidl_typesupport_cpp.so[0m
[ 47%] Built target interfaces_new__rosidl_typesupport_cpp
[ 47%] [32mBuilding CXX object CMakeFiles/interfaces_new__rosidl_typesupport_introspection_cpp.dir/rosidl_typesupport_introspection_cpp/interfaces_new/action/detail/gripper_open__type_support.cpp.o[0m
[ 48%] [32mBuilding CXX object CMakeFiles/interfaces_new__rosidl_typesupport_fastrtps_c.dir/rosidl_typesupport_fastrtps_c/interfaces_new/action/detail/belt_move__type_support_c.cpp.o[0m
[ 48%] [32mBuilding CXX object CMakeFiles/interfaces_new__rosidl_typesupport_fastrtps_cpp.dir/rosidl_typesupport_fastrtps_cpp/interfaces_new/action/detail/dds_fastrtps/gripper_open__type_support.cpp.o[0m
[ 49%] [32mBuilding CXX object CMakeFiles/interfaces_new__rosidl_typesupport_fastrtps_c.dir/rosidl_typesupport_fastrtps_c/interfaces_new/action/detail/belt_stop__type_support_c.cpp.o[0m
[ 50%] [32mBuilding CXX object CMakeFiles/interfaces_new__rosidl_typesupport_introspection_cpp.dir/rosidl_typesupport_introspection_cpp/interfaces_new/action/detail/head_move__type_support.cpp.o[0m
[ 51%] [32mBuilding CXX object CMakeFiles/interfaces_new__rosidl_typesupport_fastrtps_cpp.dir/rosidl_typesupport_fastrtps_cpp/interfaces_new/action/detail/dds_fastrtps/head_move__type_support.cpp.o[0m
[ 51%] [32mBuilding CXX object CMakeFiles/interfaces_new__rosidl_typesupport_fastrtps_c.dir/rosidl_typesupport_fastrtps_c/interfaces_new/action/detail/fetch__type_support_c.cpp.o[0m
[ 52%] [32mBuilding CXX object CMakeFiles/interfaces_new__rosidl_typesupport_introspection_cpp.dir/rosidl_typesupport_introspection_cpp/interfaces_new/action/detail/multiple_turn__type_support.cpp.o[0m
[ 53%] [32mBuilding CXX object CMakeFiles/interfaces_new__rosidl_typesupport_fastrtps_c.dir/rosidl_typesupport_fastrtps_c/interfaces_new/action/detail/gripper_open__type_support_c.cpp.o[0m
[ 53%] [32mBuilding CXX object CMakeFiles/interfaces_new__rosidl_typesupport_fastrtps_cpp.dir/rosidl_typesupport_fastrtps_cpp/interfaces_new/action/detail/dds_fastrtps/multiple_turn__type_support.cpp.o[0m
[ 54%] [32mBuilding CXX object CMakeFiles/interfaces_new__rosidl_typesupport_fastrtps_c.dir/rosidl_typesupport_fastrtps_c/interfaces_new/action/detail/head_move__type_support_c.cpp.o[0m
[ 54%] [32mBuilding CXX object CMakeFiles/interfaces_new__rosidl_typesupport_introspection_cpp.dir/rosidl_typesupport_introspection_cpp/interfaces_new/msg/detail/arm1_heartbeat__type_support.cpp.o[0m
[ 55%] [32mBuilding CXX object CMakeFiles/interfaces_new__rosidl_typesupport_fastrtps_cpp.dir/rosidl_typesupport_fastrtps_cpp/interfaces_new/msg/detail/dds_fastrtps/arm1_heartbeat__type_support.cpp.o[0m
[ 55%] [32mBuilding CXX object CMakeFiles/interfaces_new__rosidl_typesupport_fastrtps_c.dir/rosidl_typesupport_fastrtps_c/interfaces_new/action/detail/multiple_turn__type_support_c.cpp.o[0m
[ 56%] [32mBuilding CXX object CMakeFiles/interfaces_new__rosidl_typesupport_introspection_cpp.dir/rosidl_typesupport_introspection_cpp/interfaces_new/msg/detail/arm2_heartbeat__type_support.cpp.o[0m
[ 57%] [32mBuilding CXX object CMakeFiles/interfaces_new__rosidl_typesupport_fastrtps_cpp.dir/rosidl_typesupport_fastrtps_cpp/interfaces_new/msg/detail/dds_fastrtps/arm2_heartbeat__type_support.cpp.o[0m
[ 58%] [32mBuilding CXX object CMakeFiles/interfaces_new__rosidl_typesupport_fastrtps_c.dir/rosidl_typesupport_fastrtps_c/interfaces_new/msg/detail/arm1_heartbeat__type_support_c.cpp.o[0m
[ 59%] [32m[1mLinking CXX shared library libinterfaces_new__rosidl_typesupport_introspection_cpp.so[0m
[ 59%] Built target interfaces_new__rosidl_typesupport_introspection_cpp
[ 59%] [32m[1mLinking CXX shared library libinterfaces_new__rosidl_typesupport_fastrtps_cpp.so[0m
[ 60%] [32mBuilding CXX object CMakeFiles/interfaces_new__rosidl_typesupport_fastrtps_c.dir/rosidl_typesupport_fastrtps_c/interfaces_new/msg/detail/arm2_heartbeat__type_support_c.cpp.o[0m
[ 60%] Built target interfaces_new__rosidl_typesupport_fastrtps_cpp
[ 60%] [32m[1mLinking CXX shared library libinterfaces_new__rosidl_typesupport_fastrtps_c.so[0m
[ 60%] Built target interfaces_new__rosidl_typesupport_fastrtps_c
[ 61%] [34m[1mGenerating C type support dispatch for ROS interfaces[0m
[ 61%] [32mBuilding CXX object CMakeFiles/interfaces_new__rosidl_typesupport_c.dir/rosidl_typesupport_c/interfaces_new/action/arm1_test__type_support.cpp.o[0m
[ 62%] [32mBuilding CXX object CMakeFiles/interfaces_new__rosidl_typesupport_c.dir/rosidl_typesupport_c/interfaces_new/action/arm2_test__type_support.cpp.o[0m
[ 63%] [32mBuilding CXX object CMakeFiles/interfaces_new__rosidl_typesupport_c.dir/rosidl_typesupport_c/interfaces_new/action/stop_time__type_support.cpp.o[0m
[ 63%] [32mBuilding CXX object CMakeFiles/interfaces_new__rosidl_typesupport_c.dir/rosidl_typesupport_c/interfaces_new/action/move_mood__type_support.cpp.o[0m
[ 64%] [32mBuilding CXX object CMakeFiles/interfaces_new__rosidl_typesupport_c.dir/rosidl_typesupport_c/interfaces_new/action/move_time__type_support.cpp.o[0m
[ 64%] [32mBuilding CXX object CMakeFiles/interfaces_new__rosidl_typesupport_c.dir/rosidl_typesupport_c/interfaces_new/action/is_moving__type_support.cpp.o[0m
[ 65%] [32mBuilding CXX object CMakeFiles/interfaces_new__rosidl_typesupport_c.dir/rosidl_typesupport_c/interfaces_new/action/move_to_left__type_support.cpp.o[0m
[ 66%] [32mBuilding CXX object CMakeFiles/interfaces_new__rosidl_typesupport_c.dir/rosidl_typesupport_c/interfaces_new/action/move_to_right__type_support.cpp.o[0m
[ 66%] [32mBuilding CXX object CMakeFiles/interfaces_new__rosidl_typesupport_c.dir/rosidl_typesupport_c/interfaces_new/action/get_status__type_support.cpp.o[0m
[ 67%] [32mBuilding CXX object CMakeFiles/interfaces_new__rosidl_typesupport_c.dir/rosidl_typesupport_c/interfaces_new/action/belt_move__type_support.cpp.o[0m
[ 68%] [32mBuilding CXX object CMakeFiles/interfaces_new__rosidl_typesupport_c.dir/rosidl_typesupport_c/interfaces_new/action/belt_stop__type_support.cpp.o[0m
[ 68%] [32mBuilding CXX object CMakeFiles/interfaces_new__rosidl_typesupport_c.dir/rosidl_typesupport_c/interfaces_new/action/fetch__type_support.cpp.o[0m
[ 69%] [32mBuilding CXX object CMakeFiles/interfaces_new__rosidl_typesupport_c.dir/rosidl_typesupport_c/interfaces_new/action/gripper_open__type_support.cpp.o[0m
[ 69%] [32mBuilding CXX object CMakeFiles/interfaces_new__rosidl_typesupport_c.dir/rosidl_typesupport_c/interfaces_new/action/head_move__type_support.cpp.o[0m
[ 70%] [32mBuilding CXX object CMakeFiles/interfaces_new__rosidl_typesupport_c.dir/rosidl_typesupport_c/interfaces_new/action/multiple_turn__type_support.cpp.o[0m
[ 71%] [32mBuilding CXX object CMakeFiles/interfaces_new__rosidl_typesupport_c.dir/rosidl_typesupport_c/interfaces_new/msg/arm1_heartbeat__type_support.cpp.o[0m
[ 71%] [32mBuilding CXX object CMakeFiles/interfaces_new__rosidl_typesupport_c.dir/rosidl_typesupport_c/interfaces_new/msg/arm2_heartbeat__type_support.cpp.o[0m
[ 72%] [32m[1mLinking CXX shared library libinterfaces_new__rosidl_typesupport_c.so[0m
[ 72%] Built target interfaces_new__rosidl_typesupport_c
[ 73%] [34m[1mGenerating C introspection for ROS interfaces[0m
[ 74%] [32mBuilding C object CMakeFiles/interfaces_new__rosidl_typesupport_introspection_c.dir/rosidl_typesupport_introspection_c/interfaces_new/action/detail/arm1_test__type_support.c.o[0m
[ 74%] [32mBuilding C object CMakeFiles/interfaces_new__rosidl_typesupport_introspection_c.dir/rosidl_typesupport_introspection_c/interfaces_new/action/detail/arm2_test__type_support.c.o[0m
[ 75%] [32mBuilding C object CMakeFiles/interfaces_new__rosidl_typesupport_introspection_c.dir/rosidl_typesupport_introspection_c/interfaces_new/action/detail/stop_time__type_support.c.o[0m
[ 75%] [32mBuilding C object CMakeFiles/interfaces_new__rosidl_typesupport_introspection_c.dir/rosidl_typesupport_introspection_c/interfaces_new/action/detail/move_mood__type_support.c.o[0m
[ 76%] [32mBuilding C object CMakeFiles/interfaces_new__rosidl_typesupport_introspection_c.dir/rosidl_typesupport_introspection_c/interfaces_new/action/detail/move_time__type_support.c.o[0m
[ 77%] [32mBuilding C object CMakeFiles/interfaces_new__rosidl_typesupport_introspection_c.dir/rosidl_typesupport_introspection_c/interfaces_new/action/detail/is_moving__type_support.c.o[0m
[ 77%] [32mBuilding C object CMakeFiles/interfaces_new__rosidl_typesupport_introspection_c.dir/rosidl_typesupport_introspection_c/interfaces_new/action/detail/move_to_left__type_support.c.o[0m
[ 78%] [32mBuilding C object CMakeFiles/interfaces_new__rosidl_typesupport_introspection_c.dir/rosidl_typesupport_introspection_c/interfaces_new/action/detail/move_to_right__type_support.c.o[0m
[ 79%] [32mBuilding C object CMakeFiles/interfaces_new__rosidl_typesupport_introspection_c.dir/rosidl_typesupport_introspection_c/interfaces_new/action/detail/get_status__type_support.c.o[0m
[ 79%] [32mBuilding C object CMakeFiles/interfaces_new__rosidl_typesupport_introspection_c.dir/rosidl_typesupport_introspection_c/interfaces_new/action/detail/belt_move__type_support.c.o[0m
[ 80%] [32mBuilding C object CMakeFiles/interfaces_new__rosidl_typesupport_introspection_c.dir/rosidl_typesupport_introspection_c/interfaces_new/action/detail/belt_stop__type_support.c.o[0m
[ 81%] [32mBuilding C object CMakeFiles/interfaces_new__rosidl_typesupport_introspection_c.dir/rosidl_typesupport_introspection_c/interfaces_new/action/detail/fetch__type_support.c.o[0m
[ 81%] [32mBuilding C object CMakeFiles/interfaces_new__rosidl_typesupport_introspection_c.dir/rosidl_typesupport_introspection_c/interfaces_new/action/detail/gripper_open__type_support.c.o[0m
[ 82%] [32mBuilding C object CMakeFiles/interfaces_new__rosidl_typesupport_introspection_c.dir/rosidl_typesupport_introspection_c/interfaces_new/action/detail/head_move__type_support.c.o[0m
[ 82%] [32mBuilding C object CMakeFiles/interfaces_new__rosidl_typesupport_introspection_c.dir/rosidl_typesupport_introspection_c/interfaces_new/action/detail/multiple_turn__type_support.c.o[0m
[ 83%] [32mBuilding C object CMakeFiles/interfaces_new__rosidl_typesupport_introspection_c.dir/rosidl_typesupport_introspection_c/interfaces_new/msg/detail/arm1_heartbeat__type_support.c.o[0m
[ 84%] [32mBuilding C object CMakeFiles/interfaces_new__rosidl_typesupport_introspection_c.dir/rosidl_typesupport_introspection_c/interfaces_new/msg/detail/arm2_heartbeat__type_support.c.o[0m
[ 84%] [32m[1mLinking C shared library libinterfaces_new__rosidl_typesupport_introspection_c.so[0m
[ 84%] Built target interfaces_new__rosidl_typesupport_introspection_c
[ 84%] Built target interfaces_new
[ 85%] [34m[1mGenerating Python code for ROS interfaces[0m
[ 85%] Built target interfaces_new__py
[ 86%] [32mBuilding C object CMakeFiles/interfaces_new__rosidl_generator_py.dir/rosidl_generator_py/interfaces_new/action/_arm2_test_s.c.o[0m
[ 86%] [32mBuilding C object CMakeFiles/interfaces_new__rosidl_generator_py.dir/rosidl_generator_py/interfaces_new/action/_move_mood_s.c.o[0m
[ 86%] [32mBuilding C object CMakeFiles/interfaces_new__rosidl_generator_py.dir/rosidl_generator_py/interfaces_new/action/_arm1_test_s.c.o[0m
[ 87%] [32mBuilding C object CMakeFiles/interfaces_new__rosidl_generator_py.dir/rosidl_generator_py/interfaces_new/action/_stop_time_s.c.o[0m
[ 88%] [32mBuilding C object CMakeFiles/interfaces_new__rosidl_generator_py.dir/rosidl_generator_py/interfaces_new/action/_move_time_s.c.o[0m
[ 88%] [32mBuilding C object CMakeFiles/interfaces_new__rosidl_generator_py.dir/rosidl_generator_py/interfaces_new/action/_is_moving_s.c.o[0m
[ 89%] [32mBuilding C object CMakeFiles/interfaces_new__rosidl_generator_py.dir/rosidl_generator_py/interfaces_new/action/_move_to_left_s.c.o[0m
[ 90%] [32mBuilding C object CMakeFiles/interfaces_new__rosidl_generator_py.dir/rosidl_generator_py/interfaces_new/action/_move_to_right_s.c.o[0m
[ 90%] [32mBuilding C object CMakeFiles/interfaces_new__rosidl_generator_py.dir/rosidl_generator_py/interfaces_new/action/_get_status_s.c.o[0m
[ 91%] [32mBuilding C object CMakeFiles/interfaces_new__rosidl_generator_py.dir/rosidl_generator_py/interfaces_new/action/_belt_move_s.c.o[0m
[ 92%] [32mBuilding C object CMakeFiles/interfaces_new__rosidl_generator_py.dir/rosidl_generator_py/interfaces_new/action/_belt_stop_s.c.o[0m
[ 92%] [32mBuilding C object CMakeFiles/interfaces_new__rosidl_generator_py.dir/rosidl_generator_py/interfaces_new/action/_fetch_s.c.o[0m
[ 93%] [32mBuilding C object CMakeFiles/interfaces_new__rosidl_generator_py.dir/rosidl_generator_py/interfaces_new/action/_gripper_open_s.c.o[0m
[ 94%] [32mBuilding C object CMakeFiles/interfaces_new__rosidl_generator_py.dir/rosidl_generator_py/interfaces_new/action/_head_move_s.c.o[0m
[ 94%] [32mBuilding C object CMakeFiles/interfaces_new__rosidl_generator_py.dir/rosidl_generator_py/interfaces_new/action/_multiple_turn_s.c.o[0m
[ 95%] [32mBuilding C object CMakeFiles/interfaces_new__rosidl_generator_py.dir/rosidl_generator_py/interfaces_new/msg/_arm1_heartbeat_s.c.o[0m
[ 95%] [32mBuilding C object CMakeFiles/interfaces_new__rosidl_generator_py.dir/rosidl_generator_py/interfaces_new/msg/_arm2_heartbeat_s.c.o[0m
[ 96%] [32m[1mLinking C shared library rosidl_generator_py/interfaces_new/libinterfaces_new__rosidl_generator_py.so[0m
[ 96%] Built target interfaces_new__rosidl_generator_py
[ 97%] [32mBuilding C object CMakeFiles/interfaces_new__rosidl_typesupport_fastrtps_c__pyext.dir/rosidl_generator_py/interfaces_new/_interfaces_new_s.ep.rosidl_typesupport_fastrtps_c.c.o[0m
[ 98%] [32mBuilding C object CMakeFiles/interfaces_new__rosidl_typesupport_c__pyext.dir/rosidl_generator_py/interfaces_new/_interfaces_new_s.ep.rosidl_typesupport_c.c.o[0m
[ 99%] [32mBuilding C object CMakeFiles/interfaces_new__rosidl_typesupport_introspection_c__pyext.dir/rosidl_generator_py/interfaces_new/_interfaces_new_s.ep.rosidl_typesupport_introspection_c.c.o[0m
