[5.163s] Invoking command in '/home/berry/HeartBeat/build/interfaces': CMAKE_PREFIX_PATH=${CMAKE_PREFIX_PATH}:/home/berry/HeartBeat/install/track_server:/home/berry/HeartBeat/install/controller:/home/berry/HeartBeat/install/belt_short_server:/home/berry/HeartBeat/install/belt_long_server:/home/berry/RoArm/install/test1:/home/berry/RoArm/install/serial_ctrl:/home/berry/RoArm/install/pos_sub:/home/berry/RoArm/install/pos_pub:/home/berry/RoArm/install/pos_client:/home/berry/RoArm/install/Position_Sub:/home/berry/RoArm/install/Pos_Server:/home/berry/RoArm/install/Pos_Client:/home/berry/ices_ws/install/track_server:/home/berry/ices_ws/install/launch_test:/home/berry/ices_ws/install/control:/home/berry/ices_ws/install/c_arm:/home/berry/ices_ws/install/arm_server:/home/berry/ices_ws/install/belt_short_server:/home/berry/ices_ws/install/belt_short_client:/home/berry/ices_ws/install/belt_long_server:/opt/ros/humble /usr/bin/cmake --build /home/berry/HeartBeat/build/interfaces -- -j4 -l4
[5.348s] -- Found rosidl_default_generators: 1.2.0 (/opt/ros/humble/share/rosidl_default_generators/cmake)
[5.350s] -- Found ament_cmake_core: 1.3.9 (/opt/ros/humble/share/ament_cmake_core/cmake)
[6.526s] -- Using all available rosidl_typesupport_c: rosidl_typesupport_fastrtps_c;rosidl_typesupport_introspection_c
[6.546s] -- Found rosidl_adapter: 3.1.5 (/opt/ros/humble/share/rosidl_adapter/cmake)
[6.859s] -- Using all available rosidl_typesupport_cpp: rosidl_typesupport_fastrtps_cpp;rosidl_typesupport_introspection_cpp
[7.031s] -- Found std_msgs: 4.2.4 (/opt/ros/humble/share/std_msgs/cmake)
[11.441s] -- Found ament_cmake_ros: 0.10.0 (/opt/ros/humble/share/ament_cmake_ros/cmake)
[12.971s] -- Using all available rosidl_typesupport_c: rosidl_typesupport_fastrtps_c;rosidl_typesupport_introspection_c
[15.019s] -- Using all available rosidl_typesupport_cpp: rosidl_typesupport_fastrtps_cpp;rosidl_typesupport_introspection_cpp
[15.185s] -- Found python_cmake_module: 0.10.0 (/opt/ros/humble/share/python_cmake_module/cmake)
[15.360s] -- Using PYTHON_EXECUTABLE: /usr/bin/python3
[15.360s] -- Using PYTHON_INCLUDE_DIRS: /usr/include/python3.10
[15.361s] -- Using PYTHON_LIBRARIES: /usr/lib/aarch64-linux-gnu/libpython3.10.so
[15.617s] -- Found ament_lint_auto: 0.12.11 (/opt/ros/humble/share/ament_lint_auto/cmake)
[15.689s] -- Added test 'lint_cmake' to check CMake code style
[15.706s] -- Added test 'xmllint' to check XML markup files
[15.717s] -- Configuring done
[16.126s] -- Generating done
[16.151s] -- Build files have been written to: /home/berry/HeartBeat/build/interfaces
[16.311s] [  0%] [34m[1mGenerating C code for ROS interfaces[0m
[16.371s] [  0%] [34m[1mGenerating C++ code for ROS interfaces[0m
[16.509s] [  0%] Built target ament_cmake_python_copy_interfaces
[18.731s] running egg_info
[18.734s] writing interfaces.egg-info/PKG-INFO
[18.736s] writing dependency_links to interfaces.egg-info/dependency_links.txt
[18.737s] writing top-level names to interfaces.egg-info/top_level.txt
[18.750s] reading manifest file 'interfaces.egg-info/SOURCES.txt'
[18.754s] writing manifest file 'interfaces.egg-info/SOURCES.txt'
[18.912s] [  0%] Built target ament_cmake_python_build_interfaces_egg
[35.573s] [  0%] Built target interfaces__cpp
[35.638s] [  1%] [34m[1mGenerating C++ type support dispatch for ROS interfaces[0m
[35.703s] [  2%] [34m[1mGenerating C++ type support for eProsima Fast-RTPS[0m
[35.741s] [  2%] [34m[1mGenerating C++ introspection for ROS interfaces[0m
[38.799s] [35m[1mConsolidate compiler generated dependencies of target interfaces__rosidl_generator_c[0m
[38.901s] [  3%] [32mBuilding C object CMakeFiles/interfaces__rosidl_generator_c.dir/rosidl_generator_c/interfaces/action/detail/arm1_test__functions.c.o[0m
[39.664s] [  4%] [32mBuilding C object CMakeFiles/interfaces__rosidl_generator_c.dir/rosidl_generator_c/interfaces/action/detail/arm2_test__functions.c.o[0m
[40.424s] [  4%] [32mBuilding C object CMakeFiles/interfaces__rosidl_generator_c.dir/rosidl_generator_c/interfaces/action/detail/stop_time__functions.c.o[0m
[41.186s] [  5%] [32mBuilding C object CMakeFiles/interfaces__rosidl_generator_c.dir/rosidl_generator_c/interfaces/action/detail/move_mood__functions.c.o[0m
[41.941s] [  6%] [32mBuilding C object CMakeFiles/interfaces__rosidl_generator_c.dir/rosidl_generator_c/interfaces/action/detail/move_time__functions.c.o[0m
[42.700s] [  6%] [32mBuilding C object CMakeFiles/interfaces__rosidl_generator_c.dir/rosidl_generator_c/interfaces/action/detail/is_moving__functions.c.o[0m
[43.476s] [  7%] [32mBuilding C object CMakeFiles/interfaces__rosidl_generator_c.dir/rosidl_generator_c/interfaces/action/detail/move_to_left__functions.c.o[0m
[44.271s] [  7%] [32mBuilding C object CMakeFiles/interfaces__rosidl_generator_c.dir/rosidl_generator_c/interfaces/action/detail/move_to_right__functions.c.o[0m
[45.045s] [35m[1mConsolidate compiler generated dependencies of target interfaces__rosidl_typesupport_cpp[0m
[45.072s] [  8%] [32mBuilding C object CMakeFiles/interfaces__rosidl_generator_c.dir/rosidl_generator_c/interfaces/action/detail/get_status__functions.c.o[0m
[45.212s] [  8%] [32mBuilding CXX object CMakeFiles/interfaces__rosidl_typesupport_cpp.dir/rosidl_typesupport_cpp/interfaces/action/arm1_test__type_support.cpp.o[0m
[45.844s] [  9%] [32mBuilding C object CMakeFiles/interfaces__rosidl_generator_c.dir/rosidl_generator_c/interfaces/action/detail/belt_move__functions.c.o[0m
[46.688s] [  9%] [32mBuilding C object CMakeFiles/interfaces__rosidl_generator_c.dir/rosidl_generator_c/interfaces/action/detail/belt_stop__functions.c.o[0m
[47.517s] [ 10%] [32mBuilding C object CMakeFiles/interfaces__rosidl_generator_c.dir/rosidl_generator_c/interfaces/action/detail/fetch__functions.c.o[0m
[48.269s] [ 11%] [32mBuilding CXX object CMakeFiles/interfaces__rosidl_typesupport_cpp.dir/rosidl_typesupport_cpp/interfaces/action/arm2_test__type_support.cpp.o[0m
[48.363s] [ 12%] [32mBuilding C object CMakeFiles/interfaces__rosidl_generator_c.dir/rosidl_generator_c/interfaces/action/detail/gripper_open__functions.c.o[0m
[49.200s] [ 12%] [32mBuilding C object CMakeFiles/interfaces__rosidl_generator_c.dir/rosidl_generator_c/interfaces/action/detail/head_move__functions.c.o[0m
[50.000s] [35m[1mConsolidate compiler generated dependencies of target interfaces__rosidl_typesupport_introspection_cpp[0m
[50.078s] [ 13%] [32mBuilding C object CMakeFiles/interfaces__rosidl_generator_c.dir/rosidl_generator_c/interfaces/action/detail/multiple_turn__functions.c.o[0m
[50.181s] [ 14%] [32mBuilding CXX object CMakeFiles/interfaces__rosidl_typesupport_introspection_cpp.dir/rosidl_typesupport_introspection_cpp/interfaces/action/detail/arm1_test__type_support.cpp.o[0m
[50.987s] [ 14%] [32mBuilding C object CMakeFiles/interfaces__rosidl_generator_c.dir/rosidl_generator_c/interfaces/msg/detail/arm1_heartbeat__functions.c.o[0m
[51.336s] [ 15%] [32mBuilding C object CMakeFiles/interfaces__rosidl_generator_c.dir/rosidl_generator_c/interfaces/msg/detail/arm2_heartbeat__functions.c.o[0m
[51.426s] [ 16%] [32mBuilding CXX object CMakeFiles/interfaces__rosidl_typesupport_cpp.dir/rosidl_typesupport_cpp/interfaces/action/stop_time__type_support.cpp.o[0m
[51.659s] [ 17%] [32m[1mLinking C shared library libinterfaces__rosidl_generator_c.so[0m
[51.964s] [ 17%] Built target interfaces__rosidl_generator_c
[52.016s] [ 17%] [32mBuilding CXX object CMakeFiles/interfaces__rosidl_typesupport_introspection_cpp.dir/rosidl_typesupport_introspection_cpp/interfaces/action/detail/arm2_test__type_support.cpp.o[0m
[54.187s] [ 18%] [32mBuilding CXX object CMakeFiles/interfaces__rosidl_typesupport_introspection_cpp.dir/rosidl_typesupport_introspection_cpp/interfaces/action/detail/stop_time__type_support.cpp.o[0m
[54.673s] [ 18%] [32mBuilding CXX object CMakeFiles/interfaces__rosidl_typesupport_cpp.dir/rosidl_typesupport_cpp/interfaces/action/move_mood__type_support.cpp.o[0m
[56.034s] [35m[1mConsolidate compiler generated dependencies of target interfaces__rosidl_typesupport_fastrtps_cpp[0m
[56.171s] [ 19%] [32mBuilding CXX object CMakeFiles/interfaces__rosidl_typesupport_introspection_cpp.dir/rosidl_typesupport_introspection_cpp/interfaces/action/detail/move_mood__type_support.cpp.o[0m
[56.240s] [ 20%] [32mBuilding CXX object CMakeFiles/interfaces__rosidl_typesupport_fastrtps_cpp.dir/rosidl_typesupport_fastrtps_cpp/interfaces/action/detail/dds_fastrtps/arm1_test__type_support.cpp.o[0m
[57.819s] [ 21%] [32mBuilding CXX object CMakeFiles/interfaces__rosidl_typesupport_cpp.dir/rosidl_typesupport_cpp/interfaces/action/move_time__type_support.cpp.o[0m
[58.285s] [ 21%] [32mBuilding CXX object CMakeFiles/interfaces__rosidl_typesupport_introspection_cpp.dir/rosidl_typesupport_introspection_cpp/interfaces/action/detail/move_time__type_support.cpp.o[0m
[60.197s] [ 21%] [32mBuilding CXX object CMakeFiles/interfaces__rosidl_typesupport_fastrtps_cpp.dir/rosidl_typesupport_fastrtps_cpp/interfaces/action/detail/dds_fastrtps/arm2_test__type_support.cpp.o[0m
[60.282s] [ 22%] [32mBuilding CXX object CMakeFiles/interfaces__rosidl_typesupport_introspection_cpp.dir/rosidl_typesupport_introspection_cpp/interfaces/action/detail/is_moving__type_support.cpp.o[0m
[60.969s] [ 23%] [32mBuilding CXX object CMakeFiles/interfaces__rosidl_typesupport_cpp.dir/rosidl_typesupport_cpp/interfaces/action/is_moving__type_support.cpp.o[0m
[62.425s] [ 24%] [32mBuilding CXX object CMakeFiles/interfaces__rosidl_typesupport_introspection_cpp.dir/rosidl_typesupport_introspection_cpp/interfaces/action/detail/move_to_left__type_support.cpp.o[0m
[64.148s] [ 25%] [32mBuilding CXX object CMakeFiles/interfaces__rosidl_typesupport_fastrtps_cpp.dir/rosidl_typesupport_fastrtps_cpp/interfaces/action/detail/dds_fastrtps/stop_time__type_support.cpp.o[0m
[64.177s] [ 25%] [32mBuilding CXX object CMakeFiles/interfaces__rosidl_typesupport_cpp.dir/rosidl_typesupport_cpp/interfaces/action/move_to_left__type_support.cpp.o[0m
[64.339s] [ 25%] [32mBuilding CXX object CMakeFiles/interfaces__rosidl_typesupport_introspection_cpp.dir/rosidl_typesupport_introspection_cpp/interfaces/action/detail/move_to_right__type_support.cpp.o[0m
[66.579s] [ 26%] [32mBuilding CXX object CMakeFiles/interfaces__rosidl_typesupport_introspection_cpp.dir/rosidl_typesupport_introspection_cpp/interfaces/action/detail/get_status__type_support.cpp.o[0m
[67.355s] [ 27%] [32mBuilding CXX object CMakeFiles/interfaces__rosidl_typesupport_cpp.dir/rosidl_typesupport_cpp/interfaces/action/move_to_right__type_support.cpp.o[0m
[68.162s] [ 28%] [32mBuilding CXX object CMakeFiles/interfaces__rosidl_typesupport_fastrtps_cpp.dir/rosidl_typesupport_fastrtps_cpp/interfaces/action/detail/dds_fastrtps/move_mood__type_support.cpp.o[0m
[68.458s] [ 28%] [32mBuilding CXX object CMakeFiles/interfaces__rosidl_typesupport_introspection_cpp.dir/rosidl_typesupport_introspection_cpp/interfaces/action/detail/belt_move__type_support.cpp.o[0m
[70.540s] [ 29%] [32mBuilding CXX object CMakeFiles/interfaces__rosidl_typesupport_cpp.dir/rosidl_typesupport_cpp/interfaces/action/get_status__type_support.cpp.o[0m
[70.640s] [ 30%] [32mBuilding CXX object CMakeFiles/interfaces__rosidl_typesupport_introspection_cpp.dir/rosidl_typesupport_introspection_cpp/interfaces/action/detail/belt_stop__type_support.cpp.o[0m
[72.195s] [ 30%] [32mBuilding CXX object CMakeFiles/interfaces__rosidl_typesupport_fastrtps_cpp.dir/rosidl_typesupport_fastrtps_cpp/interfaces/action/detail/dds_fastrtps/move_time__type_support.cpp.o[0m
[72.626s] [ 31%] [32mBuilding CXX object CMakeFiles/interfaces__rosidl_typesupport_introspection_cpp.dir/rosidl_typesupport_introspection_cpp/interfaces/action/detail/fetch__type_support.cpp.o[0m
[73.671s] [ 31%] [32mBuilding CXX object CMakeFiles/interfaces__rosidl_typesupport_cpp.dir/rosidl_typesupport_cpp/interfaces/action/belt_move__type_support.cpp.o[0m
[74.723s] [ 31%] [32mBuilding CXX object CMakeFiles/interfaces__rosidl_typesupport_introspection_cpp.dir/rosidl_typesupport_introspection_cpp/interfaces/action/detail/gripper_open__type_support.cpp.o[0m
[76.243s] [ 32%] [32mBuilding CXX object CMakeFiles/interfaces__rosidl_typesupport_fastrtps_cpp.dir/rosidl_typesupport_fastrtps_cpp/interfaces/action/detail/dds_fastrtps/is_moving__type_support.cpp.o[0m
[76.867s] [ 33%] [32mBuilding CXX object CMakeFiles/interfaces__rosidl_typesupport_cpp.dir/rosidl_typesupport_cpp/interfaces/action/belt_stop__type_support.cpp.o[0m
[76.952s] [ 34%] [32mBuilding CXX object CMakeFiles/interfaces__rosidl_typesupport_introspection_cpp.dir/rosidl_typesupport_introspection_cpp/interfaces/action/detail/head_move__type_support.cpp.o[0m
[78.920s] [ 35%] [32mBuilding CXX object CMakeFiles/interfaces__rosidl_typesupport_introspection_cpp.dir/rosidl_typesupport_introspection_cpp/interfaces/action/detail/multiple_turn__type_support.cpp.o[0m
[80.056s] [ 35%] [32mBuilding CXX object CMakeFiles/interfaces__rosidl_typesupport_cpp.dir/rosidl_typesupport_cpp/interfaces/action/fetch__type_support.cpp.o[0m
[80.234s] [ 35%] [32mBuilding CXX object CMakeFiles/interfaces__rosidl_typesupport_fastrtps_cpp.dir/rosidl_typesupport_fastrtps_cpp/interfaces/action/detail/dds_fastrtps/move_to_left__type_support.cpp.o[0m
[81.326s] [ 35%] [32mBuilding CXX object CMakeFiles/interfaces__rosidl_typesupport_introspection_cpp.dir/rosidl_typesupport_introspection_cpp/interfaces/msg/detail/arm1_heartbeat__type_support.cpp.o[0m
[83.261s] [ 36%] [32mBuilding CXX object CMakeFiles/interfaces__rosidl_typesupport_cpp.dir/rosidl_typesupport_cpp/interfaces/action/gripper_open__type_support.cpp.o[0m
[83.512s] [ 37%] [32mBuilding CXX object CMakeFiles/interfaces__rosidl_typesupport_introspection_cpp.dir/rosidl_typesupport_introspection_cpp/interfaces/msg/detail/arm2_heartbeat__type_support.cpp.o[0m
[83.962s] [ 38%] [32mBuilding CXX object CMakeFiles/interfaces__rosidl_typesupport_fastrtps_cpp.dir/rosidl_typesupport_fastrtps_cpp/interfaces/action/detail/dds_fastrtps/move_to_right__type_support.cpp.o[0m
[84.220s] [ 39%] [32mBuilding CXX object CMakeFiles/interfaces__rosidl_typesupport_fastrtps_cpp.dir/rosidl_typesupport_fastrtps_cpp/interfaces/action/detail/dds_fastrtps/get_status__type_support.cpp.o[0m
[86.063s] [ 40%] [32m[1mLinking CXX shared library libinterfaces__rosidl_typesupport_introspection_cpp.so[0m
[86.401s] [ 41%] [32mBuilding CXX object CMakeFiles/interfaces__rosidl_typesupport_cpp.dir/rosidl_typesupport_cpp/interfaces/action/head_move__type_support.cpp.o[0m
[86.642s] [ 41%] Built target interfaces__rosidl_typesupport_introspection_cpp
[86.713s] [ 42%] [34m[1mGenerating C type support for eProsima Fast-RTPS[0m
[87.911s] [ 42%] [32mBuilding CXX object CMakeFiles/interfaces__rosidl_typesupport_fastrtps_cpp.dir/rosidl_typesupport_fastrtps_cpp/interfaces/action/detail/dds_fastrtps/belt_move__type_support.cpp.o[0m
[88.230s] [ 43%] [32mBuilding CXX object CMakeFiles/interfaces__rosidl_typesupport_fastrtps_cpp.dir/rosidl_typesupport_fastrtps_cpp/interfaces/action/detail/dds_fastrtps/belt_stop__type_support.cpp.o[0m
[89.484s] [ 43%] [32mBuilding CXX object CMakeFiles/interfaces__rosidl_typesupport_cpp.dir/rosidl_typesupport_cpp/interfaces/action/multiple_turn__type_support.cpp.o[0m
[91.697s] [ 44%] [32mBuilding CXX object CMakeFiles/interfaces__rosidl_typesupport_fastrtps_cpp.dir/rosidl_typesupport_fastrtps_cpp/interfaces/action/detail/dds_fastrtps/fetch__type_support.cpp.o[0m
[92.069s] [ 44%] [32mBuilding CXX object CMakeFiles/interfaces__rosidl_typesupport_fastrtps_cpp.dir/rosidl_typesupport_fastrtps_cpp/interfaces/action/detail/dds_fastrtps/gripper_open__type_support.cpp.o[0m
[92.597s] [ 45%] [32mBuilding CXX object CMakeFiles/interfaces__rosidl_typesupport_cpp.dir/rosidl_typesupport_cpp/interfaces/msg/arm1_heartbeat__type_support.cpp.o[0m
[94.468s] [ 46%] [32mBuilding CXX object CMakeFiles/interfaces__rosidl_typesupport_cpp.dir/rosidl_typesupport_cpp/interfaces/msg/arm2_heartbeat__type_support.cpp.o[0m
[95.679s] [ 47%] [32mBuilding CXX object CMakeFiles/interfaces__rosidl_typesupport_fastrtps_cpp.dir/rosidl_typesupport_fastrtps_cpp/interfaces/action/detail/dds_fastrtps/head_move__type_support.cpp.o[0m
[95.862s] [ 47%] [32mBuilding CXX object CMakeFiles/interfaces__rosidl_typesupport_fastrtps_cpp.dir/rosidl_typesupport_fastrtps_cpp/interfaces/action/detail/dds_fastrtps/multiple_turn__type_support.cpp.o[0m
[96.222s] [ 47%] [32m[1mLinking CXX shared library libinterfaces__rosidl_typesupport_cpp.so[0m
[96.491s] [ 47%] Built target interfaces__rosidl_typesupport_cpp
[96.561s] [ 48%] [34m[1mGenerating C introspection for ROS interfaces[0m
[99.628s] [ 49%] [32mBuilding CXX object CMakeFiles/interfaces__rosidl_typesupport_fastrtps_cpp.dir/rosidl_typesupport_fastrtps_cpp/interfaces/msg/detail/dds_fastrtps/arm1_heartbeat__type_support.cpp.o[0m
[100.153s] [ 50%] [32mBuilding CXX object CMakeFiles/interfaces__rosidl_typesupport_fastrtps_cpp.dir/rosidl_typesupport_fastrtps_cpp/interfaces/msg/detail/dds_fastrtps/arm2_heartbeat__type_support.cpp.o[0m
[102.116s] [ 51%] [34m[1mGenerating C type support dispatch for ROS interfaces[0m
[102.783s] [ 51%] [32m[1mLinking CXX shared library libinterfaces__rosidl_typesupport_fastrtps_cpp.so[0m
[103.278s] [ 51%] Built target interfaces__rosidl_typesupport_fastrtps_cpp
[105.452s] [35m[1mConsolidate compiler generated dependencies of target interfaces__rosidl_typesupport_fastrtps_c[0m
[105.626s] [ 51%] [32mBuilding CXX object CMakeFiles/interfaces__rosidl_typesupport_fastrtps_c.dir/rosidl_typesupport_fastrtps_c/interfaces/action/detail/arm1_test__type_support_c.cpp.o[0m
[105.630s] [ 52%] [32mBuilding CXX object CMakeFiles/interfaces__rosidl_typesupport_fastrtps_c.dir/rosidl_typesupport_fastrtps_c/interfaces/action/detail/arm2_test__type_support_c.cpp.o[0m
[108.071s] [ 53%] [32mBuilding CXX object CMakeFiles/interfaces__rosidl_typesupport_fastrtps_c.dir/rosidl_typesupport_fastrtps_c/interfaces/action/detail/stop_time__type_support_c.cpp.o[0m
[108.087s] [ 53%] [32mBuilding CXX object CMakeFiles/interfaces__rosidl_typesupport_fastrtps_c.dir/rosidl_typesupport_fastrtps_c/interfaces/action/detail/move_mood__type_support_c.cpp.o[0m
[110.591s] [ 54%] [32mBuilding CXX object CMakeFiles/interfaces__rosidl_typesupport_fastrtps_c.dir/rosidl_typesupport_fastrtps_c/interfaces/action/detail/move_time__type_support_c.cpp.o[0m
[110.606s] [ 55%] [32mBuilding CXX object CMakeFiles/interfaces__rosidl_typesupport_fastrtps_c.dir/rosidl_typesupport_fastrtps_c/interfaces/action/detail/is_moving__type_support_c.cpp.o[0m
[111.267s] [35m[1mConsolidate compiler generated dependencies of target interfaces__rosidl_typesupport_c[0m
[111.382s] [ 55%] [32mBuilding CXX object CMakeFiles/interfaces__rosidl_typesupport_c.dir/rosidl_typesupport_c/interfaces/action/arm1_test__type_support.cpp.o[0m
[111.784s] [ 56%] [32mBuilding CXX object CMakeFiles/interfaces__rosidl_typesupport_c.dir/rosidl_typesupport_c/interfaces/action/arm2_test__type_support.cpp.o[0m
[112.169s] [ 57%] [32mBuilding CXX object CMakeFiles/interfaces__rosidl_typesupport_c.dir/rosidl_typesupport_c/interfaces/action/stop_time__type_support.cpp.o[0m
[112.574s] [ 57%] [32mBuilding CXX object CMakeFiles/interfaces__rosidl_typesupport_c.dir/rosidl_typesupport_c/interfaces/action/move_mood__type_support.cpp.o[0m
[112.950s] [ 58%] [32mBuilding CXX object CMakeFiles/interfaces__rosidl_typesupport_c.dir/rosidl_typesupport_c/interfaces/action/move_time__type_support.cpp.o[0m
[113.134s] [35m[1mConsolidate compiler generated dependencies of target interfaces__rosidl_typesupport_introspection_c[0m
[113.230s] [ 58%] [32mBuilding CXX object CMakeFiles/interfaces__rosidl_typesupport_fastrtps_c.dir/rosidl_typesupport_fastrtps_c/interfaces/action/detail/move_to_left__type_support_c.cpp.o[0m
[113.242s] [ 59%] [32mBuilding C object CMakeFiles/interfaces__rosidl_typesupport_introspection_c.dir/rosidl_typesupport_introspection_c/interfaces/action/detail/arm1_test__type_support.c.o[0m
[113.277s] [ 60%] [32mBuilding CXX object CMakeFiles/interfaces__rosidl_typesupport_fastrtps_c.dir/rosidl_typesupport_fastrtps_c/interfaces/action/detail/move_to_right__type_support_c.cpp.o[0m
[113.307s] [ 60%] [32mBuilding CXX object CMakeFiles/interfaces__rosidl_typesupport_c.dir/rosidl_typesupport_c/interfaces/action/is_moving__type_support.cpp.o[0m
[113.561s] [ 60%] [32mBuilding C object CMakeFiles/interfaces__rosidl_typesupport_introspection_c.dir/rosidl_typesupport_introspection_c/interfaces/action/detail/arm2_test__type_support.c.o[0m
[113.635s] [ 61%] [32mBuilding CXX object CMakeFiles/interfaces__rosidl_typesupport_c.dir/rosidl_typesupport_c/interfaces/action/move_to_left__type_support.cpp.o[0m
[113.896s] [ 62%] [32mBuilding C object CMakeFiles/interfaces__rosidl_typesupport_introspection_c.dir/rosidl_typesupport_introspection_c/interfaces/action/detail/stop_time__type_support.c.o[0m
[113.982s] [ 63%] [32mBuilding CXX object CMakeFiles/interfaces__rosidl_typesupport_c.dir/rosidl_typesupport_c/interfaces/action/move_to_right__type_support.cpp.o[0m
[114.269s] [ 63%] [32mBuilding C object CMakeFiles/interfaces__rosidl_typesupport_introspection_c.dir/rosidl_typesupport_introspection_c/interfaces/action/detail/move_mood__type_support.c.o[0m
[114.358s] [ 63%] [32mBuilding CXX object CMakeFiles/interfaces__rosidl_typesupport_c.dir/rosidl_typesupport_c/interfaces/action/get_status__type_support.cpp.o[0m
[114.639s] [ 64%] [32mBuilding C object CMakeFiles/interfaces__rosidl_typesupport_introspection_c.dir/rosidl_typesupport_introspection_c/interfaces/action/detail/move_time__type_support.c.o[0m
[114.749s] [ 65%] [32mBuilding CXX object CMakeFiles/interfaces__rosidl_typesupport_c.dir/rosidl_typesupport_c/interfaces/action/belt_move__type_support.cpp.o[0m
[115.022s] [ 66%] [32mBuilding C object CMakeFiles/interfaces__rosidl_typesupport_introspection_c.dir/rosidl_typesupport_introspection_c/interfaces/action/detail/is_moving__type_support.c.o[0m
[115.149s] [ 67%] [32mBuilding CXX object CMakeFiles/interfaces__rosidl_typesupport_c.dir/rosidl_typesupport_c/interfaces/action/belt_stop__type_support.cpp.o[0m
[115.391s] [ 67%] [32mBuilding C object CMakeFiles/interfaces__rosidl_typesupport_introspection_c.dir/rosidl_typesupport_introspection_c/interfaces/action/detail/move_to_left__type_support.c.o[0m
[115.522s] [ 67%] [32mBuilding CXX object CMakeFiles/interfaces__rosidl_typesupport_c.dir/rosidl_typesupport_c/interfaces/action/fetch__type_support.cpp.o[0m
[115.760s] [ 68%] [32mBuilding C object CMakeFiles/interfaces__rosidl_typesupport_introspection_c.dir/rosidl_typesupport_introspection_c/interfaces/action/detail/move_to_right__type_support.c.o[0m
[115.777s] [ 68%] [32mBuilding CXX object CMakeFiles/interfaces__rosidl_typesupport_fastrtps_c.dir/rosidl_typesupport_fastrtps_c/interfaces/action/detail/get_status__type_support_c.cpp.o[0m
[115.788s] [ 69%] [32mBuilding CXX object CMakeFiles/interfaces__rosidl_typesupport_fastrtps_c.dir/rosidl_typesupport_fastrtps_c/interfaces/action/detail/belt_move__type_support_c.cpp.o[0m
[115.883s] [ 70%] [32mBuilding CXX object CMakeFiles/interfaces__rosidl_typesupport_c.dir/rosidl_typesupport_c/interfaces/action/gripper_open__type_support.cpp.o[0m
[116.088s] [ 71%] [32mBuilding C object CMakeFiles/interfaces__rosidl_typesupport_introspection_c.dir/rosidl_typesupport_introspection_c/interfaces/action/detail/get_status__type_support.c.o[0m
[116.220s] [ 71%] [32mBuilding CXX object CMakeFiles/interfaces__rosidl_typesupport_c.dir/rosidl_typesupport_c/interfaces/action/head_move__type_support.cpp.o[0m
[116.428s] [ 71%] [32mBuilding C object CMakeFiles/interfaces__rosidl_typesupport_introspection_c.dir/rosidl_typesupport_introspection_c/interfaces/action/detail/belt_move__type_support.c.o[0m
[116.571s] [ 72%] [32mBuilding CXX object CMakeFiles/interfaces__rosidl_typesupport_c.dir/rosidl_typesupport_c/interfaces/action/multiple_turn__type_support.cpp.o[0m
[116.808s] [ 73%] [32mBuilding C object CMakeFiles/interfaces__rosidl_typesupport_introspection_c.dir/rosidl_typesupport_introspection_c/interfaces/action/detail/belt_stop__type_support.c.o[0m
[116.958s] [ 74%] [32mBuilding CXX object CMakeFiles/interfaces__rosidl_typesupport_c.dir/rosidl_typesupport_c/interfaces/msg/arm1_heartbeat__type_support.cpp.o[0m
[117.181s] [ 74%] [32mBuilding CXX object CMakeFiles/interfaces__rosidl_typesupport_c.dir/rosidl_typesupport_c/interfaces/msg/arm2_heartbeat__type_support.cpp.o[0m
[117.203s] [ 75%] [32mBuilding C object CMakeFiles/interfaces__rosidl_typesupport_introspection_c.dir/rosidl_typesupport_introspection_c/interfaces/action/detail/fetch__type_support.c.o[0m
[117.411s] [ 76%] [32m[1mLinking CXX shared library libinterfaces__rosidl_typesupport_c.so[0m
[117.622s] [ 76%] [32mBuilding C object CMakeFiles/interfaces__rosidl_typesupport_introspection_c.dir/rosidl_typesupport_introspection_c/interfaces/action/detail/gripper_open__type_support.c.o[0m
[117.725s] [ 76%] Built target interfaces__rosidl_typesupport_c
[117.779s] [ 77%] [32mBuilding CXX object CMakeFiles/interfaces__rosidl_typesupport_fastrtps_c.dir/rosidl_typesupport_fastrtps_c/interfaces/action/detail/belt_stop__type_support_c.cpp.o[0m
[117.996s] [ 78%] [32mBuilding C object CMakeFiles/interfaces__rosidl_typesupport_introspection_c.dir/rosidl_typesupport_introspection_c/interfaces/action/detail/head_move__type_support.c.o[0m
[118.303s] [ 78%] [32mBuilding CXX object CMakeFiles/interfaces__rosidl_typesupport_fastrtps_c.dir/rosidl_typesupport_fastrtps_c/interfaces/action/detail/fetch__type_support_c.cpp.o[0m
[118.333s] [ 79%] [32mBuilding CXX object CMakeFiles/interfaces__rosidl_typesupport_fastrtps_c.dir/rosidl_typesupport_fastrtps_c/interfaces/action/detail/gripper_open__type_support_c.cpp.o[0m
[118.371s] [ 79%] [32mBuilding C object CMakeFiles/interfaces__rosidl_typesupport_introspection_c.dir/rosidl_typesupport_introspection_c/interfaces/action/detail/multiple_turn__type_support.c.o[0m
[118.735s] [ 80%] [32mBuilding C object CMakeFiles/interfaces__rosidl_typesupport_introspection_c.dir/rosidl_typesupport_introspection_c/interfaces/msg/detail/arm1_heartbeat__type_support.c.o[0m
[118.989s] [ 81%] [32mBuilding C object CMakeFiles/interfaces__rosidl_typesupport_introspection_c.dir/rosidl_typesupport_introspection_c/interfaces/msg/detail/arm2_heartbeat__type_support.c.o[0m
[119.258s] [ 81%] [32m[1mLinking C shared library libinterfaces__rosidl_typesupport_introspection_c.so[0m
[119.580s] [ 81%] Built target interfaces__rosidl_typesupport_introspection_c
[119.644s] [ 82%] [32mBuilding CXX object CMakeFiles/interfaces__rosidl_typesupport_fastrtps_c.dir/rosidl_typesupport_fastrtps_c/interfaces/action/detail/head_move__type_support_c.cpp.o[0m
[120.387s] [ 82%] [32mBuilding CXX object CMakeFiles/interfaces__rosidl_typesupport_fastrtps_c.dir/rosidl_typesupport_fastrtps_c/interfaces/action/detail/multiple_turn__type_support_c.cpp.o[0m
[120.897s] [ 83%] [32mBuilding CXX object CMakeFiles/interfaces__rosidl_typesupport_fastrtps_c.dir/rosidl_typesupport_fastrtps_c/interfaces/msg/detail/arm1_heartbeat__type_support_c.cpp.o[0m
[120.914s] [ 84%] [32mBuilding CXX object CMakeFiles/interfaces__rosidl_typesupport_fastrtps_c.dir/rosidl_typesupport_fastrtps_c/interfaces/msg/detail/arm2_heartbeat__type_support_c.cpp.o[0m
[123.069s] [ 84%] [32m[1mLinking CXX shared library libinterfaces__rosidl_typesupport_fastrtps_c.so[0m
[123.484s] [ 84%] Built target interfaces__rosidl_typesupport_fastrtps_c
[123.598s] [ 84%] Built target interfaces
[123.715s] [ 85%] [34m[1mGenerating Python code for ROS interfaces[0m
[161.581s] [ 85%] Built target interfaces__py
[161.652s] [35m[1mConsolidate compiler generated dependencies of target interfaces__rosidl_generator_py[0m
[161.805s] [ 85%] [32mBuilding C object CMakeFiles/interfaces__rosidl_generator_py.dir/rosidl_generator_py/interfaces/action/_arm1_test_s.c.o[0m
[161.811s] [ 86%] [32mBuilding C object CMakeFiles/interfaces__rosidl_generator_py.dir/rosidl_generator_py/interfaces/action/_arm2_test_s.c.o[0m
[161.816s] [ 87%] [32mBuilding C object CMakeFiles/interfaces__rosidl_generator_py.dir/rosidl_generator_py/interfaces/action/_stop_time_s.c.o[0m
[161.821s] [ 87%] [32mBuilding C object CMakeFiles/interfaces__rosidl_generator_py.dir/rosidl_generator_py/interfaces/action/_move_mood_s.c.o[0m
[162.703s] [ 88%] [32mBuilding C object CMakeFiles/interfaces__rosidl_generator_py.dir/rosidl_generator_py/interfaces/action/_move_time_s.c.o[0m
[162.705s] [ 88%] [32mBuilding C object CMakeFiles/interfaces__rosidl_generator_py.dir/rosidl_generator_py/interfaces/action/_is_moving_s.c.o[0m
[162.711s] [ 89%] [32mBuilding C object CMakeFiles/interfaces__rosidl_generator_py.dir/rosidl_generator_py/interfaces/action/_move_to_left_s.c.o[0m
[162.731s] [ 90%] [32mBuilding C object CMakeFiles/interfaces__rosidl_generator_py.dir/rosidl_generator_py/interfaces/action/_move_to_right_s.c.o[0m
[163.584s] [ 90%] [32mBuilding C object CMakeFiles/interfaces__rosidl_generator_py.dir/rosidl_generator_py/interfaces/action/_get_status_s.c.o[0m
[163.590s] [ 91%] [32mBuilding C object CMakeFiles/interfaces__rosidl_generator_py.dir/rosidl_generator_py/interfaces/action/_belt_move_s.c.o[0m
[163.614s] [ 92%] [32mBuilding C object CMakeFiles/interfaces__rosidl_generator_py.dir/rosidl_generator_py/interfaces/action/_belt_stop_s.c.o[0m
[163.620s] [ 92%] [32mBuilding C object CMakeFiles/interfaces__rosidl_generator_py.dir/rosidl_generator_py/interfaces/action/_fetch_s.c.o[0m
[164.474s] [ 93%] [32mBuilding C object CMakeFiles/interfaces__rosidl_generator_py.dir/rosidl_generator_py/interfaces/action/_gripper_open_s.c.o[0m
[164.478s] [ 94%] [32mBuilding C object CMakeFiles/interfaces__rosidl_generator_py.dir/rosidl_generator_py/interfaces/action/_head_move_s.c.o[0m
[164.523s] [ 94%] [32mBuilding C object CMakeFiles/interfaces__rosidl_generator_py.dir/rosidl_generator_py/interfaces/action/_multiple_turn_s.c.o[0m
[164.579s] [ 95%] [32mBuilding C object CMakeFiles/interfaces__rosidl_generator_py.dir/rosidl_generator_py/interfaces/msg/_arm1_heartbeat_s.c.o[0m
[165.241s] [ 95%] [32mBuilding C object CMakeFiles/interfaces__rosidl_generator_py.dir/rosidl_generator_py/interfaces/msg/_arm2_heartbeat_s.c.o[0m
[165.816s] [ 96%] [32m[1mLinking C shared library rosidl_generator_py/interfaces/libinterfaces__rosidl_generator_py.so[0m
[166.100s] [ 96%] Built target interfaces__rosidl_generator_py
[166.159s] [35m[1mConsolidate compiler generated dependencies of target interfaces__rosidl_typesupport_fastrtps_c__pyext[0m
[166.163s] [35m[1mConsolidate compiler generated dependencies of target interfaces__rosidl_typesupport_introspection_c__pyext[0m
[166.166s] [35m[1mConsolidate compiler generated dependencies of target interfaces__rosidl_typesupport_c__pyext[0m
[166.241s] [ 97%] [32mBuilding C object CMakeFiles/interfaces__rosidl_typesupport_fastrtps_c__pyext.dir/rosidl_generator_py/interfaces/_interfaces_s.ep.rosidl_typesupport_fastrtps_c.c.o[0m
[166.245s] [ 98%] [32mBuilding C object CMakeFiles/interfaces__rosidl_typesupport_introspection_c__pyext.dir/rosidl_generator_py/interfaces/_interfaces_s.ep.rosidl_typesupport_introspection_c.c.o[0m
[166.248s] [ 99%] [32mBuilding C object CMakeFiles/interfaces__rosidl_typesupport_c__pyext.dir/rosidl_generator_py/interfaces/_interfaces_s.ep.rosidl_typesupport_c.c.o[0m
[168.959s] [100%] [32m[1mLinking C shared library rosidl_generator_py/interfaces/interfaces_s__rosidl_typesupport_introspection_c.cpython-310-aarch64-linux-gnu.so[0m
[168.965s] [100%] [32m[1mLinking C shared library rosidl_generator_py/interfaces/interfaces_s__rosidl_typesupport_fastrtps_c.cpython-310-aarch64-linux-gnu.so[0m
[169.004s] [100%] [32m[1mLinking C shared library rosidl_generator_py/interfaces/interfaces_s__rosidl_typesupport_c.cpython-310-aarch64-linux-gnu.so[0m
[169.424s] [100%] Built target interfaces__rosidl_typesupport_introspection_c__pyext
[169.435s] [100%] Built target interfaces__rosidl_typesupport_fastrtps_c__pyext
[169.462s] [100%] Built target interfaces__rosidl_typesupport_c__pyext
[169.521s] Invoked command in '/home/berry/HeartBeat/build/interfaces' returned '0': CMAKE_PREFIX_PATH=${CMAKE_PREFIX_PATH}:/home/berry/HeartBeat/install/track_server:/home/berry/HeartBeat/install/controller:/home/berry/HeartBeat/install/belt_short_server:/home/berry/HeartBeat/install/belt_long_server:/home/berry/RoArm/install/test1:/home/berry/RoArm/install/serial_ctrl:/home/berry/RoArm/install/pos_sub:/home/berry/RoArm/install/pos_pub:/home/berry/RoArm/install/pos_client:/home/berry/RoArm/install/Position_Sub:/home/berry/RoArm/install/Pos_Server:/home/berry/RoArm/install/Pos_Client:/home/berry/ices_ws/install/track_server:/home/berry/ices_ws/install/launch_test:/home/berry/ices_ws/install/control:/home/berry/ices_ws/install/c_arm:/home/berry/ices_ws/install/arm_server:/home/berry/ices_ws/install/belt_short_server:/home/berry/ices_ws/install/belt_short_client:/home/berry/ices_ws/install/belt_long_server:/opt/ros/humble /usr/bin/cmake --build /home/berry/HeartBeat/build/interfaces -- -j4 -l4
[172.567s] Invoking command in '/home/berry/HeartBeat/build/interfaces': CMAKE_PREFIX_PATH=${CMAKE_PREFIX_PATH}:/home/berry/HeartBeat/install/track_server:/home/berry/HeartBeat/install/controller:/home/berry/HeartBeat/install/belt_short_server:/home/berry/HeartBeat/install/belt_long_server:/home/berry/RoArm/install/test1:/home/berry/RoArm/install/serial_ctrl:/home/berry/RoArm/install/pos_sub:/home/berry/RoArm/install/pos_pub:/home/berry/RoArm/install/pos_client:/home/berry/RoArm/install/Position_Sub:/home/berry/RoArm/install/Pos_Server:/home/berry/RoArm/install/Pos_Client:/home/berry/ices_ws/install/track_server:/home/berry/ices_ws/install/launch_test:/home/berry/ices_ws/install/control:/home/berry/ices_ws/install/c_arm:/home/berry/ices_ws/install/arm_server:/home/berry/ices_ws/install/belt_short_server:/home/berry/ices_ws/install/belt_short_client:/home/berry/ices_ws/install/belt_long_server:/opt/ros/humble /usr/bin/cmake --install /home/berry/HeartBeat/build/interfaces
[172.604s] -- Install configuration: ""
[172.604s] -- Up-to-date: /home/berry/HeartBeat/install/interfaces/share/ament_index/resource_index/rosidl_interfaces/interfaces
[172.605s] -- Up-to-date: /home/berry/HeartBeat/install/interfaces/include/interfaces/interfaces
[172.605s] -- Up-to-date: /home/berry/HeartBeat/install/interfaces/include/interfaces/interfaces/action
[172.606s] -- Installing: /home/berry/HeartBeat/install/interfaces/include/interfaces/interfaces/action/head_move.h
[172.607s] -- Installing: /home/berry/HeartBeat/install/interfaces/include/interfaces/interfaces/action/move_to_right.h
[172.608s] -- Up-to-date: /home/berry/HeartBeat/install/interfaces/include/interfaces/interfaces/action/detail
[172.609s] -- Installing: /home/berry/HeartBeat/install/interfaces/include/interfaces/interfaces/action/detail/get_status__type_support.h
[172.610s] -- Installing: /home/berry/HeartBeat/install/interfaces/include/interfaces/interfaces/action/detail/gripper_open__type_support.h
[172.612s] -- Installing: /home/berry/HeartBeat/install/interfaces/include/interfaces/interfaces/action/detail/belt_move__struct.h
[172.613s] -- Installing: /home/berry/HeartBeat/install/interfaces/include/interfaces/interfaces/action/detail/move_to_left__functions.c
[172.615s] -- Installing: /home/berry/HeartBeat/install/interfaces/include/interfaces/interfaces/action/detail/is_moving__functions.c
[172.618s] -- Installing: /home/berry/HeartBeat/install/interfaces/include/interfaces/interfaces/action/detail/move_to_right__type_support.h
[172.619s] -- Installing: /home/berry/HeartBeat/install/interfaces/include/interfaces/interfaces/action/detail/move_time__type_support.h
[172.620s] -- Installing: /home/berry/HeartBeat/install/interfaces/include/interfaces/interfaces/action/detail/arm1_test__functions.h
[172.622s] -- Installing: /home/berry/HeartBeat/install/interfaces/include/interfaces/interfaces/action/detail/belt_stop__type_support.h
[172.624s] -- Installing: /home/berry/HeartBeat/install/interfaces/include/interfaces/interfaces/action/detail/multiple_turn__struct.h
[172.625s] -- Installing: /home/berry/HeartBeat/install/interfaces/include/interfaces/interfaces/action/detail/arm1_test__struct.h
[172.626s] -- Installing: /home/berry/HeartBeat/install/interfaces/include/interfaces/interfaces/action/detail/arm1_test__type_support.h
[172.627s] -- Installing: /home/berry/HeartBeat/install/interfaces/include/interfaces/interfaces/action/detail/move_to_left__functions.h
[172.630s] -- Installing: /home/berry/HeartBeat/install/interfaces/include/interfaces/interfaces/action/detail/get_status__functions.c
[172.631s] -- Installing: /home/berry/HeartBeat/install/interfaces/include/interfaces/interfaces/action/detail/stop_time__functions.c
[172.633s] -- Installing: /home/berry/HeartBeat/install/interfaces/include/interfaces/interfaces/action/detail/move_mood__type_support.h
[172.635s] -- Installing: /home/berry/HeartBeat/install/interfaces/include/interfaces/interfaces/action/detail/fetch__type_support.h
[172.636s] -- Installing: /home/berry/HeartBeat/install/interfaces/include/interfaces/interfaces/action/detail/fetch__functions.h
[172.638s] -- Installing: /home/berry/HeartBeat/install/interfaces/include/interfaces/interfaces/action/detail/belt_move__functions.h
[172.639s] -- Installing: /home/berry/HeartBeat/install/interfaces/include/interfaces/interfaces/action/detail/move_to_left__type_support.h
[172.641s] -- Installing: /home/berry/HeartBeat/install/interfaces/include/interfaces/interfaces/action/detail/head_move__type_support.h
[172.642s] -- Installing: /home/berry/HeartBeat/install/interfaces/include/interfaces/interfaces/action/detail/move_mood__struct.h
[172.643s] -- Installing: /home/berry/HeartBeat/install/interfaces/include/interfaces/interfaces/action/detail/multiple_turn__functions.h
[172.646s] -- Installing: /home/berry/HeartBeat/install/interfaces/include/interfaces/interfaces/action/detail/head_move__functions.c
[172.647s] -- Installing: /home/berry/HeartBeat/install/interfaces/include/interfaces/interfaces/action/detail/get_status__struct.h
[172.649s] -- Installing: /home/berry/HeartBeat/install/interfaces/include/interfaces/interfaces/action/detail/belt_stop__functions.c
[172.651s] -- Installing: /home/berry/HeartBeat/install/interfaces/include/interfaces/interfaces/action/detail/arm2_test__functions.c
[172.653s] -- Installing: /home/berry/HeartBeat/install/interfaces/include/interfaces/interfaces/action/detail/belt_stop__functions.h
[172.654s] -- Installing: /home/berry/HeartBeat/install/interfaces/include/interfaces/interfaces/action/detail/move_to_right__functions.h
[172.656s] -- Installing: /home/berry/HeartBeat/install/interfaces/include/interfaces/interfaces/action/detail/head_move__struct.h
[172.658s] -- Installing: /home/berry/HeartBeat/install/interfaces/include/interfaces/interfaces/action/detail/gripper_open__functions.h
[172.659s] -- Installing: /home/berry/HeartBeat/install/interfaces/include/interfaces/interfaces/action/detail/stop_time__struct.h
[172.661s] -- Installing: /home/berry/HeartBeat/install/interfaces/include/interfaces/interfaces/action/detail/arm2_test__struct.h
[172.662s] -- Installing: /home/berry/HeartBeat/install/interfaces/include/interfaces/interfaces/action/detail/belt_move__type_support.h
[172.663s] -- Installing: /home/berry/HeartBeat/install/interfaces/include/interfaces/interfaces/action/detail/belt_stop__struct.h
[172.665s] -- Installing: /home/berry/HeartBeat/install/interfaces/include/interfaces/interfaces/action/detail/move_time__struct.h
[172.666s] -- Installing: /home/berry/HeartBeat/install/interfaces/include/interfaces/interfaces/action/detail/move_to_left__struct.h
[172.668s] -- Installing: /home/berry/HeartBeat/install/interfaces/include/interfaces/interfaces/action/detail/is_moving__type_support.h
[172.669s] -- Installing: /home/berry/HeartBeat/install/interfaces/include/interfaces/interfaces/action/detail/multiple_turn__functions.c
[172.671s] -- Installing: /home/berry/HeartBeat/install/interfaces/include/interfaces/interfaces/action/detail/multiple_turn__type_support.h
[172.672s] -- Installing: /home/berry/HeartBeat/install/interfaces/include/interfaces/interfaces/action/detail/move_mood__functions.c
[172.674s] -- Installing: /home/berry/HeartBeat/install/interfaces/include/interfaces/interfaces/action/detail/is_moving__struct.h
[172.676s] -- Installing: /home/berry/HeartBeat/install/interfaces/include/interfaces/interfaces/action/detail/move_time__functions.c
[172.678s] -- Installing: /home/berry/HeartBeat/install/interfaces/include/interfaces/interfaces/action/detail/stop_time__functions.h
[172.679s] -- Installing: /home/berry/HeartBeat/install/interfaces/include/interfaces/interfaces/action/detail/move_time__functions.h
[172.681s] -- Installing: /home/berry/HeartBeat/install/interfaces/include/interfaces/interfaces/action/detail/gripper_open__struct.h
[172.683s] -- Installing: /home/berry/HeartBeat/install/interfaces/include/interfaces/interfaces/action/detail/is_moving__functions.h
[172.684s] -- Installing: /home/berry/HeartBeat/install/interfaces/include/interfaces/interfaces/action/detail/head_move__functions.h
[172.686s] -- Installing: /home/berry/HeartBeat/install/interfaces/include/interfaces/interfaces/action/detail/get_status__functions.h
[172.688s] -- Installing: /home/berry/HeartBeat/install/interfaces/include/interfaces/interfaces/action/detail/belt_move__functions.c
[172.690s] -- Installing: /home/berry/HeartBeat/install/interfaces/include/interfaces/interfaces/action/detail/arm2_test__type_support.h
[172.691s] -- Installing: /home/berry/HeartBeat/install/interfaces/include/interfaces/interfaces/action/detail/fetch__struct.h
[172.693s] -- Installing: /home/berry/HeartBeat/install/interfaces/include/interfaces/interfaces/action/detail/arm2_test__functions.h
[172.694s] -- Installing: /home/berry/HeartBeat/install/interfaces/include/interfaces/interfaces/action/detail/move_to_right__struct.h
[172.696s] -- Installing: /home/berry/HeartBeat/install/interfaces/include/interfaces/interfaces/action/detail/arm1_test__functions.c
[172.698s] -- Installing: /home/berry/HeartBeat/install/interfaces/include/interfaces/interfaces/action/detail/fetch__functions.c
[172.700s] -- Installing: /home/berry/HeartBeat/install/interfaces/include/interfaces/interfaces/action/detail/move_mood__functions.h
[172.702s] -- Installing: /home/berry/HeartBeat/install/interfaces/include/interfaces/interfaces/action/detail/gripper_open__functions.c
[172.704s] -- Installing: /home/berry/HeartBeat/install/interfaces/include/interfaces/interfaces/action/detail/stop_time__type_support.h
[172.705s] -- Installing: /home/berry/HeartBeat/install/interfaces/include/interfaces/interfaces/action/detail/move_to_right__functions.c
[172.707s] -- Installing: /home/berry/HeartBeat/install/interfaces/include/interfaces/interfaces/action/belt_stop.h
[172.708s] -- Installing: /home/berry/HeartBeat/install/interfaces/include/interfaces/interfaces/action/is_moving.h
[172.709s] -- Installing: /home/berry/HeartBeat/install/interfaces/include/interfaces/interfaces/action/move_mood.h
[172.711s] -- Installing: /home/berry/HeartBeat/install/interfaces/include/interfaces/interfaces/action/move_to_left.h
[172.712s] -- Installing: /home/berry/HeartBeat/install/interfaces/include/interfaces/interfaces/action/multiple_turn.h
[172.713s] -- Installing: /home/berry/HeartBeat/install/interfaces/include/interfaces/interfaces/action/gripper_open.h
[172.714s] -- Installing: /home/berry/HeartBeat/install/interfaces/include/interfaces/interfaces/action/get_status.h
[172.715s] -- Installing: /home/berry/HeartBeat/install/interfaces/include/interfaces/interfaces/action/belt_move.h
[172.717s] -- Installing: /home/berry/HeartBeat/install/interfaces/include/interfaces/interfaces/action/arm2_test.h
[172.718s] -- Installing: /home/berry/HeartBeat/install/interfaces/include/interfaces/interfaces/action/fetch.h
[172.719s] -- Installing: /home/berry/HeartBeat/install/interfaces/include/interfaces/interfaces/action/move_time.h
[172.720s] -- Installing: /home/berry/HeartBeat/install/interfaces/include/interfaces/interfaces/action/arm1_test.h
[172.721s] -- Installing: /home/berry/HeartBeat/install/interfaces/include/interfaces/interfaces/action/stop_time.h
[172.722s] -- Up-to-date: /home/berry/HeartBeat/install/interfaces/include/interfaces/interfaces/msg
[172.723s] -- Up-to-date: /home/berry/HeartBeat/install/interfaces/include/interfaces/interfaces/msg/detail
[172.723s] -- Installing: /home/berry/HeartBeat/install/interfaces/include/interfaces/interfaces/msg/detail/arm2_heartbeat__functions.h
[172.725s] -- Installing: /home/berry/HeartBeat/install/interfaces/include/interfaces/interfaces/msg/detail/arm2_heartbeat__struct.h
[172.726s] -- Installing: /home/berry/HeartBeat/install/interfaces/include/interfaces/interfaces/msg/detail/arm2_heartbeat__type_support.h
[172.727s] -- Installing: /home/berry/HeartBeat/install/interfaces/include/interfaces/interfaces/msg/detail/arm1_heartbeat__struct.h
[172.729s] -- Installing: /home/berry/HeartBeat/install/interfaces/include/interfaces/interfaces/msg/detail/arm1_heartbeat__functions.h
[172.730s] -- Installing: /home/berry/HeartBeat/install/interfaces/include/interfaces/interfaces/msg/detail/arm2_heartbeat__functions.c
[172.731s] -- Installing: /home/berry/HeartBeat/install/interfaces/include/interfaces/interfaces/msg/detail/arm1_heartbeat__functions.c
[172.733s] -- Installing: /home/berry/HeartBeat/install/interfaces/include/interfaces/interfaces/msg/detail/arm1_heartbeat__type_support.h
[172.734s] -- Installing: /home/berry/HeartBeat/install/interfaces/include/interfaces/interfaces/msg/arm2_heartbeat.h
[172.736s] -- Up-to-date: /home/berry/HeartBeat/install/interfaces/include/interfaces/interfaces/msg/rosidl_generator_c__visibility_control.h
[172.736s] -- Installing: /home/berry/HeartBeat/install/interfaces/include/interfaces/interfaces/msg/arm1_heartbeat.h
[172.737s] -- Up-to-date: /home/berry/HeartBeat/install/interfaces/share/interfaces/environment/library_path.sh
[172.738s] -- Installing: /home/berry/HeartBeat/install/interfaces/share/interfaces/environment/library_path.dsv
[172.740s] -- Installing: /home/berry/HeartBeat/install/interfaces/lib/libinterfaces__rosidl_generator_c.so
[172.750s] -- Set runtime path of "/home/berry/HeartBeat/install/interfaces/lib/libinterfaces__rosidl_generator_c.so" to ""
[172.750s] -- Up-to-date: /home/berry/HeartBeat/install/interfaces/include/interfaces/interfaces
[172.751s] -- Up-to-date: /home/berry/HeartBeat/install/interfaces/include/interfaces/interfaces/action
[172.751s] -- Up-to-date: /home/berry/HeartBeat/install/interfaces/include/interfaces/interfaces/action/detail
[172.751s] -- Installing: /home/berry/HeartBeat/install/interfaces/include/interfaces/interfaces/action/detail/fetch__rosidl_typesupport_fastrtps_c.h
[172.753s] -- Installing: /home/berry/HeartBeat/install/interfaces/include/interfaces/interfaces/action/detail/move_to_left__rosidl_typesupport_fastrtps_c.h
[172.755s] -- Installing: /home/berry/HeartBeat/install/interfaces/include/interfaces/interfaces/action/detail/multiple_turn__rosidl_typesupport_fastrtps_c.h
[172.756s] -- Installing: /home/berry/HeartBeat/install/interfaces/include/interfaces/interfaces/action/detail/arm2_test__rosidl_typesupport_fastrtps_c.h
[172.758s] -- Installing: /home/berry/HeartBeat/install/interfaces/include/interfaces/interfaces/action/detail/head_move__rosidl_typesupport_fastrtps_c.h
[172.759s] -- Installing: /home/berry/HeartBeat/install/interfaces/include/interfaces/interfaces/action/detail/belt_move__rosidl_typesupport_fastrtps_c.h
[172.761s] -- Installing: /home/berry/HeartBeat/install/interfaces/include/interfaces/interfaces/action/detail/move_time__rosidl_typesupport_fastrtps_c.h
[172.763s] -- Installing: /home/berry/HeartBeat/install/interfaces/include/interfaces/interfaces/action/detail/gripper_open__rosidl_typesupport_fastrtps_c.h
[172.764s] -- Installing: /home/berry/HeartBeat/install/interfaces/include/interfaces/interfaces/action/detail/move_mood__rosidl_typesupport_fastrtps_c.h
[172.766s] -- Installing: /home/berry/HeartBeat/install/interfaces/include/interfaces/interfaces/action/detail/stop_time__rosidl_typesupport_fastrtps_c.h
[172.767s] -- Installing: /home/berry/HeartBeat/install/interfaces/include/interfaces/interfaces/action/detail/arm1_test__rosidl_typesupport_fastrtps_c.h
[172.769s] -- Installing: /home/berry/HeartBeat/install/interfaces/include/interfaces/interfaces/action/detail/belt_stop__rosidl_typesupport_fastrtps_c.h
[172.770s] -- Installing: /home/berry/HeartBeat/install/interfaces/include/interfaces/interfaces/action/detail/is_moving__rosidl_typesupport_fastrtps_c.h
[172.772s] -- Installing: /home/berry/HeartBeat/install/interfaces/include/interfaces/interfaces/action/detail/get_status__rosidl_typesupport_fastrtps_c.h
[172.773s] -- Installing: /home/berry/HeartBeat/install/interfaces/include/interfaces/interfaces/action/detail/move_to_right__rosidl_typesupport_fastrtps_c.h
[172.775s] -- Up-to-date: /home/berry/HeartBeat/install/interfaces/include/interfaces/interfaces/msg
[172.775s] -- Up-to-date: /home/berry/HeartBeat/install/interfaces/include/interfaces/interfaces/msg/detail
[172.776s] -- Installing: /home/berry/HeartBeat/install/interfaces/include/interfaces/interfaces/msg/detail/arm2_heartbeat__rosidl_typesupport_fastrtps_c.h
[172.777s] -- Installing: /home/berry/HeartBeat/install/interfaces/include/interfaces/interfaces/msg/detail/arm1_heartbeat__rosidl_typesupport_fastrtps_c.h
[172.779s] -- Up-to-date: /home/berry/HeartBeat/install/interfaces/include/interfaces/interfaces/msg/rosidl_typesupport_fastrtps_c__visibility_control.h
[172.780s] -- Installing: /home/berry/HeartBeat/install/interfaces/lib/libinterfaces__rosidl_typesupport_fastrtps_c.so
[172.787s] -- Set runtime path of "/home/berry/HeartBeat/install/interfaces/lib/libinterfaces__rosidl_typesupport_fastrtps_c.so" to ""
[172.788s] -- Up-to-date: /home/berry/HeartBeat/install/interfaces/include/interfaces/interfaces
[172.788s] -- Up-to-date: /home/berry/HeartBeat/install/interfaces/include/interfaces/interfaces/action
[172.789s] -- Up-to-date: /home/berry/HeartBeat/install/interfaces/include/interfaces/interfaces/action/detail
[172.789s] -- Installing: /home/berry/HeartBeat/install/interfaces/include/interfaces/interfaces/action/detail/multiple_turn__type_support.c
[172.791s] -- Installing: /home/berry/HeartBeat/install/interfaces/include/interfaces/interfaces/action/detail/move_mood__rosidl_typesupport_introspection_c.h
[172.793s] -- Installing: /home/berry/HeartBeat/install/interfaces/include/interfaces/interfaces/action/detail/belt_move__rosidl_typesupport_introspection_c.h
[172.794s] -- Installing: /home/berry/HeartBeat/install/interfaces/include/interfaces/interfaces/action/detail/move_to_right__type_support.c
[172.796s] -- Installing: /home/berry/HeartBeat/install/interfaces/include/interfaces/interfaces/action/detail/arm2_test__rosidl_typesupport_introspection_c.h
[172.798s] -- Installing: /home/berry/HeartBeat/install/interfaces/include/interfaces/interfaces/action/detail/fetch__type_support.c
[172.800s] -- Installing: /home/berry/HeartBeat/install/interfaces/include/interfaces/interfaces/action/detail/multiple_turn__rosidl_typesupport_introspection_c.h
[172.801s] -- Installing: /home/berry/HeartBeat/install/interfaces/include/interfaces/interfaces/action/detail/arm1_test__type_support.c
[172.803s] -- Installing: /home/berry/HeartBeat/install/interfaces/include/interfaces/interfaces/action/detail/gripper_open__type_support.c
[172.805s] -- Installing: /home/berry/HeartBeat/install/interfaces/include/interfaces/interfaces/action/detail/move_mood__type_support.c
[172.807s] -- Installing: /home/berry/HeartBeat/install/interfaces/include/interfaces/interfaces/action/detail/head_move__type_support.c
[172.809s] -- Installing: /home/berry/HeartBeat/install/interfaces/include/interfaces/interfaces/action/detail/arm2_test__type_support.c
[172.810s] -- Installing: /home/berry/HeartBeat/install/interfaces/include/interfaces/interfaces/action/detail/move_to_left__type_support.c
[172.812s] -- Installing: /home/berry/HeartBeat/install/interfaces/include/interfaces/interfaces/action/detail/belt_stop__rosidl_typesupport_introspection_c.h
[172.814s] -- Installing: /home/berry/HeartBeat/install/interfaces/include/interfaces/interfaces/action/detail/move_to_right__rosidl_typesupport_introspection_c.h
[172.815s] -- Installing: /home/berry/HeartBeat/install/interfaces/include/interfaces/interfaces/action/detail/stop_time__type_support.c
[172.817s] -- Installing: /home/berry/HeartBeat/install/interfaces/include/interfaces/interfaces/action/detail/get_status__rosidl_typesupport_introspection_c.h
[172.819s] -- Installing: /home/berry/HeartBeat/install/interfaces/include/interfaces/interfaces/action/detail/arm1_test__rosidl_typesupport_introspection_c.h
[172.820s] -- Installing: /home/berry/HeartBeat/install/interfaces/include/interfaces/interfaces/action/detail/is_moving__type_support.c
[172.822s] -- Installing: /home/berry/HeartBeat/install/interfaces/include/interfaces/interfaces/action/detail/head_move__rosidl_typesupport_introspection_c.h
[172.823s] -- Installing: /home/berry/HeartBeat/install/interfaces/include/interfaces/interfaces/action/detail/belt_stop__type_support.c
[172.825s] -- Installing: /home/berry/HeartBeat/install/interfaces/include/interfaces/interfaces/action/detail/get_status__type_support.c
[172.827s] -- Installing: /home/berry/HeartBeat/install/interfaces/include/interfaces/interfaces/action/detail/move_time__rosidl_typesupport_introspection_c.h
[172.829s] -- Installing: /home/berry/HeartBeat/install/interfaces/include/interfaces/interfaces/action/detail/stop_time__rosidl_typesupport_introspection_c.h
[172.830s] -- Installing: /home/berry/HeartBeat/install/interfaces/include/interfaces/interfaces/action/detail/move_time__type_support.c
[172.832s] -- Installing: /home/berry/HeartBeat/install/interfaces/include/interfaces/interfaces/action/detail/move_to_left__rosidl_typesupport_introspection_c.h
[172.834s] -- Installing: /home/berry/HeartBeat/install/interfaces/include/interfaces/interfaces/action/detail/is_moving__rosidl_typesupport_introspection_c.h
[172.835s] -- Installing: /home/berry/HeartBeat/install/interfaces/include/interfaces/interfaces/action/detail/gripper_open__rosidl_typesupport_introspection_c.h
[172.837s] -- Installing: /home/berry/HeartBeat/install/interfaces/include/interfaces/interfaces/action/detail/belt_move__type_support.c
[172.839s] -- Installing: /home/berry/HeartBeat/install/interfaces/include/interfaces/interfaces/action/detail/fetch__rosidl_typesupport_introspection_c.h
[172.840s] -- Up-to-date: /home/berry/HeartBeat/install/interfaces/include/interfaces/interfaces/msg
[172.841s] -- Up-to-date: /home/berry/HeartBeat/install/interfaces/include/interfaces/interfaces/msg/detail
[172.841s] -- Installing: /home/berry/HeartBeat/install/interfaces/include/interfaces/interfaces/msg/detail/arm1_heartbeat__rosidl_typesupport_introspection_c.h
[172.843s] -- Installing: /home/berry/HeartBeat/install/interfaces/include/interfaces/interfaces/msg/detail/arm1_heartbeat__type_support.c
[172.844s] -- Installing: /home/berry/HeartBeat/install/interfaces/include/interfaces/interfaces/msg/detail/arm2_heartbeat__type_support.c
[172.845s] -- Installing: /home/berry/HeartBeat/install/interfaces/include/interfaces/interfaces/msg/detail/arm2_heartbeat__rosidl_typesupport_introspection_c.h
[172.847s] -- Up-to-date: /home/berry/HeartBeat/install/interfaces/include/interfaces/interfaces/msg/rosidl_typesupport_introspection_c__visibility_control.h
[172.848s] -- Installing: /home/berry/HeartBeat/install/interfaces/lib/libinterfaces__rosidl_typesupport_introspection_c.so
[172.854s] -- Set runtime path of "/home/berry/HeartBeat/install/interfaces/lib/libinterfaces__rosidl_typesupport_introspection_c.so" to ""
[172.856s] -- Installing: /home/berry/HeartBeat/install/interfaces/lib/libinterfaces__rosidl_typesupport_c.so
[172.861s] -- Set runtime path of "/home/berry/HeartBeat/install/interfaces/lib/libinterfaces__rosidl_typesupport_c.so" to ""
[172.861s] -- Up-to-date: /home/berry/HeartBeat/install/interfaces/include/interfaces/interfaces
[172.862s] -- Up-to-date: /home/berry/HeartBeat/install/interfaces/include/interfaces/interfaces/action
[172.862s] -- Installing: /home/berry/HeartBeat/install/interfaces/include/interfaces/interfaces/action/move_mood.hpp
[172.863s] -- Up-to-date: /home/berry/HeartBeat/install/interfaces/include/interfaces/interfaces/action/detail
[172.864s] -- Installing: /home/berry/HeartBeat/install/interfaces/include/interfaces/interfaces/action/detail/belt_stop__struct.hpp
[172.866s] -- Installing: /home/berry/HeartBeat/install/interfaces/include/interfaces/interfaces/action/detail/belt_move__struct.hpp
[172.868s] -- Installing: /home/berry/HeartBeat/install/interfaces/include/interfaces/interfaces/action/detail/move_to_right__builder.hpp
[172.869s] -- Installing: /home/berry/HeartBeat/install/interfaces/include/interfaces/interfaces/action/detail/move_to_left__traits.hpp
[172.871s] -- Installing: /home/berry/HeartBeat/install/interfaces/include/interfaces/interfaces/action/detail/move_time__struct.hpp
[172.872s] -- Installing: /home/berry/HeartBeat/install/interfaces/include/interfaces/interfaces/action/detail/move_to_right__struct.hpp
[172.874s] -- Installing: /home/berry/HeartBeat/install/interfaces/include/interfaces/interfaces/action/detail/move_time__builder.hpp
[172.875s] -- Installing: /home/berry/HeartBeat/install/interfaces/include/interfaces/interfaces/action/detail/move_time__traits.hpp
[172.877s] -- Installing: /home/berry/HeartBeat/install/interfaces/include/interfaces/interfaces/action/detail/move_mood__builder.hpp
[172.878s] -- Installing: /home/berry/HeartBeat/install/interfaces/include/interfaces/interfaces/action/detail/fetch__traits.hpp
[172.880s] -- Installing: /home/berry/HeartBeat/install/interfaces/include/interfaces/interfaces/action/detail/belt_move__builder.hpp
[172.881s] -- Installing: /home/berry/HeartBeat/install/interfaces/include/interfaces/interfaces/action/detail/move_to_right__traits.hpp
[172.883s] -- Installing: /home/berry/HeartBeat/install/interfaces/include/interfaces/interfaces/action/detail/is_moving__struct.hpp
[172.884s] -- Installing: /home/berry/HeartBeat/install/interfaces/include/interfaces/interfaces/action/detail/get_status__struct.hpp
[172.886s] -- Installing: /home/berry/HeartBeat/install/interfaces/include/interfaces/interfaces/action/detail/get_status__builder.hpp
[172.887s] -- Installing: /home/berry/HeartBeat/install/interfaces/include/interfaces/interfaces/action/detail/gripper_open__traits.hpp
[172.889s] -- Installing: /home/berry/HeartBeat/install/interfaces/include/interfaces/interfaces/action/detail/is_moving__builder.hpp
[172.890s] -- Installing: /home/berry/HeartBeat/install/interfaces/include/interfaces/interfaces/action/detail/move_mood__traits.hpp
[172.892s] -- Installing: /home/berry/HeartBeat/install/interfaces/include/interfaces/interfaces/action/detail/head_move__struct.hpp
[172.894s] -- Installing: /home/berry/HeartBeat/install/interfaces/include/interfaces/interfaces/action/detail/multiple_turn__struct.hpp
[172.895s] -- Installing: /home/berry/HeartBeat/install/interfaces/include/interfaces/interfaces/action/detail/arm2_test__builder.hpp
[172.897s] -- Installing: /home/berry/HeartBeat/install/interfaces/include/interfaces/interfaces/action/detail/stop_time__builder.hpp
[172.898s] -- Installing: /home/berry/HeartBeat/install/interfaces/include/interfaces/interfaces/action/detail/arm1_test__builder.hpp
[172.900s] -- Installing: /home/berry/HeartBeat/install/interfaces/include/interfaces/interfaces/action/detail/move_mood__struct.hpp
[172.902s] -- Installing: /home/berry/HeartBeat/install/interfaces/include/interfaces/interfaces/action/detail/head_move__builder.hpp
[172.903s] -- Installing: /home/berry/HeartBeat/install/interfaces/include/interfaces/interfaces/action/detail/is_moving__traits.hpp
[172.905s] -- Installing: /home/berry/HeartBeat/install/interfaces/include/interfaces/interfaces/action/detail/stop_time__traits.hpp
[172.906s] -- Installing: /home/berry/HeartBeat/install/interfaces/include/interfaces/interfaces/action/detail/belt_stop__builder.hpp
[172.908s] -- Installing: /home/berry/HeartBeat/install/interfaces/include/interfaces/interfaces/action/detail/arm2_test__struct.hpp
[172.909s] -- Installing: /home/berry/HeartBeat/install/interfaces/include/interfaces/interfaces/action/detail/gripper_open__builder.hpp
[172.911s] -- Installing: /home/berry/HeartBeat/install/interfaces/include/interfaces/interfaces/action/detail/belt_move__traits.hpp
[172.912s] -- Installing: /home/berry/HeartBeat/install/interfaces/include/interfaces/interfaces/action/detail/fetch__builder.hpp
[172.914s] -- Installing: /home/berry/HeartBeat/install/interfaces/include/interfaces/interfaces/action/detail/move_to_left__struct.hpp
[172.915s] -- Installing: /home/berry/HeartBeat/install/interfaces/include/interfaces/interfaces/action/detail/belt_stop__traits.hpp
[172.917s] -- Installing: /home/berry/HeartBeat/install/interfaces/include/interfaces/interfaces/action/detail/multiple_turn__builder.hpp
[172.918s] -- Installing: /home/berry/HeartBeat/install/interfaces/include/interfaces/interfaces/action/detail/gripper_open__struct.hpp
[172.920s] -- Installing: /home/berry/HeartBeat/install/interfaces/include/interfaces/interfaces/action/detail/arm2_test__traits.hpp
[172.921s] -- Installing: /home/berry/HeartBeat/install/interfaces/include/interfaces/interfaces/action/detail/fetch__struct.hpp
[172.923s] -- Installing: /home/berry/HeartBeat/install/interfaces/include/interfaces/interfaces/action/detail/head_move__traits.hpp
[172.925s] -- Installing: /home/berry/HeartBeat/install/interfaces/include/interfaces/interfaces/action/detail/move_to_left__builder.hpp
[172.926s] -- Installing: /home/berry/HeartBeat/install/interfaces/include/interfaces/interfaces/action/detail/arm1_test__struct.hpp
[172.928s] -- Installing: /home/berry/HeartBeat/install/interfaces/include/interfaces/interfaces/action/detail/get_status__traits.hpp
[172.929s] -- Installing: /home/berry/HeartBeat/install/interfaces/include/interfaces/interfaces/action/detail/multiple_turn__traits.hpp
[172.931s] -- Installing: /home/berry/HeartBeat/install/interfaces/include/interfaces/interfaces/action/detail/stop_time__struct.hpp
[172.932s] -- Installing: /home/berry/HeartBeat/install/interfaces/include/interfaces/interfaces/action/detail/arm1_test__traits.hpp
[172.934s] -- Installing: /home/berry/HeartBeat/install/interfaces/include/interfaces/interfaces/action/belt_stop.hpp
[172.935s] -- Installing: /home/berry/HeartBeat/install/interfaces/include/interfaces/interfaces/action/multiple_turn.hpp
[172.937s] -- Installing: /home/berry/HeartBeat/install/interfaces/include/interfaces/interfaces/action/move_to_left.hpp
[172.938s] -- Installing: /home/berry/HeartBeat/install/interfaces/include/interfaces/interfaces/action/get_status.hpp
[172.939s] -- Installing: /home/berry/HeartBeat/install/interfaces/include/interfaces/interfaces/action/is_moving.hpp
[172.940s] -- Installing: /home/berry/HeartBeat/install/interfaces/include/interfaces/interfaces/action/head_move.hpp
[172.942s] -- Installing: /home/berry/HeartBeat/install/interfaces/include/interfaces/interfaces/action/move_time.hpp
[172.943s] -- Installing: /home/berry/HeartBeat/install/interfaces/include/interfaces/interfaces/action/move_to_right.hpp
[172.944s] -- Installing: /home/berry/HeartBeat/install/interfaces/include/interfaces/interfaces/action/gripper_open.hpp
[172.945s] -- Installing: /home/berry/HeartBeat/install/interfaces/include/interfaces/interfaces/action/belt_move.hpp
[172.946s] -- Installing: /home/berry/HeartBeat/install/interfaces/include/interfaces/interfaces/action/arm1_test.hpp
[172.947s] -- Installing: /home/berry/HeartBeat/install/interfaces/include/interfaces/interfaces/action/fetch.hpp
[172.949s] -- Installing: /home/berry/HeartBeat/install/interfaces/include/interfaces/interfaces/action/arm2_test.hpp
[172.950s] -- Installing: /home/berry/HeartBeat/install/interfaces/include/interfaces/interfaces/action/stop_time.hpp
[172.951s] -- Up-to-date: /home/berry/HeartBeat/install/interfaces/include/interfaces/interfaces/msg
[172.951s] -- Up-to-date: /home/berry/HeartBeat/install/interfaces/include/interfaces/interfaces/msg/detail
[172.952s] -- Installing: /home/berry/HeartBeat/install/interfaces/include/interfaces/interfaces/msg/detail/arm1_heartbeat__struct.hpp
[172.953s] -- Installing: /home/berry/HeartBeat/install/interfaces/include/interfaces/interfaces/msg/detail/arm1_heartbeat__traits.hpp
[172.955s] -- Installing: /home/berry/HeartBeat/install/interfaces/include/interfaces/interfaces/msg/detail/arm2_heartbeat__builder.hpp
[172.956s] -- Installing: /home/berry/HeartBeat/install/interfaces/include/interfaces/interfaces/msg/detail/arm1_heartbeat__builder.hpp
[172.957s] -- Installing: /home/berry/HeartBeat/install/interfaces/include/interfaces/interfaces/msg/detail/arm2_heartbeat__traits.hpp
[172.959s] -- Installing: /home/berry/HeartBeat/install/interfaces/include/interfaces/interfaces/msg/detail/arm2_heartbeat__struct.hpp
[172.960s] -- Installing: /home/berry/HeartBeat/install/interfaces/include/interfaces/interfaces/msg/arm2_heartbeat.hpp
[172.961s] -- Installing: /home/berry/HeartBeat/install/interfaces/include/interfaces/interfaces/msg/arm1_heartbeat.hpp
[172.962s] -- Up-to-date: /home/berry/HeartBeat/install/interfaces/include/interfaces/interfaces
[172.963s] -- Up-to-date: /home/berry/HeartBeat/install/interfaces/include/interfaces/interfaces/action
[172.963s] -- Up-to-date: /home/berry/HeartBeat/install/interfaces/include/interfaces/interfaces/action/detail
[172.964s] -- Installing: /home/berry/HeartBeat/install/interfaces/include/interfaces/interfaces/action/detail/head_move__rosidl_typesupport_fastrtps_cpp.hpp
[172.966s] -- Installing: /home/berry/HeartBeat/install/interfaces/include/interfaces/interfaces/action/detail/gripper_open__rosidl_typesupport_fastrtps_cpp.hpp
[172.967s] -- Installing: /home/berry/HeartBeat/install/interfaces/include/interfaces/interfaces/action/detail/move_to_left__rosidl_typesupport_fastrtps_cpp.hpp
[172.969s] -- Installing: /home/berry/HeartBeat/install/interfaces/include/interfaces/interfaces/action/detail/arm1_test__rosidl_typesupport_fastrtps_cpp.hpp
[172.971s] -- Installing: /home/berry/HeartBeat/install/interfaces/include/interfaces/interfaces/action/detail/is_moving__rosidl_typesupport_fastrtps_cpp.hpp
[172.972s] -- Installing: /home/berry/HeartBeat/install/interfaces/include/interfaces/interfaces/action/detail/arm2_test__rosidl_typesupport_fastrtps_cpp.hpp
[172.974s] -- Installing: /home/berry/HeartBeat/install/interfaces/include/interfaces/interfaces/action/detail/move_time__rosidl_typesupport_fastrtps_cpp.hpp
[172.976s] -- Installing: /home/berry/HeartBeat/install/interfaces/include/interfaces/interfaces/action/detail/get_status__rosidl_typesupport_fastrtps_cpp.hpp
[172.977s] -- Installing: /home/berry/HeartBeat/install/interfaces/include/interfaces/interfaces/action/detail/fetch__rosidl_typesupport_fastrtps_cpp.hpp
[172.979s] -- Installing: /home/berry/HeartBeat/install/interfaces/include/interfaces/interfaces/action/detail/multiple_turn__rosidl_typesupport_fastrtps_cpp.hpp
[172.980s] -- Installing: /home/berry/HeartBeat/install/interfaces/include/interfaces/interfaces/action/detail/stop_time__rosidl_typesupport_fastrtps_cpp.hpp
[172.982s] -- Installing: /home/berry/HeartBeat/install/interfaces/include/interfaces/interfaces/action/detail/move_to_right__rosidl_typesupport_fastrtps_cpp.hpp
[172.984s] -- Up-to-date: /home/berry/HeartBeat/install/interfaces/include/interfaces/interfaces/action/detail/dds_fastrtps
[172.984s] -- Installing: /home/berry/HeartBeat/install/interfaces/include/interfaces/interfaces/action/detail/belt_move__rosidl_typesupport_fastrtps_cpp.hpp
[172.986s] -- Installing: /home/berry/HeartBeat/install/interfaces/include/interfaces/interfaces/action/detail/belt_stop__rosidl_typesupport_fastrtps_cpp.hpp
[172.988s] -- Installing: /home/berry/HeartBeat/install/interfaces/include/interfaces/interfaces/action/detail/move_mood__rosidl_typesupport_fastrtps_cpp.hpp
[172.989s] -- Up-to-date: /home/berry/HeartBeat/install/interfaces/include/interfaces/interfaces/msg
[172.990s] -- Up-to-date: /home/berry/HeartBeat/install/interfaces/include/interfaces/interfaces/msg/detail
[172.990s] -- Up-to-date: /home/berry/HeartBeat/install/interfaces/include/interfaces/interfaces/msg/detail/dds_fastrtps
[172.991s] -- Installing: /home/berry/HeartBeat/install/interfaces/include/interfaces/interfaces/msg/detail/arm1_heartbeat__rosidl_typesupport_fastrtps_cpp.hpp
[172.992s] -- Installing: /home/berry/HeartBeat/install/interfaces/include/interfaces/interfaces/msg/detail/arm2_heartbeat__rosidl_typesupport_fastrtps_cpp.hpp
[172.994s] -- Up-to-date: /home/berry/HeartBeat/install/interfaces/include/interfaces/interfaces/msg/rosidl_typesupport_fastrtps_cpp__visibility_control.h
[172.995s] -- Installing: /home/berry/HeartBeat/install/interfaces/lib/libinterfaces__rosidl_typesupport_fastrtps_cpp.so
[173.004s] -- Set runtime path of "/home/berry/HeartBeat/install/interfaces/lib/libinterfaces__rosidl_typesupport_fastrtps_cpp.so" to ""
[173.005s] -- Up-to-date: /home/berry/HeartBeat/install/interfaces/include/interfaces/interfaces
[173.005s] -- Up-to-date: /home/berry/HeartBeat/install/interfaces/include/interfaces/interfaces/action
[173.006s] -- Up-to-date: /home/berry/HeartBeat/install/interfaces/include/interfaces/interfaces/action/detail
[173.006s] -- Installing: /home/berry/HeartBeat/install/interfaces/include/interfaces/interfaces/action/detail/arm2_test__rosidl_typesupport_introspection_cpp.hpp
[173.008s] -- Installing: /home/berry/HeartBeat/install/interfaces/include/interfaces/interfaces/action/detail/head_move__type_support.cpp
[173.010s] -- Installing: /home/berry/HeartBeat/install/interfaces/include/interfaces/interfaces/action/detail/move_to_left__type_support.cpp
[173.011s] -- Installing: /home/berry/HeartBeat/install/interfaces/include/interfaces/interfaces/action/detail/get_status__type_support.cpp
[173.013s] -- Installing: /home/berry/HeartBeat/install/interfaces/include/interfaces/interfaces/action/detail/stop_time__type_support.cpp
[173.015s] -- Installing: /home/berry/HeartBeat/install/interfaces/include/interfaces/interfaces/action/detail/stop_time__rosidl_typesupport_introspection_cpp.hpp
[173.017s] -- Installing: /home/berry/HeartBeat/install/interfaces/include/interfaces/interfaces/action/detail/gripper_open__rosidl_typesupport_introspection_cpp.hpp
[173.018s] -- Installing: /home/berry/HeartBeat/install/interfaces/include/interfaces/interfaces/action/detail/head_move__rosidl_typesupport_introspection_cpp.hpp
[173.020s] -- Installing: /home/berry/HeartBeat/install/interfaces/include/interfaces/interfaces/action/detail/belt_stop__type_support.cpp
[173.022s] -- Installing: /home/berry/HeartBeat/install/interfaces/include/interfaces/interfaces/action/detail/belt_move__type_support.cpp
[173.024s] -- Installing: /home/berry/HeartBeat/install/interfaces/include/interfaces/interfaces/action/detail/multiple_turn__rosidl_typesupport_introspection_cpp.hpp
[173.025s] -- Installing: /home/berry/HeartBeat/install/interfaces/include/interfaces/interfaces/action/detail/move_to_right__type_support.cpp
[173.027s] -- Installing: /home/berry/HeartBeat/install/interfaces/include/interfaces/interfaces/action/detail/arm1_test__type_support.cpp
[173.029s] -- Installing: /home/berry/HeartBeat/install/interfaces/include/interfaces/interfaces/action/detail/move_to_left__rosidl_typesupport_introspection_cpp.hpp
[173.030s] -- Installing: /home/berry/HeartBeat/install/interfaces/include/interfaces/interfaces/action/detail/gripper_open__type_support.cpp
[173.032s] -- Installing: /home/berry/HeartBeat/install/interfaces/include/interfaces/interfaces/action/detail/fetch__type_support.cpp
[173.034s] -- Installing: /home/berry/HeartBeat/install/interfaces/include/interfaces/interfaces/action/detail/move_mood__type_support.cpp
[173.036s] -- Installing: /home/berry/HeartBeat/install/interfaces/include/interfaces/interfaces/action/detail/move_to_right__rosidl_typesupport_introspection_cpp.hpp
[173.037s] -- Installing: /home/berry/HeartBeat/install/interfaces/include/interfaces/interfaces/action/detail/is_moving__rosidl_typesupport_introspection_cpp.hpp
[173.039s] -- Installing: /home/berry/HeartBeat/install/interfaces/include/interfaces/interfaces/action/detail/belt_move__rosidl_typesupport_introspection_cpp.hpp
[173.040s] -- Installing: /home/berry/HeartBeat/install/interfaces/include/interfaces/interfaces/action/detail/multiple_turn__type_support.cpp
[173.043s] -- Installing: /home/berry/HeartBeat/install/interfaces/include/interfaces/interfaces/action/detail/get_status__rosidl_typesupport_introspection_cpp.hpp
[173.044s] -- Installing: /home/berry/HeartBeat/install/interfaces/include/interfaces/interfaces/action/detail/is_moving__type_support.cpp
[173.046s] -- Installing: /home/berry/HeartBeat/install/interfaces/include/interfaces/interfaces/action/detail/arm2_test__type_support.cpp
[173.048s] -- Installing: /home/berry/HeartBeat/install/interfaces/include/interfaces/interfaces/action/detail/move_mood__rosidl_typesupport_introspection_cpp.hpp
[173.049s] -- Installing: /home/berry/HeartBeat/install/interfaces/include/interfaces/interfaces/action/detail/belt_stop__rosidl_typesupport_introspection_cpp.hpp
[173.051s] -- Installing: /home/berry/HeartBeat/install/interfaces/include/interfaces/interfaces/action/detail/move_time__rosidl_typesupport_introspection_cpp.hpp
[173.053s] -- Installing: /home/berry/HeartBeat/install/interfaces/include/interfaces/interfaces/action/detail/move_time__type_support.cpp
[173.054s] -- Installing: /home/berry/HeartBeat/install/interfaces/include/interfaces/interfaces/action/detail/fetch__rosidl_typesupport_introspection_cpp.hpp
[173.056s] -- Installing: /home/berry/HeartBeat/install/interfaces/include/interfaces/interfaces/action/detail/arm1_test__rosidl_typesupport_introspection_cpp.hpp
[173.057s] -- Up-to-date: /home/berry/HeartBeat/install/interfaces/include/interfaces/interfaces/msg
[173.058s] -- Up-to-date: /home/berry/HeartBeat/install/interfaces/include/interfaces/interfaces/msg/detail
[173.058s] -- Installing: /home/berry/HeartBeat/install/interfaces/include/interfaces/interfaces/msg/detail/arm2_heartbeat__rosidl_typesupport_introspection_cpp.hpp
[173.060s] -- Installing: /home/berry/HeartBeat/install/interfaces/include/interfaces/interfaces/msg/detail/arm1_heartbeat__rosidl_typesupport_introspection_cpp.hpp
[173.062s] -- Installing: /home/berry/HeartBeat/install/interfaces/include/interfaces/interfaces/msg/detail/arm2_heartbeat__type_support.cpp
[173.063s] -- Installing: /home/berry/HeartBeat/install/interfaces/include/interfaces/interfaces/msg/detail/arm1_heartbeat__type_support.cpp
[173.066s] -- Installing: /home/berry/HeartBeat/install/interfaces/lib/libinterfaces__rosidl_typesupport_introspection_cpp.so
[173.074s] -- Set runtime path of "/home/berry/HeartBeat/install/interfaces/lib/libinterfaces__rosidl_typesupport_introspection_cpp.so" to ""
[173.075s] -- Installing: /home/berry/HeartBeat/install/interfaces/lib/libinterfaces__rosidl_typesupport_cpp.so
[173.081s] -- Set runtime path of "/home/berry/HeartBeat/install/interfaces/lib/libinterfaces__rosidl_typesupport_cpp.so" to ""
[173.082s] -- Up-to-date: /home/berry/HeartBeat/install/interfaces/share/interfaces/environment/pythonpath.sh
[173.082s] -- Installing: /home/berry/HeartBeat/install/interfaces/share/interfaces/environment/pythonpath.dsv
[173.083s] -- Up-to-date: /home/berry/HeartBeat/install/interfaces/local/lib/python3.10/dist-packages/interfaces-0.0.0-py3.10.egg-info
[173.084s] -- Installing: /home/berry/HeartBeat/install/interfaces/local/lib/python3.10/dist-packages/interfaces-0.0.0-py3.10.egg-info/dependency_links.txt
[173.086s] -- Installing: /home/berry/HeartBeat/install/interfaces/local/lib/python3.10/dist-packages/interfaces-0.0.0-py3.10.egg-info/top_level.txt
[173.087s] -- Installing: /home/berry/HeartBeat/install/interfaces/local/lib/python3.10/dist-packages/interfaces-0.0.0-py3.10.egg-info/SOURCES.txt
[173.088s] -- Installing: /home/berry/HeartBeat/install/interfaces/local/lib/python3.10/dist-packages/interfaces-0.0.0-py3.10.egg-info/PKG-INFO
[173.090s] -- Up-to-date: /home/berry/HeartBeat/install/interfaces/local/lib/python3.10/dist-packages/interfaces
[173.090s] -- Up-to-date: /home/berry/HeartBeat/install/interfaces/local/lib/python3.10/dist-packages/interfaces/action
[173.091s] -- Installing: /home/berry/HeartBeat/install/interfaces/local/lib/python3.10/dist-packages/interfaces/action/_move_to_right_s.c
[173.093s] -- Installing: /home/berry/HeartBeat/install/interfaces/local/lib/python3.10/dist-packages/interfaces/action/_fetch_s.c
[173.094s] -- Installing: /home/berry/HeartBeat/install/interfaces/local/lib/python3.10/dist-packages/interfaces/action/_arm2_test_s.c
[173.096s] -- Installing: /home/berry/HeartBeat/install/interfaces/local/lib/python3.10/dist-packages/interfaces/action/_belt_stop.py
[173.098s] -- Installing: /home/berry/HeartBeat/install/interfaces/local/lib/python3.10/dist-packages/interfaces/action/_get_status.py
[173.099s] -- Installing: /home/berry/HeartBeat/install/interfaces/local/lib/python3.10/dist-packages/interfaces/action/_belt_stop_s.c
[173.101s] -- Installing: /home/berry/HeartBeat/install/interfaces/local/lib/python3.10/dist-packages/interfaces/action/_belt_move.py
[173.103s] -- Installing: /home/berry/HeartBeat/install/interfaces/local/lib/python3.10/dist-packages/interfaces/action/_move_to_right.py
[173.104s] -- Installing: /home/berry/HeartBeat/install/interfaces/local/lib/python3.10/dist-packages/interfaces/action/_move_mood.py
[173.106s] -- Installing: /home/berry/HeartBeat/install/interfaces/local/lib/python3.10/dist-packages/interfaces/action/_arm2_test.py
[173.108s] -- Installing: /home/berry/HeartBeat/install/interfaces/local/lib/python3.10/dist-packages/interfaces/action/_belt_move_s.c
[173.109s] -- Installing: /home/berry/HeartBeat/install/interfaces/local/lib/python3.10/dist-packages/interfaces/action/_move_mood_s.c
[173.111s] -- Installing: /home/berry/HeartBeat/install/interfaces/local/lib/python3.10/dist-packages/interfaces/action/_fetch.py
[173.113s] -- Installing: /home/berry/HeartBeat/install/interfaces/local/lib/python3.10/dist-packages/interfaces/action/_move_time.py
[173.114s] -- Installing: /home/berry/HeartBeat/install/interfaces/local/lib/python3.10/dist-packages/interfaces/action/_gripper_open.py
[173.116s] -- Installing: /home/berry/HeartBeat/install/interfaces/local/lib/python3.10/dist-packages/interfaces/action/_stop_time_s.c
[173.118s] -- Installing: /home/berry/HeartBeat/install/interfaces/local/lib/python3.10/dist-packages/interfaces/action/_move_time_s.c
[173.119s] -- Installing: /home/berry/HeartBeat/install/interfaces/local/lib/python3.10/dist-packages/interfaces/action/_arm1_test.py
[173.121s] -- Installing: /home/berry/HeartBeat/install/interfaces/local/lib/python3.10/dist-packages/interfaces/action/_gripper_open_s.c
[173.123s] -- Installing: /home/berry/HeartBeat/install/interfaces/local/lib/python3.10/dist-packages/interfaces/action/_move_to_left.py
[173.124s] -- Installing: /home/berry/HeartBeat/install/interfaces/local/lib/python3.10/dist-packages/interfaces/action/_get_status_s.c
[173.126s] -- Installing: /home/berry/HeartBeat/install/interfaces/local/lib/python3.10/dist-packages/interfaces/action/_arm1_test_s.c
[173.128s] -- Installing: /home/berry/HeartBeat/install/interfaces/local/lib/python3.10/dist-packages/interfaces/action/_head_move_s.c
[173.129s] -- Installing: /home/berry/HeartBeat/install/interfaces/local/lib/python3.10/dist-packages/interfaces/action/_multiple_turn_s.c
[173.131s] -- Installing: /home/berry/HeartBeat/install/interfaces/local/lib/python3.10/dist-packages/interfaces/action/_is_moving.py
[173.133s] -- Installing: /home/berry/HeartBeat/install/interfaces/local/lib/python3.10/dist-packages/interfaces/action/__init__.py
[173.134s] -- Installing: /home/berry/HeartBeat/install/interfaces/local/lib/python3.10/dist-packages/interfaces/action/_move_to_left_s.c
[173.135s] -- Installing: /home/berry/HeartBeat/install/interfaces/local/lib/python3.10/dist-packages/interfaces/action/_multiple_turn.py
[173.137s] -- Installing: /home/berry/HeartBeat/install/interfaces/local/lib/python3.10/dist-packages/interfaces/action/_head_move.py
[173.139s] -- Installing: /home/berry/HeartBeat/install/interfaces/local/lib/python3.10/dist-packages/interfaces/action/_stop_time.py
[173.141s] -- Installing: /home/berry/HeartBeat/install/interfaces/local/lib/python3.10/dist-packages/interfaces/action/_is_moving_s.c
[173.142s] -- Installing: /home/berry/HeartBeat/install/interfaces/local/lib/python3.10/dist-packages/interfaces/interfaces_s__rosidl_typesupport_introspection_c.cpython-310-aarch64-linux-gnu.so
[173.147s] -- Installing: /home/berry/HeartBeat/install/interfaces/local/lib/python3.10/dist-packages/interfaces/interfaces_s__rosidl_typesupport_c.cpython-310-aarch64-linux-gnu.so
[173.152s] -- Installing: /home/berry/HeartBeat/install/interfaces/local/lib/python3.10/dist-packages/interfaces/_interfaces_s.ep.rosidl_typesupport_introspection_c.c
[173.160s] -- Up-to-date: /home/berry/HeartBeat/install/interfaces/local/lib/python3.10/dist-packages/interfaces/msg
[173.160s] -- Installing: /home/berry/HeartBeat/install/interfaces/local/lib/python3.10/dist-packages/interfaces/msg/_arm1_heartbeat.py
[173.162s] -- Installing: /home/berry/HeartBeat/install/interfaces/local/lib/python3.10/dist-packages/interfaces/msg/_arm2_heartbeat_s.c
[173.163s] -- Installing: /home/berry/HeartBeat/install/interfaces/local/lib/python3.10/dist-packages/interfaces/msg/_arm1_heartbeat_s.c
[173.164s] -- Installing: /home/berry/HeartBeat/install/interfaces/local/lib/python3.10/dist-packages/interfaces/msg/__init__.py
[173.165s] -- Installing: /home/berry/HeartBeat/install/interfaces/local/lib/python3.10/dist-packages/interfaces/msg/_arm2_heartbeat.py
[173.167s] -- Installing: /home/berry/HeartBeat/install/interfaces/local/lib/python3.10/dist-packages/interfaces/_interfaces_s.ep.rosidl_typesupport_fastrtps_c.c
[173.175s] -- Installing: /home/berry/HeartBeat/install/interfaces/local/lib/python3.10/dist-packages/interfaces/interfaces_s__rosidl_typesupport_fastrtps_c.cpython-310-aarch64-linux-gnu.so
[173.180s] -- Installing: /home/berry/HeartBeat/install/interfaces/local/lib/python3.10/dist-packages/interfaces/_interfaces_s.ep.rosidl_typesupport_c.c
[173.187s] -- Installing: /home/berry/HeartBeat/install/interfaces/local/lib/python3.10/dist-packages/interfaces/__init__.py
[173.188s] -- Installing: /home/berry/HeartBeat/install/interfaces/local/lib/python3.10/dist-packages/interfaces/libinterfaces__rosidl_generator_py.so
[173.812s] Listing '/home/berry/HeartBeat/install/interfaces/local/lib/python3.10/dist-packages/interfaces'...
[173.813s] Compiling '/home/berry/HeartBeat/install/interfaces/local/lib/python3.10/dist-packages/interfaces/__init__.py'...
[173.814s] Listing '/home/berry/HeartBeat/install/interfaces/local/lib/python3.10/dist-packages/interfaces/action'...
[173.815s] Compiling '/home/berry/HeartBeat/install/interfaces/local/lib/python3.10/dist-packages/interfaces/action/__init__.py'...
[173.816s] Compiling '/home/berry/HeartBeat/install/interfaces/local/lib/python3.10/dist-packages/interfaces/action/_arm1_test.py'...
[173.817s] Compiling '/home/berry/HeartBeat/install/interfaces/local/lib/python3.10/dist-packages/interfaces/action/_arm2_test.py'...
[173.817s] Compiling '/home/berry/HeartBeat/install/interfaces/local/lib/python3.10/dist-packages/interfaces/action/_belt_move.py'...
[173.818s] Compiling '/home/berry/HeartBeat/install/interfaces/local/lib/python3.10/dist-packages/interfaces/action/_belt_stop.py'...
[173.819s] Compiling '/home/berry/HeartBeat/install/interfaces/local/lib/python3.10/dist-packages/interfaces/action/_fetch.py'...
[173.820s] Compiling '/home/berry/HeartBeat/install/interfaces/local/lib/python3.10/dist-packages/interfaces/action/_get_status.py'...
[173.821s] Compiling '/home/berry/HeartBeat/install/interfaces/local/lib/python3.10/dist-packages/interfaces/action/_gripper_open.py'...
[173.822s] Compiling '/home/berry/HeartBeat/install/interfaces/local/lib/python3.10/dist-packages/interfaces/action/_head_move.py'...
[173.823s] Compiling '/home/berry/HeartBeat/install/interfaces/local/lib/python3.10/dist-packages/interfaces/action/_is_moving.py'...
[173.824s] Compiling '/home/berry/HeartBeat/install/interfaces/local/lib/python3.10/dist-packages/interfaces/action/_move_mood.py'...
[173.824s] Compiling '/home/berry/HeartBeat/install/interfaces/local/lib/python3.10/dist-packages/interfaces/action/_move_time.py'...
[173.825s] Compiling '/home/berry/HeartBeat/install/interfaces/local/lib/python3.10/dist-packages/interfaces/action/_move_to_left.py'...
[173.826s] Compiling '/home/berry/HeartBeat/install/interfaces/local/lib/python3.10/dist-packages/interfaces/action/_move_to_right.py'...
[173.826s] Compiling '/home/berry/HeartBeat/install/interfaces/local/lib/python3.10/dist-packages/interfaces/action/_multiple_turn.py'...
[173.827s] Compiling '/home/berry/HeartBeat/install/interfaces/local/lib/python3.10/dist-packages/interfaces/action/_stop_time.py'...
[173.827s] Listing '/home/berry/HeartBeat/install/interfaces/local/lib/python3.10/dist-packages/interfaces/msg'...
[173.828s] Compiling '/home/berry/HeartBeat/install/interfaces/local/lib/python3.10/dist-packages/interfaces/msg/__init__.py'...
[173.828s] Compiling '/home/berry/HeartBeat/install/interfaces/local/lib/python3.10/dist-packages/interfaces/msg/_arm1_heartbeat.py'...
[173.829s] Compiling '/home/berry/HeartBeat/install/interfaces/local/lib/python3.10/dist-packages/interfaces/msg/_arm2_heartbeat.py'...
[173.842s] -- Installing: /home/berry/HeartBeat/install/interfaces/local/lib/python3.10/dist-packages/interfaces/interfaces_s__rosidl_typesupport_fastrtps_c.cpython-310-aarch64-linux-gnu.so
[173.848s] -- Set runtime path of "/home/berry/HeartBeat/install/interfaces/local/lib/python3.10/dist-packages/interfaces/interfaces_s__rosidl_typesupport_fastrtps_c.cpython-310-aarch64-linux-gnu.so" to ""
[173.850s] -- Installing: /home/berry/HeartBeat/install/interfaces/local/lib/python3.10/dist-packages/interfaces/interfaces_s__rosidl_typesupport_introspection_c.cpython-310-aarch64-linux-gnu.so
[173.856s] -- Set runtime path of "/home/berry/HeartBeat/install/interfaces/local/lib/python3.10/dist-packages/interfaces/interfaces_s__rosidl_typesupport_introspection_c.cpython-310-aarch64-linux-gnu.so" to ""
[173.858s] -- Installing: /home/berry/HeartBeat/install/interfaces/local/lib/python3.10/dist-packages/interfaces/interfaces_s__rosidl_typesupport_c.cpython-310-aarch64-linux-gnu.so
[173.864s] -- Set runtime path of "/home/berry/HeartBeat/install/interfaces/local/lib/python3.10/dist-packages/interfaces/interfaces_s__rosidl_typesupport_c.cpython-310-aarch64-linux-gnu.so" to ""
[173.866s] -- Installing: /home/berry/HeartBeat/install/interfaces/lib/libinterfaces__rosidl_generator_py.so
[173.872s] -- Set runtime path of "/home/berry/HeartBeat/install/interfaces/lib/libinterfaces__rosidl_generator_py.so" to ""
[173.872s] -- Up-to-date: /home/berry/HeartBeat/install/interfaces/share/interfaces/action/Arm1Test.idl
[173.873s] -- Up-to-date: /home/berry/HeartBeat/install/interfaces/share/interfaces/action/Arm2Test.idl
[173.873s] -- Up-to-date: /home/berry/HeartBeat/install/interfaces/share/interfaces/action/StopTime.idl
[173.874s] -- Up-to-date: /home/berry/HeartBeat/install/interfaces/share/interfaces/action/MoveMood.idl
[173.874s] -- Up-to-date: /home/berry/HeartBeat/install/interfaces/share/interfaces/action/MoveTime.idl
[173.875s] -- Up-to-date: /home/berry/HeartBeat/install/interfaces/share/interfaces/action/IsMoving.idl
[173.875s] -- Up-to-date: /home/berry/HeartBeat/install/interfaces/share/interfaces/action/MoveToLeft.idl
[173.876s] -- Up-to-date: /home/berry/HeartBeat/install/interfaces/share/interfaces/action/MoveToRight.idl
[173.877s] -- Up-to-date: /home/berry/HeartBeat/install/interfaces/share/interfaces/action/GetStatus.idl
[173.877s] -- Up-to-date: /home/berry/HeartBeat/install/interfaces/share/interfaces/action/BeltMove.idl
[173.877s] -- Up-to-date: /home/berry/HeartBeat/install/interfaces/share/interfaces/action/BeltStop.idl
[173.878s] -- Installing: /home/berry/HeartBeat/install/interfaces/share/interfaces/action/Fetch.idl
[173.880s] -- Up-to-date: /home/berry/HeartBeat/install/interfaces/share/interfaces/action/GripperOpen.idl
[173.880s] -- Up-to-date: /home/berry/HeartBeat/install/interfaces/share/interfaces/action/HeadMove.idl
[173.881s] -- Up-to-date: /home/berry/HeartBeat/install/interfaces/share/interfaces/action/MultipleTurn.idl
[173.881s] -- Up-to-date: /home/berry/HeartBeat/install/interfaces/share/interfaces/msg/Arm1Heartbeat.idl
[173.882s] -- Up-to-date: /home/berry/HeartBeat/install/interfaces/share/interfaces/msg/Arm2Heartbeat.idl
[173.882s] -- Up-to-date: /home/berry/HeartBeat/install/interfaces/share/interfaces/action/Arm1Test.action
[173.883s] -- Up-to-date: /home/berry/HeartBeat/install/interfaces/share/interfaces/action/Arm2Test.action
[173.883s] -- Up-to-date: /home/berry/HeartBeat/install/interfaces/share/interfaces/action/StopTime.action
[173.884s] -- Up-to-date: /home/berry/HeartBeat/install/interfaces/share/interfaces/action/MoveMood.action
[173.884s] -- Up-to-date: /home/berry/HeartBeat/install/interfaces/share/interfaces/action/MoveTime.action
[173.885s] -- Up-to-date: /home/berry/HeartBeat/install/interfaces/share/interfaces/action/IsMoving.action
[173.885s] -- Up-to-date: /home/berry/HeartBeat/install/interfaces/share/interfaces/action/MoveToLeft.action
[173.886s] -- Up-to-date: /home/berry/HeartBeat/install/interfaces/share/interfaces/action/MoveToRight.action
[173.886s] -- Up-to-date: /home/berry/HeartBeat/install/interfaces/share/interfaces/action/GetStatus.action
[173.887s] -- Up-to-date: /home/berry/HeartBeat/install/interfaces/share/interfaces/action/BeltMove.action
[173.887s] -- Up-to-date: /home/berry/HeartBeat/install/interfaces/share/interfaces/action/BeltStop.action
[173.888s] -- Installing: /home/berry/HeartBeat/install/interfaces/share/interfaces/action/Fetch.action
[173.889s] -- Up-to-date: /home/berry/HeartBeat/install/interfaces/share/interfaces/action/GripperOpen.action
[173.890s] -- Up-to-date: /home/berry/HeartBeat/install/interfaces/share/interfaces/action/HeadMove.action
[173.890s] -- Up-to-date: /home/berry/HeartBeat/install/interfaces/share/interfaces/action/MultipleTurn.action
[173.891s] -- Up-to-date: /home/berry/HeartBeat/install/interfaces/share/interfaces/msg/Arm1Heartbeat.msg
[173.891s] -- Up-to-date: /home/berry/HeartBeat/install/interfaces/share/interfaces/msg/Arm2Heartbeat.msg
[173.891s] -- Up-to-date: /home/berry/HeartBeat/install/interfaces/share/ament_index/resource_index/package_run_dependencies/interfaces
[173.892s] -- Installing: /home/berry/HeartBeat/install/interfaces/share/ament_index/resource_index/parent_prefix_path/interfaces
[173.894s] -- Up-to-date: /home/berry/HeartBeat/install/interfaces/share/interfaces/environment/ament_prefix_path.sh
[173.894s] -- Installing: /home/berry/HeartBeat/install/interfaces/share/interfaces/environment/ament_prefix_path.dsv
[173.896s] -- Up-to-date: /home/berry/HeartBeat/install/interfaces/share/interfaces/environment/path.sh
[173.897s] -- Installing: /home/berry/HeartBeat/install/interfaces/share/interfaces/environment/path.dsv
[173.898s] -- Up-to-date: /home/berry/HeartBeat/install/interfaces/share/interfaces/local_setup.bash
[173.899s] -- Up-to-date: /home/berry/HeartBeat/install/interfaces/share/interfaces/local_setup.sh
[173.899s] -- Up-to-date: /home/berry/HeartBeat/install/interfaces/share/interfaces/local_setup.zsh
[173.900s] -- Installing: /home/berry/HeartBeat/install/interfaces/share/interfaces/local_setup.dsv
[173.901s] -- Installing: /home/berry/HeartBeat/install/interfaces/share/interfaces/package.dsv
[173.903s] -- Up-to-date: /home/berry/HeartBeat/install/interfaces/share/ament_index/resource_index/packages/interfaces
[173.903s] -- Up-to-date: /home/berry/HeartBeat/install/interfaces/share/interfaces/cmake/export_interfaces__rosidl_generator_cExport.cmake
[173.904s] -- Up-to-date: /home/berry/HeartBeat/install/interfaces/share/interfaces/cmake/export_interfaces__rosidl_generator_cExport-noconfig.cmake
[173.905s] -- Up-to-date: /home/berry/HeartBeat/install/interfaces/share/interfaces/cmake/export_interfaces__rosidl_typesupport_fastrtps_cExport.cmake
[173.906s] -- Up-to-date: /home/berry/HeartBeat/install/interfaces/share/interfaces/cmake/export_interfaces__rosidl_typesupport_fastrtps_cExport-noconfig.cmake
[173.907s] -- Up-to-date: /home/berry/HeartBeat/install/interfaces/share/interfaces/cmake/interfaces__rosidl_typesupport_introspection_cExport.cmake
[173.908s] -- Up-to-date: /home/berry/HeartBeat/install/interfaces/share/interfaces/cmake/interfaces__rosidl_typesupport_introspection_cExport-noconfig.cmake
[173.909s] -- Up-to-date: /home/berry/HeartBeat/install/interfaces/share/interfaces/cmake/interfaces__rosidl_typesupport_cExport.cmake
[173.909s] -- Up-to-date: /home/berry/HeartBeat/install/interfaces/share/interfaces/cmake/interfaces__rosidl_typesupport_cExport-noconfig.cmake
[173.910s] -- Up-to-date: /home/berry/HeartBeat/install/interfaces/share/interfaces/cmake/export_interfaces__rosidl_generator_cppExport.cmake
[173.911s] -- Up-to-date: /home/berry/HeartBeat/install/interfaces/share/interfaces/cmake/export_interfaces__rosidl_typesupport_fastrtps_cppExport.cmake
[173.912s] -- Up-to-date: /home/berry/HeartBeat/install/interfaces/share/interfaces/cmake/export_interfaces__rosidl_typesupport_fastrtps_cppExport-noconfig.cmake
[173.913s] -- Up-to-date: /home/berry/HeartBeat/install/interfaces/share/interfaces/cmake/interfaces__rosidl_typesupport_introspection_cppExport.cmake
[173.914s] -- Up-to-date: /home/berry/HeartBeat/install/interfaces/share/interfaces/cmake/interfaces__rosidl_typesupport_introspection_cppExport-noconfig.cmake
[173.915s] -- Up-to-date: /home/berry/HeartBeat/install/interfaces/share/interfaces/cmake/interfaces__rosidl_typesupport_cppExport.cmake
[173.915s] -- Up-to-date: /home/berry/HeartBeat/install/interfaces/share/interfaces/cmake/interfaces__rosidl_typesupport_cppExport-noconfig.cmake
[173.916s] -- Up-to-date: /home/berry/HeartBeat/install/interfaces/share/interfaces/cmake/export_interfaces__rosidl_generator_pyExport.cmake
[173.917s] -- Up-to-date: /home/berry/HeartBeat/install/interfaces/share/interfaces/cmake/export_interfaces__rosidl_generator_pyExport-noconfig.cmake
[173.918s] -- Up-to-date: /home/berry/HeartBeat/install/interfaces/share/interfaces/cmake/rosidl_cmake-extras.cmake
[173.918s] -- Up-to-date: /home/berry/HeartBeat/install/interfaces/share/interfaces/cmake/ament_cmake_export_dependencies-extras.cmake
[173.919s] -- Up-to-date: /home/berry/HeartBeat/install/interfaces/share/interfaces/cmake/ament_cmake_export_include_directories-extras.cmake
[173.919s] -- Up-to-date: /home/berry/HeartBeat/install/interfaces/share/interfaces/cmake/ament_cmake_export_libraries-extras.cmake
[173.920s] -- Up-to-date: /home/berry/HeartBeat/install/interfaces/share/interfaces/cmake/ament_cmake_export_targets-extras.cmake
[173.921s] -- Up-to-date: /home/berry/HeartBeat/install/interfaces/share/interfaces/cmake/rosidl_cmake_export_typesupport_targets-extras.cmake
[173.921s] -- Up-to-date: /home/berry/HeartBeat/install/interfaces/share/interfaces/cmake/rosidl_cmake_export_typesupport_libraries-extras.cmake
[173.922s] -- Up-to-date: /home/berry/HeartBeat/install/interfaces/share/interfaces/cmake/interfacesConfig.cmake
[173.922s] -- Up-to-date: /home/berry/HeartBeat/install/interfaces/share/interfaces/cmake/interfacesConfig-version.cmake
[173.923s] -- Up-to-date: /home/berry/HeartBeat/install/interfaces/share/interfaces/package.xml
[173.933s] Invoked command in '/home/berry/HeartBeat/build/interfaces' returned '0': CMAKE_PREFIX_PATH=${CMAKE_PREFIX_PATH}:/home/berry/HeartBeat/install/track_server:/home/berry/HeartBeat/install/controller:/home/berry/HeartBeat/install/belt_short_server:/home/berry/HeartBeat/install/belt_long_server:/home/berry/RoArm/install/test1:/home/berry/RoArm/install/serial_ctrl:/home/berry/RoArm/install/pos_sub:/home/berry/RoArm/install/pos_pub:/home/berry/RoArm/install/pos_client:/home/berry/RoArm/install/Position_Sub:/home/berry/RoArm/install/Pos_Server:/home/berry/RoArm/install/Pos_Client:/home/berry/ices_ws/install/track_server:/home/berry/ices_ws/install/launch_test:/home/berry/ices_ws/install/control:/home/berry/ices_ws/install/c_arm:/home/berry/ices_ws/install/arm_server:/home/berry/ices_ws/install/belt_short_server:/home/berry/ices_ws/install/belt_short_client:/home/berry/ices_ws/install/belt_long_server:/opt/ros/humble /usr/bin/cmake --install /home/berry/HeartBeat/build/interfaces
