[8.942s] Invoking command in '/home/berry/HeartBeat/src/belt_short_server': PYTHONPATH=/home/berry/HeartBeat/build/belt_short_server/prefix_override:/usr/lib/python3/dist-packages/colcon_core/task/python/colcon_distutils_commands:/home/berry/HeartBeat/install/belt_short_server/lib/python3.10/site-packages:${PYTHONPATH} /usr/bin/python3 -W ignore:setup.py install is deprecated setup.py egg_info --egg-base ../../build/belt_short_server build --build-base /home/berry/HeartBeat/build/belt_short_server/build install --record /home/berry/HeartBeat/build/belt_short_server/install.log --single-version-externally-managed install_data
[11.154s] running egg_info
[11.158s] writing ../../build/belt_short_server/belt_short_server.egg-info/PKG-INFO
[11.160s] writing dependency_links to ../../build/belt_short_server/belt_short_server.egg-info/dependency_links.txt
[11.161s] writing entry points to ../../build/belt_short_server/belt_short_server.egg-info/entry_points.txt
[11.163s] writing requirements to ../../build/belt_short_server/belt_short_server.egg-info/requires.txt
[11.164s] writing top-level names to ../../build/belt_short_server/belt_short_server.egg-info/top_level.txt
[11.174s] reading manifest file '../../build/belt_short_server/belt_short_server.egg-info/SOURCES.txt'
[11.179s] writing manifest file '../../build/belt_short_server/belt_short_server.egg-info/SOURCES.txt'
[11.180s] running build
[11.181s] running build_py
[11.183s] running install
[11.185s] running install_lib
[11.194s] running install_data
[11.195s] running install_egg_info
[11.283s] removing '/home/berry/HeartBeat/install/belt_short_server/lib/python3.10/site-packages/belt_short_server-0.0.0-py3.10.egg-info' (and everything under it)
[11.285s] Copying ../../build/belt_short_server/belt_short_server.egg-info to /home/berry/HeartBeat/install/belt_short_server/lib/python3.10/site-packages/belt_short_server-0.0.0-py3.10.egg-info
[11.295s] running install_scripts
[11.493s] Installing belt_short_server script to /home/berry/HeartBeat/install/belt_short_server/lib/belt_short_server
[11.498s] writing list of installed files to '/home/berry/HeartBeat/build/belt_short_server/install.log'
[11.708s] Invoked command in '/home/berry/HeartBeat/src/belt_short_server' returned '0': PYTHONPATH=/home/berry/HeartBeat/build/belt_short_server/prefix_override:/usr/lib/python3/dist-packages/colcon_core/task/python/colcon_distutils_commands:/home/berry/HeartBeat/install/belt_short_server/lib/python3.10/site-packages:${PYTHONPATH} /usr/bin/python3 -W ignore:setup.py install is deprecated setup.py egg_info --egg-base ../../build/belt_short_server build --build-base /home/berry/HeartBeat/build/belt_short_server/build install --record /home/berry/HeartBeat/build/belt_short_server/install.log --single-version-externally-managed install_data
