[8.319s] Invoking command in '/home/berry/HeartBeat/src/controller': PYTHONPATH=/home/berry/HeartBeat/build/controller/prefix_override:/usr/lib/python3/dist-packages/colcon_core/task/python/colcon_distutils_commands:/home/berry/HeartBeat/install/controller/lib/python3.10/site-packages:${PYTHONPATH} /usr/bin/python3 -W ignore:setup.py install is deprecated setup.py egg_info --egg-base ../../build/controller build --build-base /home/berry/HeartBeat/build/controller/build install --record /home/berry/HeartBeat/build/controller/install.log --single-version-externally-managed install_data
[10.396s] running egg_info
[10.400s] creating ../../build/controller/controller.egg-info
[10.401s] writing ../../build/controller/controller.egg-info/PKG-INFO
[10.403s] writing dependency_links to ../../build/controller/controller.egg-info/dependency_links.txt
[10.405s] writing entry points to ../../build/controller/controller.egg-info/entry_points.txt
[10.406s] writing requirements to ../../build/controller/controller.egg-info/requires.txt
[10.407s] writing top-level names to ../../build/controller/controller.egg-info/top_level.txt
[10.409s] writing manifest file '../../build/controller/controller.egg-info/SOURCES.txt'
[10.419s] reading manifest file '../../build/controller/controller.egg-info/SOURCES.txt'
[10.423s] writing manifest file '../../build/controller/controller.egg-info/SOURCES.txt'
[10.424s] running build
[10.425s] running build_py
[10.425s] creating /home/berry/HeartBeat/build/controller/build
[10.426s] creating /home/berry/HeartBeat/build/controller/build/lib
[10.432s] creating /home/berry/HeartBeat/build/controller/build/lib/controller
[10.432s] copying controller/db.py -> /home/berry/HeartBeat/build/controller/build/lib/controller
[10.433s] copying controller/controller.py -> /home/berry/HeartBeat/build/controller/build/lib/controller
[10.433s] copying controller/__init__.py -> /home/berry/HeartBeat/build/controller/build/lib/controller
[10.434s] running install
[10.435s] running install_lib
[10.448s] creating /home/berry/HeartBeat/install/controller/lib/python3.10/site-packages/controller
[10.450s] copying /home/berry/HeartBeat/build/controller/build/lib/controller/db.py -> /home/berry/HeartBeat/install/controller/lib/python3.10/site-packages/controller
[10.454s] copying /home/berry/HeartBeat/build/controller/build/lib/controller/controller.py -> /home/berry/HeartBeat/install/controller/lib/python3.10/site-packages/controller
[10.455s] copying /home/berry/HeartBeat/build/controller/build/lib/controller/__init__.py -> /home/berry/HeartBeat/install/controller/lib/python3.10/site-packages/controller
[10.455s] byte-compiling /home/berry/HeartBeat/install/controller/lib/python3.10/site-packages/controller/db.py to db.cpython-310.pyc
[10.456s] byte-compiling /home/berry/HeartBeat/install/controller/lib/python3.10/site-packages/controller/controller.py to controller.cpython-310.pyc
[10.470s] byte-compiling /home/berry/HeartBeat/install/controller/lib/python3.10/site-packages/controller/__init__.py to __init__.cpython-310.pyc
[10.473s] running install_data
[10.474s] creating /home/berry/HeartBeat/install/controller/share/ament_index
[10.475s] creating /home/berry/HeartBeat/install/controller/share/ament_index/resource_index
[10.476s] creating /home/berry/HeartBeat/install/controller/share/ament_index/resource_index/packages
[10.477s] copying resource/controller -> /home/berry/HeartBeat/install/controller/share/ament_index/resource_index/packages
[10.488s] copying package.xml -> /home/berry/HeartBeat/install/controller/share/controller
[10.489s] running install_egg_info
[10.569s] Copying ../../build/controller/controller.egg-info to /home/berry/HeartBeat/install/controller/lib/python3.10/site-packages/controller-0.0.0-py3.10.egg-info
[10.577s] running install_scripts
[10.749s] writing list of installed files to '/home/berry/HeartBeat/build/controller/install.log'
[10.984s] Invoked command in '/home/berry/HeartBeat/src/controller' returned '0': PYTHONPATH=/home/berry/HeartBeat/build/controller/prefix_override:/usr/lib/python3/dist-packages/colcon_core/task/python/colcon_distutils_commands:/home/berry/HeartBeat/install/controller/lib/python3.10/site-packages:${PYTHONPATH} /usr/bin/python3 -W ignore:setup.py install is deprecated setup.py egg_info --egg-base ../../build/controller build --build-base /home/berry/HeartBeat/build/controller/build install --record /home/berry/HeartBeat/build/controller/install.log --single-version-externally-managed install_data
