2025-08-03 19:12:45 [background-preinit] INFO  o.h.validator.internal.util.Version - HV000001: Hibernate Validator 6.2.5.Final
2025-08-03 19:12:45 [main] INFO  com.ruoyi.RuoYiApplication - Starting RuoYiApplication using Java 23.0.1 on LAPTOP-FFCSMEI3 with PID 21860 (D:\competition\4\Smart-Manufacture\backend\ruoyi-admin\target\classes started by admin in D:\competition\4\Smart-Manufacture)
2025-08-03 19:12:45 [main] INFO  com.ruoyi.RuoYiApplication - The following 1 profile is active: "dev"
2025-08-03 19:12:49 [main] INFO  io.undertow.servlet - Initializing Spring embedded WebApplicationContext
2025-08-03 19:12:49 [main] INFO  c.b.d.d.DynamicRoutingDataSource - dynamic-datasource detect P6SPY plugin and enabled it
2025-08-03 19:12:49 [main] INFO  com.zaxxer.hikari.HikariDataSource - master - Starting...
2025-08-03 19:25:36 [background-preinit] INFO  o.h.validator.internal.util.Version - HV000001: Hibernate Validator 6.2.5.Final
2025-08-03 19:25:36 [main] INFO  com.ruoyi.RuoYiApplication - Starting RuoYiApplication using Java 23.0.1 on LAPTOP-FFCSMEI3 with PID 28416 (D:\competition\4\Smart-Manufacture\backend\ruoyi-admin\target\classes started by admin in D:\competition\4\Smart-Manufacture)
2025-08-03 19:25:36 [main] INFO  com.ruoyi.RuoYiApplication - The following 1 profile is active: "dev"
2025-08-03 19:25:40 [main] INFO  io.undertow.servlet - Initializing Spring embedded WebApplicationContext
2025-08-03 19:25:40 [main] INFO  c.b.d.d.DynamicRoutingDataSource - dynamic-datasource detect P6SPY plugin and enabled it
2025-08-03 19:25:40 [main] INFO  com.zaxxer.hikari.HikariDataSource - master - Starting...
2025-08-03 19:27:41 [main] INFO  com.ruoyi.RuoYiApplication - Starting RuoYiApplication using Java 23.0.1 on LAPTOP-FFCSMEI3 with PID 2128 (D:\competition\4\Smart-Manufacture\backend\ruoyi-admin\target\classes started by admin in D:\competition\4\Smart-Manufacture)
2025-08-03 19:27:41 [main] INFO  com.ruoyi.RuoYiApplication - The following 1 profile is active: "dev"
2025-08-03 19:27:41 [background-preinit] INFO  o.h.validator.internal.util.Version - HV000001: Hibernate Validator 6.2.5.Final
2025-08-03 19:27:45 [main] INFO  io.undertow.servlet - Initializing Spring embedded WebApplicationContext
2025-08-03 19:27:46 [main] INFO  c.b.d.d.DynamicRoutingDataSource - dynamic-datasource detect P6SPY plugin and enabled it
2025-08-03 19:27:46 [main] INFO  com.zaxxer.hikari.HikariDataSource - master - Starting...
2025-08-03 19:27:46 [main] INFO  com.zaxxer.hikari.HikariDataSource - master - Start completed.
2025-08-03 19:27:46 [main] INFO  c.b.d.d.DynamicRoutingDataSource - dynamic-datasource - add a datasource named [slave] success
2025-08-03 19:27:46 [main] INFO  c.b.d.d.DynamicRoutingDataSource - dynamic-datasource - add a datasource named [master] success
2025-08-03 19:27:46 [main] INFO  c.b.d.d.DynamicRoutingDataSource - dynamic-datasource initial loaded [2] datasource,primary datasource named [master]
2025-08-03 19:27:49 [main] INFO  c.r.framework.config.JacksonConfig - 初始化 jackson 配置
2025-08-03 19:27:49 [main] INFO  c.ruoyi.framework.config.RedisConfig - 初始化 redis 配置
2025-08-03 19:27:49 [main] INFO  org.redisson.Version - Redisson 3.20.1
2025-08-03 19:27:49 [redisson-netty-2-5] INFO  o.r.c.p.MasterPubSubConnectionPool - 1 connections initialized for localhost/127.0.0.1:6379
2025-08-03 19:27:49 [redisson-netty-2-4] INFO  o.r.c.pool.MasterConnectionPool - 8 connections initialized for localhost/127.0.0.1:6379
2025-08-03 19:27:50 [main] INFO  o.f.s.b.e.EventRegistryAutoConfiguration - No deployment resources were found for autodeployment
2025-08-03 19:27:50 [main] INFO  o.f.s.SpringProcessEngineConfiguration - Found 1 Engine Configurators in total:
2025-08-03 19:27:50 [main] INFO  o.f.s.SpringProcessEngineConfiguration - class org.flowable.eventregistry.spring.configurator.SpringEventRegistryConfigurator (priority:100000)
2025-08-03 19:27:50 [main] INFO  o.f.s.SpringProcessEngineConfiguration - Executing beforeInit() of class org.flowable.eventregistry.spring.configurator.SpringEventRegistryConfigurator (priority:100000)
2025-08-03 19:27:51 [main] INFO  o.f.s.SpringProcessEngineConfiguration - Executing configure() of class org.flowable.eventregistry.spring.configurator.SpringEventRegistryConfigurator (priority:100000)
2025-08-03 19:27:52 [main] INFO  liquibase.lockservice - Successfully acquired change log lock
2025-08-03 19:27:52 [main] INFO  liquibase.changelog - Reading from industry_dev.FLW_EV_DATABASECHANGELOG
2025-08-03 19:27:52 [main] INFO  liquibase.lockservice - Successfully released change log lock
2025-08-03 19:27:52 [main] INFO  o.f.e.impl.EventRegistryEngineImpl - EventRegistryEngine default created
2025-08-03 19:27:53 [main] INFO  o.f.engine.impl.ProcessEngineImpl - ProcessEngine default created
2025-08-03 19:27:53 [main] INFO  o.f.e.impl.cmd.ValidateV5EntitiesCmd - Total of v5 deployments found: 0
2025-08-03 19:27:55 [main] INFO  io.undertow.websockets.jsr - UT026003: Adding annotated server endpoint class com.ruoyi.heart_beat.EndPoint for path /heartbeat
2025-08-03 19:27:55 [main] INFO  io.undertow - starting server: Undertow - 2.2.24.Final
2025-08-03 19:27:55 [main] INFO  org.xnio - XNIO version 3.8.7.Final
2025-08-03 19:27:55 [main] INFO  org.xnio.nio - XNIO NIO Implementation Version 3.8.7.Final
2025-08-03 19:27:55 [main] INFO  org.jboss.threads - JBoss Threads version 3.1.0.Final
2025-08-03 19:27:55 [main] INFO  com.ruoyi.RuoYiApplication - Started RuoYiApplication in 14.928 seconds (JVM running for 15.748)
2025-08-03 19:27:55 [main] INFO  c.r.s.runner.SystemApplicationRunner - 初始化OSS配置成功
2025-08-03 19:27:55 [main] INFO  c.r.s.runner.SystemApplicationRunner - 加载参数缓存数据成功
2025-08-03 19:27:55 [main] INFO  c.r.s.runner.SystemApplicationRunner - 加载字典缓存数据成功
2025-08-03 19:28:10 [XNIO-1 task-1] INFO  io.undertow.servlet - Initializing Spring DispatcherServlet 'dispatcherServlet'
2025-08-03 19:28:13 [XNIO-1 task-1] INFO  c.r.f.listener.UserActionListener - user doLogin, userId:sys_user:1, token:eyJ0eXAiOiJKV1QiLCJhbGciOiJIUzI1NiJ9.eyJsb2dpblR5cGUiOiJsb2dpbiIsImxvZ2luSWQiOiJzeXNfdXNlcjoxIiwicm5TdHIiOiJlRGIySDFESHRTbzQ5ZnRqRGhYRE1Ubkd6T3hkalNvTiIsInVzZXJJZCI6MX0.G1GJp-Up11hLwMkSK2OuU8VRsbXq-whzBvuAaCdtSrs
2025-08-03 19:28:13 [schedule-pool-1] INFO  c.r.s.s.i.SysLogininforServiceImpl - [127.0.0.1]内网IP[admin][Success][登录成功]
2025-08-03 19:35:27 [XNIO-1 task-1] INFO  c.r.f.listener.UserActionListener - user doLogout, userId:sys_user:1, token:eyJ0eXAiOiJKV1QiLCJhbGciOiJIUzI1NiJ9.eyJsb2dpblR5cGUiOiJsb2dpbiIsImxvZ2luSWQiOiJzeXNfdXNlcjoxIiwicm5TdHIiOiJlRGIySDFESHRTbzQ5ZnRqRGhYRE1Ubkd6T3hkalNvTiIsInVzZXJJZCI6MX0.G1GJp-Up11hLwMkSK2OuU8VRsbXq-whzBvuAaCdtSrs
2025-08-03 19:35:27 [schedule-pool-1] INFO  c.r.s.s.i.SysLogininforServiceImpl - [127.0.0.1]内网IP[admin][Logout][退出成功]
2025-08-03 19:35:43 [background-preinit] INFO  o.h.validator.internal.util.Version - HV000001: Hibernate Validator 6.2.5.Final
2025-08-03 19:35:43 [main] INFO  com.ruoyi.RuoYiApplication - Starting RuoYiApplication using Java 23.0.1 on LAPTOP-FFCSMEI3 with PID 11568 (D:\competition\4\Smart-Manufacture\backend\ruoyi-admin\target\classes started by admin in D:\competition\4\Smart-Manufacture)
2025-08-03 19:35:43 [main] INFO  com.ruoyi.RuoYiApplication - The following 1 profile is active: "dev"
2025-08-03 19:35:47 [main] INFO  io.undertow.servlet - Initializing Spring embedded WebApplicationContext
2025-08-03 19:35:47 [main] INFO  c.b.d.d.DynamicRoutingDataSource - dynamic-datasource detect P6SPY plugin and enabled it
2025-08-03 19:35:47 [main] INFO  com.zaxxer.hikari.HikariDataSource - master - Starting...
2025-08-03 19:38:55 [main] INFO  com.ruoyi.RuoYiApplication - Starting RuoYiApplication using Java 23.0.1 on LAPTOP-FFCSMEI3 with PID 3824 (D:\competition\4\Smart-Manufacture\backend\ruoyi-admin\target\classes started by admin in D:\competition\4\Smart-Manufacture)
2025-08-03 19:38:55 [background-preinit] INFO  o.h.validator.internal.util.Version - HV000001: Hibernate Validator 6.2.5.Final
2025-08-03 19:38:55 [main] INFO  com.ruoyi.RuoYiApplication - The following 1 profile is active: "dev"
2025-08-03 19:38:58 [main] INFO  io.undertow.servlet - Initializing Spring embedded WebApplicationContext
2025-08-03 19:38:58 [main] INFO  c.b.d.d.DynamicRoutingDataSource - dynamic-datasource detect P6SPY plugin and enabled it
2025-08-03 19:38:58 [main] INFO  com.zaxxer.hikari.HikariDataSource - master - Starting...
2025-08-03 19:39:06 [main] INFO  com.zaxxer.hikari.HikariDataSource - master - Start completed.
2025-08-03 19:39:06 [main] INFO  c.b.d.d.DynamicRoutingDataSource - dynamic-datasource - add a datasource named [slave] success
2025-08-03 19:39:06 [main] INFO  c.b.d.d.DynamicRoutingDataSource - dynamic-datasource - add a datasource named [master] success
2025-08-03 19:39:06 [main] INFO  c.b.d.d.DynamicRoutingDataSource - dynamic-datasource initial loaded [2] datasource,primary datasource named [master]
2025-08-03 19:39:09 [main] INFO  c.r.framework.config.JacksonConfig - 初始化 jackson 配置
2025-08-03 19:39:10 [main] INFO  c.ruoyi.framework.config.RedisConfig - 初始化 redis 配置
2025-08-03 19:39:10 [main] INFO  org.redisson.Version - Redisson 3.20.1
2025-08-03 19:39:10 [redisson-netty-2-5] INFO  o.r.c.p.MasterPubSubConnectionPool - 1 connections initialized for localhost/127.0.0.1:6379
2025-08-03 19:39:10 [redisson-netty-2-4] INFO  o.r.c.pool.MasterConnectionPool - 8 connections initialized for localhost/127.0.0.1:6379
2025-08-03 19:39:11 [main] INFO  o.f.s.b.e.EventRegistryAutoConfiguration - No deployment resources were found for autodeployment
2025-08-03 19:39:11 [main] INFO  o.f.s.SpringProcessEngineConfiguration - Found 1 Engine Configurators in total:
2025-08-03 19:39:11 [main] INFO  o.f.s.SpringProcessEngineConfiguration - class org.flowable.eventregistry.spring.configurator.SpringEventRegistryConfigurator (priority:100000)
2025-08-03 19:39:11 [main] INFO  o.f.s.SpringProcessEngineConfiguration - Executing beforeInit() of class org.flowable.eventregistry.spring.configurator.SpringEventRegistryConfigurator (priority:100000)
2025-08-03 19:39:12 [main] INFO  o.f.s.SpringProcessEngineConfiguration - Executing configure() of class org.flowable.eventregistry.spring.configurator.SpringEventRegistryConfigurator (priority:100000)
2025-08-03 19:39:13 [main] INFO  liquibase.lockservice - Successfully acquired change log lock
2025-08-03 19:39:13 [main] INFO  liquibase.changelog - Reading from industry_dev.FLW_EV_DATABASECHANGELOG
2025-08-03 19:39:14 [main] INFO  liquibase.lockservice - Successfully released change log lock
2025-08-03 19:39:14 [main] INFO  o.f.e.impl.EventRegistryEngineImpl - EventRegistryEngine default created
2025-08-03 19:39:14 [main] INFO  o.f.engine.impl.ProcessEngineImpl - ProcessEngine default created
2025-08-03 19:39:14 [main] INFO  o.f.e.impl.cmd.ValidateV5EntitiesCmd - Total of v5 deployments found: 0
2025-08-03 19:39:17 [main] INFO  io.undertow.websockets.jsr - UT026003: Adding annotated server endpoint class com.ruoyi.heart_beat.EndPoint for path /heartbeat
2025-08-03 19:39:17 [main] INFO  io.undertow - starting server: Undertow - 2.2.24.Final
2025-08-03 19:39:17 [main] INFO  org.xnio - XNIO version 3.8.7.Final
2025-08-03 19:39:17 [main] INFO  org.xnio.nio - XNIO NIO Implementation Version 3.8.7.Final
2025-08-03 19:39:17 [main] INFO  org.jboss.threads - JBoss Threads version 3.1.0.Final
2025-08-03 19:39:17 [main] INFO  com.ruoyi.RuoYiApplication - Started RuoYiApplication in 22.781 seconds (JVM running for 23.318)
2025-08-03 19:39:17 [main] INFO  c.r.s.runner.SystemApplicationRunner - 初始化OSS配置成功
2025-08-03 19:39:17 [main] INFO  c.r.s.runner.SystemApplicationRunner - 加载参数缓存数据成功
2025-08-03 19:39:17 [main] INFO  c.r.s.runner.SystemApplicationRunner - 加载字典缓存数据成功
2025-08-03 19:39:26 [XNIO-1 task-1] INFO  io.undertow.servlet - Initializing Spring DispatcherServlet 'dispatcherServlet'
2025-08-03 19:39:26 [XNIO-1 task-1] INFO  c.r.f.listener.UserActionListener - user doLogin, userId:sys_user:1, token:eyJ0eXAiOiJKV1QiLCJhbGciOiJIUzI1NiJ9.eyJsb2dpblR5cGUiOiJsb2dpbiIsImxvZ2luSWQiOiJzeXNfdXNlcjoxIiwicm5TdHIiOiJLS1lMRDd0c0hhdEZaa0pFR2Zqb0VBVnFXdGxXTTVVTiIsInVzZXJJZCI6MX0._-j0tELeigjJ1V_6DIuQ6u1EBynQSUAYsItIYmMxRXg
2025-08-03 19:39:26 [schedule-pool-1] INFO  c.r.s.s.i.SysLogininforServiceImpl - [127.0.0.1]内网IP[admin][Success][登录成功]
2025-08-03 19:43:07 [background-preinit] INFO  o.h.validator.internal.util.Version - HV000001: Hibernate Validator 6.2.5.Final
2025-08-03 19:43:07 [main] INFO  com.ruoyi.RuoYiApplication - Starting RuoYiApplication using Java 23.0.1 on LAPTOP-FFCSMEI3 with PID 21108 (D:\competition\4\Smart-Manufacture\backend\ruoyi-admin\target\classes started by admin in D:\competition\4\Smart-Manufacture)
2025-08-03 19:43:07 [main] INFO  com.ruoyi.RuoYiApplication - The following 1 profile is active: "dev"
2025-08-03 19:43:10 [main] INFO  io.undertow.servlet - Initializing Spring embedded WebApplicationContext
2025-08-03 19:43:11 [main] INFO  c.b.d.d.DynamicRoutingDataSource - dynamic-datasource detect P6SPY plugin and enabled it
2025-08-03 19:43:11 [main] INFO  com.zaxxer.hikari.HikariDataSource - master - Starting...
2025-08-03 19:47:55 [main] INFO  com.ruoyi.RuoYiApplication - Starting RuoYiApplication using Java 23.0.1 on LAPTOP-FFCSMEI3 with PID 30380 (D:\competition\4\Smart-Manufacture\backend\ruoyi-admin\target\classes started by admin in D:\competition\4\Smart-Manufacture)
2025-08-03 19:47:55 [background-preinit] INFO  o.h.validator.internal.util.Version - HV000001: Hibernate Validator 6.2.5.Final
2025-08-03 19:47:55 [main] INFO  com.ruoyi.RuoYiApplication - The following 1 profile is active: "dev"
2025-08-03 19:47:59 [main] INFO  io.undertow.servlet - Initializing Spring embedded WebApplicationContext
2025-08-03 19:47:59 [main] INFO  c.b.d.d.DynamicRoutingDataSource - dynamic-datasource detect P6SPY plugin and enabled it
2025-08-03 19:47:59 [main] INFO  com.zaxxer.hikari.HikariDataSource - master - Starting...
2025-08-03 19:50:10 [main] INFO  com.ruoyi.RuoYiApplication - Starting RuoYiApplication using Java 23.0.1 on LAPTOP-FFCSMEI3 with PID 16924 (D:\competition\4\Smart-Manufacture\backend\ruoyi-admin\target\classes started by admin in D:\competition\4\Smart-Manufacture)
2025-08-03 19:50:10 [background-preinit] INFO  o.h.validator.internal.util.Version - HV000001: Hibernate Validator 6.2.5.Final
2025-08-03 19:50:10 [main] INFO  com.ruoyi.RuoYiApplication - The following 1 profile is active: "dev"
2025-08-03 19:50:15 [main] INFO  io.undertow.servlet - Initializing Spring embedded WebApplicationContext
2025-08-03 19:50:15 [main] INFO  c.b.d.d.DynamicRoutingDataSource - dynamic-datasource detect P6SPY plugin and enabled it
2025-08-03 19:50:15 [main] INFO  com.zaxxer.hikari.HikariDataSource - master - Starting...
2025-08-03 19:50:16 [main] INFO  com.zaxxer.hikari.HikariDataSource - master - Start completed.
2025-08-03 19:50:16 [main] INFO  c.b.d.d.DynamicRoutingDataSource - dynamic-datasource - add a datasource named [slave] success
2025-08-03 19:50:16 [main] INFO  c.b.d.d.DynamicRoutingDataSource - dynamic-datasource - add a datasource named [master] success
2025-08-03 19:50:16 [main] INFO  c.b.d.d.DynamicRoutingDataSource - dynamic-datasource initial loaded [2] datasource,primary datasource named [master]
2025-08-03 19:50:19 [main] INFO  c.r.framework.config.JacksonConfig - 初始化 jackson 配置
2025-08-03 19:50:19 [main] INFO  c.ruoyi.framework.config.RedisConfig - 初始化 redis 配置
2025-08-03 19:50:19 [main] INFO  org.redisson.Version - Redisson 3.20.1
2025-08-03 19:50:19 [redisson-netty-2-5] INFO  o.r.c.p.MasterPubSubConnectionPool - 1 connections initialized for localhost/127.0.0.1:6379
2025-08-03 19:50:19 [redisson-netty-2-4] INFO  o.r.c.pool.MasterConnectionPool - 8 connections initialized for localhost/127.0.0.1:6379
2025-08-03 19:50:20 [main] INFO  o.f.s.b.e.EventRegistryAutoConfiguration - No deployment resources were found for autodeployment
2025-08-03 19:50:20 [main] INFO  o.f.s.SpringProcessEngineConfiguration - Found 1 Engine Configurators in total:
2025-08-03 19:50:20 [main] INFO  o.f.s.SpringProcessEngineConfiguration - class org.flowable.eventregistry.spring.configurator.SpringEventRegistryConfigurator (priority:100000)
2025-08-03 19:50:20 [main] INFO  o.f.s.SpringProcessEngineConfiguration - Executing beforeInit() of class org.flowable.eventregistry.spring.configurator.SpringEventRegistryConfigurator (priority:100000)
2025-08-03 19:50:21 [main] INFO  o.f.s.SpringProcessEngineConfiguration - Executing configure() of class org.flowable.eventregistry.spring.configurator.SpringEventRegistryConfigurator (priority:100000)
2025-08-03 19:50:22 [main] INFO  liquibase.lockservice - Successfully acquired change log lock
2025-08-03 19:50:22 [main] INFO  liquibase.changelog - Reading from industry_dev.FLW_EV_DATABASECHANGELOG
2025-08-03 19:50:23 [main] INFO  liquibase.lockservice - Successfully released change log lock
2025-08-03 19:50:23 [main] INFO  o.f.e.impl.EventRegistryEngineImpl - EventRegistryEngine default created
2025-08-03 19:50:23 [main] INFO  o.f.engine.impl.ProcessEngineImpl - ProcessEngine default created
2025-08-03 19:50:23 [main] INFO  o.f.e.impl.cmd.ValidateV5EntitiesCmd - Total of v5 deployments found: 0
2025-08-03 19:50:26 [main] INFO  io.undertow.websockets.jsr - UT026003: Adding annotated server endpoint class com.ruoyi.heart_beat.EndPoint for path /heartbeat
2025-08-03 19:50:26 [main] INFO  io.undertow - starting server: Undertow - 2.2.24.Final
2025-08-03 19:50:26 [main] INFO  org.xnio - XNIO version 3.8.7.Final
2025-08-03 19:50:26 [main] INFO  org.xnio.nio - XNIO NIO Implementation Version 3.8.7.Final
2025-08-03 19:50:26 [main] INFO  org.jboss.threads - JBoss Threads version 3.1.0.Final
2025-08-03 19:50:26 [main] INFO  com.ruoyi.RuoYiApplication - Started RuoYiApplication in 16.849 seconds (JVM running for 17.413)
2025-08-03 19:50:27 [main] INFO  c.r.s.runner.SystemApplicationRunner - 初始化OSS配置成功
2025-08-03 19:50:27 [main] INFO  c.r.s.runner.SystemApplicationRunner - 加载参数缓存数据成功
2025-08-03 19:50:27 [main] INFO  c.r.s.runner.SystemApplicationRunner - 加载字典缓存数据成功
2025-08-03 19:51:00 [XNIO-1 task-1] INFO  io.undertow.servlet - Initializing Spring DispatcherServlet 'dispatcherServlet'
