running egg_info
creating ../../build/track_server/track_server.egg-info
writing ../../build/track_server/track_server.egg-info/PKG-INFO
writing dependency_links to ../../build/track_server/track_server.egg-info/dependency_links.txt
writing entry points to ../../build/track_server/track_server.egg-info/entry_points.txt
writing requirements to ../../build/track_server/track_server.egg-info/requires.txt
writing top-level names to ../../build/track_server/track_server.egg-info/top_level.txt
writing manifest file '../../build/track_server/track_server.egg-info/SOURCES.txt'
reading manifest file '../../build/track_server/track_server.egg-info/SOURCES.txt'
writing manifest file '../../build/track_server/track_server.egg-info/SOURCES.txt'
running build
running build_py
creating /home/berry/HeartBeat/build/track_server/build
creating /home/berry/HeartBeat/build/track_server/build/lib
creating /home/berry/HeartBeat/build/track_server/build/lib/track_server
copying track_server/track_server.py -> /home/berry/HeartBeat/build/track_server/build/lib/track_server
copying track_server/__init__.py -> /home/berry/HeartBeat/build/track_server/build/lib/track_server
copying track_server/track.py -> /home/berry/HeartBeat/build/track_server/build/lib/track_server
running install
running install_lib
creating /home/berry/HeartBeat/install/track_server/lib/python3.10/site-packages/track_server
copying /home/berry/HeartBeat/build/track_server/build/lib/track_server/track_server.py -> /home/berry/HeartBeat/install/track_server/lib/python3.10/site-packages/track_server
copying /home/berry/HeartBeat/build/track_server/build/lib/track_server/__init__.py -> /home/berry/HeartBeat/install/track_server/lib/python3.10/site-packages/track_server
copying /home/berry/HeartBeat/build/track_server/build/lib/track_server/track.py -> /home/berry/HeartBeat/install/track_server/lib/python3.10/site-packages/track_server
byte-compiling /home/berry/HeartBeat/install/track_server/lib/python3.10/site-packages/track_server/track_server.py to track_server.cpython-310.pyc
byte-compiling /home/berry/HeartBeat/install/track_server/lib/python3.10/site-packages/track_server/__init__.py to __init__.cpython-310.pyc
byte-compiling /home/berry/HeartBeat/install/track_server/lib/python3.10/site-packages/track_server/track.py to track.cpython-310.pyc
running install_data
creating /home/berry/HeartBeat/install/track_server/share/ament_index
creating /home/berry/HeartBeat/install/track_server/share/ament_index/resource_index
creating /home/berry/HeartBeat/install/track_server/share/ament_index/resource_index/packages
copying resource/track_server -> /home/berry/HeartBeat/install/track_server/share/ament_index/resource_index/packages
copying package.xml -> /home/berry/HeartBeat/install/track_server/share/track_server
running install_egg_info
Copying ../../build/track_server/track_server.egg-info to /home/berry/HeartBeat/install/track_server/lib/python3.10/site-packages/track_server-0.0.0-py3.10.egg-info
running install_scripts
Installing track_server script to /home/berry/HeartBeat/install/track_server/lib/track_server
writing list of installed files to '/home/berry/HeartBeat/build/track_server/install.log'
