[4.289s] Invoking command in '/home/berry/HeartBeat/src/track_server': PYTHONPATH=/home/berry/HeartBeat/build/track_server/prefix_override:/usr/lib/python3/dist-packages/colcon_core/task/python/colcon_distutils_commands:/home/berry/HeartBeat/install/track_server/lib/python3.10/site-packages:${PYTHONPATH} /usr/bin/python3 -W ignore:setup.py install is deprecated setup.py egg_info --egg-base ../../build/track_server build --build-base /home/berry/HeartBeat/build/track_server/build install --record /home/berry/HeartBeat/build/track_server/install.log --single-version-externally-managed install_data
[6.093s] running egg_info
[6.094s] creating ../../build/track_server/track_server.egg-info
[6.094s] writing ../../build/track_server/track_server.egg-info/PKG-INFO
[6.095s] writing dependency_links to ../../build/track_server/track_server.egg-info/dependency_links.txt
[6.096s] writing entry points to ../../build/track_server/track_server.egg-info/entry_points.txt
[6.097s] writing requirements to ../../build/track_server/track_server.egg-info/requires.txt
[6.098s] writing top-level names to ../../build/track_server/track_server.egg-info/top_level.txt
[6.099s] writing manifest file '../../build/track_server/track_server.egg-info/SOURCES.txt'
[6.109s] reading manifest file '../../build/track_server/track_server.egg-info/SOURCES.txt'
[6.112s] writing manifest file '../../build/track_server/track_server.egg-info/SOURCES.txt'
[6.113s] running build
[6.113s] running build_py
[6.114s] creating /home/berry/HeartBeat/build/track_server/build
[6.115s] creating /home/berry/HeartBeat/build/track_server/build/lib
[6.115s] creating /home/berry/HeartBeat/build/track_server/build/lib/track_server
[6.116s] copying track_server/track_server.py -> /home/berry/HeartBeat/build/track_server/build/lib/track_server
[6.117s] copying track_server/__init__.py -> /home/berry/HeartBeat/build/track_server/build/lib/track_server
[6.118s] copying track_server/track.py -> /home/berry/HeartBeat/build/track_server/build/lib/track_server
[6.119s] running install
[6.121s] running install_lib
[6.124s] creating /home/berry/HeartBeat/install/track_server/lib/python3.10/site-packages/track_server
[6.125s] copying /home/berry/HeartBeat/build/track_server/build/lib/track_server/track_server.py -> /home/berry/HeartBeat/install/track_server/lib/python3.10/site-packages/track_server
[6.126s] copying /home/berry/HeartBeat/build/track_server/build/lib/track_server/__init__.py -> /home/berry/HeartBeat/install/track_server/lib/python3.10/site-packages/track_server
[6.126s] copying /home/berry/HeartBeat/build/track_server/build/lib/track_server/track.py -> /home/berry/HeartBeat/install/track_server/lib/python3.10/site-packages/track_server
[6.130s] byte-compiling /home/berry/HeartBeat/install/track_server/lib/python3.10/site-packages/track_server/track_server.py to track_server.cpython-310.pyc
[6.136s] byte-compiling /home/berry/HeartBeat/install/track_server/lib/python3.10/site-packages/track_server/__init__.py to __init__.cpython-310.pyc
[6.137s] byte-compiling /home/berry/HeartBeat/install/track_server/lib/python3.10/site-packages/track_server/track.py to track.cpython-310.pyc
[6.140s] running install_data
[6.141s] creating /home/berry/HeartBeat/install/track_server/share/ament_index
[6.141s] creating /home/berry/HeartBeat/install/track_server/share/ament_index/resource_index
[6.142s] creating /home/berry/HeartBeat/install/track_server/share/ament_index/resource_index/packages
[6.142s] copying resource/track_server -> /home/berry/HeartBeat/install/track_server/share/ament_index/resource_index/packages
[6.143s] copying package.xml -> /home/berry/HeartBeat/install/track_server/share/track_server
[6.143s] running install_egg_info
[6.219s] Copying ../../build/track_server/track_server.egg-info to /home/berry/HeartBeat/install/track_server/lib/python3.10/site-packages/track_server-0.0.0-py3.10.egg-info
[6.225s] running install_scripts
[6.361s] Installing track_server script to /home/berry/HeartBeat/install/track_server/lib/track_server
[6.363s] writing list of installed files to '/home/berry/HeartBeat/build/track_server/install.log'
[6.494s] Invoked command in '/home/berry/HeartBeat/src/track_server' returned '0': PYTHONPATH=/home/berry/HeartBeat/build/track_server/prefix_override:/usr/lib/python3/dist-packages/colcon_core/task/python/colcon_distutils_commands:/home/berry/HeartBeat/install/track_server/lib/python3.10/site-packages:${PYTHONPATH} /usr/bin/python3 -W ignore:setup.py install is deprecated setup.py egg_info --egg-base ../../build/track_server build --build-base /home/berry/HeartBeat/build/track_server/build install --record /home/berry/HeartBeat/build/track_server/install.log --single-version-externally-managed install_data
