[10.401s] Invoking command in '/home/berry/HeartBeat/src/controller': PYTHONPATH=/home/berry/HeartBeat/build/controller/prefix_override:/usr/lib/python3/dist-packages/colcon_core/task/python/colcon_distutils_commands:/home/berry/HeartBeat/install/controller/lib/python3.10/site-packages:${PYTHONPATH} /usr/bin/python3 -W ignore:setup.py install is deprecated setup.py egg_info --egg-base ../../build/controller build --build-base /home/berry/HeartBeat/build/controller/build install --record /home/berry/HeartBeat/build/controller/install.log --single-version-externally-managed install_data
[12.641s] running egg_info
[12.645s] writing ../../build/controller/controller.egg-info/PKG-INFO
[12.647s] writing dependency_links to ../../build/controller/controller.egg-info/dependency_links.txt
[12.649s] writing entry points to ../../build/controller/controller.egg-info/entry_points.txt
[12.650s] writing requirements to ../../build/controller/controller.egg-info/requires.txt
[12.651s] writing top-level names to ../../build/controller/controller.egg-info/top_level.txt
[12.661s] reading manifest file '../../build/controller/controller.egg-info/SOURCES.txt'
[12.666s] writing manifest file '../../build/controller/controller.egg-info/SOURCES.txt'
[12.667s] running build
[12.668s] running build_py
[12.669s] running install
[12.670s] running install_lib
[12.679s] running install_data
[12.681s] running install_egg_info
[12.763s] removing '/home/berry/HeartBeat/install/controller/lib/python3.10/site-packages/controller-0.0.0-py3.10.egg-info' (and everything under it)
[12.765s] Copying ../../build/controller/controller.egg-info to /home/berry/HeartBeat/install/controller/lib/python3.10/site-packages/controller-0.0.0-py3.10.egg-info
[12.772s] running install_scripts
[12.922s] writing list of installed files to '/home/berry/HeartBeat/build/controller/install.log'
[14.259s] Invoked command in '/home/berry/HeartBeat/src/controller' returned '0': PYTHONPATH=/home/berry/HeartBeat/build/controller/prefix_override:/usr/lib/python3/dist-packages/colcon_core/task/python/colcon_distutils_commands:/home/berry/HeartBeat/install/controller/lib/python3.10/site-packages:${PYTHONPATH} /usr/bin/python3 -W ignore:setup.py install is deprecated setup.py egg_info --egg-base ../../build/controller build --build-base /home/berry/HeartBeat/build/controller/build install --record /home/berry/HeartBeat/build/controller/install.log --single-version-externally-managed install_data
