[4.574s] Invoking command in '/home/berry/HeartBeat/src/track_server': PYTHONPATH=/home/berry/HeartBeat/build/track_server/prefix_override:/usr/lib/python3/dist-packages/colcon_core/task/python/colcon_distutils_commands:/home/berry/HeartBeat/install/track_server/lib/python3.10/site-packages:${PYTHONPATH} /usr/bin/python3 -W ignore:setup.py install is deprecated setup.py egg_info --egg-base ../../build/track_server build --build-base /home/berry/HeartBeat/build/track_server/build install --record /home/berry/HeartBeat/build/track_server/install.log --single-version-externally-managed install_data
[6.389s] running egg_info
[6.392s] creating ../../build/track_server/track_server.egg-info
[6.393s] writing ../../build/track_server/track_server.egg-info/PKG-INFO
[6.394s] writing dependency_links to ../../build/track_server/track_server.egg-info/dependency_links.txt
[6.395s] writing entry points to ../../build/track_server/track_server.egg-info/entry_points.txt
[6.396s] writing requirements to ../../build/track_server/track_server.egg-info/requires.txt
[6.397s] writing top-level names to ../../build/track_server/track_server.egg-info/top_level.txt
[6.397s] writing manifest file '../../build/track_server/track_server.egg-info/SOURCES.txt'
[6.405s] reading manifest file '../../build/track_server/track_server.egg-info/SOURCES.txt'
[6.410s] writing manifest file '../../build/track_server/track_server.egg-info/SOURCES.txt'
[6.412s] running build
[6.413s] running build_py
[6.414s] creating /home/berry/HeartBeat/build/track_server/build
[6.415s] creating /home/berry/HeartBeat/build/track_server/build/lib
[6.416s] creating /home/berry/HeartBeat/build/track_server/build/lib/track_server
[6.417s] copying track_server/track_server.py -> /home/berry/HeartBeat/build/track_server/build/lib/track_server
[6.417s] copying track_server/__init__.py -> /home/berry/HeartBeat/build/track_server/build/lib/track_server
[6.418s] copying track_server/track.py -> /home/berry/HeartBeat/build/track_server/build/lib/track_server
[6.419s] running install
[6.420s] running install_lib
[6.424s] creating /home/berry/HeartBeat/install/track_server/lib/python3.10/site-packages/track_server
[6.425s] copying /home/berry/HeartBeat/build/track_server/build/lib/track_server/track_server.py -> /home/berry/HeartBeat/install/track_server/lib/python3.10/site-packages/track_server
[6.426s] copying /home/berry/HeartBeat/build/track_server/build/lib/track_server/__init__.py -> /home/berry/HeartBeat/install/track_server/lib/python3.10/site-packages/track_server
[6.427s] copying /home/berry/HeartBeat/build/track_server/build/lib/track_server/track.py -> /home/berry/HeartBeat/install/track_server/lib/python3.10/site-packages/track_server
[6.431s] byte-compiling /home/berry/HeartBeat/install/track_server/lib/python3.10/site-packages/track_server/track_server.py to track_server.cpython-310.pyc
[6.437s] byte-compiling /home/berry/HeartBeat/install/track_server/lib/python3.10/site-packages/track_server/__init__.py to __init__.cpython-310.pyc
[6.438s] byte-compiling /home/berry/HeartBeat/install/track_server/lib/python3.10/site-packages/track_server/track.py to track.cpython-310.pyc
[6.442s] running install_data
[6.443s] creating /home/berry/HeartBeat/install/track_server/share/ament_index
[6.444s] creating /home/berry/HeartBeat/install/track_server/share/ament_index/resource_index
[6.444s] creating /home/berry/HeartBeat/install/track_server/share/ament_index/resource_index/packages
[6.445s] copying resource/track_server -> /home/berry/HeartBeat/install/track_server/share/ament_index/resource_index/packages
[6.445s] copying package.xml -> /home/berry/HeartBeat/install/track_server/share/track_server
[6.446s] running install_egg_info
[6.523s] Copying ../../build/track_server/track_server.egg-info to /home/berry/HeartBeat/install/track_server/lib/python3.10/site-packages/track_server-0.0.0-py3.10.egg-info
[6.531s] running install_scripts
[6.681s] Installing track_server script to /home/berry/HeartBeat/install/track_server/lib/track_server
[6.683s] writing list of installed files to '/home/berry/HeartBeat/build/track_server/install.log'
[6.826s] Invoked command in '/home/berry/HeartBeat/src/track_server' returned '0': PYTHONPATH=/home/berry/HeartBeat/build/track_server/prefix_override:/usr/lib/python3/dist-packages/colcon_core/task/python/colcon_distutils_commands:/home/berry/HeartBeat/install/track_server/lib/python3.10/site-packages:${PYTHONPATH} /usr/bin/python3 -W ignore:setup.py install is deprecated setup.py egg_info --egg-base ../../build/track_server build --build-base /home/berry/HeartBeat/build/track_server/build install --record /home/berry/HeartBeat/build/track_server/install.log --single-version-externally-managed install_data
