running egg_info
writing ../../build/belt_short_server/belt_short_server.egg-info/PKG-INFO
writing dependency_links to ../../build/belt_short_server/belt_short_server.egg-info/dependency_links.txt
writing entry points to ../../build/belt_short_server/belt_short_server.egg-info/entry_points.txt
writing requirements to ../../build/belt_short_server/belt_short_server.egg-info/requires.txt
writing top-level names to ../../build/belt_short_server/belt_short_server.egg-info/top_level.txt
reading manifest file '../../build/belt_short_server/belt_short_server.egg-info/SOURCES.txt'
writing manifest file '../../build/belt_short_server/belt_short_server.egg-info/SOURCES.txt'
running build
running build_py
copying belt_short_server/belt_short_server.py -> /home/berry/HeartBeat/build/belt_short_server/build/lib/belt_short_server
running install
running install_lib
copying /home/berry/HeartBeat/build/belt_short_server/build/lib/belt_short_server/belt_short_server.py -> /home/berry/HeartBeat/install/belt_short_server/lib/python3.10/site-packages/belt_short_server
byte-compiling /home/berry/HeartBeat/install/belt_short_server/lib/python3.10/site-packages/belt_short_server/belt_short_server.py to belt_short_server.cpython-310.pyc
running install_data
running install_egg_info
removing '/home/berry/HeartBeat/install/belt_short_server/lib/python3.10/site-packages/belt_short_server-0.0.0-py3.10.egg-info' (and everything under it)
Copying ../../build/belt_short_server/belt_short_server.egg-info to /home/berry/HeartBeat/install/belt_short_server/lib/python3.10/site-packages/belt_short_server-0.0.0-py3.10.egg-info
running install_scripts
Installing belt_short_server script to /home/berry/HeartBeat/install/belt_short_server/lib/belt_short_server
writing list of installed files to '/home/berry/HeartBeat/build/belt_short_server/install.log'
