[10.073s] Invoking command in '/home/berry/HeartBeat/src/belt_short_server': PYTHONPATH=/home/berry/HeartBeat/build/belt_short_server/prefix_override:/usr/lib/python3/dist-packages/colcon_core/task/python/colcon_distutils_commands:/home/berry/HeartBeat/install/belt_short_server/lib/python3.10/site-packages:${PYTHONPATH} /usr/bin/python3 -W ignore:setup.py install is deprecated setup.py egg_info --egg-base ../../build/belt_short_server build --build-base /home/berry/HeartBeat/build/belt_short_server/build install --record /home/berry/HeartBeat/build/belt_short_server/install.log --single-version-externally-managed install_data
[12.767s] running egg_info
[12.772s] writing ../../build/belt_short_server/belt_short_server.egg-info/PKG-INFO
[12.776s] writing dependency_links to ../../build/belt_short_server/belt_short_server.egg-info/dependency_links.txt
[12.778s] writing entry points to ../../build/belt_short_server/belt_short_server.egg-info/entry_points.txt
[12.780s] writing requirements to ../../build/belt_short_server/belt_short_server.egg-info/requires.txt
[12.783s] writing top-level names to ../../build/belt_short_server/belt_short_server.egg-info/top_level.txt
[12.793s] reading manifest file '../../build/belt_short_server/belt_short_server.egg-info/SOURCES.txt'
[12.812s] writing manifest file '../../build/belt_short_server/belt_short_server.egg-info/SOURCES.txt'
[12.815s] running build
[12.816s] running build_py
[12.827s] copying belt_short_server/belt_short_server.py -> /home/berry/HeartBeat/build/belt_short_server/build/lib/belt_short_server
[12.827s] running install
[12.828s] running install_lib
[12.841s] copying /home/berry/HeartBeat/build/belt_short_server/build/lib/belt_short_server/belt_short_server.py -> /home/berry/HeartBeat/install/belt_short_server/lib/python3.10/site-packages/belt_short_server
[12.852s] byte-compiling /home/berry/HeartBeat/install/belt_short_server/lib/python3.10/site-packages/belt_short_server/belt_short_server.py to belt_short_server.cpython-310.pyc
[12.861s] running install_data
[12.863s] running install_egg_info
[12.971s] removing '/home/berry/HeartBeat/install/belt_short_server/lib/python3.10/site-packages/belt_short_server-0.0.0-py3.10.egg-info' (and everything under it)
[12.974s] Copying ../../build/belt_short_server/belt_short_server.egg-info to /home/berry/HeartBeat/install/belt_short_server/lib/python3.10/site-packages/belt_short_server-0.0.0-py3.10.egg-info
[12.983s] running install_scripts
[13.147s] Installing belt_short_server script to /home/berry/HeartBeat/install/belt_short_server/lib/belt_short_server
[13.152s] writing list of installed files to '/home/berry/HeartBeat/build/belt_short_server/install.log'
[13.333s] Invoked command in '/home/berry/HeartBeat/src/belt_short_server' returned '0': PYTHONPATH=/home/berry/HeartBeat/build/belt_short_server/prefix_override:/usr/lib/python3/dist-packages/colcon_core/task/python/colcon_distutils_commands:/home/berry/HeartBeat/install/belt_short_server/lib/python3.10/site-packages:${PYTHONPATH} /usr/bin/python3 -W ignore:setup.py install is deprecated setup.py egg_info --egg-base ../../build/belt_short_server build --build-base /home/berry/HeartBeat/build/belt_short_server/build install --record /home/berry/HeartBeat/build/belt_short_server/install.log --single-version-externally-managed install_data
