[8.535s] Invoking command in '/home/berry/HeartBeat/src/belt_long_server': PYTHONPATH=/home/berry/HeartBeat/build/belt_long_server/prefix_override:/usr/lib/python3/dist-packages/colcon_core/task/python/colcon_distutils_commands:/home/berry/HeartBeat/install/belt_long_server/lib/python3.10/site-packages:${PYTHONPATH} /usr/bin/python3 -W ignore:setup.py install is deprecated setup.py egg_info --egg-base ../../build/belt_long_server build --build-base /home/berry/HeartBeat/build/belt_long_server/build install --record /home/berry/HeartBeat/build/belt_long_server/install.log --single-version-externally-managed install_data
[10.735s] running egg_info
[10.738s] creating ../../build/belt_long_server/belt_long_server.egg-info
[10.740s] writing ../../build/belt_long_server/belt_long_server.egg-info/PKG-INFO
[10.741s] writing dependency_links to ../../build/belt_long_server/belt_long_server.egg-info/dependency_links.txt
[10.741s] writing entry points to ../../build/belt_long_server/belt_long_server.egg-info/entry_points.txt
[10.742s] writing requirements to ../../build/belt_long_server/belt_long_server.egg-info/requires.txt
[10.743s] writing top-level names to ../../build/belt_long_server/belt_long_server.egg-info/top_level.txt
[10.744s] writing manifest file '../../build/belt_long_server/belt_long_server.egg-info/SOURCES.txt'
[10.757s] reading manifest file '../../build/belt_long_server/belt_long_server.egg-info/SOURCES.txt'
[10.767s] writing manifest file '../../build/belt_long_server/belt_long_server.egg-info/SOURCES.txt'
[10.768s] running build
[10.770s] running build_py
[10.771s] creating /home/berry/HeartBeat/build/belt_long_server/build
[10.772s] creating /home/berry/HeartBeat/build/belt_long_server/build/lib
[10.773s] creating /home/berry/HeartBeat/build/belt_long_server/build/lib/belt_long_server
[10.773s] copying belt_long_server/BeltCtr.py -> /home/berry/HeartBeat/build/belt_long_server/build/lib/belt_long_server
[10.776s] copying belt_long_server/belt_long_server.py -> /home/berry/HeartBeat/build/belt_long_server/build/lib/belt_long_server
[10.777s] copying belt_long_server/__init__.py -> /home/berry/HeartBeat/build/belt_long_server/build/lib/belt_long_server
[10.780s] running install
[10.782s] running install_lib
[10.793s] creating /home/berry/HeartBeat/install/belt_long_server/lib/python3.10/site-packages/belt_long_server
[10.793s] copying /home/berry/HeartBeat/build/belt_long_server/build/lib/belt_long_server/BeltCtr.py -> /home/berry/HeartBeat/install/belt_long_server/lib/python3.10/site-packages/belt_long_server
[10.794s] copying /home/berry/HeartBeat/build/belt_long_server/build/lib/belt_long_server/belt_long_server.py -> /home/berry/HeartBeat/install/belt_long_server/lib/python3.10/site-packages/belt_long_server
[10.795s] copying /home/berry/HeartBeat/build/belt_long_server/build/lib/belt_long_server/__init__.py -> /home/berry/HeartBeat/install/belt_long_server/lib/python3.10/site-packages/belt_long_server
[10.796s] byte-compiling /home/berry/HeartBeat/install/belt_long_server/lib/python3.10/site-packages/belt_long_server/BeltCtr.py to BeltCtr.cpython-310.pyc
[10.819s] byte-compiling /home/berry/HeartBeat/install/belt_long_server/lib/python3.10/site-packages/belt_long_server/belt_long_server.py to belt_long_server.cpython-310.pyc
[10.839s] byte-compiling /home/berry/HeartBeat/install/belt_long_server/lib/python3.10/site-packages/belt_long_server/__init__.py to __init__.cpython-310.pyc
[10.840s] running install_data
[10.840s] creating /home/berry/HeartBeat/install/belt_long_server/share/ament_index
[10.841s] creating /home/berry/HeartBeat/install/belt_long_server/share/ament_index/resource_index
[10.842s] creating /home/berry/HeartBeat/install/belt_long_server/share/ament_index/resource_index/packages
[10.842s] copying resource/belt_long_server -> /home/berry/HeartBeat/install/belt_long_server/share/ament_index/resource_index/packages
[10.843s] copying package.xml -> /home/berry/HeartBeat/install/belt_long_server/share/belt_long_server
[10.844s] running install_egg_info
[10.919s] Copying ../../build/belt_long_server/belt_long_server.egg-info to /home/berry/HeartBeat/install/belt_long_server/lib/python3.10/site-packages/belt_long_server-0.0.0-py3.10.egg-info
[10.943s] running install_scripts
[11.132s] Installing belt_long_server script to /home/berry/HeartBeat/install/belt_long_server/lib/belt_long_server
[11.134s] writing list of installed files to '/home/berry/HeartBeat/build/belt_long_server/install.log'
[11.398s] Invoked command in '/home/berry/HeartBeat/src/belt_long_server' returned '0': PYTHONPATH=/home/berry/HeartBeat/build/belt_long_server/prefix_override:/usr/lib/python3/dist-packages/colcon_core/task/python/colcon_distutils_commands:/home/berry/HeartBeat/install/belt_long_server/lib/python3.10/site-packages:${PYTHONPATH} /usr/bin/python3 -W ignore:setup.py install is deprecated setup.py egg_info --egg-base ../../build/belt_long_server build --build-base /home/berry/HeartBeat/build/belt_long_server/build install --record /home/berry/HeartBeat/build/belt_long_server/install.log --single-version-externally-managed install_data
