[0.809s] DEBUG:colcon:Command line arguments: ['/usr/bin/colcon', 'build']
[0.809s] DEBUG:colcon:Parsed command line arguments: Namespace(log_base=None, log_level=None, verb_name='build', build_base='build', install_base='install', merge_install=False, symlink_install=False, test_result_base=None, continue_on_error=False, executor='parallel', parallel_workers=4, event_handlers=None, ignore_user_meta=False, metas=['./colcon.meta'], base_paths=['.'], packages_ignore=None, packages_ignore_regex=None, paths=None, packages_up_to=None, packages_up_to_regex=None, packages_above=None, packages_above_and_dependencies=None, packages_above_depth=None, packages_select_by_dep=None, packages_skip_by_dep=None, packages_skip_up_to=None, packages_select_build_failed=False, packages_skip_build_finished=False, packages_select_test_failures=False, packages_skip_test_passed=False, packages_select=None, packages_skip=None, packages_select_regex=None, packages_skip_regex=None, packages_start=None, packages_end=None, allow_overriding=[], cmake_args=None, cmake_target=None, cmake_target_skip_unavailable=False, cmake_clean_cache=False, cmake_clean_first=False, cmake_force_configure=False, ament_cmake_args=None, catkin_cmake_args=None, catkin_skip_building_tests=False, verb_parser=<colcon_defaults.argument_parser.defaults.DefaultArgumentsDecorator object at 0xffffa0c6de40>, verb_extension=<colcon_core.verb.build.BuildVerb object at 0xffffa05e07f0>, main=<bound method BuildVerb.main of <colcon_core.verb.build.BuildVerb object at 0xffffa05e07f0>>)
[1.848s] Level 1:colcon.colcon_core.package_discovery:discover_packages(colcon_meta) check parameters
[1.849s] Level 1:colcon.colcon_core.package_discovery:discover_packages(recursive) check parameters
[1.849s] Level 1:colcon.colcon_core.package_discovery:discover_packages(ignore) check parameters
[1.849s] Level 1:colcon.colcon_core.package_discovery:discover_packages(path) check parameters
[1.849s] Level 1:colcon.colcon_core.package_discovery:discover_packages(colcon_meta) discover
[1.849s] Level 1:colcon.colcon_core.package_discovery:discover_packages(recursive) discover
[1.849s] INFO:colcon.colcon_core.package_discovery:Crawling recursively for packages in '/home/berry/HeartBeat'
[1.850s] Level 1:colcon.colcon_core.package_identification:_identify(.) by extensions ['ignore', 'ignore_ament_install']
[1.850s] Level 1:colcon.colcon_core.package_identification:_identify(.) by extension 'ignore'
[1.850s] Level 1:colcon.colcon_core.package_identification:_identify(.) by extension 'ignore_ament_install'
[1.851s] Level 1:colcon.colcon_core.package_identification:_identify(.) by extensions ['colcon_pkg']
[1.851s] Level 1:colcon.colcon_core.package_identification:_identify(.) by extension 'colcon_pkg'
[1.851s] Level 1:colcon.colcon_core.package_identification:_identify(.) by extensions ['colcon_meta']
[1.851s] Level 1:colcon.colcon_core.package_identification:_identify(.) by extension 'colcon_meta'
[1.851s] Level 1:colcon.colcon_core.package_identification:_identify(.) by extensions ['ros']
[1.852s] Level 1:colcon.colcon_core.package_identification:_identify(.) by extension 'ros'
[1.907s] Level 1:colcon.colcon_core.package_identification:_identify(.) by extensions ['cmake', 'python']
[1.907s] Level 1:colcon.colcon_core.package_identification:_identify(.) by extension 'cmake'
[1.907s] Level 1:colcon.colcon_core.package_identification:_identify(.) by extension 'python'
[1.907s] Level 1:colcon.colcon_core.package_identification:_identify(.) by extensions ['python_setup_py']
[1.908s] Level 1:colcon.colcon_core.package_identification:_identify(.) by extension 'python_setup_py'
[1.908s] Level 1:colcon.colcon_core.package_identification:_identify(build) by extensions ['ignore', 'ignore_ament_install']
[1.909s] Level 1:colcon.colcon_core.package_identification:_identify(build) by extension 'ignore'
[1.909s] Level 1:colcon.colcon_core.package_identification:_identify(build) ignored
[1.910s] Level 1:colcon.colcon_core.package_identification:_identify(install) by extensions ['ignore', 'ignore_ament_install']
[1.911s] Level 1:colcon.colcon_core.package_identification:_identify(install) by extension 'ignore'
[1.911s] Level 1:colcon.colcon_core.package_identification:_identify(install) ignored
[1.911s] Level 1:colcon.colcon_core.package_identification:_identify(log) by extensions ['ignore', 'ignore_ament_install']
[1.912s] Level 1:colcon.colcon_core.package_identification:_identify(log) by extension 'ignore'
[1.912s] Level 1:colcon.colcon_core.package_identification:_identify(log) ignored
[1.912s] Level 1:colcon.colcon_core.package_identification:_identify(src) by extensions ['ignore', 'ignore_ament_install']
[1.913s] Level 1:colcon.colcon_core.package_identification:_identify(src) by extension 'ignore'
[1.913s] Level 1:colcon.colcon_core.package_identification:_identify(src) by extension 'ignore_ament_install'
[1.913s] Level 1:colcon.colcon_core.package_identification:_identify(src) by extensions ['colcon_pkg']
[1.913s] Level 1:colcon.colcon_core.package_identification:_identify(src) by extension 'colcon_pkg'
[1.913s] Level 1:colcon.colcon_core.package_identification:_identify(src) by extensions ['colcon_meta']
[1.913s] Level 1:colcon.colcon_core.package_identification:_identify(src) by extension 'colcon_meta'
[1.914s] Level 1:colcon.colcon_core.package_identification:_identify(src) by extensions ['ros']
[1.914s] Level 1:colcon.colcon_core.package_identification:_identify(src) by extension 'ros'
[1.914s] Level 1:colcon.colcon_core.package_identification:_identify(src) by extensions ['cmake', 'python']
[1.914s] Level 1:colcon.colcon_core.package_identification:_identify(src) by extension 'cmake'
[1.915s] Level 1:colcon.colcon_core.package_identification:_identify(src) by extension 'python'
[1.915s] Level 1:colcon.colcon_core.package_identification:_identify(src) by extensions ['python_setup_py']
[1.915s] Level 1:colcon.colcon_core.package_identification:_identify(src) by extension 'python_setup_py'
[1.915s] Level 1:colcon.colcon_core.package_identification:_identify(src/belt_long_server) by extensions ['ignore', 'ignore_ament_install']
[1.916s] Level 1:colcon.colcon_core.package_identification:_identify(src/belt_long_server) by extension 'ignore'
[1.916s] Level 1:colcon.colcon_core.package_identification:_identify(src/belt_long_server) by extension 'ignore_ament_install'
[1.916s] Level 1:colcon.colcon_core.package_identification:_identify(src/belt_long_server) by extensions ['colcon_pkg']
[1.916s] Level 1:colcon.colcon_core.package_identification:_identify(src/belt_long_server) by extension 'colcon_pkg'
[1.917s] Level 1:colcon.colcon_core.package_identification:_identify(src/belt_long_server) by extensions ['colcon_meta']
[1.917s] Level 1:colcon.colcon_core.package_identification:_identify(src/belt_long_server) by extension 'colcon_meta'
[1.917s] Level 1:colcon.colcon_core.package_identification:_identify(src/belt_long_server) by extensions ['ros']
[1.917s] Level 1:colcon.colcon_core.package_identification:_identify(src/belt_long_server) by extension 'ros'
[1.947s] DEBUG:colcon.colcon_core.package_identification:Package 'src/belt_long_server' with type 'ros.ament_python' and name 'belt_long_server'
[1.948s] Level 1:colcon.colcon_core.package_identification:_identify(src/belt_short_server) by extensions ['ignore', 'ignore_ament_install']
[1.948s] Level 1:colcon.colcon_core.package_identification:_identify(src/belt_short_server) by extension 'ignore'
[1.948s] Level 1:colcon.colcon_core.package_identification:_identify(src/belt_short_server) by extension 'ignore_ament_install'
[1.949s] Level 1:colcon.colcon_core.package_identification:_identify(src/belt_short_server) by extensions ['colcon_pkg']
[1.949s] Level 1:colcon.colcon_core.package_identification:_identify(src/belt_short_server) by extension 'colcon_pkg'
[1.949s] Level 1:colcon.colcon_core.package_identification:_identify(src/belt_short_server) by extensions ['colcon_meta']
[1.949s] Level 1:colcon.colcon_core.package_identification:_identify(src/belt_short_server) by extension 'colcon_meta'
[1.949s] Level 1:colcon.colcon_core.package_identification:_identify(src/belt_short_server) by extensions ['ros']
[1.950s] Level 1:colcon.colcon_core.package_identification:_identify(src/belt_short_server) by extension 'ros'
[1.952s] DEBUG:colcon.colcon_core.package_identification:Package 'src/belt_short_server' with type 'ros.ament_python' and name 'belt_short_server'
[1.952s] Level 1:colcon.colcon_core.package_identification:_identify(src/controller) by extensions ['ignore', 'ignore_ament_install']
[1.953s] Level 1:colcon.colcon_core.package_identification:_identify(src/controller) by extension 'ignore'
[1.953s] Level 1:colcon.colcon_core.package_identification:_identify(src/controller) by extension 'ignore_ament_install'
[1.953s] Level 1:colcon.colcon_core.package_identification:_identify(src/controller) by extensions ['colcon_pkg']
[1.953s] Level 1:colcon.colcon_core.package_identification:_identify(src/controller) by extension 'colcon_pkg'
[1.954s] Level 1:colcon.colcon_core.package_identification:_identify(src/controller) by extensions ['colcon_meta']
[1.954s] Level 1:colcon.colcon_core.package_identification:_identify(src/controller) by extension 'colcon_meta'
[1.954s] Level 1:colcon.colcon_core.package_identification:_identify(src/controller) by extensions ['ros']
[1.954s] Level 1:colcon.colcon_core.package_identification:_identify(src/controller) by extension 'ros'
[1.956s] DEBUG:colcon.colcon_core.package_identification:Package 'src/controller' with type 'ros.ament_python' and name 'controller'
[1.957s] Level 1:colcon.colcon_core.package_identification:_identify(src/flask_eq) by extensions ['ignore', 'ignore_ament_install']
[1.957s] Level 1:colcon.colcon_core.package_identification:_identify(src/flask_eq) by extension 'ignore'
[1.958s] Level 1:colcon.colcon_core.package_identification:_identify(src/flask_eq) by extension 'ignore_ament_install'
[1.958s] Level 1:colcon.colcon_core.package_identification:_identify(src/flask_eq) by extensions ['colcon_pkg']
[1.958s] Level 1:colcon.colcon_core.package_identification:_identify(src/flask_eq) by extension 'colcon_pkg'
[1.958s] Level 1:colcon.colcon_core.package_identification:_identify(src/flask_eq) by extensions ['colcon_meta']
[1.958s] Level 1:colcon.colcon_core.package_identification:_identify(src/flask_eq) by extension 'colcon_meta'
[1.959s] Level 1:colcon.colcon_core.package_identification:_identify(src/flask_eq) by extensions ['ros']
[1.959s] Level 1:colcon.colcon_core.package_identification:_identify(src/flask_eq) by extension 'ros'
[1.959s] Level 1:colcon.colcon_core.package_identification:_identify(src/flask_eq) by extensions ['cmake', 'python']
[1.959s] Level 1:colcon.colcon_core.package_identification:_identify(src/flask_eq) by extension 'cmake'
[1.959s] Level 1:colcon.colcon_core.package_identification:_identify(src/flask_eq) by extension 'python'
[1.960s] Level 1:colcon.colcon_core.package_identification:_identify(src/flask_eq) by extensions ['python_setup_py']
[1.960s] Level 1:colcon.colcon_core.package_identification:_identify(src/flask_eq) by extension 'python_setup_py'
[1.960s] Level 1:colcon.colcon_core.package_identification:_identify(src/interfaces_new) by extensions ['ignore', 'ignore_ament_install']
[1.961s] Level 1:colcon.colcon_core.package_identification:_identify(src/interfaces_new) by extension 'ignore'
[1.961s] Level 1:colcon.colcon_core.package_identification:_identify(src/interfaces_new) by extension 'ignore_ament_install'
[1.961s] Level 1:colcon.colcon_core.package_identification:_identify(src/interfaces_new) by extensions ['colcon_pkg']
[1.961s] Level 1:colcon.colcon_core.package_identification:_identify(src/interfaces_new) by extension 'colcon_pkg'
[1.961s] Level 1:colcon.colcon_core.package_identification:_identify(src/interfaces_new) by extensions ['colcon_meta']
[1.962s] Level 1:colcon.colcon_core.package_identification:_identify(src/interfaces_new) by extension 'colcon_meta'
[1.962s] Level 1:colcon.colcon_core.package_identification:_identify(src/interfaces_new) by extensions ['ros']
[1.962s] Level 1:colcon.colcon_core.package_identification:_identify(src/interfaces_new) by extension 'ros'
[1.965s] DEBUG:colcon.colcon_core.package_identification:Package 'src/interfaces_new' with type 'ros.ament_cmake' and name 'interfaces_new'
[1.965s] Level 1:colcon.colcon_core.package_identification:_identify(src/track_server) by extensions ['ignore', 'ignore_ament_install']
[1.966s] Level 1:colcon.colcon_core.package_identification:_identify(src/track_server) by extension 'ignore'
[1.966s] Level 1:colcon.colcon_core.package_identification:_identify(src/track_server) by extension 'ignore_ament_install'
[1.966s] Level 1:colcon.colcon_core.package_identification:_identify(src/track_server) by extensions ['colcon_pkg']
[1.966s] Level 1:colcon.colcon_core.package_identification:_identify(src/track_server) by extension 'colcon_pkg'
[1.967s] Level 1:colcon.colcon_core.package_identification:_identify(src/track_server) by extensions ['colcon_meta']
[1.967s] Level 1:colcon.colcon_core.package_identification:_identify(src/track_server) by extension 'colcon_meta'
[1.967s] Level 1:colcon.colcon_core.package_identification:_identify(src/track_server) by extensions ['ros']
[1.967s] Level 1:colcon.colcon_core.package_identification:_identify(src/track_server) by extension 'ros'
[1.969s] DEBUG:colcon.colcon_core.package_identification:Package 'src/track_server' with type 'ros.ament_python' and name 'track_server'
[1.969s] Level 1:colcon.colcon_core.package_discovery:discover_packages(recursive) using defaults
[1.970s] Level 1:colcon.colcon_core.package_discovery:discover_packages(ignore) discover
[1.970s] Level 1:colcon.colcon_core.package_discovery:discover_packages(ignore) using defaults
[1.970s] Level 1:colcon.colcon_core.package_discovery:discover_packages(path) discover
[1.970s] Level 1:colcon.colcon_core.package_discovery:discover_packages(path) using defaults
[2.225s] Level 1:colcon.colcon_core.package_discovery:discover_packages(prefix_path) check parameters
[2.225s] Level 1:colcon.colcon_core.package_discovery:discover_packages(prefix_path) discover
[2.241s] DEBUG:colcon.colcon_installed_package_information.package_discovery:Found 5 installed packages in /home/berry/HeartBeat/install
[2.245s] DEBUG:colcon.colcon_installed_package_information.package_discovery:Found 10 installed packages in /home/berry/RoArm/install
[2.249s] DEBUG:colcon.colcon_installed_package_information.package_discovery:Found 9 installed packages in /home/berry/ices_ws/install
[2.261s] DEBUG:colcon.colcon_installed_package_information.package_discovery:Found 273 installed packages in /opt/ros/humble
[2.268s] Level 1:colcon.colcon_core.package_discovery:discover_packages(prefix_path) using defaults
[2.522s] Level 5:colcon.colcon_core.verb:set package 'belt_long_server' build argument 'cmake_args' from command line to 'None'
[2.522s] Level 5:colcon.colcon_core.verb:set package 'belt_long_server' build argument 'cmake_target' from command line to 'None'
[2.522s] Level 5:colcon.colcon_core.verb:set package 'belt_long_server' build argument 'cmake_target_skip_unavailable' from command line to 'False'
[2.522s] Level 5:colcon.colcon_core.verb:set package 'belt_long_server' build argument 'cmake_clean_cache' from command line to 'False'
[2.522s] Level 5:colcon.colcon_core.verb:set package 'belt_long_server' build argument 'cmake_clean_first' from command line to 'False'
[2.523s] Level 5:colcon.colcon_core.verb:set package 'belt_long_server' build argument 'cmake_force_configure' from command line to 'False'
[2.523s] Level 5:colcon.colcon_core.verb:set package 'belt_long_server' build argument 'ament_cmake_args' from command line to 'None'
[2.523s] Level 5:colcon.colcon_core.verb:set package 'belt_long_server' build argument 'catkin_cmake_args' from command line to 'None'
[2.523s] Level 5:colcon.colcon_core.verb:set package 'belt_long_server' build argument 'catkin_skip_building_tests' from command line to 'False'
[2.523s] DEBUG:colcon.colcon_core.verb:Building package 'belt_long_server' with the following arguments: {'ament_cmake_args': None, 'build_base': '/home/berry/HeartBeat/build/belt_long_server', 'catkin_cmake_args': None, 'catkin_skip_building_tests': False, 'cmake_args': None, 'cmake_clean_cache': False, 'cmake_clean_first': False, 'cmake_force_configure': False, 'cmake_target': None, 'cmake_target_skip_unavailable': False, 'install_base': '/home/berry/HeartBeat/install/belt_long_server', 'merge_install': False, 'path': '/home/berry/HeartBeat/src/belt_long_server', 'symlink_install': False, 'test_result_base': None}
[2.525s] Level 5:colcon.colcon_core.verb:set package 'belt_short_server' build argument 'cmake_args' from command line to 'None'
[2.525s] Level 5:colcon.colcon_core.verb:set package 'belt_short_server' build argument 'cmake_target' from command line to 'None'
[2.525s] Level 5:colcon.colcon_core.verb:set package 'belt_short_server' build argument 'cmake_target_skip_unavailable' from command line to 'False'
[2.525s] Level 5:colcon.colcon_core.verb:set package 'belt_short_server' build argument 'cmake_clean_cache' from command line to 'False'
[2.525s] Level 5:colcon.colcon_core.verb:set package 'belt_short_server' build argument 'cmake_clean_first' from command line to 'False'
[2.526s] Level 5:colcon.colcon_core.verb:set package 'belt_short_server' build argument 'cmake_force_configure' from command line to 'False'
[2.526s] Level 5:colcon.colcon_core.verb:set package 'belt_short_server' build argument 'ament_cmake_args' from command line to 'None'
[2.526s] Level 5:colcon.colcon_core.verb:set package 'belt_short_server' build argument 'catkin_cmake_args' from command line to 'None'
[2.526s] Level 5:colcon.colcon_core.verb:set package 'belt_short_server' build argument 'catkin_skip_building_tests' from command line to 'False'
[2.526s] DEBUG:colcon.colcon_core.verb:Building package 'belt_short_server' with the following arguments: {'ament_cmake_args': None, 'build_base': '/home/berry/HeartBeat/build/belt_short_server', 'catkin_cmake_args': None, 'catkin_skip_building_tests': False, 'cmake_args': None, 'cmake_clean_cache': False, 'cmake_clean_first': False, 'cmake_force_configure': False, 'cmake_target': None, 'cmake_target_skip_unavailable': False, 'install_base': '/home/berry/HeartBeat/install/belt_short_server', 'merge_install': False, 'path': '/home/berry/HeartBeat/src/belt_short_server', 'symlink_install': False, 'test_result_base': None}
[2.528s] Level 5:colcon.colcon_core.verb:set package 'controller' build argument 'cmake_args' from command line to 'None'
[2.528s] Level 5:colcon.colcon_core.verb:set package 'controller' build argument 'cmake_target' from command line to 'None'
[2.528s] Level 5:colcon.colcon_core.verb:set package 'controller' build argument 'cmake_target_skip_unavailable' from command line to 'False'
[2.528s] Level 5:colcon.colcon_core.verb:set package 'controller' build argument 'cmake_clean_cache' from command line to 'False'
[2.528s] Level 5:colcon.colcon_core.verb:set package 'controller' build argument 'cmake_clean_first' from command line to 'False'
[2.528s] Level 5:colcon.colcon_core.verb:set package 'controller' build argument 'cmake_force_configure' from command line to 'False'
[2.528s] Level 5:colcon.colcon_core.verb:set package 'controller' build argument 'ament_cmake_args' from command line to 'None'
[2.529s] Level 5:colcon.colcon_core.verb:set package 'controller' build argument 'catkin_cmake_args' from command line to 'None'
[2.529s] Level 5:colcon.colcon_core.verb:set package 'controller' build argument 'catkin_skip_building_tests' from command line to 'False'
[2.529s] DEBUG:colcon.colcon_core.verb:Building package 'controller' with the following arguments: {'ament_cmake_args': None, 'build_base': '/home/berry/HeartBeat/build/controller', 'catkin_cmake_args': None, 'catkin_skip_building_tests': False, 'cmake_args': None, 'cmake_clean_cache': False, 'cmake_clean_first': False, 'cmake_force_configure': False, 'cmake_target': None, 'cmake_target_skip_unavailable': False, 'install_base': '/home/berry/HeartBeat/install/controller', 'merge_install': False, 'path': '/home/berry/HeartBeat/src/controller', 'symlink_install': False, 'test_result_base': None}
[2.530s] Level 5:colcon.colcon_core.verb:set package 'interfaces_new' build argument 'cmake_args' from command line to 'None'
[2.531s] Level 5:colcon.colcon_core.verb:set package 'interfaces_new' build argument 'cmake_target' from command line to 'None'
[2.531s] Level 5:colcon.colcon_core.verb:set package 'interfaces_new' build argument 'cmake_target_skip_unavailable' from command line to 'False'
[2.531s] Level 5:colcon.colcon_core.verb:set package 'interfaces_new' build argument 'cmake_clean_cache' from command line to 'False'
[2.531s] Level 5:colcon.colcon_core.verb:set package 'interfaces_new' build argument 'cmake_clean_first' from command line to 'False'
[2.531s] Level 5:colcon.colcon_core.verb:set package 'interfaces_new' build argument 'cmake_force_configure' from command line to 'False'
[2.531s] Level 5:colcon.colcon_core.verb:set package 'interfaces_new' build argument 'ament_cmake_args' from command line to 'None'
[2.531s] Level 5:colcon.colcon_core.verb:set package 'interfaces_new' build argument 'catkin_cmake_args' from command line to 'None'
[2.532s] Level 5:colcon.colcon_core.verb:set package 'interfaces_new' build argument 'catkin_skip_building_tests' from command line to 'False'
[2.532s] DEBUG:colcon.colcon_core.verb:Building package 'interfaces_new' with the following arguments: {'ament_cmake_args': None, 'build_base': '/home/berry/HeartBeat/build/interfaces_new', 'catkin_cmake_args': None, 'catkin_skip_building_tests': False, 'cmake_args': None, 'cmake_clean_cache': False, 'cmake_clean_first': False, 'cmake_force_configure': False, 'cmake_target': None, 'cmake_target_skip_unavailable': False, 'install_base': '/home/berry/HeartBeat/install/interfaces_new', 'merge_install': False, 'path': '/home/berry/HeartBeat/src/interfaces_new', 'symlink_install': False, 'test_result_base': None}
[2.533s] Level 5:colcon.colcon_core.verb:set package 'track_server' build argument 'cmake_args' from command line to 'None'
[2.534s] Level 5:colcon.colcon_core.verb:set package 'track_server' build argument 'cmake_target' from command line to 'None'
[2.534s] Level 5:colcon.colcon_core.verb:set package 'track_server' build argument 'cmake_target_skip_unavailable' from command line to 'False'
[2.534s] Level 5:colcon.colcon_core.verb:set package 'track_server' build argument 'cmake_clean_cache' from command line to 'False'
[2.534s] Level 5:colcon.colcon_core.verb:set package 'track_server' build argument 'cmake_clean_first' from command line to 'False'
[2.534s] Level 5:colcon.colcon_core.verb:set package 'track_server' build argument 'cmake_force_configure' from command line to 'False'
[2.534s] Level 5:colcon.colcon_core.verb:set package 'track_server' build argument 'ament_cmake_args' from command line to 'None'
[2.534s] Level 5:colcon.colcon_core.verb:set package 'track_server' build argument 'catkin_cmake_args' from command line to 'None'
[2.534s] Level 5:colcon.colcon_core.verb:set package 'track_server' build argument 'catkin_skip_building_tests' from command line to 'False'
[2.535s] DEBUG:colcon.colcon_core.verb:Building package 'track_server' with the following arguments: {'ament_cmake_args': None, 'build_base': '/home/berry/HeartBeat/build/track_server', 'catkin_cmake_args': None, 'catkin_skip_building_tests': False, 'cmake_args': None, 'cmake_clean_cache': False, 'cmake_clean_first': False, 'cmake_force_configure': False, 'cmake_target': None, 'cmake_target_skip_unavailable': False, 'install_base': '/home/berry/HeartBeat/install/track_server', 'merge_install': False, 'path': '/home/berry/HeartBeat/src/track_server', 'symlink_install': False, 'test_result_base': None}
[2.535s] INFO:colcon.colcon_core.executor:Executing jobs using 'parallel' executor
[2.539s] DEBUG:colcon.colcon_parallel_executor.executor.parallel:run_until_complete
[2.540s] INFO:colcon.colcon_ros.task.ament_python.build:Building ROS package in '/home/berry/HeartBeat/src/belt_long_server' with build type 'ament_python'
[2.541s] Level 1:colcon.colcon_core.shell:create_environment_hook('belt_long_server', 'ament_prefix_path')
[2.553s] INFO:colcon.colcon_core.plugin_system:Skipping extension 'colcon_core.shell.bat': Not used on non-Windows systems
[2.554s] INFO:colcon.colcon_core.shell:Creating environment hook '/home/berry/HeartBeat/install/belt_long_server/share/belt_long_server/hook/ament_prefix_path.ps1'
[2.557s] INFO:colcon.colcon_core.shell:Creating environment descriptor '/home/berry/HeartBeat/install/belt_long_server/share/belt_long_server/hook/ament_prefix_path.dsv'
[2.559s] INFO:colcon.colcon_core.shell:Creating environment hook '/home/berry/HeartBeat/install/belt_long_server/share/belt_long_server/hook/ament_prefix_path.sh'
[2.563s] INFO:colcon.colcon_core.shell:Skip shell extension 'powershell' for command environment: Not usable outside of PowerShell
[2.563s] DEBUG:colcon.colcon_core.shell:Skip shell extension 'dsv' for command environment
[2.598s] INFO:colcon.colcon_ros.task.ament_python.build:Building ROS package in '/home/berry/HeartBeat/src/belt_short_server' with build type 'ament_python'
[2.598s] Level 1:colcon.colcon_core.shell:create_environment_hook('belt_short_server', 'ament_prefix_path')
[2.600s] INFO:colcon.colcon_core.shell:Creating environment hook '/home/berry/HeartBeat/install/belt_short_server/share/belt_short_server/hook/ament_prefix_path.ps1'
[2.602s] INFO:colcon.colcon_core.shell:Creating environment descriptor '/home/berry/HeartBeat/install/belt_short_server/share/belt_short_server/hook/ament_prefix_path.dsv'
[2.604s] INFO:colcon.colcon_core.shell:Creating environment hook '/home/berry/HeartBeat/install/belt_short_server/share/belt_short_server/hook/ament_prefix_path.sh'
[2.607s] INFO:colcon.colcon_core.shell:Skip shell extension 'powershell' for command environment: Not usable outside of PowerShell
[2.607s] DEBUG:colcon.colcon_core.shell:Skip shell extension 'dsv' for command environment
[2.641s] INFO:colcon.colcon_ros.task.ament_python.build:Building ROS package in '/home/berry/HeartBeat/src/controller' with build type 'ament_python'
[2.642s] Level 1:colcon.colcon_core.shell:create_environment_hook('controller', 'ament_prefix_path')
[2.643s] INFO:colcon.colcon_core.shell:Creating environment hook '/home/berry/HeartBeat/install/controller/share/controller/hook/ament_prefix_path.ps1'
[2.646s] INFO:colcon.colcon_core.shell:Creating environment descriptor '/home/berry/HeartBeat/install/controller/share/controller/hook/ament_prefix_path.dsv'
[2.648s] INFO:colcon.colcon_core.shell:Creating environment hook '/home/berry/HeartBeat/install/controller/share/controller/hook/ament_prefix_path.sh'
[2.650s] INFO:colcon.colcon_core.shell:Skip shell extension 'powershell' for command environment: Not usable outside of PowerShell
[2.651s] DEBUG:colcon.colcon_core.shell:Skip shell extension 'dsv' for command environment
[2.684s] INFO:colcon.colcon_ros.task.ament_cmake.build:Building ROS package in '/home/berry/HeartBeat/src/interfaces_new' with build type 'ament_cmake'
[2.685s] INFO:colcon.colcon_cmake.task.cmake.build:Building CMake package in '/home/berry/HeartBeat/src/interfaces_new'
[2.686s] INFO:colcon.colcon_core.shell:Skip shell extension 'powershell' for command environment: Not usable outside of PowerShell
[2.687s] DEBUG:colcon.colcon_core.shell:Skip shell extension 'dsv' for command environment
[4.386s] INFO:colcon.colcon_core.task.python.build:Building Python package in '/home/berry/HeartBeat/src/belt_long_server'
[4.387s] INFO:colcon.colcon_core.shell:Skip shell extension 'powershell' for command environment: Not usable outside of PowerShell
[4.387s] DEBUG:colcon.colcon_core.shell:Skip shell extension 'dsv' for command environment
[6.084s] INFO:colcon.colcon_core.task.python.build:Building Python package in '/home/berry/HeartBeat/src/belt_short_server'
[6.085s] INFO:colcon.colcon_core.shell:Skip shell extension 'powershell' for command environment: Not usable outside of PowerShell
[6.085s] DEBUG:colcon.colcon_core.shell:Skip shell extension 'dsv' for command environment
[7.767s] INFO:colcon.colcon_core.task.python.build:Building Python package in '/home/berry/HeartBeat/src/controller'
[7.768s] INFO:colcon.colcon_core.shell:Skip shell extension 'powershell' for command environment: Not usable outside of PowerShell
[7.768s] DEBUG:colcon.colcon_core.shell:Skip shell extension 'dsv' for command environment
[7.818s] DEBUG:colcon.colcon_core.event_handler.log_command:Invoking command in '/home/berry/HeartBeat/build/interfaces_new': CMAKE_PREFIX_PATH=${CMAKE_PREFIX_PATH}:/home/berry/HeartBeat/install/track_server:/home/berry/HeartBeat/install/controller:/home/berry/HeartBeat/install/belt_short_server:/home/berry/HeartBeat/install/belt_long_server:/home/berry/RoArm/install/test1:/home/berry/RoArm/install/serial_ctrl:/home/berry/RoArm/install/pos_sub:/home/berry/RoArm/install/pos_pub:/home/berry/RoArm/install/pos_client:/home/berry/RoArm/install/Position_Sub:/home/berry/RoArm/install/Pos_Server:/home/berry/RoArm/install/Pos_Client:/home/berry/ices_ws/install/track_server:/home/berry/ices_ws/install/launch_test:/home/berry/ices_ws/install/control:/home/berry/ices_ws/install/c_arm:/home/berry/ices_ws/install/arm_server:/home/berry/ices_ws/install/belt_short_server:/home/berry/ices_ws/install/belt_short_client:/home/berry/ices_ws/install/belt_long_server:/opt/ros/humble /usr/bin/cmake --build /home/berry/HeartBeat/build/interfaces_new -- -j4 -l4
[10.959s] DEBUG:colcon.colcon_core.event_handler.log_command:Invoking command in '/home/berry/HeartBeat/src/belt_short_server': PYTHONPATH=/home/berry/HeartBeat/build/belt_short_server/prefix_override:/usr/lib/python3/dist-packages/colcon_core/task/python/colcon_distutils_commands:/home/berry/HeartBeat/install/belt_short_server/lib/python3.10/site-packages:${PYTHONPATH} /usr/bin/python3 -W ignore:setup.py install is deprecated setup.py egg_info --egg-base ../../build/belt_short_server build --build-base /home/berry/HeartBeat/build/belt_short_server/build install --record /home/berry/HeartBeat/build/belt_short_server/install.log --single-version-externally-managed install_data
[11.450s] DEBUG:colcon.colcon_core.event_handler.log_command:Invoking command in '/home/berry/HeartBeat/src/belt_long_server': PYTHONPATH=/home/berry/HeartBeat/build/belt_long_server/prefix_override:/usr/lib/python3/dist-packages/colcon_core/task/python/colcon_distutils_commands:/home/berry/HeartBeat/install/belt_long_server/lib/python3.10/site-packages:${PYTHONPATH} /usr/bin/python3 -W ignore:setup.py install is deprecated setup.py egg_info --egg-base ../../build/belt_long_server build --build-base /home/berry/HeartBeat/build/belt_long_server/build install --record /home/berry/HeartBeat/build/belt_long_server/install.log --single-version-externally-managed install_data
[12.233s] DEBUG:colcon.colcon_core.event_handler.log_command:Invoking command in '/home/berry/HeartBeat/src/controller': PYTHONPATH=/home/berry/HeartBeat/build/controller/prefix_override:/usr/lib/python3/dist-packages/colcon_core/task/python/colcon_distutils_commands:/home/berry/HeartBeat/install/controller/lib/python3.10/site-packages:${PYTHONPATH} /usr/bin/python3 -W ignore:setup.py install is deprecated setup.py egg_info --egg-base ../../build/controller build --build-base /home/berry/HeartBeat/build/controller/build install --record /home/berry/HeartBeat/build/controller/install.log --single-version-externally-managed install_data
[13.884s] DEBUG:colcon.colcon_core.event_handler.log_command:Invoked command in '/home/berry/HeartBeat/src/belt_short_server' returned '0': PYTHONPATH=/home/berry/HeartBeat/build/belt_short_server/prefix_override:/usr/lib/python3/dist-packages/colcon_core/task/python/colcon_distutils_commands:/home/berry/HeartBeat/install/belt_short_server/lib/python3.10/site-packages:${PYTHONPATH} /usr/bin/python3 -W ignore:setup.py install is deprecated setup.py egg_info --egg-base ../../build/belt_short_server build --build-base /home/berry/HeartBeat/build/belt_short_server/build install --record /home/berry/HeartBeat/build/belt_short_server/install.log --single-version-externally-managed install_data
[13.892s] Level 1:colcon.colcon_core.environment:checking '/home/berry/HeartBeat/install/belt_short_server' for CMake module files
[13.895s] Level 1:colcon.colcon_core.environment:checking '/home/berry/HeartBeat/install/belt_short_server' for CMake config files
[13.900s] Level 1:colcon.colcon_core.environment:checking '/home/berry/HeartBeat/install/belt_short_server/lib'
[13.901s] Level 1:colcon.colcon_core.environment:checking '/home/berry/HeartBeat/install/belt_short_server/bin'
[13.902s] Level 1:colcon.colcon_core.environment:checking '/home/berry/HeartBeat/install/belt_short_server/lib/pkgconfig/belt_short_server.pc'
[13.904s] Level 1:colcon.colcon_core.environment:checking '/home/berry/HeartBeat/install/belt_short_server/lib/python3.10/site-packages'
[13.905s] Level 1:colcon.colcon_core.shell:create_environment_hook('belt_short_server', 'pythonpath')
[13.908s] INFO:colcon.colcon_core.shell:Creating environment hook '/home/berry/HeartBeat/install/belt_short_server/share/belt_short_server/hook/pythonpath.ps1'
[13.912s] INFO:colcon.colcon_core.shell:Creating environment descriptor '/home/berry/HeartBeat/install/belt_short_server/share/belt_short_server/hook/pythonpath.dsv'
[13.916s] INFO:colcon.colcon_core.shell:Creating environment hook '/home/berry/HeartBeat/install/belt_short_server/share/belt_short_server/hook/pythonpath.sh'
[13.923s] Level 1:colcon.colcon_core.environment:checking '/home/berry/HeartBeat/install/belt_short_server/bin'
[13.923s] Level 1:colcon.colcon_core.environment:create_environment_scripts_only(belt_short_server)
[13.926s] INFO:colcon.colcon_core.shell:Creating package script '/home/berry/HeartBeat/install/belt_short_server/share/belt_short_server/package.ps1'
[13.932s] INFO:colcon.colcon_core.shell:Creating package descriptor '/home/berry/HeartBeat/install/belt_short_server/share/belt_short_server/package.dsv'
[13.937s] INFO:colcon.colcon_core.shell:Creating package script '/home/berry/HeartBeat/install/belt_short_server/share/belt_short_server/package.sh'
[13.944s] INFO:colcon.colcon_core.shell:Creating package script '/home/berry/HeartBeat/install/belt_short_server/share/belt_short_server/package.bash'
[13.950s] INFO:colcon.colcon_core.shell:Creating package script '/home/berry/HeartBeat/install/belt_short_server/share/belt_short_server/package.zsh'
[13.953s] Level 1:colcon.colcon_core.environment:create_file_with_runtime_dependencies(/home/berry/HeartBeat/install/belt_short_server/share/colcon-core/packages/belt_short_server)
[13.958s] INFO:colcon.colcon_ros.task.ament_python.build:Building ROS package in '/home/berry/HeartBeat/src/track_server' with build type 'ament_python'
[13.959s] Level 1:colcon.colcon_core.shell:create_environment_hook('track_server', 'ament_prefix_path')
[13.960s] INFO:colcon.colcon_core.shell:Creating environment hook '/home/berry/HeartBeat/install/track_server/share/track_server/hook/ament_prefix_path.ps1'
[13.962s] INFO:colcon.colcon_core.shell:Creating environment descriptor '/home/berry/HeartBeat/install/track_server/share/track_server/hook/ament_prefix_path.dsv'
[13.965s] INFO:colcon.colcon_core.shell:Creating environment hook '/home/berry/HeartBeat/install/track_server/share/track_server/hook/ament_prefix_path.sh'
[13.968s] INFO:colcon.colcon_core.shell:Skip shell extension 'powershell' for command environment: Not usable outside of PowerShell
[13.968s] DEBUG:colcon.colcon_core.shell:Skip shell extension 'dsv' for command environment
[16.551s] INFO:colcon.colcon_core.task.python.build:Building Python package in '/home/berry/HeartBeat/src/track_server'
[16.553s] INFO:colcon.colcon_core.shell:Skip shell extension 'powershell' for command environment: Not usable outside of PowerShell
[16.554s] DEBUG:colcon.colcon_core.shell:Skip shell extension 'dsv' for command environment
[16.606s] Level 1:colcon.colcon_core.environment:checking '/home/berry/HeartBeat/install/belt_long_server' for CMake module files
[16.607s] DEBUG:colcon.colcon_core.event_handler.log_command:Invoked command in '/home/berry/HeartBeat/src/belt_long_server' returned '0': PYTHONPATH=/home/berry/HeartBeat/build/belt_long_server/prefix_override:/usr/lib/python3/dist-packages/colcon_core/task/python/colcon_distutils_commands:/home/berry/HeartBeat/install/belt_long_server/lib/python3.10/site-packages:${PYTHONPATH} /usr/bin/python3 -W ignore:setup.py install is deprecated setup.py egg_info --egg-base ../../build/belt_long_server build --build-base /home/berry/HeartBeat/build/belt_long_server/build install --record /home/berry/HeartBeat/build/belt_long_server/install.log --single-version-externally-managed install_data
[16.611s] Level 1:colcon.colcon_core.environment:checking '/home/berry/HeartBeat/install/belt_long_server' for CMake config files
[16.615s] Level 1:colcon.colcon_core.environment:checking '/home/berry/HeartBeat/install/belt_long_server/lib'
[16.615s] Level 1:colcon.colcon_core.environment:checking '/home/berry/HeartBeat/install/belt_long_server/bin'
[16.616s] Level 1:colcon.colcon_core.environment:checking '/home/berry/HeartBeat/install/belt_long_server/lib/pkgconfig/belt_long_server.pc'
[16.617s] Level 1:colcon.colcon_core.environment:checking '/home/berry/HeartBeat/install/belt_long_server/lib/python3.10/site-packages'
[16.617s] Level 1:colcon.colcon_core.shell:create_environment_hook('belt_long_server', 'pythonpath')
[16.618s] INFO:colcon.colcon_core.shell:Creating environment hook '/home/berry/HeartBeat/install/belt_long_server/share/belt_long_server/hook/pythonpath.ps1'
[16.620s] INFO:colcon.colcon_core.shell:Creating environment descriptor '/home/berry/HeartBeat/install/belt_long_server/share/belt_long_server/hook/pythonpath.dsv'
[16.622s] INFO:colcon.colcon_core.shell:Creating environment hook '/home/berry/HeartBeat/install/belt_long_server/share/belt_long_server/hook/pythonpath.sh'
[16.625s] Level 1:colcon.colcon_core.environment:checking '/home/berry/HeartBeat/install/belt_long_server/bin'
[16.626s] Level 1:colcon.colcon_core.environment:create_environment_scripts_only(belt_long_server)
[16.627s] INFO:colcon.colcon_core.shell:Creating package script '/home/berry/HeartBeat/install/belt_long_server/share/belt_long_server/package.ps1'
[16.630s] INFO:colcon.colcon_core.shell:Creating package descriptor '/home/berry/HeartBeat/install/belt_long_server/share/belt_long_server/package.dsv'
[16.632s] INFO:colcon.colcon_core.shell:Creating package script '/home/berry/HeartBeat/install/belt_long_server/share/belt_long_server/package.sh'
[16.635s] INFO:colcon.colcon_core.shell:Creating package script '/home/berry/HeartBeat/install/belt_long_server/share/belt_long_server/package.bash'
[16.636s] INFO:colcon.colcon_core.shell:Creating package script '/home/berry/HeartBeat/install/belt_long_server/share/belt_long_server/package.zsh'
[16.638s] Level 1:colcon.colcon_core.environment:create_file_with_runtime_dependencies(/home/berry/HeartBeat/install/belt_long_server/share/colcon-core/packages/belt_long_server)
[16.644s] Level 1:colcon.colcon_core.environment:checking '/home/berry/HeartBeat/install/controller' for CMake module files
[16.645s] DEBUG:colcon.colcon_core.event_handler.log_command:Invoked command in '/home/berry/HeartBeat/src/controller' returned '0': PYTHONPATH=/home/berry/HeartBeat/build/controller/prefix_override:/usr/lib/python3/dist-packages/colcon_core/task/python/colcon_distutils_commands:/home/berry/HeartBeat/install/controller/lib/python3.10/site-packages:${PYTHONPATH} /usr/bin/python3 -W ignore:setup.py install is deprecated setup.py egg_info --egg-base ../../build/controller build --build-base /home/berry/HeartBeat/build/controller/build install --record /home/berry/HeartBeat/build/controller/install.log --single-version-externally-managed install_data
[16.648s] Level 1:colcon.colcon_core.environment:checking '/home/berry/HeartBeat/install/controller' for CMake config files
[16.653s] Level 1:colcon.colcon_core.environment:checking '/home/berry/HeartBeat/install/controller/lib'
[16.654s] Level 1:colcon.colcon_core.environment:checking '/home/berry/HeartBeat/install/controller/bin'
[16.654s] Level 1:colcon.colcon_core.environment:checking '/home/berry/HeartBeat/install/controller/lib/pkgconfig/controller.pc'
[16.655s] Level 1:colcon.colcon_core.environment:checking '/home/berry/HeartBeat/install/controller/lib/python3.10/site-packages'
[16.656s] Level 1:colcon.colcon_core.shell:create_environment_hook('controller', 'pythonpath')
[16.657s] INFO:colcon.colcon_core.shell:Creating environment hook '/home/berry/HeartBeat/install/controller/share/controller/hook/pythonpath.ps1'
[16.659s] INFO:colcon.colcon_core.shell:Creating environment descriptor '/home/berry/HeartBeat/install/controller/share/controller/hook/pythonpath.dsv'
[16.661s] INFO:colcon.colcon_core.shell:Creating environment hook '/home/berry/HeartBeat/install/controller/share/controller/hook/pythonpath.sh'
[16.664s] Level 1:colcon.colcon_core.environment:checking '/home/berry/HeartBeat/install/controller/bin'
[16.664s] Level 1:colcon.colcon_core.environment:create_environment_scripts_only(controller)
[16.666s] INFO:colcon.colcon_core.shell:Creating package script '/home/berry/HeartBeat/install/controller/share/controller/package.ps1'
[16.668s] INFO:colcon.colcon_core.shell:Creating package descriptor '/home/berry/HeartBeat/install/controller/share/controller/package.dsv'
[16.671s] INFO:colcon.colcon_core.shell:Creating package script '/home/berry/HeartBeat/install/controller/share/controller/package.sh'
[16.673s] INFO:colcon.colcon_core.shell:Creating package script '/home/berry/HeartBeat/install/controller/share/controller/package.bash'
[16.675s] INFO:colcon.colcon_core.shell:Creating package script '/home/berry/HeartBeat/install/controller/share/controller/package.zsh'
[16.677s] Level 1:colcon.colcon_core.environment:create_file_with_runtime_dependencies(/home/berry/HeartBeat/install/controller/share/colcon-core/packages/controller)
[19.193s] DEBUG:colcon.colcon_core.event_handler.log_command:Invoking command in '/home/berry/HeartBeat/src/track_server': PYTHONPATH=/home/berry/HeartBeat/build/track_server/prefix_override:/usr/lib/python3/dist-packages/colcon_core/task/python/colcon_distutils_commands:/home/berry/HeartBeat/install/track_server/lib/python3.10/site-packages:${PYTHONPATH} /usr/bin/python3 -W ignore:setup.py install is deprecated setup.py egg_info --egg-base ../../build/track_server build --build-base /home/berry/HeartBeat/build/track_server/build install --record /home/berry/HeartBeat/build/track_server/install.log --single-version-externally-managed install_data
[21.717s] Level 1:colcon.colcon_core.environment:checking '/home/berry/HeartBeat/install/track_server' for CMake module files
[21.719s] DEBUG:colcon.colcon_core.event_handler.log_command:Invoked command in '/home/berry/HeartBeat/src/track_server' returned '0': PYTHONPATH=/home/berry/HeartBeat/build/track_server/prefix_override:/usr/lib/python3/dist-packages/colcon_core/task/python/colcon_distutils_commands:/home/berry/HeartBeat/install/track_server/lib/python3.10/site-packages:${PYTHONPATH} /usr/bin/python3 -W ignore:setup.py install is deprecated setup.py egg_info --egg-base ../../build/track_server build --build-base /home/berry/HeartBeat/build/track_server/build install --record /home/berry/HeartBeat/build/track_server/install.log --single-version-externally-managed install_data
[21.722s] Level 1:colcon.colcon_core.environment:checking '/home/berry/HeartBeat/install/track_server' for CMake config files
[21.735s] Level 1:colcon.colcon_core.environment:checking '/home/berry/HeartBeat/install/track_server/lib'
[21.735s] Level 1:colcon.colcon_core.environment:checking '/home/berry/HeartBeat/install/track_server/bin'
[21.736s] Level 1:colcon.colcon_core.environment:checking '/home/berry/HeartBeat/install/track_server/lib/pkgconfig/track_server.pc'
[21.737s] Level 1:colcon.colcon_core.environment:checking '/home/berry/HeartBeat/install/track_server/lib/python3.10/site-packages'
[21.737s] Level 1:colcon.colcon_core.shell:create_environment_hook('track_server', 'pythonpath')
[21.738s] INFO:colcon.colcon_core.shell:Creating environment hook '/home/berry/HeartBeat/install/track_server/share/track_server/hook/pythonpath.ps1'
[21.741s] INFO:colcon.colcon_core.shell:Creating environment descriptor '/home/berry/HeartBeat/install/track_server/share/track_server/hook/pythonpath.dsv'
[21.743s] INFO:colcon.colcon_core.shell:Creating environment hook '/home/berry/HeartBeat/install/track_server/share/track_server/hook/pythonpath.sh'
[21.759s] Level 1:colcon.colcon_core.environment:checking '/home/berry/HeartBeat/install/track_server/bin'
[21.760s] Level 1:colcon.colcon_core.environment:create_environment_scripts_only(track_server)
[21.761s] INFO:colcon.colcon_core.shell:Creating package script '/home/berry/HeartBeat/install/track_server/share/track_server/package.ps1'
[21.764s] INFO:colcon.colcon_core.shell:Creating package descriptor '/home/berry/HeartBeat/install/track_server/share/track_server/package.dsv'
[21.767s] INFO:colcon.colcon_core.shell:Creating package script '/home/berry/HeartBeat/install/track_server/share/track_server/package.sh'
[21.782s] INFO:colcon.colcon_core.shell:Creating package script '/home/berry/HeartBeat/install/track_server/share/track_server/package.bash'
[21.785s] INFO:colcon.colcon_core.shell:Creating package script '/home/berry/HeartBeat/install/track_server/share/track_server/package.zsh'
[21.787s] Level 1:colcon.colcon_core.environment:create_file_with_runtime_dependencies(/home/berry/HeartBeat/install/track_server/share/colcon-core/packages/track_server)
[34.179s] DEBUG:colcon.colcon_parallel_executor.executor.parallel:run_until_complete was interrupted
[34.179s] DEBUG:colcon.colcon_parallel_executor.executor.parallel:run_until_complete again
[34.361s] DEBUG:colcon.colcon_core.event_handler.log_command:Invoked command in '/home/berry/HeartBeat/build/interfaces_new' returned '-2': CMAKE_PREFIX_PATH=${CMAKE_PREFIX_PATH}:/home/berry/HeartBeat/install/track_server:/home/berry/HeartBeat/install/controller:/home/berry/HeartBeat/install/belt_short_server:/home/berry/HeartBeat/install/belt_long_server:/home/berry/RoArm/install/test1:/home/berry/RoArm/install/serial_ctrl:/home/berry/RoArm/install/pos_sub:/home/berry/RoArm/install/pos_pub:/home/berry/RoArm/install/pos_client:/home/berry/RoArm/install/Position_Sub:/home/berry/RoArm/install/Pos_Server:/home/berry/RoArm/install/Pos_Client:/home/berry/ices_ws/install/track_server:/home/berry/ices_ws/install/launch_test:/home/berry/ices_ws/install/control:/home/berry/ices_ws/install/c_arm:/home/berry/ices_ws/install/arm_server:/home/berry/ices_ws/install/belt_short_server:/home/berry/ices_ws/install/belt_short_client:/home/berry/ices_ws/install/belt_long_server:/opt/ros/humble /usr/bin/cmake --build /home/berry/HeartBeat/build/interfaces_new -- -j4 -l4
[34.537s] Level 1:colcon.colcon_core.environment:create_environment_scripts_only(interfaces_new)
[34.538s] Level 1:colcon.colcon_core.environment:checking '/home/berry/HeartBeat/install/interfaces_new' for CMake module files
[34.540s] Level 1:colcon.colcon_core.environment:checking '/home/berry/HeartBeat/install/interfaces_new' for CMake config files
[34.542s] Level 1:colcon.colcon_core.environment:checking '/home/berry/HeartBeat/install/interfaces_new/bin'
[34.543s] Level 1:colcon.colcon_core.environment:checking '/home/berry/HeartBeat/install/interfaces_new/lib/pkgconfig/interfaces_new.pc'
[34.544s] Level 1:colcon.colcon_core.environment:checking '/home/berry/HeartBeat/install/interfaces_new/lib/python3.10/site-packages'
[34.544s] Level 1:colcon.colcon_core.environment:checking '/home/berry/HeartBeat/install/interfaces_new/bin'
[34.546s] INFO:colcon.colcon_core.shell:Creating package script '/home/berry/HeartBeat/install/interfaces_new/share/interfaces_new/package.ps1'
[34.548s] INFO:colcon.colcon_core.shell:Creating package descriptor '/home/berry/HeartBeat/install/interfaces_new/share/interfaces_new/package.dsv'
[34.549s] INFO:colcon.colcon_core.shell:Creating package script '/home/berry/HeartBeat/install/interfaces_new/share/interfaces_new/package.sh'
[34.551s] INFO:colcon.colcon_core.shell:Creating package script '/home/berry/HeartBeat/install/interfaces_new/share/interfaces_new/package.bash'
[34.552s] INFO:colcon.colcon_core.shell:Creating package script '/home/berry/HeartBeat/install/interfaces_new/share/interfaces_new/package.zsh'
[34.554s] Level 1:colcon.colcon_core.environment:create_file_with_runtime_dependencies(/home/berry/HeartBeat/install/interfaces_new/share/colcon-core/packages/interfaces_new)
[34.566s] DEBUG:colcon.colcon_parallel_executor.executor.parallel:run_until_complete finished
[34.566s] DEBUG:colcon.colcon_parallel_executor.executor.parallel:closing loop
[34.566s] DEBUG:colcon.colcon_parallel_executor.executor.parallel:loop closed
[34.567s] DEBUG:colcon.colcon_core.event_reactor:joining thread
[34.596s] INFO:colcon.colcon_core.plugin_system:Skipping extension 'colcon_notification.desktop_notification.terminal_notifier': Not used on non-Darwin systems
[34.596s] INFO:colcon.colcon_core.plugin_system:Skipping extension 'colcon_notification.desktop_notification.win32': Not used on non-Windows systems
[34.596s] INFO:colcon.colcon_notification.desktop_notification:Sending desktop notification using 'notify2'
[34.636s] DEBUG:colcon.colcon_core.event_reactor:joined thread
[34.637s] INFO:colcon.colcon_core.shell:Creating prefix script '/home/berry/HeartBeat/install/local_setup.ps1'
[34.641s] INFO:colcon.colcon_core.shell:Creating prefix util module '/home/berry/HeartBeat/install/_local_setup_util_ps1.py'
[34.648s] INFO:colcon.colcon_core.shell:Creating prefix chain script '/home/berry/HeartBeat/install/setup.ps1'
[34.660s] INFO:colcon.colcon_core.shell:Creating prefix script '/home/berry/HeartBeat/install/local_setup.sh'
[34.663s] INFO:colcon.colcon_core.shell:Creating prefix util module '/home/berry/HeartBeat/install/_local_setup_util_sh.py'
[34.665s] INFO:colcon.colcon_core.shell:Creating prefix chain script '/home/berry/HeartBeat/install/setup.sh'
[34.677s] INFO:colcon.colcon_core.shell:Creating prefix script '/home/berry/HeartBeat/install/local_setup.bash'
[34.680s] INFO:colcon.colcon_core.shell:Creating prefix chain script '/home/berry/HeartBeat/install/setup.bash'
[34.692s] INFO:colcon.colcon_core.shell:Creating prefix script '/home/berry/HeartBeat/install/local_setup.zsh'
[34.695s] INFO:colcon.colcon_core.shell:Creating prefix chain script '/home/berry/HeartBeat/install/setup.zsh'
