[5.029s] Invoking command in '/home/berry/HeartBeat/build/interfaces': CMAKE_PREFIX_PATH=${CMAKE_PREFIX_PATH}:/home/berry/HeartBeat/install/track_server:/home/berry/HeartBeat/install/controller:/home/berry/HeartBeat/install/belt_short_server:/home/berry/HeartBeat/install/belt_long_server:/home/berry/RoArm/install/test1:/home/berry/RoArm/install/serial_ctrl:/home/berry/RoArm/install/pos_sub:/home/berry/RoArm/install/pos_pub:/home/berry/RoArm/install/pos_client:/home/berry/RoArm/install/Position_Sub:/home/berry/RoArm/install/Pos_Server:/home/berry/RoArm/install/Pos_Client:/home/berry/ices_ws/install/track_server:/home/berry/ices_ws/install/launch_test:/home/berry/ices_ws/install/control:/home/berry/ices_ws/install/c_arm:/home/berry/ices_ws/install/arm_server:/home/berry/ices_ws/install/belt_short_server:/home/berry/ices_ws/install/belt_short_client:/home/berry/ices_ws/install/belt_long_server:/opt/ros/humble /usr/bin/cmake /home/berry/HeartBeat/src/interfaces -DCMAKE_INSTALL_PREFIX=/home/berry/HeartBeat/install/interfaces
[5.429s] -- The C compiler identification is GNU 11.4.0
[5.794s] -- The CXX compiler identification is GNU 11.4.0
[5.839s] -- Detecting C compiler ABI info
[6.300s] -- Detecting C compiler ABI info - done
[6.337s] -- Check for working C compiler: /usr/bin/cc - skipped
[6.338s] -- Detecting C compile features
[6.340s] -- Detecting C compile features - done
[6.358s] -- Detecting CXX compiler ABI info
[6.843s] -- Detecting CXX compiler ABI info - done
[6.880s] -- Check for working CXX compiler: /usr/bin/c++ - skipped
[6.883s] -- Detecting CXX compile features
[6.887s] -- Detecting CXX compile features - done
[6.956s] -- Found ament_cmake: 1.3.9 (/opt/ros/humble/share/ament_cmake/cmake)
[8.750s] -- Found Python3: /usr/bin/python3 (found version "3.10.12") found components: Interpreter 
[10.231s] -- Found rosidl_default_generators: 1.2.0 (/opt/ros/humble/share/rosidl_default_generators/cmake)
[10.315s] -- Using all available rosidl_typesupport_c: rosidl_typesupport_fastrtps_c;rosidl_typesupport_introspection_c
[10.502s] -- Found rosidl_adapter: 3.1.5 (/opt/ros/humble/share/rosidl_adapter/cmake)
[11.315s] -- Using all available rosidl_typesupport_cpp: rosidl_typesupport_fastrtps_cpp;rosidl_typesupport_introspection_cpp
[11.833s] -- Found std_msgs: 4.2.4 (/opt/ros/humble/share/std_msgs/cmake)
[12.237s] [31mCMake Error at /opt/ros/humble/share/rosidl_cmake/cmake/rosidl_generate_interfaces.cmake:93 (message):
[12.238s]   rosidl_generate_interfaces() the passed file 'msg/State.msg' doesn't exist
[12.238s]   relative to the CMAKE_CURRENT_SOURCE_DIR
[12.239s]   '/home/berry/HeartBeat/src/interfaces'
[12.239s] Call Stack (most recent call first):
[12.240s]   CMakeLists.txt:16 (rosidl_generate_interfaces)
[12.240s] 
[12.241s] [0m
[12.242s] -- Configuring incomplete, errors occurred!
[12.243s] See also "/home/berry/HeartBeat/build/interfaces/CMakeFiles/CMakeOutput.log".
[12.901s] Invoked command in '/home/berry/HeartBeat/build/interfaces' returned '1': CMAKE_PREFIX_PATH=${CMAKE_PREFIX_PATH}:/home/berry/HeartBeat/install/track_server:/home/berry/HeartBeat/install/controller:/home/berry/HeartBeat/install/belt_short_server:/home/berry/HeartBeat/install/belt_long_server:/home/berry/RoArm/install/test1:/home/berry/RoArm/install/serial_ctrl:/home/berry/RoArm/install/pos_sub:/home/berry/RoArm/install/pos_pub:/home/berry/RoArm/install/pos_client:/home/berry/RoArm/install/Position_Sub:/home/berry/RoArm/install/Pos_Server:/home/berry/RoArm/install/Pos_Client:/home/berry/ices_ws/install/track_server:/home/berry/ices_ws/install/launch_test:/home/berry/ices_ws/install/control:/home/berry/ices_ws/install/c_arm:/home/berry/ices_ws/install/arm_server:/home/berry/ices_ws/install/belt_short_server:/home/berry/ices_ws/install/belt_short_client:/home/berry/ices_ws/install/belt_long_server:/opt/ros/humble /usr/bin/cmake /home/berry/HeartBeat/src/interfaces -DCMAKE_INSTALL_PREFIX=/home/berry/HeartBeat/install/interfaces
