[8.432s] Invoking command in '/home/berry/HeartBeat/src/controller': PYTHONPATH=/home/berry/HeartBeat/build/controller/prefix_override:/usr/lib/python3/dist-packages/colcon_core/task/python/colcon_distutils_commands:/home/berry/HeartBeat/install/controller/lib/python3.10/site-packages:${PYTHONPATH} /usr/bin/python3 -W ignore:setup.py install is deprecated setup.py egg_info --egg-base ../../build/controller build --build-base /home/berry/HeartBeat/build/controller/build install --record /home/berry/HeartBeat/build/controller/install.log --single-version-externally-managed install_data
[10.615s] running egg_info
[10.619s] writing ../../build/controller/controller.egg-info/PKG-INFO
[10.621s] writing dependency_links to ../../build/controller/controller.egg-info/dependency_links.txt
[10.623s] writing entry points to ../../build/controller/controller.egg-info/entry_points.txt
[10.625s] writing requirements to ../../build/controller/controller.egg-info/requires.txt
[10.626s] writing top-level names to ../../build/controller/controller.egg-info/top_level.txt
[10.638s] reading manifest file '../../build/controller/controller.egg-info/SOURCES.txt'
[10.644s] writing manifest file '../../build/controller/controller.egg-info/SOURCES.txt'
[10.645s] running build
[10.646s] running build_py
[10.648s] running install
[10.651s] running install_lib
[10.661s] running install_data
[10.663s] running install_egg_info
[10.759s] removing '/home/berry/HeartBeat/install/controller/lib/python3.10/site-packages/controller-0.0.0-py3.10.egg-info' (and everything under it)
[10.761s] Copying ../../build/controller/controller.egg-info to /home/berry/HeartBeat/install/controller/lib/python3.10/site-packages/controller-0.0.0-py3.10.egg-info
[10.771s] running install_scripts
[10.990s] writing list of installed files to '/home/berry/HeartBeat/build/controller/install.log'
[11.322s] Invoked command in '/home/berry/HeartBeat/src/controller' returned '0': PYTHONPATH=/home/berry/HeartBeat/build/controller/prefix_override:/usr/lib/python3/dist-packages/colcon_core/task/python/colcon_distutils_commands:/home/berry/HeartBeat/install/controller/lib/python3.10/site-packages:${PYTHONPATH} /usr/bin/python3 -W ignore:setup.py install is deprecated setup.py egg_info --egg-base ../../build/controller build --build-base /home/berry/HeartBeat/build/controller/build install --record /home/berry/HeartBeat/build/controller/install.log --single-version-externally-managed install_data
