[6.300s] Invoking command in '/home/berry/HeartBeat/src/controller': PYTHONPATH=/home/berry/HeartBeat/build/controller/prefix_override:/usr/lib/python3/dist-packages/colcon_core/task/python/colcon_distutils_commands:/home/berry/HeartBeat/install/controller/lib/python3.10/site-packages:${PYTHONPATH} /usr/bin/python3 -W ignore:setup.py install is deprecated -W ignore:easy_install command is deprecated setup.py egg_info --egg-base ../../build/controller build --build-base /home/berry/HeartBeat/build/controller/build install --record /home/berry/HeartBeat/build/controller/install.log --single-version-externally-managed install_data
[8.036s] running egg_info
[8.040s] creating ../../build/controller/controller.egg-info
[8.053s] writing ../../build/controller/controller.egg-info/PKG-INFO
[8.055s] writing dependency_links to ../../build/controller/controller.egg-info/dependency_links.txt
[8.055s] writing entry points to ../../build/controller/controller.egg-info/entry_points.txt
[8.056s] writing requirements to ../../build/controller/controller.egg-info/requires.txt
[8.057s] writing top-level names to ../../build/controller/controller.egg-info/top_level.txt
[8.059s] writing manifest file '../../build/controller/controller.egg-info/SOURCES.txt'
[8.089s] reading manifest file '../../build/controller/controller.egg-info/SOURCES.txt'
[8.089s] writing manifest file '../../build/controller/controller.egg-info/SOURCES.txt'
[8.090s] running build
[8.093s] running build_py
[8.102s] creating /home/berry/HeartBeat/build/controller/build
[8.103s] creating /home/berry/HeartBeat/build/controller/build/lib
[8.104s] creating /home/berry/HeartBeat/build/controller/build/lib/controller
[8.105s] copying controller/controller.py -> /home/berry/HeartBeat/build/controller/build/lib/controller
[8.111s] copying controller/db.py -> /home/berry/HeartBeat/build/controller/build/lib/controller
[8.132s] copying controller/__init__.py -> /home/berry/HeartBeat/build/controller/build/lib/controller
[8.133s] running install
[8.140s] running install_lib
[8.142s] creating /home/berry/HeartBeat/install/controller/lib/python3.10/site-packages/controller
[8.142s] copying /home/berry/HeartBeat/build/controller/build/lib/controller/controller.py -> /home/berry/HeartBeat/install/controller/lib/python3.10/site-packages/controller
[8.144s] copying /home/berry/HeartBeat/build/controller/build/lib/controller/db.py -> /home/berry/HeartBeat/install/controller/lib/python3.10/site-packages/controller
[8.145s] copying /home/berry/HeartBeat/build/controller/build/lib/controller/__init__.py -> /home/berry/HeartBeat/install/controller/lib/python3.10/site-packages/controller
[8.158s] byte-compiling /home/berry/HeartBeat/install/controller/lib/python3.10/site-packages/controller/controller.py to controller.cpython-310.pyc
[8.169s] byte-compiling /home/berry/HeartBeat/install/controller/lib/python3.10/site-packages/controller/db.py to db.cpython-310.pyc
[8.173s] byte-compiling /home/berry/HeartBeat/install/controller/lib/python3.10/site-packages/controller/__init__.py to __init__.cpython-310.pyc
[8.178s] running install_data
[8.179s] creating /home/berry/HeartBeat/install/controller/share/ament_index
[8.180s] creating /home/berry/HeartBeat/install/controller/share/ament_index/resource_index
[8.181s] creating /home/berry/HeartBeat/install/controller/share/ament_index/resource_index/packages
[8.182s] copying resource/controller -> /home/berry/HeartBeat/install/controller/share/ament_index/resource_index/packages
[8.183s] copying package.xml -> /home/berry/HeartBeat/install/controller/share/controller
[8.184s] running install_egg_info
[8.202s] Copying ../../build/controller/controller.egg-info to /home/berry/HeartBeat/install/controller/lib/python3.10/site-packages/controller-0.0.0-py3.10.egg-info
[8.203s] running install_scripts
[8.298s] writing list of installed files to '/home/berry/HeartBeat/build/controller/install.log'
[8.639s] Invoked command in '/home/berry/HeartBeat/src/controller' returned '0': PYTHONPATH=/home/berry/HeartBeat/build/controller/prefix_override:/usr/lib/python3/dist-packages/colcon_core/task/python/colcon_distutils_commands:/home/berry/HeartBeat/install/controller/lib/python3.10/site-packages:${PYTHONPATH} /usr/bin/python3 -W ignore:setup.py install is deprecated -W ignore:easy_install command is deprecated setup.py egg_info --egg-base ../../build/controller build --build-base /home/berry/HeartBeat/build/controller/build install --record /home/berry/HeartBeat/build/controller/install.log --single-version-externally-managed install_data
