[9.205s] Invoking command in '/home/berry/HeartBeat/src/belt_long_server': PYTHONPATH=/home/berry/HeartBeat/build/belt_long_server/prefix_override:/usr/lib/python3/dist-packages/colcon_core/task/python/colcon_distutils_commands:/home/berry/HeartBeat/install/belt_long_server/lib/python3.10/site-packages:${PYTHONPATH} /usr/bin/python3 -W ignore:setup.py install is deprecated setup.py egg_info --egg-base ../../build/belt_long_server build --build-base /home/berry/HeartBeat/build/belt_long_server/build install --record /home/berry/HeartBeat/build/belt_long_server/install.log --single-version-externally-managed install_data
[11.408s] running egg_info
[11.411s] writing ../../build/belt_long_server/belt_long_server.egg-info/PKG-INFO
[11.413s] writing dependency_links to ../../build/belt_long_server/belt_long_server.egg-info/dependency_links.txt
[11.415s] writing entry points to ../../build/belt_long_server/belt_long_server.egg-info/entry_points.txt
[11.416s] writing requirements to ../../build/belt_long_server/belt_long_server.egg-info/requires.txt
[11.418s] writing top-level names to ../../build/belt_long_server/belt_long_server.egg-info/top_level.txt
[11.433s] reading manifest file '../../build/belt_long_server/belt_long_server.egg-info/SOURCES.txt'
[11.442s] writing manifest file '../../build/belt_long_server/belt_long_server.egg-info/SOURCES.txt'
[11.443s] running build
[11.444s] running build_py
[11.445s] copying belt_long_server/belt_long_server.py -> /home/berry/HeartBeat/build/belt_long_server/build/lib/belt_long_server
[11.448s] running install
[11.450s] running install_lib
[11.458s] copying /home/berry/HeartBeat/build/belt_long_server/build/lib/belt_long_server/belt_long_server.py -> /home/berry/HeartBeat/install/belt_long_server/lib/python3.10/site-packages/belt_long_server
[11.463s] byte-compiling /home/berry/HeartBeat/install/belt_long_server/lib/python3.10/site-packages/belt_long_server/belt_long_server.py to belt_long_server.cpython-310.pyc
[11.472s] running install_data
[11.473s] running install_egg_info
[11.574s] removing '/home/berry/HeartBeat/install/belt_long_server/lib/python3.10/site-packages/belt_long_server-0.0.0-py3.10.egg-info' (and everything under it)
[11.580s] Copying ../../build/belt_long_server/belt_long_server.egg-info to /home/berry/HeartBeat/install/belt_long_server/lib/python3.10/site-packages/belt_long_server-0.0.0-py3.10.egg-info
[11.594s] running install_scripts
[11.837s] Installing belt_long_server script to /home/berry/HeartBeat/install/belt_long_server/lib/belt_long_server
[11.840s] writing list of installed files to '/home/berry/HeartBeat/build/belt_long_server/install.log'
[13.771s] Invoked command in '/home/berry/HeartBeat/src/belt_long_server' returned '0': PYTHONPATH=/home/berry/HeartBeat/build/belt_long_server/prefix_override:/usr/lib/python3/dist-packages/colcon_core/task/python/colcon_distutils_commands:/home/berry/HeartBeat/install/belt_long_server/lib/python3.10/site-packages:${PYTHONPATH} /usr/bin/python3 -W ignore:setup.py install is deprecated setup.py egg_info --egg-base ../../build/belt_long_server build --build-base /home/berry/HeartBeat/build/belt_long_server/build install --record /home/berry/HeartBeat/build/belt_long_server/install.log --single-version-externally-managed install_data
