[8.471s] Invoking command in '/home/berry/HeartBeat/src/belt_short_server': PYTHONPATH=/home/berry/HeartBeat/build/belt_short_server/prefix_override:/usr/lib/python3/dist-packages/colcon_core/task/python/colcon_distutils_commands:/home/berry/HeartBeat/install/belt_short_server/lib/python3.10/site-packages:${PYTHONPATH} /usr/bin/python3 -W ignore:setup.py install is deprecated setup.py egg_info --egg-base ../../build/belt_short_server build --build-base /home/berry/HeartBeat/build/belt_short_server/build install --record /home/berry/HeartBeat/build/belt_short_server/install.log --single-version-externally-managed install_data
[10.724s] running egg_info
[10.728s] writing ../../build/belt_short_server/belt_short_server.egg-info/PKG-INFO
[10.729s] writing dependency_links to ../../build/belt_short_server/belt_short_server.egg-info/dependency_links.txt
[10.730s] writing entry points to ../../build/belt_short_server/belt_short_server.egg-info/entry_points.txt
[10.731s] writing requirements to ../../build/belt_short_server/belt_short_server.egg-info/requires.txt
[10.732s] writing top-level names to ../../build/belt_short_server/belt_short_server.egg-info/top_level.txt
[10.744s] reading manifest file '../../build/belt_short_server/belt_short_server.egg-info/SOURCES.txt'
[10.751s] writing manifest file '../../build/belt_short_server/belt_short_server.egg-info/SOURCES.txt'
[10.753s] running build
[10.754s] running build_py
[10.755s] running install
[10.757s] running install_lib
[10.770s] running install_data
[10.772s] running install_egg_info
[10.871s] removing '/home/berry/HeartBeat/install/belt_short_server/lib/python3.10/site-packages/belt_short_server-0.0.0-py3.10.egg-info' (and everything under it)
[10.873s] Copying ../../build/belt_short_server/belt_short_server.egg-info to /home/berry/HeartBeat/install/belt_short_server/lib/python3.10/site-packages/belt_short_server-0.0.0-py3.10.egg-info
[10.883s] running install_scripts
[11.137s] Installing belt_short_server script to /home/berry/HeartBeat/install/belt_short_server/lib/belt_short_server
[11.141s] writing list of installed files to '/home/berry/HeartBeat/build/belt_short_server/install.log'
[11.431s] Invoked command in '/home/berry/HeartBeat/src/belt_short_server' returned '0': PYTHONPATH=/home/berry/HeartBeat/build/belt_short_server/prefix_override:/usr/lib/python3/dist-packages/colcon_core/task/python/colcon_distutils_commands:/home/berry/HeartBeat/install/belt_short_server/lib/python3.10/site-packages:${PYTHONPATH} /usr/bin/python3 -W ignore:setup.py install is deprecated setup.py egg_info --egg-base ../../build/belt_short_server build --build-base /home/berry/HeartBeat/build/belt_short_server/build install --record /home/berry/HeartBeat/build/belt_short_server/install.log --single-version-externally-managed install_data
