[0.808s] DEBUG:colcon:Command line arguments: ['/usr/bin/colcon', 'build']
[0.809s] DEBUG:colcon:Parsed command line arguments: Namespace(log_base=None, log_level=None, verb_name='build', build_base='build', install_base='install', merge_install=False, symlink_install=False, test_result_base=None, continue_on_error=False, executor='parallel', parallel_workers=4, event_handlers=None, ignore_user_meta=False, metas=['./colcon.meta'], base_paths=['.'], packages_ignore=None, packages_ignore_regex=None, paths=None, packages_up_to=None, packages_up_to_regex=None, packages_above=None, packages_above_and_dependencies=None, packages_above_depth=None, packages_select_by_dep=None, packages_skip_by_dep=None, packages_skip_up_to=None, packages_select_build_failed=False, packages_skip_build_finished=False, packages_select_test_failures=False, packages_skip_test_passed=False, packages_select=None, packages_skip=None, packages_select_regex=None, packages_skip_regex=None, packages_start=None, packages_end=None, allow_overriding=[], cmake_args=None, cmake_target=None, cmake_target_skip_unavailable=False, cmake_clean_cache=False, cmake_clean_first=False, cmake_force_configure=False, ament_cmake_args=None, catkin_cmake_args=None, catkin_skip_building_tests=False, verb_parser=<colcon_defaults.argument_parser.defaults.DefaultArgumentsDecorator object at 0xffffba447220>, verb_extension=<colcon_core.verb.build.BuildVerb object at 0xffffba41b400>, main=<bound method BuildVerb.main of <colcon_core.verb.build.BuildVerb object at 0xffffba41b400>>)
[1.835s] Level 1:colcon.colcon_core.package_discovery:discover_packages(colcon_meta) check parameters
[1.836s] Level 1:colcon.colcon_core.package_discovery:discover_packages(recursive) check parameters
[1.836s] Level 1:colcon.colcon_core.package_discovery:discover_packages(ignore) check parameters
[1.836s] Level 1:colcon.colcon_core.package_discovery:discover_packages(path) check parameters
[1.836s] Level 1:colcon.colcon_core.package_discovery:discover_packages(colcon_meta) discover
[1.836s] Level 1:colcon.colcon_core.package_discovery:discover_packages(recursive) discover
[1.836s] INFO:colcon.colcon_core.package_discovery:Crawling recursively for packages in '/home/berry/HeartBeat'
[1.837s] Level 1:colcon.colcon_core.package_identification:_identify(.) by extensions ['ignore', 'ignore_ament_install']
[1.837s] Level 1:colcon.colcon_core.package_identification:_identify(.) by extension 'ignore'
[1.838s] Level 1:colcon.colcon_core.package_identification:_identify(.) by extension 'ignore_ament_install'
[1.838s] Level 1:colcon.colcon_core.package_identification:_identify(.) by extensions ['colcon_pkg']
[1.838s] Level 1:colcon.colcon_core.package_identification:_identify(.) by extension 'colcon_pkg'
[1.838s] Level 1:colcon.colcon_core.package_identification:_identify(.) by extensions ['colcon_meta']
[1.838s] Level 1:colcon.colcon_core.package_identification:_identify(.) by extension 'colcon_meta'
[1.839s] Level 1:colcon.colcon_core.package_identification:_identify(.) by extensions ['ros']
[1.839s] Level 1:colcon.colcon_core.package_identification:_identify(.) by extension 'ros'
[1.894s] Level 1:colcon.colcon_core.package_identification:_identify(.) by extensions ['cmake', 'python']
[1.894s] Level 1:colcon.colcon_core.package_identification:_identify(.) by extension 'cmake'
[1.894s] Level 1:colcon.colcon_core.package_identification:_identify(.) by extension 'python'
[1.894s] Level 1:colcon.colcon_core.package_identification:_identify(.) by extensions ['python_setup_py']
[1.895s] Level 1:colcon.colcon_core.package_identification:_identify(.) by extension 'python_setup_py'
[1.895s] Level 1:colcon.colcon_core.package_identification:_identify(build) by extensions ['ignore', 'ignore_ament_install']
[1.896s] Level 1:colcon.colcon_core.package_identification:_identify(build) by extension 'ignore'
[1.896s] Level 1:colcon.colcon_core.package_identification:_identify(build) ignored
[1.897s] Level 1:colcon.colcon_core.package_identification:_identify(install) by extensions ['ignore', 'ignore_ament_install']
[1.898s] Level 1:colcon.colcon_core.package_identification:_identify(install) by extension 'ignore'
[1.898s] Level 1:colcon.colcon_core.package_identification:_identify(install) ignored
[1.898s] Level 1:colcon.colcon_core.package_identification:_identify(log) by extensions ['ignore', 'ignore_ament_install']
[1.899s] Level 1:colcon.colcon_core.package_identification:_identify(log) by extension 'ignore'
[1.899s] Level 1:colcon.colcon_core.package_identification:_identify(log) ignored
[1.899s] Level 1:colcon.colcon_core.package_identification:_identify(src) by extensions ['ignore', 'ignore_ament_install']
[1.900s] Level 1:colcon.colcon_core.package_identification:_identify(src) by extension 'ignore'
[1.900s] Level 1:colcon.colcon_core.package_identification:_identify(src) by extension 'ignore_ament_install'
[1.900s] Level 1:colcon.colcon_core.package_identification:_identify(src) by extensions ['colcon_pkg']
[1.900s] Level 1:colcon.colcon_core.package_identification:_identify(src) by extension 'colcon_pkg'
[1.901s] Level 1:colcon.colcon_core.package_identification:_identify(src) by extensions ['colcon_meta']
[1.901s] Level 1:colcon.colcon_core.package_identification:_identify(src) by extension 'colcon_meta'
[1.901s] Level 1:colcon.colcon_core.package_identification:_identify(src) by extensions ['ros']
[1.901s] Level 1:colcon.colcon_core.package_identification:_identify(src) by extension 'ros'
[1.901s] Level 1:colcon.colcon_core.package_identification:_identify(src) by extensions ['cmake', 'python']
[1.902s] Level 1:colcon.colcon_core.package_identification:_identify(src) by extension 'cmake'
[1.902s] Level 1:colcon.colcon_core.package_identification:_identify(src) by extension 'python'
[1.902s] Level 1:colcon.colcon_core.package_identification:_identify(src) by extensions ['python_setup_py']
[1.902s] Level 1:colcon.colcon_core.package_identification:_identify(src) by extension 'python_setup_py'
[1.903s] Level 1:colcon.colcon_core.package_identification:_identify(src/belt_long_server) by extensions ['ignore', 'ignore_ament_install']
[1.903s] Level 1:colcon.colcon_core.package_identification:_identify(src/belt_long_server) by extension 'ignore'
[1.903s] Level 1:colcon.colcon_core.package_identification:_identify(src/belt_long_server) by extension 'ignore_ament_install'
[1.903s] Level 1:colcon.colcon_core.package_identification:_identify(src/belt_long_server) by extensions ['colcon_pkg']
[1.904s] Level 1:colcon.colcon_core.package_identification:_identify(src/belt_long_server) by extension 'colcon_pkg'
[1.904s] Level 1:colcon.colcon_core.package_identification:_identify(src/belt_long_server) by extensions ['colcon_meta']
[1.904s] Level 1:colcon.colcon_core.package_identification:_identify(src/belt_long_server) by extension 'colcon_meta'
[1.904s] Level 1:colcon.colcon_core.package_identification:_identify(src/belt_long_server) by extensions ['ros']
[1.904s] Level 1:colcon.colcon_core.package_identification:_identify(src/belt_long_server) by extension 'ros'
[1.934s] DEBUG:colcon.colcon_core.package_identification:Package 'src/belt_long_server' with type 'ros.ament_python' and name 'belt_long_server'
[1.935s] Level 1:colcon.colcon_core.package_identification:_identify(src/belt_short_server) by extensions ['ignore', 'ignore_ament_install']
[1.935s] Level 1:colcon.colcon_core.package_identification:_identify(src/belt_short_server) by extension 'ignore'
[1.936s] Level 1:colcon.colcon_core.package_identification:_identify(src/belt_short_server) by extension 'ignore_ament_install'
[1.936s] Level 1:colcon.colcon_core.package_identification:_identify(src/belt_short_server) by extensions ['colcon_pkg']
[1.936s] Level 1:colcon.colcon_core.package_identification:_identify(src/belt_short_server) by extension 'colcon_pkg'
[1.936s] Level 1:colcon.colcon_core.package_identification:_identify(src/belt_short_server) by extensions ['colcon_meta']
[1.936s] Level 1:colcon.colcon_core.package_identification:_identify(src/belt_short_server) by extension 'colcon_meta'
[1.937s] Level 1:colcon.colcon_core.package_identification:_identify(src/belt_short_server) by extensions ['ros']
[1.937s] Level 1:colcon.colcon_core.package_identification:_identify(src/belt_short_server) by extension 'ros'
[1.939s] DEBUG:colcon.colcon_core.package_identification:Package 'src/belt_short_server' with type 'ros.ament_python' and name 'belt_short_server'
[1.940s] Level 1:colcon.colcon_core.package_identification:_identify(src/controller) by extensions ['ignore', 'ignore_ament_install']
[1.940s] Level 1:colcon.colcon_core.package_identification:_identify(src/controller) by extension 'ignore'
[1.940s] Level 1:colcon.colcon_core.package_identification:_identify(src/controller) by extension 'ignore_ament_install'
[1.941s] Level 1:colcon.colcon_core.package_identification:_identify(src/controller) by extensions ['colcon_pkg']
[1.941s] Level 1:colcon.colcon_core.package_identification:_identify(src/controller) by extension 'colcon_pkg'
[1.941s] Level 1:colcon.colcon_core.package_identification:_identify(src/controller) by extensions ['colcon_meta']
[1.941s] Level 1:colcon.colcon_core.package_identification:_identify(src/controller) by extension 'colcon_meta'
[1.941s] Level 1:colcon.colcon_core.package_identification:_identify(src/controller) by extensions ['ros']
[1.942s] Level 1:colcon.colcon_core.package_identification:_identify(src/controller) by extension 'ros'
[1.944s] DEBUG:colcon.colcon_core.package_identification:Package 'src/controller' with type 'ros.ament_python' and name 'controller'
[1.944s] Level 1:colcon.colcon_core.package_identification:_identify(src/flask_eq) by extensions ['ignore', 'ignore_ament_install']
[1.945s] Level 1:colcon.colcon_core.package_identification:_identify(src/flask_eq) by extension 'ignore'
[1.945s] Level 1:colcon.colcon_core.package_identification:_identify(src/flask_eq) by extension 'ignore_ament_install'
[1.945s] Level 1:colcon.colcon_core.package_identification:_identify(src/flask_eq) by extensions ['colcon_pkg']
[1.945s] Level 1:colcon.colcon_core.package_identification:_identify(src/flask_eq) by extension 'colcon_pkg'
[1.946s] Level 1:colcon.colcon_core.package_identification:_identify(src/flask_eq) by extensions ['colcon_meta']
[1.946s] Level 1:colcon.colcon_core.package_identification:_identify(src/flask_eq) by extension 'colcon_meta'
[1.946s] Level 1:colcon.colcon_core.package_identification:_identify(src/flask_eq) by extensions ['ros']
[1.946s] Level 1:colcon.colcon_core.package_identification:_identify(src/flask_eq) by extension 'ros'
[1.946s] Level 1:colcon.colcon_core.package_identification:_identify(src/flask_eq) by extensions ['cmake', 'python']
[1.947s] Level 1:colcon.colcon_core.package_identification:_identify(src/flask_eq) by extension 'cmake'
[1.947s] Level 1:colcon.colcon_core.package_identification:_identify(src/flask_eq) by extension 'python'
[1.947s] Level 1:colcon.colcon_core.package_identification:_identify(src/flask_eq) by extensions ['python_setup_py']
[1.947s] Level 1:colcon.colcon_core.package_identification:_identify(src/flask_eq) by extension 'python_setup_py'
[1.948s] Level 1:colcon.colcon_core.package_identification:_identify(src/interfaces) by extensions ['ignore', 'ignore_ament_install']
[1.948s] Level 1:colcon.colcon_core.package_identification:_identify(src/interfaces) by extension 'ignore'
[1.948s] Level 1:colcon.colcon_core.package_identification:_identify(src/interfaces) by extension 'ignore_ament_install'
[1.948s] Level 1:colcon.colcon_core.package_identification:_identify(src/interfaces) by extensions ['colcon_pkg']
[1.949s] Level 1:colcon.colcon_core.package_identification:_identify(src/interfaces) by extension 'colcon_pkg'
[1.949s] Level 1:colcon.colcon_core.package_identification:_identify(src/interfaces) by extensions ['colcon_meta']
[1.949s] Level 1:colcon.colcon_core.package_identification:_identify(src/interfaces) by extension 'colcon_meta'
[1.949s] Level 1:colcon.colcon_core.package_identification:_identify(src/interfaces) by extensions ['ros']
[1.949s] Level 1:colcon.colcon_core.package_identification:_identify(src/interfaces) by extension 'ros'
[1.952s] DEBUG:colcon.colcon_core.package_identification:Package 'src/interfaces' with type 'ros.ament_cmake' and name 'interfaces'
[1.953s] Level 1:colcon.colcon_core.package_identification:_identify(src/track_server) by extensions ['ignore', 'ignore_ament_install']
[1.953s] Level 1:colcon.colcon_core.package_identification:_identify(src/track_server) by extension 'ignore'
[1.953s] Level 1:colcon.colcon_core.package_identification:_identify(src/track_server) by extension 'ignore_ament_install'
[1.954s] Level 1:colcon.colcon_core.package_identification:_identify(src/track_server) by extensions ['colcon_pkg']
[1.954s] Level 1:colcon.colcon_core.package_identification:_identify(src/track_server) by extension 'colcon_pkg'
[1.954s] Level 1:colcon.colcon_core.package_identification:_identify(src/track_server) by extensions ['colcon_meta']
[1.954s] Level 1:colcon.colcon_core.package_identification:_identify(src/track_server) by extension 'colcon_meta'
[1.954s] Level 1:colcon.colcon_core.package_identification:_identify(src/track_server) by extensions ['ros']
[1.954s] Level 1:colcon.colcon_core.package_identification:_identify(src/track_server) by extension 'ros'
[1.957s] DEBUG:colcon.colcon_core.package_identification:Package 'src/track_server' with type 'ros.ament_python' and name 'track_server'
[1.957s] Level 1:colcon.colcon_core.package_discovery:discover_packages(recursive) using defaults
[1.957s] Level 1:colcon.colcon_core.package_discovery:discover_packages(ignore) discover
[1.957s] Level 1:colcon.colcon_core.package_discovery:discover_packages(ignore) using defaults
[1.957s] Level 1:colcon.colcon_core.package_discovery:discover_packages(path) discover
[1.958s] Level 1:colcon.colcon_core.package_discovery:discover_packages(path) using defaults
[2.210s] Level 1:colcon.colcon_core.package_discovery:discover_packages(prefix_path) check parameters
[2.210s] Level 1:colcon.colcon_core.package_discovery:discover_packages(prefix_path) discover
[2.216s] WARNING:colcon.colcon_ros.prefix_path.ament:The path '/home/berry/HeartBeat/install/interfaces_new' in the environment variable AMENT_PREFIX_PATH doesn't exist
[2.223s] WARNING:colcon.colcon_ros.prefix_path.catkin:The path '/home/berry/HeartBeat/install/interfaces_new' in the environment variable CMAKE_PREFIX_PATH doesn't exist
[2.227s] DEBUG:colcon.colcon_installed_package_information.package_discovery:Found 5 installed packages in /home/berry/HeartBeat/install
[2.231s] DEBUG:colcon.colcon_installed_package_information.package_discovery:Found 10 installed packages in /home/berry/RoArm/install
[2.235s] DEBUG:colcon.colcon_installed_package_information.package_discovery:Found 9 installed packages in /home/berry/ices_ws/install
[2.247s] DEBUG:colcon.colcon_installed_package_information.package_discovery:Found 273 installed packages in /opt/ros/humble
[2.258s] Level 1:colcon.colcon_core.package_discovery:discover_packages(prefix_path) using defaults
[2.503s] WARNING:colcon.colcon_core.package_selection:Some selected packages are already built in one or more underlay workspaces:
	'interfaces' is in: /home/berry/HeartBeat/install/interfaces, /home/berry/ices_ws/install/interfaces
If a package in a merged underlay workspace is overridden and it installs headers, then all packages in the overlay must sort their include directories by workspace order. Failure to do so may result in build failures or undefined behavior at run time.
If the overridden package is used by another package in any underlay, then the overriding package in the overlay must be API and ABI compatible or undefined behavior at run time may occur.

If you understand the risks and want to override a package anyways, add the following to the command line:
	--allow-overriding interfaces

This may be promoted to an error in a future release of colcon-override-check.
[2.507s] Level 5:colcon.colcon_core.verb:set package 'belt_long_server' build argument 'cmake_args' from command line to 'None'
[2.507s] Level 5:colcon.colcon_core.verb:set package 'belt_long_server' build argument 'cmake_target' from command line to 'None'
[2.507s] Level 5:colcon.colcon_core.verb:set package 'belt_long_server' build argument 'cmake_target_skip_unavailable' from command line to 'False'
[2.508s] Level 5:colcon.colcon_core.verb:set package 'belt_long_server' build argument 'cmake_clean_cache' from command line to 'False'
[2.508s] Level 5:colcon.colcon_core.verb:set package 'belt_long_server' build argument 'cmake_clean_first' from command line to 'False'
[2.508s] Level 5:colcon.colcon_core.verb:set package 'belt_long_server' build argument 'cmake_force_configure' from command line to 'False'
[2.508s] Level 5:colcon.colcon_core.verb:set package 'belt_long_server' build argument 'ament_cmake_args' from command line to 'None'
[2.508s] Level 5:colcon.colcon_core.verb:set package 'belt_long_server' build argument 'catkin_cmake_args' from command line to 'None'
[2.508s] Level 5:colcon.colcon_core.verb:set package 'belt_long_server' build argument 'catkin_skip_building_tests' from command line to 'False'
[2.508s] DEBUG:colcon.colcon_core.verb:Building package 'belt_long_server' with the following arguments: {'ament_cmake_args': None, 'build_base': '/home/berry/HeartBeat/build/belt_long_server', 'catkin_cmake_args': None, 'catkin_skip_building_tests': False, 'cmake_args': None, 'cmake_clean_cache': False, 'cmake_clean_first': False, 'cmake_force_configure': False, 'cmake_target': None, 'cmake_target_skip_unavailable': False, 'install_base': '/home/berry/HeartBeat/install/belt_long_server', 'merge_install': False, 'path': '/home/berry/HeartBeat/src/belt_long_server', 'symlink_install': False, 'test_result_base': None}
[2.510s] Level 5:colcon.colcon_core.verb:set package 'belt_short_server' build argument 'cmake_args' from command line to 'None'
[2.510s] Level 5:colcon.colcon_core.verb:set package 'belt_short_server' build argument 'cmake_target' from command line to 'None'
[2.510s] Level 5:colcon.colcon_core.verb:set package 'belt_short_server' build argument 'cmake_target_skip_unavailable' from command line to 'False'
[2.511s] Level 5:colcon.colcon_core.verb:set package 'belt_short_server' build argument 'cmake_clean_cache' from command line to 'False'
[2.511s] Level 5:colcon.colcon_core.verb:set package 'belt_short_server' build argument 'cmake_clean_first' from command line to 'False'
[2.511s] Level 5:colcon.colcon_core.verb:set package 'belt_short_server' build argument 'cmake_force_configure' from command line to 'False'
[2.511s] Level 5:colcon.colcon_core.verb:set package 'belt_short_server' build argument 'ament_cmake_args' from command line to 'None'
[2.511s] Level 5:colcon.colcon_core.verb:set package 'belt_short_server' build argument 'catkin_cmake_args' from command line to 'None'
[2.511s] Level 5:colcon.colcon_core.verb:set package 'belt_short_server' build argument 'catkin_skip_building_tests' from command line to 'False'
[2.511s] DEBUG:colcon.colcon_core.verb:Building package 'belt_short_server' with the following arguments: {'ament_cmake_args': None, 'build_base': '/home/berry/HeartBeat/build/belt_short_server', 'catkin_cmake_args': None, 'catkin_skip_building_tests': False, 'cmake_args': None, 'cmake_clean_cache': False, 'cmake_clean_first': False, 'cmake_force_configure': False, 'cmake_target': None, 'cmake_target_skip_unavailable': False, 'install_base': '/home/berry/HeartBeat/install/belt_short_server', 'merge_install': False, 'path': '/home/berry/HeartBeat/src/belt_short_server', 'symlink_install': False, 'test_result_base': None}
[2.513s] Level 5:colcon.colcon_core.verb:set package 'controller' build argument 'cmake_args' from command line to 'None'
[2.513s] Level 5:colcon.colcon_core.verb:set package 'controller' build argument 'cmake_target' from command line to 'None'
[2.513s] Level 5:colcon.colcon_core.verb:set package 'controller' build argument 'cmake_target_skip_unavailable' from command line to 'False'
[2.513s] Level 5:colcon.colcon_core.verb:set package 'controller' build argument 'cmake_clean_cache' from command line to 'False'
[2.514s] Level 5:colcon.colcon_core.verb:set package 'controller' build argument 'cmake_clean_first' from command line to 'False'
[2.514s] Level 5:colcon.colcon_core.verb:set package 'controller' build argument 'cmake_force_configure' from command line to 'False'
[2.514s] Level 5:colcon.colcon_core.verb:set package 'controller' build argument 'ament_cmake_args' from command line to 'None'
[2.514s] Level 5:colcon.colcon_core.verb:set package 'controller' build argument 'catkin_cmake_args' from command line to 'None'
[2.514s] Level 5:colcon.colcon_core.verb:set package 'controller' build argument 'catkin_skip_building_tests' from command line to 'False'
[2.514s] DEBUG:colcon.colcon_core.verb:Building package 'controller' with the following arguments: {'ament_cmake_args': None, 'build_base': '/home/berry/HeartBeat/build/controller', 'catkin_cmake_args': None, 'catkin_skip_building_tests': False, 'cmake_args': None, 'cmake_clean_cache': False, 'cmake_clean_first': False, 'cmake_force_configure': False, 'cmake_target': None, 'cmake_target_skip_unavailable': False, 'install_base': '/home/berry/HeartBeat/install/controller', 'merge_install': False, 'path': '/home/berry/HeartBeat/src/controller', 'symlink_install': False, 'test_result_base': None}
[2.516s] Level 5:colcon.colcon_core.verb:set package 'interfaces' build argument 'cmake_args' from command line to 'None'
[2.516s] Level 5:colcon.colcon_core.verb:set package 'interfaces' build argument 'cmake_target' from command line to 'None'
[2.516s] Level 5:colcon.colcon_core.verb:set package 'interfaces' build argument 'cmake_target_skip_unavailable' from command line to 'False'
[2.516s] Level 5:colcon.colcon_core.verb:set package 'interfaces' build argument 'cmake_clean_cache' from command line to 'False'
[2.516s] Level 5:colcon.colcon_core.verb:set package 'interfaces' build argument 'cmake_clean_first' from command line to 'False'
[2.516s] Level 5:colcon.colcon_core.verb:set package 'interfaces' build argument 'cmake_force_configure' from command line to 'False'
[2.517s] Level 5:colcon.colcon_core.verb:set package 'interfaces' build argument 'ament_cmake_args' from command line to 'None'
[2.517s] Level 5:colcon.colcon_core.verb:set package 'interfaces' build argument 'catkin_cmake_args' from command line to 'None'
[2.517s] Level 5:colcon.colcon_core.verb:set package 'interfaces' build argument 'catkin_skip_building_tests' from command line to 'False'
[2.517s] DEBUG:colcon.colcon_core.verb:Building package 'interfaces' with the following arguments: {'ament_cmake_args': None, 'build_base': '/home/berry/HeartBeat/build/interfaces', 'catkin_cmake_args': None, 'catkin_skip_building_tests': False, 'cmake_args': None, 'cmake_clean_cache': False, 'cmake_clean_first': False, 'cmake_force_configure': False, 'cmake_target': None, 'cmake_target_skip_unavailable': False, 'install_base': '/home/berry/HeartBeat/install/interfaces', 'merge_install': False, 'path': '/home/berry/HeartBeat/src/interfaces', 'symlink_install': False, 'test_result_base': None}
[2.519s] Level 5:colcon.colcon_core.verb:set package 'track_server' build argument 'cmake_args' from command line to 'None'
[2.519s] Level 5:colcon.colcon_core.verb:set package 'track_server' build argument 'cmake_target' from command line to 'None'
[2.519s] Level 5:colcon.colcon_core.verb:set package 'track_server' build argument 'cmake_target_skip_unavailable' from command line to 'False'
[2.519s] Level 5:colcon.colcon_core.verb:set package 'track_server' build argument 'cmake_clean_cache' from command line to 'False'
[2.519s] Level 5:colcon.colcon_core.verb:set package 'track_server' build argument 'cmake_clean_first' from command line to 'False'
[2.519s] Level 5:colcon.colcon_core.verb:set package 'track_server' build argument 'cmake_force_configure' from command line to 'False'
[2.519s] Level 5:colcon.colcon_core.verb:set package 'track_server' build argument 'ament_cmake_args' from command line to 'None'
[2.519s] Level 5:colcon.colcon_core.verb:set package 'track_server' build argument 'catkin_cmake_args' from command line to 'None'
[2.520s] Level 5:colcon.colcon_core.verb:set package 'track_server' build argument 'catkin_skip_building_tests' from command line to 'False'
[2.520s] DEBUG:colcon.colcon_core.verb:Building package 'track_server' with the following arguments: {'ament_cmake_args': None, 'build_base': '/home/berry/HeartBeat/build/track_server', 'catkin_cmake_args': None, 'catkin_skip_building_tests': False, 'cmake_args': None, 'cmake_clean_cache': False, 'cmake_clean_first': False, 'cmake_force_configure': False, 'cmake_target': None, 'cmake_target_skip_unavailable': False, 'install_base': '/home/berry/HeartBeat/install/track_server', 'merge_install': False, 'path': '/home/berry/HeartBeat/src/track_server', 'symlink_install': False, 'test_result_base': None}
[2.520s] INFO:colcon.colcon_core.executor:Executing jobs using 'parallel' executor
[2.524s] DEBUG:colcon.colcon_parallel_executor.executor.parallel:run_until_complete
[2.525s] INFO:colcon.colcon_ros.task.ament_python.build:Building ROS package in '/home/berry/HeartBeat/src/belt_long_server' with build type 'ament_python'
[2.525s] Level 1:colcon.colcon_core.shell:create_environment_hook('belt_long_server', 'ament_prefix_path')
[2.539s] INFO:colcon.colcon_core.plugin_system:Skipping extension 'colcon_core.shell.bat': Not used on non-Windows systems
[2.540s] INFO:colcon.colcon_core.shell:Creating environment hook '/home/berry/HeartBeat/install/belt_long_server/share/belt_long_server/hook/ament_prefix_path.ps1'
[2.543s] INFO:colcon.colcon_core.shell:Creating environment descriptor '/home/berry/HeartBeat/install/belt_long_server/share/belt_long_server/hook/ament_prefix_path.dsv'
[2.545s] INFO:colcon.colcon_core.shell:Creating environment hook '/home/berry/HeartBeat/install/belt_long_server/share/belt_long_server/hook/ament_prefix_path.sh'
[2.549s] INFO:colcon.colcon_core.shell:Skip shell extension 'powershell' for command environment: Not usable outside of PowerShell
[2.549s] DEBUG:colcon.colcon_core.shell:Skip shell extension 'dsv' for command environment
[2.583s] INFO:colcon.colcon_ros.task.ament_python.build:Building ROS package in '/home/berry/HeartBeat/src/belt_short_server' with build type 'ament_python'
[2.584s] Level 1:colcon.colcon_core.shell:create_environment_hook('belt_short_server', 'ament_prefix_path')
[2.585s] INFO:colcon.colcon_core.shell:Creating environment hook '/home/berry/HeartBeat/install/belt_short_server/share/belt_short_server/hook/ament_prefix_path.ps1'
[2.588s] INFO:colcon.colcon_core.shell:Creating environment descriptor '/home/berry/HeartBeat/install/belt_short_server/share/belt_short_server/hook/ament_prefix_path.dsv'
[2.590s] INFO:colcon.colcon_core.shell:Creating environment hook '/home/berry/HeartBeat/install/belt_short_server/share/belt_short_server/hook/ament_prefix_path.sh'
[2.593s] INFO:colcon.colcon_core.shell:Skip shell extension 'powershell' for command environment: Not usable outside of PowerShell
[2.593s] DEBUG:colcon.colcon_core.shell:Skip shell extension 'dsv' for command environment
[2.629s] INFO:colcon.colcon_ros.task.ament_python.build:Building ROS package in '/home/berry/HeartBeat/src/controller' with build type 'ament_python'
[2.629s] Level 1:colcon.colcon_core.shell:create_environment_hook('controller', 'ament_prefix_path')
[2.630s] INFO:colcon.colcon_core.shell:Creating environment hook '/home/berry/HeartBeat/install/controller/share/controller/hook/ament_prefix_path.ps1'
[2.633s] INFO:colcon.colcon_core.shell:Creating environment descriptor '/home/berry/HeartBeat/install/controller/share/controller/hook/ament_prefix_path.dsv'
[2.635s] INFO:colcon.colcon_core.shell:Creating environment hook '/home/berry/HeartBeat/install/controller/share/controller/hook/ament_prefix_path.sh'
[2.638s] INFO:colcon.colcon_core.shell:Skip shell extension 'powershell' for command environment: Not usable outside of PowerShell
[2.638s] DEBUG:colcon.colcon_core.shell:Skip shell extension 'dsv' for command environment
[2.673s] INFO:colcon.colcon_ros.task.ament_cmake.build:Building ROS package in '/home/berry/HeartBeat/src/interfaces' with build type 'ament_cmake'
[2.673s] INFO:colcon.colcon_cmake.task.cmake.build:Building CMake package in '/home/berry/HeartBeat/src/interfaces'
[2.674s] INFO:colcon.colcon_core.shell:Skip shell extension 'powershell' for command environment: Not usable outside of PowerShell
[2.675s] DEBUG:colcon.colcon_core.shell:Skip shell extension 'dsv' for command environment
[4.383s] INFO:colcon.colcon_core.task.python.build:Building Python package in '/home/berry/HeartBeat/src/belt_long_server'
[4.384s] INFO:colcon.colcon_core.shell:Skip shell extension 'powershell' for command environment: Not usable outside of PowerShell
[4.384s] DEBUG:colcon.colcon_core.shell:Skip shell extension 'dsv' for command environment
[6.076s] INFO:colcon.colcon_core.task.python.build:Building Python package in '/home/berry/HeartBeat/src/belt_short_server'
[6.077s] INFO:colcon.colcon_core.shell:Skip shell extension 'powershell' for command environment: Not usable outside of PowerShell
[6.077s] DEBUG:colcon.colcon_core.shell:Skip shell extension 'dsv' for command environment
[7.781s] INFO:colcon.colcon_core.task.python.build:Building Python package in '/home/berry/HeartBeat/src/controller'
[7.782s] INFO:colcon.colcon_core.shell:Skip shell extension 'powershell' for command environment: Not usable outside of PowerShell
[7.783s] DEBUG:colcon.colcon_core.shell:Skip shell extension 'dsv' for command environment
[7.837s] DEBUG:colcon.colcon_core.event_handler.log_command:Invoking command in '/home/berry/HeartBeat/build/interfaces': CMAKE_PREFIX_PATH=${CMAKE_PREFIX_PATH}:/home/berry/HeartBeat/install/track_server:/home/berry/HeartBeat/install/controller:/home/berry/HeartBeat/install/belt_short_server:/home/berry/HeartBeat/install/belt_long_server:/home/berry/RoArm/install/test1:/home/berry/RoArm/install/serial_ctrl:/home/berry/RoArm/install/pos_sub:/home/berry/RoArm/install/pos_pub:/home/berry/RoArm/install/pos_client:/home/berry/RoArm/install/Position_Sub:/home/berry/RoArm/install/Pos_Server:/home/berry/RoArm/install/Pos_Client:/home/berry/ices_ws/install/track_server:/home/berry/ices_ws/install/launch_test:/home/berry/ices_ws/install/control:/home/berry/ices_ws/install/c_arm:/home/berry/ices_ws/install/arm_server:/home/berry/ices_ws/install/belt_short_server:/home/berry/ices_ws/install/belt_short_client:/home/berry/ices_ws/install/belt_long_server:/opt/ros/humble /usr/bin/cmake --build /home/berry/HeartBeat/build/interfaces -- -j4 -l4
[11.069s] DEBUG:colcon.colcon_core.event_handler.log_command:Invoking command in '/home/berry/HeartBeat/src/controller': PYTHONPATH=/home/berry/HeartBeat/build/controller/prefix_override:/usr/lib/python3/dist-packages/colcon_core/task/python/colcon_distutils_commands:/home/berry/HeartBeat/install/controller/lib/python3.10/site-packages:${PYTHONPATH} /usr/bin/python3 -W ignore:setup.py install is deprecated setup.py egg_info --egg-base ../../build/controller build --build-base /home/berry/HeartBeat/build/controller/build install --record /home/berry/HeartBeat/build/controller/install.log --single-version-externally-managed install_data
[11.124s] DEBUG:colcon.colcon_core.event_handler.log_command:Invoking command in '/home/berry/HeartBeat/src/belt_long_server': PYTHONPATH=/home/berry/HeartBeat/build/belt_long_server/prefix_override:/usr/lib/python3/dist-packages/colcon_core/task/python/colcon_distutils_commands:/home/berry/HeartBeat/install/belt_long_server/lib/python3.10/site-packages:${PYTHONPATH} /usr/bin/python3 -W ignore:setup.py install is deprecated setup.py egg_info --egg-base ../../build/belt_long_server build --build-base /home/berry/HeartBeat/build/belt_long_server/build install --record /home/berry/HeartBeat/build/belt_long_server/install.log --single-version-externally-managed install_data
[11.147s] DEBUG:colcon.colcon_core.event_handler.log_command:Invoking command in '/home/berry/HeartBeat/src/belt_short_server': PYTHONPATH=/home/berry/HeartBeat/build/belt_short_server/prefix_override:/usr/lib/python3/dist-packages/colcon_core/task/python/colcon_distutils_commands:/home/berry/HeartBeat/install/belt_short_server/lib/python3.10/site-packages:${PYTHONPATH} /usr/bin/python3 -W ignore:setup.py install is deprecated setup.py egg_info --egg-base ../../build/belt_short_server build --build-base /home/berry/HeartBeat/build/belt_short_server/build install --record /home/berry/HeartBeat/build/belt_short_server/install.log --single-version-externally-managed install_data
[13.849s] DEBUG:colcon.colcon_core.event_handler.log_command:Invoked command in '/home/berry/HeartBeat/src/controller' returned '0': PYTHONPATH=/home/berry/HeartBeat/build/controller/prefix_override:/usr/lib/python3/dist-packages/colcon_core/task/python/colcon_distutils_commands:/home/berry/HeartBeat/install/controller/lib/python3.10/site-packages:${PYTHONPATH} /usr/bin/python3 -W ignore:setup.py install is deprecated setup.py egg_info --egg-base ../../build/controller build --build-base /home/berry/HeartBeat/build/controller/build install --record /home/berry/HeartBeat/build/controller/install.log --single-version-externally-managed install_data
[13.892s] Level 1:colcon.colcon_core.environment:checking '/home/berry/HeartBeat/install/controller' for CMake module files
[13.897s] Level 1:colcon.colcon_core.environment:checking '/home/berry/HeartBeat/install/controller' for CMake config files
[13.909s] Level 1:colcon.colcon_core.environment:checking '/home/berry/HeartBeat/install/controller/lib'
[13.912s] Level 1:colcon.colcon_core.environment:checking '/home/berry/HeartBeat/install/controller/bin'
[13.913s] Level 1:colcon.colcon_core.environment:checking '/home/berry/HeartBeat/install/controller/lib/pkgconfig/controller.pc'
[13.916s] Level 1:colcon.colcon_core.environment:checking '/home/berry/HeartBeat/install/controller/lib/python3.10/site-packages'
[13.918s] Level 1:colcon.colcon_core.shell:create_environment_hook('controller', 'pythonpath')
[13.920s] INFO:colcon.colcon_core.shell:Creating environment hook '/home/berry/HeartBeat/install/controller/share/controller/hook/pythonpath.ps1'
[13.925s] INFO:colcon.colcon_core.shell:Creating environment descriptor '/home/berry/HeartBeat/install/controller/share/controller/hook/pythonpath.dsv'
[13.928s] INFO:colcon.colcon_core.shell:Creating environment hook '/home/berry/HeartBeat/install/controller/share/controller/hook/pythonpath.sh'
[13.935s] Level 1:colcon.colcon_core.environment:checking '/home/berry/HeartBeat/install/controller/bin'
[13.936s] Level 1:colcon.colcon_core.environment:create_environment_scripts_only(controller)
[13.939s] INFO:colcon.colcon_core.shell:Creating package script '/home/berry/HeartBeat/install/controller/share/controller/package.ps1'
[13.948s] INFO:colcon.colcon_core.shell:Creating package descriptor '/home/berry/HeartBeat/install/controller/share/controller/package.dsv'
[13.955s] INFO:colcon.colcon_core.shell:Creating package script '/home/berry/HeartBeat/install/controller/share/controller/package.sh'
[13.963s] INFO:colcon.colcon_core.shell:Creating package script '/home/berry/HeartBeat/install/controller/share/controller/package.bash'
[13.969s] INFO:colcon.colcon_core.shell:Creating package script '/home/berry/HeartBeat/install/controller/share/controller/package.zsh'
[13.978s] Level 1:colcon.colcon_core.environment:create_file_with_runtime_dependencies(/home/berry/HeartBeat/install/controller/share/colcon-core/packages/controller)
[13.983s] INFO:colcon.colcon_ros.task.ament_python.build:Building ROS package in '/home/berry/HeartBeat/src/track_server' with build type 'ament_python'
[13.984s] Level 1:colcon.colcon_core.shell:create_environment_hook('track_server', 'ament_prefix_path')
[13.986s] INFO:colcon.colcon_core.shell:Creating environment hook '/home/berry/HeartBeat/install/track_server/share/track_server/hook/ament_prefix_path.ps1'
[13.990s] INFO:colcon.colcon_core.shell:Creating environment descriptor '/home/berry/HeartBeat/install/track_server/share/track_server/hook/ament_prefix_path.dsv'
[13.992s] INFO:colcon.colcon_core.shell:Creating environment hook '/home/berry/HeartBeat/install/track_server/share/track_server/hook/ament_prefix_path.sh'
[13.996s] INFO:colcon.colcon_core.shell:Skip shell extension 'powershell' for command environment: Not usable outside of PowerShell
[13.997s] DEBUG:colcon.colcon_core.shell:Skip shell extension 'dsv' for command environment
[14.046s] Level 1:colcon.colcon_core.environment:checking '/home/berry/HeartBeat/install/belt_long_server' for CMake module files
[14.049s] DEBUG:colcon.colcon_core.event_handler.log_command:Invoked command in '/home/berry/HeartBeat/src/belt_long_server' returned '0': PYTHONPATH=/home/berry/HeartBeat/build/belt_long_server/prefix_override:/usr/lib/python3/dist-packages/colcon_core/task/python/colcon_distutils_commands:/home/berry/HeartBeat/install/belt_long_server/lib/python3.10/site-packages:${PYTHONPATH} /usr/bin/python3 -W ignore:setup.py install is deprecated setup.py egg_info --egg-base ../../build/belt_long_server build --build-base /home/berry/HeartBeat/build/belt_long_server/build install --record /home/berry/HeartBeat/build/belt_long_server/install.log --single-version-externally-managed install_data
[14.051s] Level 1:colcon.colcon_core.environment:checking '/home/berry/HeartBeat/install/belt_long_server' for CMake config files
[14.055s] Level 1:colcon.colcon_core.environment:checking '/home/berry/HeartBeat/install/belt_long_server/lib'
[14.056s] Level 1:colcon.colcon_core.environment:checking '/home/berry/HeartBeat/install/belt_long_server/bin'
[14.056s] Level 1:colcon.colcon_core.environment:checking '/home/berry/HeartBeat/install/belt_long_server/lib/pkgconfig/belt_long_server.pc'
[14.058s] Level 1:colcon.colcon_core.environment:checking '/home/berry/HeartBeat/install/belt_long_server/lib/python3.10/site-packages'
[14.058s] Level 1:colcon.colcon_core.shell:create_environment_hook('belt_long_server', 'pythonpath')
[14.059s] INFO:colcon.colcon_core.shell:Creating environment hook '/home/berry/HeartBeat/install/belt_long_server/share/belt_long_server/hook/pythonpath.ps1'
[14.061s] INFO:colcon.colcon_core.shell:Creating environment descriptor '/home/berry/HeartBeat/install/belt_long_server/share/belt_long_server/hook/pythonpath.dsv'
[14.063s] INFO:colcon.colcon_core.shell:Creating environment hook '/home/berry/HeartBeat/install/belt_long_server/share/belt_long_server/hook/pythonpath.sh'
[14.066s] Level 1:colcon.colcon_core.environment:checking '/home/berry/HeartBeat/install/belt_long_server/bin'
[14.066s] Level 1:colcon.colcon_core.environment:create_environment_scripts_only(belt_long_server)
[14.068s] INFO:colcon.colcon_core.shell:Creating package script '/home/berry/HeartBeat/install/belt_long_server/share/belt_long_server/package.ps1'
[14.070s] INFO:colcon.colcon_core.shell:Creating package descriptor '/home/berry/HeartBeat/install/belt_long_server/share/belt_long_server/package.dsv'
[14.073s] INFO:colcon.colcon_core.shell:Creating package script '/home/berry/HeartBeat/install/belt_long_server/share/belt_long_server/package.sh'
[14.077s] INFO:colcon.colcon_core.shell:Creating package script '/home/berry/HeartBeat/install/belt_long_server/share/belt_long_server/package.bash'
[14.081s] INFO:colcon.colcon_core.shell:Creating package script '/home/berry/HeartBeat/install/belt_long_server/share/belt_long_server/package.zsh'
[14.084s] Level 1:colcon.colcon_core.environment:create_file_with_runtime_dependencies(/home/berry/HeartBeat/install/belt_long_server/share/colcon-core/packages/belt_long_server)
[14.090s] Level 1:colcon.colcon_core.environment:checking '/home/berry/HeartBeat/install/belt_short_server' for CMake module files
[14.094s] DEBUG:colcon.colcon_core.event_handler.log_command:Invoked command in '/home/berry/HeartBeat/src/belt_short_server' returned '0': PYTHONPATH=/home/berry/HeartBeat/build/belt_short_server/prefix_override:/usr/lib/python3/dist-packages/colcon_core/task/python/colcon_distutils_commands:/home/berry/HeartBeat/install/belt_short_server/lib/python3.10/site-packages:${PYTHONPATH} /usr/bin/python3 -W ignore:setup.py install is deprecated setup.py egg_info --egg-base ../../build/belt_short_server build --build-base /home/berry/HeartBeat/build/belt_short_server/build install --record /home/berry/HeartBeat/build/belt_short_server/install.log --single-version-externally-managed install_data
[14.096s] Level 1:colcon.colcon_core.environment:checking '/home/berry/HeartBeat/install/belt_short_server' for CMake config files
[14.100s] Level 1:colcon.colcon_core.environment:checking '/home/berry/HeartBeat/install/belt_short_server/lib'
[14.101s] Level 1:colcon.colcon_core.environment:checking '/home/berry/HeartBeat/install/belt_short_server/bin'
[14.101s] Level 1:colcon.colcon_core.environment:checking '/home/berry/HeartBeat/install/belt_short_server/lib/pkgconfig/belt_short_server.pc'
[14.102s] Level 1:colcon.colcon_core.environment:checking '/home/berry/HeartBeat/install/belt_short_server/lib/python3.10/site-packages'
[14.103s] Level 1:colcon.colcon_core.shell:create_environment_hook('belt_short_server', 'pythonpath')
[14.104s] INFO:colcon.colcon_core.shell:Creating environment hook '/home/berry/HeartBeat/install/belt_short_server/share/belt_short_server/hook/pythonpath.ps1'
[14.106s] INFO:colcon.colcon_core.shell:Creating environment descriptor '/home/berry/HeartBeat/install/belt_short_server/share/belt_short_server/hook/pythonpath.dsv'
[14.108s] INFO:colcon.colcon_core.shell:Creating environment hook '/home/berry/HeartBeat/install/belt_short_server/share/belt_short_server/hook/pythonpath.sh'
[14.111s] Level 1:colcon.colcon_core.environment:checking '/home/berry/HeartBeat/install/belt_short_server/bin'
[14.112s] Level 1:colcon.colcon_core.environment:create_environment_scripts_only(belt_short_server)
[14.114s] INFO:colcon.colcon_core.shell:Creating package script '/home/berry/HeartBeat/install/belt_short_server/share/belt_short_server/package.ps1'
[14.117s] INFO:colcon.colcon_core.shell:Creating package descriptor '/home/berry/HeartBeat/install/belt_short_server/share/belt_short_server/package.dsv'
[14.119s] INFO:colcon.colcon_core.shell:Creating package script '/home/berry/HeartBeat/install/belt_short_server/share/belt_short_server/package.sh'
[14.122s] INFO:colcon.colcon_core.shell:Creating package script '/home/berry/HeartBeat/install/belt_short_server/share/belt_short_server/package.bash'
[14.124s] INFO:colcon.colcon_core.shell:Creating package script '/home/berry/HeartBeat/install/belt_short_server/share/belt_short_server/package.zsh'
[14.126s] Level 1:colcon.colcon_core.environment:create_file_with_runtime_dependencies(/home/berry/HeartBeat/install/belt_short_server/share/colcon-core/packages/belt_short_server)
[16.028s] INFO:colcon.colcon_core.task.python.build:Building Python package in '/home/berry/HeartBeat/src/track_server'
[16.030s] INFO:colcon.colcon_core.shell:Skip shell extension 'powershell' for command environment: Not usable outside of PowerShell
[16.030s] DEBUG:colcon.colcon_core.shell:Skip shell extension 'dsv' for command environment
[18.571s] DEBUG:colcon.colcon_core.event_handler.log_command:Invoking command in '/home/berry/HeartBeat/src/track_server': PYTHONPATH=/home/berry/HeartBeat/build/track_server/prefix_override:/usr/lib/python3/dist-packages/colcon_core/task/python/colcon_distutils_commands:/home/berry/HeartBeat/install/track_server/lib/python3.10/site-packages:${PYTHONPATH} /usr/bin/python3 -W ignore:setup.py install is deprecated setup.py egg_info --egg-base ../../build/track_server build --build-base /home/berry/HeartBeat/build/track_server/build install --record /home/berry/HeartBeat/build/track_server/install.log --single-version-externally-managed install_data
[21.141s] Level 1:colcon.colcon_core.environment:checking '/home/berry/HeartBeat/install/track_server' for CMake module files
[21.144s] Level 1:colcon.colcon_core.environment:checking '/home/berry/HeartBeat/install/track_server' for CMake config files
[21.149s] Level 1:colcon.colcon_core.environment:checking '/home/berry/HeartBeat/install/track_server/lib'
[21.151s] DEBUG:colcon.colcon_core.event_handler.log_command:Invoked command in '/home/berry/HeartBeat/src/track_server' returned '0': PYTHONPATH=/home/berry/HeartBeat/build/track_server/prefix_override:/usr/lib/python3/dist-packages/colcon_core/task/python/colcon_distutils_commands:/home/berry/HeartBeat/install/track_server/lib/python3.10/site-packages:${PYTHONPATH} /usr/bin/python3 -W ignore:setup.py install is deprecated setup.py egg_info --egg-base ../../build/track_server build --build-base /home/berry/HeartBeat/build/track_server/build install --record /home/berry/HeartBeat/build/track_server/install.log --single-version-externally-managed install_data
[21.151s] Level 1:colcon.colcon_core.environment:checking '/home/berry/HeartBeat/install/track_server/bin'
[21.152s] Level 1:colcon.colcon_core.environment:checking '/home/berry/HeartBeat/install/track_server/lib/pkgconfig/track_server.pc'
[21.153s] Level 1:colcon.colcon_core.environment:checking '/home/berry/HeartBeat/install/track_server/lib/python3.10/site-packages'
[21.154s] Level 1:colcon.colcon_core.shell:create_environment_hook('track_server', 'pythonpath')
[21.155s] INFO:colcon.colcon_core.shell:Creating environment hook '/home/berry/HeartBeat/install/track_server/share/track_server/hook/pythonpath.ps1'
[21.157s] INFO:colcon.colcon_core.shell:Creating environment descriptor '/home/berry/HeartBeat/install/track_server/share/track_server/hook/pythonpath.dsv'
[21.159s] INFO:colcon.colcon_core.shell:Creating environment hook '/home/berry/HeartBeat/install/track_server/share/track_server/hook/pythonpath.sh'
[21.162s] Level 1:colcon.colcon_core.environment:checking '/home/berry/HeartBeat/install/track_server/bin'
[21.163s] Level 1:colcon.colcon_core.environment:create_environment_scripts_only(track_server)
[21.165s] INFO:colcon.colcon_core.shell:Creating package script '/home/berry/HeartBeat/install/track_server/share/track_server/package.ps1'
[21.168s] INFO:colcon.colcon_core.shell:Creating package descriptor '/home/berry/HeartBeat/install/track_server/share/track_server/package.dsv'
[21.226s] INFO:colcon.colcon_core.shell:Creating package script '/home/berry/HeartBeat/install/track_server/share/track_server/package.sh'
[21.229s] INFO:colcon.colcon_core.shell:Creating package script '/home/berry/HeartBeat/install/track_server/share/track_server/package.bash'
[21.231s] INFO:colcon.colcon_core.shell:Creating package script '/home/berry/HeartBeat/install/track_server/share/track_server/package.zsh'
[21.233s] Level 1:colcon.colcon_core.environment:create_file_with_runtime_dependencies(/home/berry/HeartBeat/install/track_server/share/colcon-core/packages/track_server)
[172.195s] DEBUG:colcon.colcon_core.event_handler.log_command:Invoked command in '/home/berry/HeartBeat/build/interfaces' returned '0': CMAKE_PREFIX_PATH=${CMAKE_PREFIX_PATH}:/home/berry/HeartBeat/install/track_server:/home/berry/HeartBeat/install/controller:/home/berry/HeartBeat/install/belt_short_server:/home/berry/HeartBeat/install/belt_long_server:/home/berry/RoArm/install/test1:/home/berry/RoArm/install/serial_ctrl:/home/berry/RoArm/install/pos_sub:/home/berry/RoArm/install/pos_pub:/home/berry/RoArm/install/pos_client:/home/berry/RoArm/install/Position_Sub:/home/berry/RoArm/install/Pos_Server:/home/berry/RoArm/install/Pos_Client:/home/berry/ices_ws/install/track_server:/home/berry/ices_ws/install/launch_test:/home/berry/ices_ws/install/control:/home/berry/ices_ws/install/c_arm:/home/berry/ices_ws/install/arm_server:/home/berry/ices_ws/install/belt_short_server:/home/berry/ices_ws/install/belt_short_client:/home/berry/ices_ws/install/belt_long_server:/opt/ros/humble /usr/bin/cmake --build /home/berry/HeartBeat/build/interfaces -- -j4 -l4
[175.242s] DEBUG:colcon.colcon_core.event_handler.log_command:Invoking command in '/home/berry/HeartBeat/build/interfaces': CMAKE_PREFIX_PATH=${CMAKE_PREFIX_PATH}:/home/berry/HeartBeat/install/track_server:/home/berry/HeartBeat/install/controller:/home/berry/HeartBeat/install/belt_short_server:/home/berry/HeartBeat/install/belt_long_server:/home/berry/RoArm/install/test1:/home/berry/RoArm/install/serial_ctrl:/home/berry/RoArm/install/pos_sub:/home/berry/RoArm/install/pos_pub:/home/berry/RoArm/install/pos_client:/home/berry/RoArm/install/Position_Sub:/home/berry/RoArm/install/Pos_Server:/home/berry/RoArm/install/Pos_Client:/home/berry/ices_ws/install/track_server:/home/berry/ices_ws/install/launch_test:/home/berry/ices_ws/install/control:/home/berry/ices_ws/install/c_arm:/home/berry/ices_ws/install/arm_server:/home/berry/ices_ws/install/belt_short_server:/home/berry/ices_ws/install/belt_short_client:/home/berry/ices_ws/install/belt_long_server:/opt/ros/humble /usr/bin/cmake --install /home/berry/HeartBeat/build/interfaces
[176.603s] Level 1:colcon.colcon_core.environment:create_environment_scripts_only(interfaces)
[176.605s] Level 1:colcon.colcon_core.environment:checking '/home/berry/HeartBeat/install/interfaces' for CMake module files
[176.606s] DEBUG:colcon.colcon_core.event_handler.log_command:Invoked command in '/home/berry/HeartBeat/build/interfaces' returned '0': CMAKE_PREFIX_PATH=${CMAKE_PREFIX_PATH}:/home/berry/HeartBeat/install/track_server:/home/berry/HeartBeat/install/controller:/home/berry/HeartBeat/install/belt_short_server:/home/berry/HeartBeat/install/belt_long_server:/home/berry/RoArm/install/test1:/home/berry/RoArm/install/serial_ctrl:/home/berry/RoArm/install/pos_sub:/home/berry/RoArm/install/pos_pub:/home/berry/RoArm/install/pos_client:/home/berry/RoArm/install/Position_Sub:/home/berry/RoArm/install/Pos_Server:/home/berry/RoArm/install/Pos_Client:/home/berry/ices_ws/install/track_server:/home/berry/ices_ws/install/launch_test:/home/berry/ices_ws/install/control:/home/berry/ices_ws/install/c_arm:/home/berry/ices_ws/install/arm_server:/home/berry/ices_ws/install/belt_short_server:/home/berry/ices_ws/install/belt_short_client:/home/berry/ices_ws/install/belt_long_server:/opt/ros/humble /usr/bin/cmake --install /home/berry/HeartBeat/build/interfaces
[176.611s] Level 1:colcon.colcon_core.environment:checking '/home/berry/HeartBeat/install/interfaces' for CMake config files
[176.616s] Level 1:colcon.colcon_core.shell:create_environment_hook('interfaces', 'cmake_prefix_path')
[176.617s] INFO:colcon.colcon_core.shell:Creating environment hook '/home/berry/HeartBeat/install/interfaces/share/interfaces/hook/cmake_prefix_path.ps1'
[176.620s] INFO:colcon.colcon_core.shell:Creating environment descriptor '/home/berry/HeartBeat/install/interfaces/share/interfaces/hook/cmake_prefix_path.dsv'
[176.621s] INFO:colcon.colcon_core.shell:Creating environment hook '/home/berry/HeartBeat/install/interfaces/share/interfaces/hook/cmake_prefix_path.sh'
[176.624s] Level 1:colcon.colcon_core.environment:checking '/home/berry/HeartBeat/install/interfaces/lib'
[176.625s] Level 1:colcon.colcon_core.shell:create_environment_hook('interfaces', 'ld_library_path_lib')
[176.626s] INFO:colcon.colcon_core.shell:Creating environment hook '/home/berry/HeartBeat/install/interfaces/share/interfaces/hook/ld_library_path_lib.ps1'
[176.628s] INFO:colcon.colcon_core.shell:Creating environment descriptor '/home/berry/HeartBeat/install/interfaces/share/interfaces/hook/ld_library_path_lib.dsv'
[176.629s] INFO:colcon.colcon_core.shell:Creating environment hook '/home/berry/HeartBeat/install/interfaces/share/interfaces/hook/ld_library_path_lib.sh'
[176.631s] Level 1:colcon.colcon_core.environment:checking '/home/berry/HeartBeat/install/interfaces/bin'
[176.632s] Level 1:colcon.colcon_core.environment:checking '/home/berry/HeartBeat/install/interfaces/lib/pkgconfig/interfaces.pc'
[176.633s] Level 1:colcon.colcon_core.environment:checking '/home/berry/HeartBeat/install/interfaces/lib/python3.10/site-packages'
[176.634s] Level 1:colcon.colcon_core.environment:checking '/home/berry/HeartBeat/install/interfaces/bin'
[176.635s] INFO:colcon.colcon_core.shell:Creating package script '/home/berry/HeartBeat/install/interfaces/share/interfaces/package.ps1'
[176.638s] INFO:colcon.colcon_core.shell:Creating package descriptor '/home/berry/HeartBeat/install/interfaces/share/interfaces/package.dsv'
[176.640s] INFO:colcon.colcon_core.shell:Creating package script '/home/berry/HeartBeat/install/interfaces/share/interfaces/package.sh'
[176.642s] INFO:colcon.colcon_core.shell:Creating package script '/home/berry/HeartBeat/install/interfaces/share/interfaces/package.bash'
[176.644s] INFO:colcon.colcon_core.shell:Creating package script '/home/berry/HeartBeat/install/interfaces/share/interfaces/package.zsh'
[176.645s] Level 1:colcon.colcon_core.environment:create_file_with_runtime_dependencies(/home/berry/HeartBeat/install/interfaces/share/colcon-core/packages/interfaces)
[179.617s] Level 1:colcon.colcon_core.environment:create_environment_scripts_only(interfaces)
[179.618s] Level 1:colcon.colcon_core.environment:checking '/home/berry/HeartBeat/install/interfaces' for CMake module files
[179.623s] Level 1:colcon.colcon_core.environment:checking '/home/berry/HeartBeat/install/interfaces' for CMake config files
[179.627s] Level 1:colcon.colcon_core.shell:create_environment_hook('interfaces', 'cmake_prefix_path')
[179.628s] INFO:colcon.colcon_core.shell:Creating environment hook '/home/berry/HeartBeat/install/interfaces/share/interfaces/hook/cmake_prefix_path.ps1'
[179.631s] INFO:colcon.colcon_core.shell:Creating environment descriptor '/home/berry/HeartBeat/install/interfaces/share/interfaces/hook/cmake_prefix_path.dsv'
[179.633s] INFO:colcon.colcon_core.shell:Creating environment hook '/home/berry/HeartBeat/install/interfaces/share/interfaces/hook/cmake_prefix_path.sh'
[179.636s] Level 1:colcon.colcon_core.environment:checking '/home/berry/HeartBeat/install/interfaces/lib'
[179.636s] Level 1:colcon.colcon_core.shell:create_environment_hook('interfaces', 'ld_library_path_lib')
[179.637s] INFO:colcon.colcon_core.shell:Creating environment hook '/home/berry/HeartBeat/install/interfaces/share/interfaces/hook/ld_library_path_lib.ps1'
[179.639s] INFO:colcon.colcon_core.shell:Creating environment descriptor '/home/berry/HeartBeat/install/interfaces/share/interfaces/hook/ld_library_path_lib.dsv'
[179.641s] INFO:colcon.colcon_core.shell:Creating environment hook '/home/berry/HeartBeat/install/interfaces/share/interfaces/hook/ld_library_path_lib.sh'
[179.643s] Level 1:colcon.colcon_core.environment:checking '/home/berry/HeartBeat/install/interfaces/bin'
[179.643s] Level 1:colcon.colcon_core.environment:checking '/home/berry/HeartBeat/install/interfaces/lib/pkgconfig/interfaces.pc'
[179.644s] Level 1:colcon.colcon_core.environment:checking '/home/berry/HeartBeat/install/interfaces/lib/python3.10/site-packages'
[179.645s] Level 1:colcon.colcon_core.environment:checking '/home/berry/HeartBeat/install/interfaces/bin'
[179.647s] INFO:colcon.colcon_core.shell:Creating package script '/home/berry/HeartBeat/install/interfaces/share/interfaces/package.ps1'
[179.649s] INFO:colcon.colcon_core.shell:Creating package descriptor '/home/berry/HeartBeat/install/interfaces/share/interfaces/package.dsv'
[179.652s] INFO:colcon.colcon_core.shell:Creating package script '/home/berry/HeartBeat/install/interfaces/share/interfaces/package.sh'
[179.654s] INFO:colcon.colcon_core.shell:Creating package script '/home/berry/HeartBeat/install/interfaces/share/interfaces/package.bash'
[179.656s] INFO:colcon.colcon_core.shell:Creating package script '/home/berry/HeartBeat/install/interfaces/share/interfaces/package.zsh'
[179.658s] Level 1:colcon.colcon_core.environment:create_file_with_runtime_dependencies(/home/berry/HeartBeat/install/interfaces/share/colcon-core/packages/interfaces)
[179.659s] DEBUG:colcon.colcon_parallel_executor.executor.parallel:closing loop
[179.661s] DEBUG:colcon.colcon_parallel_executor.executor.parallel:loop closed
[179.661s] DEBUG:colcon.colcon_parallel_executor.executor.parallel:run_until_complete finished with '0'
[179.662s] DEBUG:colcon.colcon_core.event_reactor:joining thread
[179.690s] INFO:colcon.colcon_core.plugin_system:Skipping extension 'colcon_notification.desktop_notification.terminal_notifier': Not used on non-Darwin systems
[179.690s] INFO:colcon.colcon_core.plugin_system:Skipping extension 'colcon_notification.desktop_notification.win32': Not used on non-Windows systems
[179.691s] INFO:colcon.colcon_notification.desktop_notification:Sending desktop notification using 'notify2'
[179.735s] DEBUG:colcon.colcon_core.event_reactor:joined thread
[179.736s] INFO:colcon.colcon_core.shell:Creating prefix script '/home/berry/HeartBeat/install/local_setup.ps1'
[179.740s] INFO:colcon.colcon_core.shell:Creating prefix util module '/home/berry/HeartBeat/install/_local_setup_util_ps1.py'
[179.747s] INFO:colcon.colcon_core.shell:Creating prefix chain script '/home/berry/HeartBeat/install/setup.ps1'
[179.759s] INFO:colcon.colcon_core.shell:Creating prefix script '/home/berry/HeartBeat/install/local_setup.sh'
[179.762s] INFO:colcon.colcon_core.shell:Creating prefix util module '/home/berry/HeartBeat/install/_local_setup_util_sh.py'
[179.764s] INFO:colcon.colcon_core.shell:Creating prefix chain script '/home/berry/HeartBeat/install/setup.sh'
[179.776s] INFO:colcon.colcon_core.shell:Creating prefix script '/home/berry/HeartBeat/install/local_setup.bash'
[179.779s] INFO:colcon.colcon_core.shell:Creating prefix chain script '/home/berry/HeartBeat/install/setup.bash'
[179.790s] INFO:colcon.colcon_core.shell:Creating prefix script '/home/berry/HeartBeat/install/local_setup.zsh'
[179.793s] INFO:colcon.colcon_core.shell:Creating prefix chain script '/home/berry/HeartBeat/install/setup.zsh'
